2021-06-14 00:35:16,306 INFO  [org.jboss.modules] (main) JBoss Modules version 1.11.0.Final
2021-06-14 00:35:16,678 INFO  [org.jboss.msc] (main) JBoss MSC version 1.4.12.Final
2021-06-14 00:35:16,686 INFO  [org.jboss.threads] (main) JBoss Threads version 2.4.0.Final
2021-06-14 00:35:16,780 INFO  [org.jboss.as] (MSC service thread 1-2) WFLYSRV0049: Keycloak 13.0.0 (WildFly Core 15.0.1.Final) starting
2021-06-14 00:35:16,782 DEBUG [org.jboss.as.config] (MSC service thread 1-2) Configured system properties:
	awt.toolkit = sun.awt.windows.WToolkit
	file.encoding = Cp1252
	file.encoding.pkg = sun.io
	file.separator = \
	java.awt.graphicsenv = sun.awt.Win32GraphicsEnvironment
	java.awt.headless = true
	java.awt.printerjob = sun.awt.windows.WPrinterJob
	java.class.path = D:\Fakultet\8. semestar\Bezbednost u sistemima elektronskog poslovanja\keycloak-13.0.0\keycloak-13.0.0\jboss-modules.jar
	java.class.version = 52.0
	java.endorsed.dirs = C:\Program Files\Java\jdk1.8.0_281\jre\lib\endorsed
	java.ext.dirs = C:\Program Files\Java\jdk1.8.0_281\jre\lib\ext;C:\Windows\Sun\Java\lib\ext
	java.home = C:\Program Files\Java\jdk1.8.0_281\jre
	java.io.tmpdir = C:\Users\Milorad\AppData\Local\Temp\
	java.library.path = C:\Program Files\Java\jdk1.8.0_281\bin;C:\Windows\Sun\Java\bin;C:\Windows\system32;C:\Windows;C:\Program Files\Common Files\Oracle\Java\javapath;C:\Program Files (x86)\Common Files\Oracle\Java\javapath;C:\Windows\system32;C:\Windows;C:\Windows\System32\Wbem;C:\Windows\System32\WindowsPowerShell\v1.0\;C:\Windows\System32\OpenSSH\;C:\Program Files\nodejs\;C:\Program Files\Java\jdk1.8.0_281\bin;C:\Users\Milorad\AppData\Local\Programs\Python\Python35\Scripts\;C:\Users\Milorad\AppData\Local\Programs\Python\Python35\;C:\Users\Milorad\AppData\Local\Microsoft\WindowsApps;C:\Users\Milorad\AppData\Roaming\npm;C:\Users\Milorad\.dotnet\tools;.
	java.net.preferIPv4Stack = true
	java.runtime.name = Java(TM) SE Runtime Environment
	java.runtime.version = 1.8.0_281-b09
	java.specification.name = Java Platform API Specification
	java.specification.vendor = Oracle Corporation
	java.specification.version = 1.8
	java.util.logging.manager = org.jboss.logmanager.LogManager
	java.vendor = Oracle Corporation
	java.vendor.url = http://java.oracle.com/
	java.vendor.url.bug = http://bugreport.sun.com/bugreport/
	java.version = 1.8.0_281
	java.vm.info = mixed mode
	java.vm.name = Java HotSpot(TM) 64-Bit Server VM
	java.vm.specification.name = Java Virtual Machine Specification
	java.vm.specification.vendor = Oracle Corporation
	java.vm.specification.version = 1.8
	java.vm.vendor = Oracle Corporation
	java.vm.version = 25.281-b09
	javax.management.builder.initial = org.jboss.as.jmx.PluggableMBeanServerBuilder
	jboss.home.dir = D:\Fakultet\8. semestar\Bezbednost u sistemima elektronskog poslovanja\keycloak-13.0.0\keycloak-13.0.0
	jboss.host.name = desktop-mk6223h
	jboss.modules.dir = D:\Fakultet\8. semestar\Bezbednost u sistemima elektronskog poslovanja\keycloak-13.0.0\keycloak-13.0.0\modules
	jboss.modules.system.pkgs = org.jboss.byteman
	jboss.node.name = desktop-mk6223h
	jboss.qualified.host.name = desktop-mk6223h
	jboss.server.base.dir = D:\Fakultet\8. semestar\Bezbednost u sistemima elektronskog poslovanja\keycloak-13.0.0\keycloak-13.0.0\standalone
	jboss.server.config.dir = D:\Fakultet\8. semestar\Bezbednost u sistemima elektronskog poslovanja\keycloak-13.0.0\keycloak-13.0.0\standalone\configuration
	jboss.server.data.dir = D:\Fakultet\8. semestar\Bezbednost u sistemima elektronskog poslovanja\keycloak-13.0.0\keycloak-13.0.0\standalone\data
	jboss.server.deploy.dir = D:\Fakultet\8. semestar\Bezbednost u sistemima elektronskog poslovanja\keycloak-13.0.0\keycloak-13.0.0\standalone\data\content
	jboss.server.log.dir = D:\Fakultet\8. semestar\Bezbednost u sistemima elektronskog poslovanja\keycloak-13.0.0\keycloak-13.0.0\standalone\log
	jboss.server.name = desktop-mk6223h
	jboss.server.persist.config = true
	jboss.server.temp.dir = D:\Fakultet\8. semestar\Bezbednost u sistemima elektronskog poslovanja\keycloak-13.0.0\keycloak-13.0.0\standalone\tmp
	line.separator = 

	logging.configuration = file:D:\Fakultet\8. semestar\Bezbednost u sistemima elektronskog poslovanja\keycloak-13.0.0\keycloak-13.0.0\standalone\configuration/logging.properties
	module.path = D:\Fakultet\8. semestar\Bezbednost u sistemima elektronskog poslovanja\keycloak-13.0.0\keycloak-13.0.0\modules
	org.jboss.boot.log.file = D:\Fakultet\8. semestar\Bezbednost u sistemima elektronskog poslovanja\keycloak-13.0.0\keycloak-13.0.0\standalone\log\server.log
	org.jboss.resolver.warning = true
	os.arch = amd64
	os.name = Windows 10
	os.version = 10.0
	path.separator = ;
	program.name = standalone.bat
	sun.arch.data.model = 64
	sun.boot.class.path = C:\Program Files\Java\jdk1.8.0_281\jre\lib\resources.jar;C:\Program Files\Java\jdk1.8.0_281\jre\lib\rt.jar;C:\Program Files\Java\jdk1.8.0_281\jre\lib\sunrsasign.jar;C:\Program Files\Java\jdk1.8.0_281\jre\lib\jsse.jar;C:\Program Files\Java\jdk1.8.0_281\jre\lib\jce.jar;C:\Program Files\Java\jdk1.8.0_281\jre\lib\charsets.jar;C:\Program Files\Java\jdk1.8.0_281\jre\lib\jfr.jar;C:\Program Files\Java\jdk1.8.0_281\jre\classes
	sun.boot.library.path = C:\Program Files\Java\jdk1.8.0_281\jre\bin
	sun.cpu.endian = little
	sun.cpu.isalist = amd64
	sun.desktop = windows
	sun.io.unicode.encoding = UnicodeLittle
	sun.java.command = D:\Fakultet\8. semestar\Bezbednost u sistemima elektronskog poslovanja\keycloak-13.0.0\keycloak-13.0.0\jboss-modules.jar -mp D:\Fakultet\8. semestar\Bezbednost u sistemima elektronskog poslovanja\keycloak-13.0.0\keycloak-13.0.0\modules org.jboss.as.standalone -Djboss.home.dir=D:\Fakultet\8. semestar\Bezbednost u sistemima elektronskog poslovanja\keycloak-13.0.0\keycloak-13.0.0
	sun.java.launcher = SUN_STANDARD
	sun.jnu.encoding = Cp1252
	sun.management.compiler = HotSpot 64-Bit Tiered Compilers
	sun.os.patch.level = 
	sun.stderr.encoding = cp437
	sun.stdout.encoding = cp437
	user.country = US
	user.dir = D:\Fakultet\8. semestar\Bezbednost u sistemima elektronskog poslovanja\keycloak-13.0.0\keycloak-13.0.0\bin
	user.home = C:\Users\Milorad
	user.language = en
	user.name = Milorad
	user.script = 
	user.timezone = Europe/Prague
	user.variant = 
2021-06-14 00:35:16,791 DEBUG [org.jboss.as.config] (MSC service thread 1-2) VM Arguments: -Dprogram.name=standalone.bat -Xms64M -Xmx512M -XX:MetaspaceSize=96M -XX:MaxMetaspaceSize=256m -Djava.net.preferIPv4Stack=true -Djboss.modules.system.pkgs=org.jboss.byteman -Djava.awt.headless=true -Dorg.jboss.boot.log.file=D:\Fakultet\8. semestar\Bezbednost u sistemima elektronskog poslovanja\keycloak-13.0.0\keycloak-13.0.0\standalone\log\server.log -Dlogging.configuration=file:D:\Fakultet\8. semestar\Bezbednost u sistemima elektronskog poslovanja\keycloak-13.0.0\keycloak-13.0.0\standalone\configuration/logging.properties 
2021-06-14 00:35:17,418 INFO  [org.wildfly.security] (ServerService Thread Pool -- 20) ELY00001: WildFly Elytron version 1.15.3.Final
2021-06-14 00:35:17,683 INFO  [org.jboss.as.controller.management-deprecated] (ServerService Thread Pool -- 9) WFLYCTL0033: Extension 'security' is deprecated and may not be supported in future versions
2021-06-14 00:35:17,866 INFO  [org.jboss.as.controller.management-deprecated] (Controller Boot Thread) WFLYCTL0028: Attribute 'security-realm' in the resource at address '/core-service=management/management-interface=http-interface' is deprecated, and may be removed in a future version. See the attribute description in the output of the read-resource-description operation to learn more about the deprecation.
2021-06-14 00:35:17,890 INFO  [org.jboss.as.controller.management-deprecated] (ServerService Thread Pool -- 2) WFLYCTL0028: Attribute 'security-realm' in the resource at address '/subsystem=undertow/server=default-server/https-listener=https' is deprecated, and may be removed in a future version. See the attribute description in the output of the read-resource-description operation to learn more about the deprecation.
2021-06-14 00:35:17,995 INFO  [org.jboss.as.server] (Controller Boot Thread) WFLYSRV0039: Creating http management service using socket-binding (management-http)
2021-06-14 00:35:18,015 INFO  [org.xnio] (MSC service thread 1-3) XNIO version 3.8.4.Final
2021-06-14 00:35:18,027 INFO  [org.xnio.nio] (MSC service thread 1-3) XNIO NIO Implementation Version 3.8.4.Final
2021-06-14 00:35:18,068 INFO  [org.wildfly.extension.health] (ServerService Thread Pool -- 34) WFLYHEALTH0001: Activating Base Health Subsystem
2021-06-14 00:35:18,091 WARN  [org.jboss.as.txn] (ServerService Thread Pool -- 52) WFLYTX0013: The node-identifier attribute on the /subsystem=transactions is set to the default value. This is a danger for environments running multiple servers. Please make sure the attribute value is unique.
2021-06-14 00:35:18,094 INFO  [org.jboss.as.jaxrs] (ServerService Thread Pool -- 36) WFLYRS0016: RESTEasy version 3.15.1.Final
2021-06-14 00:35:18,097 INFO  [org.jboss.as.connector] (MSC service thread 1-7) WFLYJCA0009: Starting Jakarta Connectors Subsystem (WildFly/IronJacamar 1.4.27.Final)
2021-06-14 00:35:18,100 INFO  [org.jboss.as.security] (ServerService Thread Pool -- 49) WFLYSEC0002: Activating Security Subsystem
2021-06-14 00:35:18,105 INFO  [org.wildfly.extension.metrics] (ServerService Thread Pool -- 44) WFLYMETRICS0001: Activating Base Metrics Subsystem
2021-06-14 00:35:18,112 INFO  [org.jboss.as.security] (MSC service thread 1-7) WFLYSEC0001: Current PicketBox version=5.0.3.Final-redhat-00007
2021-06-14 00:35:18,115 INFO  [org.jboss.as.naming] (ServerService Thread Pool -- 45) WFLYNAM0001: Activating Naming Subsystem
2021-06-14 00:35:18,134 INFO  [org.jboss.as.clustering.infinispan] (ServerService Thread Pool -- 40) WFLYCLINF0001: Activating Infinispan subsystem.
2021-06-14 00:35:18,215 INFO  [org.jboss.as.naming] (MSC service thread 1-2) WFLYNAM0003: Starting Naming Service
2021-06-14 00:35:18,215 INFO  [org.jboss.as.mail.extension] (MSC service thread 1-2) WFLYMAIL0001: Bound mail session [java:jboss/mail/Default]
2021-06-14 00:35:18,216 INFO  [org.wildfly.extension.undertow] (MSC service thread 1-1) WFLYUT0003: Undertow 2.2.5.Final starting
2021-06-14 00:35:18,230 INFO  [org.jboss.as.connector.subsystems.datasources] (ServerService Thread Pool -- 50) WFLYJCA0004: Deploying JDBC-compliant driver class org.h2.Driver (version 1.4)
2021-06-14 00:35:18,237 INFO  [org.jboss.as.connector.deployers.jdbc] (MSC service thread 1-2) WFLYJCA0018: Started Driver service with driver-name = h2
2021-06-14 00:35:18,293 WARN  [org.wildfly.clustering.web.undertow] (ServerService Thread Pool -- 42) WFLYCLWEBUT0007: No routing provider found for default-server; using legacy provider based on static configuration
2021-06-14 00:35:18,318 WARN  [org.wildfly.extension.elytron] (MSC service thread 1-5) WFLYELY00023: KeyStore file 'D:\Fakultet\8. semestar\Bezbednost u sistemima elektronskog poslovanja\keycloak-13.0.0\keycloak-13.0.0\standalone\configuration\application.keystore' does not exist. Used blank.
2021-06-14 00:35:18,382 WARN  [org.wildfly.extension.elytron] (MSC service thread 1-4) WFLYELY01084: KeyStore D:\Fakultet\8. semestar\Bezbednost u sistemima elektronskog poslovanja\keycloak-13.0.0\keycloak-13.0.0\standalone\configuration\application.keystore not found, it will be auto generated on first use with a self-signed certificate for host localhost
2021-06-14 00:35:18,406 INFO  [org.wildfly.extension.undertow] (ServerService Thread Pool -- 42) WFLYUT0014: Creating file handler for path 'D:\Fakultet\8. semestar\Bezbednost u sistemima elektronskog poslovanja\keycloak-13.0.0\keycloak-13.0.0/welcome-content' with options [directory-listing: 'false', follow-symlink: 'false', case-sensitive: 'true', safe-symlink-paths: '[]']
2021-06-14 00:35:18,621 INFO  [org.wildfly.extension.io] (ServerService Thread Pool -- 35) WFLYIO001: Worker 'default' has auto-configured to 16 IO threads with 128 max task threads based on your 8 available processors
2021-06-14 00:35:18,625 INFO  [org.jboss.as.ejb3] (MSC service thread 1-4) WFLYEJB0482: Strict pool mdb-strict-max-pool is using a max instance size of 32 (per class), which is derived from the number of CPUs on this host.
2021-06-14 00:35:18,626 INFO  [org.jboss.as.ejb3] (MSC service thread 1-8) WFLYEJB0481: Strict pool slsb-strict-max-pool is using a max instance size of 128 (per class), which is derived from thread worker pool sizing.
2021-06-14 00:35:18,660 INFO  [org.jboss.remoting] (MSC service thread 1-6) JBoss Remoting version 5.0.20.Final
2021-06-14 00:35:18,660 INFO  [org.wildfly.extension.undertow] (MSC service thread 1-7) WFLYUT0012: Started server default-server.
2021-06-14 00:35:18,669 INFO  [org.wildfly.extension.undertow] (MSC service thread 1-7) Queuing requests.
2021-06-14 00:35:18,670 INFO  [org.wildfly.extension.undertow] (MSC service thread 1-7) WFLYUT0018: Host default-host starting
2021-06-14 00:35:18,680 INFO  [org.jboss.as.patching] (MSC service thread 1-3) WFLYPAT0050: Keycloak cumulative patch ID is: base, one-off patches include: none
2021-06-14 00:35:18,686 WARN  [org.jboss.as.domain.management.security] (MSC service thread 1-7) WFLYDM0111: Keystore D:\Fakultet\8. semestar\Bezbednost u sistemima elektronskog poslovanja\keycloak-13.0.0\keycloak-13.0.0\standalone\configuration\application.keystore not found, it will be auto generated on first use with a self signed certificate for host localhost
2021-06-14 00:35:18,695 INFO  [org.jboss.as.server.deployment.scanner] (MSC service thread 1-8) WFLYDS0013: Started FileSystemDeploymentService for directory D:\Fakultet\8. semestar\Bezbednost u sistemima elektronskog poslovanja\keycloak-13.0.0\keycloak-13.0.0\standalone\deployments
2021-06-14 00:35:18,711 INFO  [org.jboss.as.server.deployment] (MSC service thread 1-7) WFLYSRV0027: Starting deployment of "keycloak-server.war" (runtime-name: "keycloak-server.war")
2021-06-14 00:35:18,731 INFO  [org.wildfly.extension.undertow] (MSC service thread 1-2) WFLYUT0006: Undertow HTTP listener default listening on 127.0.0.1:8080
2021-06-14 00:35:18,765 INFO  [org.jboss.as.ejb3] (MSC service thread 1-2) WFLYEJB0493: Jakarta Enterprise Beans subsystem suspension complete
2021-06-14 00:35:18,939 INFO  [org.jboss.as.connector.subsystems.datasources] (MSC service thread 1-3) WFLYJCA0001: Bound data source [java:jboss/datasources/KeycloakDS]
2021-06-14 00:35:18,940 INFO  [org.jboss.as.connector.subsystems.datasources] (MSC service thread 1-2) WFLYJCA0001: Bound data source [java:jboss/datasources/ExampleDS]
2021-06-14 00:35:19,004 INFO  [org.wildfly.extension.undertow] (MSC service thread 1-8) WFLYUT0006: Undertow HTTPS listener https listening on 127.0.0.1:8443
2021-06-14 00:35:19,567 INFO  [org.infinispan.CONTAINER] (ServerService Thread Pool -- 54) ISPN000128: Infinispan version: Infinispan 'Corona Extra' 11.0.9.Final
2021-06-14 00:35:19,600 INFO  [org.infinispan.CONFIG] (MSC service thread 1-4) ISPN000152: Passivation configured without an eviction policy being selected. Only manually evicted entities will be passivated.
2021-06-14 00:35:19,602 INFO  [org.infinispan.CONFIG] (MSC service thread 1-4) ISPN000152: Passivation configured without an eviction policy being selected. Only manually evicted entities will be passivated.
2021-06-14 00:35:19,664 INFO  [org.infinispan.PERSISTENCE] (ServerService Thread Pool -- 54) ISPN000556: Starting user marshaller 'org.wildfly.clustering.infinispan.spi.marshalling.InfinispanProtoStreamMarshaller'
2021-06-14 00:35:19,664 INFO  [org.infinispan.PERSISTENCE] (ServerService Thread Pool -- 55) ISPN000556: Starting user marshaller 'org.wildfly.clustering.infinispan.marshalling.jboss.JBossMarshaller'
2021-06-14 00:35:19,962 INFO  [org.jboss.as.clustering.infinispan] (ServerService Thread Pool -- 54) WFLYCLINF0002: Started http-remoting-connector cache from ejb container
2021-06-14 00:35:20,002 INFO  [org.jboss.as.clustering.infinispan] (ServerService Thread Pool -- 60) WFLYCLINF0002: Started work cache from keycloak container
2021-06-14 00:35:20,004 INFO  [org.jboss.as.clustering.infinispan] (ServerService Thread Pool -- 65) WFLYCLINF0002: Started offlineClientSessions cache from keycloak container
2021-06-14 00:35:20,008 INFO  [org.jboss.as.clustering.infinispan] (ServerService Thread Pool -- 62) WFLYCLINF0002: Started clientSessions cache from keycloak container
2021-06-14 00:35:20,008 INFO  [org.jboss.as.clustering.infinispan] (ServerService Thread Pool -- 54) WFLYCLINF0002: Started sessions cache from keycloak container
2021-06-14 00:35:20,009 INFO  [org.jboss.as.clustering.infinispan] (ServerService Thread Pool -- 61) WFLYCLINF0002: Started loginFailures cache from keycloak container
2021-06-14 00:35:20,009 INFO  [org.jboss.as.clustering.infinispan] (ServerService Thread Pool -- 57) WFLYCLINF0002: Started authenticationSessions cache from keycloak container
2021-06-14 00:35:20,009 INFO  [org.jboss.as.clustering.infinispan] (ServerService Thread Pool -- 56) WFLYCLINF0002: Started offlineSessions cache from keycloak container
2021-06-14 00:35:20,009 INFO  [org.jboss.as.clustering.infinispan] (ServerService Thread Pool -- 59) WFLYCLINF0002: Started actionTokens cache from keycloak container
2021-06-14 00:35:20,044 INFO  [org.jboss.as.clustering.infinispan] (ServerService Thread Pool -- 55) WFLYCLINF0002: Started keys cache from keycloak container
2021-06-14 00:35:20,044 INFO  [org.jboss.as.clustering.infinispan] (ServerService Thread Pool -- 58) WFLYCLINF0002: Started authorization cache from keycloak container
2021-06-14 00:35:20,044 INFO  [org.jboss.as.clustering.infinispan] (ServerService Thread Pool -- 64) WFLYCLINF0002: Started realms cache from keycloak container
2021-06-14 00:35:20,044 INFO  [org.jboss.as.clustering.infinispan] (ServerService Thread Pool -- 66) WFLYCLINF0002: Started users cache from keycloak container
2021-06-14 00:35:20,164 WARN  [org.jboss.as.server.deployment] (MSC service thread 1-4) WFLYSRV0273: Excluded subsystem webservices via jboss-deployment-structure.xml does not exist.
2021-06-14 00:35:20,926 INFO  [org.keycloak.services] (ServerService Thread Pool -- 63) KC-SERVICES0001: Loading config from standalone.xml or domain.xml
2021-06-14 00:35:21,035 INFO  [org.keycloak.url.DefaultHostnameProviderFactory] (ServerService Thread Pool -- 63) Frontend: <request>, Admin: <frontend>, Backend: <request>
2021-06-14 00:35:21,764 INFO  [org.jboss.as.clustering.infinispan] (ServerService Thread Pool -- 63) WFLYCLINF0002: Started realmRevisions cache from keycloak container
2021-06-14 00:35:21,773 INFO  [org.jboss.as.clustering.infinispan] (ServerService Thread Pool -- 63) WFLYCLINF0002: Started userRevisions cache from keycloak container
2021-06-14 00:35:21,788 INFO  [org.jboss.as.clustering.infinispan] (ServerService Thread Pool -- 63) WFLYCLINF0002: Started authorizationRevisions cache from keycloak container
2021-06-14 00:35:21,790 INFO  [org.keycloak.connections.infinispan.DefaultInfinispanConnectionProviderFactory] (ServerService Thread Pool -- 63) Node name: desktop-mk6223h, Site name: null
2021-06-14 00:35:22,320 INFO  [org.keycloak.connections.jpa.DefaultJpaConnectionProviderFactory] (ServerService Thread Pool -- 63) Database info: {databaseUrl=jdbc:h2:D:\Fakultet\8. semestar\Bezbednost u sistemima elektronskog poslovanja\keycloak-13.0.0\keycloak-13.0.0\standalone\data/keycloak, databaseUser=SA, databaseProduct=H2 1.4.197 (2018-03-18), databaseDriver=H2 JDBC Driver 1.4.197 (2018-03-18)}
2021-06-14 00:35:24,327 INFO  [org.hibernate.jpa.internal.util.LogHelper] (ServerService Thread Pool -- 63) HHH000204: Processing PersistenceUnitInfo [
	name: keycloak-default
	...]
2021-06-14 00:35:24,419 INFO  [org.hibernate.Version] (ServerService Thread Pool -- 63) HHH000412: Hibernate Core {5.3.20.Final}
2021-06-14 00:35:24,424 INFO  [org.hibernate.cfg.Environment] (ServerService Thread Pool -- 63) HHH000206: hibernate.properties not found
2021-06-14 00:35:24,614 INFO  [org.hibernate.annotations.common.Version] (ServerService Thread Pool -- 63) HCANN000001: Hibernate Commons Annotations {5.0.5.Final}
2021-06-14 00:35:24,814 INFO  [org.hibernate.dialect.Dialect] (ServerService Thread Pool -- 63) HHH000400: Using dialect: org.hibernate.dialect.H2Dialect
2021-06-14 00:35:24,875 INFO  [org.hibernate.envers.boot.internal.EnversServiceImpl] (ServerService Thread Pool -- 63) Envers integration enabled? : true
2021-06-14 00:35:25,451 INFO  [org.hibernate.orm.beans] (ServerService Thread Pool -- 63) HHH10005002: No explicit CDI BeanManager reference was passed to Hibernate, but CDI is available on the Hibernate ClassLoader.
2021-06-14 00:35:25,520 INFO  [org.hibernate.validator.internal.util.Version] (ServerService Thread Pool -- 63) HV000001: Hibernate Validator 6.0.22.Final
2021-06-14 00:35:26,619 INFO  [org.hibernate.hql.internal.QueryTranslatorFactoryInitiator] (ServerService Thread Pool -- 63) HHH000397: Using ASTQueryTranslatorFactory
2021-06-14 00:35:27,273 INFO  [org.jboss.resteasy.resteasy_jaxrs.i18n] (ServerService Thread Pool -- 63) RESTEASY002225: Deploying javax.ws.rs.core.Application: class org.keycloak.services.resources.KeycloakApplication
2021-06-14 00:35:27,275 INFO  [org.jboss.resteasy.resteasy_jaxrs.i18n] (ServerService Thread Pool -- 63) RESTEASY002200: Adding class resource org.keycloak.services.resources.JsResource from Application class org.keycloak.services.resources.KeycloakApplication
2021-06-14 00:35:27,275 INFO  [org.jboss.resteasy.resteasy_jaxrs.i18n] (ServerService Thread Pool -- 63) RESTEASY002200: Adding class resource org.keycloak.services.resources.ThemeResource from Application class org.keycloak.services.resources.KeycloakApplication
2021-06-14 00:35:27,277 INFO  [org.jboss.resteasy.resteasy_jaxrs.i18n] (ServerService Thread Pool -- 63) RESTEASY002205: Adding provider class org.keycloak.services.filters.KeycloakSecurityHeadersFilter from Application class org.keycloak.services.resources.KeycloakApplication
2021-06-14 00:35:27,277 INFO  [org.jboss.resteasy.resteasy_jaxrs.i18n] (ServerService Thread Pool -- 63) RESTEASY002205: Adding provider class org.keycloak.services.error.KeycloakErrorHandler from Application class org.keycloak.services.resources.KeycloakApplication
2021-06-14 00:35:27,278 INFO  [org.jboss.resteasy.resteasy_jaxrs.i18n] (ServerService Thread Pool -- 63) RESTEASY002210: Adding provider singleton org.keycloak.services.util.ObjectMapperResolver from Application class org.keycloak.services.resources.KeycloakApplication
2021-06-14 00:35:27,278 INFO  [org.jboss.resteasy.resteasy_jaxrs.i18n] (ServerService Thread Pool -- 63) RESTEASY002220: Adding singleton resource org.keycloak.services.resources.WelcomeResource from Application class org.keycloak.services.resources.KeycloakApplication
2021-06-14 00:35:27,279 INFO  [org.jboss.resteasy.resteasy_jaxrs.i18n] (ServerService Thread Pool -- 63) RESTEASY002220: Adding singleton resource org.keycloak.services.resources.RobotsResource from Application class org.keycloak.services.resources.KeycloakApplication
2021-06-14 00:35:27,279 INFO  [org.jboss.resteasy.resteasy_jaxrs.i18n] (ServerService Thread Pool -- 63) RESTEASY002220: Adding singleton resource org.keycloak.services.resources.admin.AdminRoot from Application class org.keycloak.services.resources.KeycloakApplication
2021-06-14 00:35:27,280 INFO  [org.jboss.resteasy.resteasy_jaxrs.i18n] (ServerService Thread Pool -- 63) RESTEASY002220: Adding singleton resource org.keycloak.services.resources.RealmsResource from Application class org.keycloak.services.resources.KeycloakApplication
2021-06-14 00:35:27,372 INFO  [org.wildfly.extension.undertow] (ServerService Thread Pool -- 63) WFLYUT0021: Registered web context: '/auth' for server 'default-server'
2021-06-14 00:35:27,449 INFO  [org.jboss.as.server] (ServerService Thread Pool -- 41) WFLYSRV0010: Deployed "keycloak-server.war" (runtime-name : "keycloak-server.war")
2021-06-14 00:35:27,491 INFO  [org.jboss.as.server] (Controller Boot Thread) WFLYSRV0212: Resuming server
2021-06-14 00:35:27,495 INFO  [org.jboss.as] (Controller Boot Thread) WFLYSRV0025: Keycloak 13.0.0 (WildFly Core 15.0.1.Final) started in 11556ms - Started 597 of 876 services (587 services are lazy, passive or on-demand)
2021-06-14 00:35:27,499 INFO  [org.jboss.as] (Controller Boot Thread) WFLYSRV0060: Http management interface listening on http://127.0.0.1:9990/management
2021-06-14 00:35:27,500 INFO  [org.jboss.as] (Controller Boot Thread) WFLYSRV0051: Admin console listening on http://127.0.0.1:9990
2021-06-14 01:03:52,484 INFO  [org.jboss.as.server] (Thread-2) WFLYSRV0272: Suspending server
2021-06-14 01:03:52,488 INFO  [org.jboss.as.ejb3] (Thread-2) WFLYEJB0493: Jakarta Enterprise Beans subsystem suspension complete
2021-06-14 01:03:52,491 INFO  [org.jboss.as.server] (Thread-2) WFLYSRV0220: Server shutdown has been requested via an OS signal
2021-06-14 01:03:52,508 INFO  [org.jboss.as.connector.subsystems.datasources] (MSC service thread 1-7) WFLYJCA0010: Unbound data source [java:jboss/datasources/KeycloakDS]
2021-06-14 01:03:52,511 INFO  [org.jboss.as.mail.extension] (MSC service thread 1-8) WFLYMAIL0002: Unbound mail session [java:jboss/mail/Default]
2021-06-14 01:03:52,516 INFO  [org.wildfly.extension.undertow] (MSC service thread 1-6) WFLYUT0008: Undertow HTTPS listener https suspending
2021-06-14 01:03:52,518 INFO  [org.wildfly.extension.undertow] (ServerService Thread Pool -- 71) WFLYUT0022: Unregistered web context: '/auth' from server 'default-server'
2021-06-14 01:03:52,521 INFO  [org.wildfly.extension.undertow] (MSC service thread 1-6) WFLYUT0007: Undertow HTTPS listener https stopped, was bound to 127.0.0.1:8443
2021-06-14 01:03:52,539 INFO  [org.jboss.as.connector.subsystems.datasources] (MSC service thread 1-6) WFLYJCA0010: Unbound data source [java:jboss/datasources/ExampleDS]
2021-06-14 01:03:52,541 INFO  [org.jboss.as.connector.deployers.jdbc] (MSC service thread 1-8) WFLYJCA0019: Stopped Driver service with driver-name = h2
2021-06-14 01:03:52,543 INFO  [org.wildfly.extension.undertow] (MSC service thread 1-6) WFLYUT0019: Host default-host stopping
2021-06-14 01:03:52,561 INFO  [org.wildfly.extension.undertow] (MSC service thread 1-3) WFLYUT0008: Undertow HTTP listener default suspending
2021-06-14 01:03:52,561 INFO  [org.jboss.as.server.deployment] (MSC service thread 1-2) WFLYSRV0028: Stopped deployment keycloak-server.war (runtime-name: keycloak-server.war) in 66ms
2021-06-14 01:03:52,563 INFO  [org.wildfly.extension.undertow] (MSC service thread 1-3) WFLYUT0007: Undertow HTTP listener default stopped, was bound to 127.0.0.1:8080
2021-06-14 01:03:52,568 INFO  [org.wildfly.extension.undertow] (MSC service thread 1-5) WFLYUT0004: Undertow 2.2.5.Final stopping
2021-06-14 01:03:52,568 INFO  [org.jboss.as.clustering.infinispan] (ServerService Thread Pool -- 77) WFLYCLINF0003: Stopped loginFailures cache from keycloak container
2021-06-14 01:03:52,569 INFO  [org.jboss.as.clustering.infinispan] (ServerService Thread Pool -- 69) WFLYCLINF0003: Stopped offlineSessions cache from keycloak container
2021-06-14 01:03:52,570 INFO  [org.jboss.as.clustering.infinispan] (ServerService Thread Pool -- 70) WFLYCLINF0003: Stopped clientSessions cache from keycloak container
2021-06-14 01:03:52,570 INFO  [org.jboss.as.clustering.infinispan] (ServerService Thread Pool -- 79) WFLYCLINF0003: Stopped work cache from keycloak container
2021-06-14 01:03:52,571 INFO  [org.jboss.as.clustering.infinispan] (ServerService Thread Pool -- 76) WFLYCLINF0003: Stopped actionTokens cache from keycloak container
2021-06-14 01:03:52,571 INFO  [org.jboss.as.clustering.infinispan] (ServerService Thread Pool -- 80) WFLYCLINF0003: Stopped authenticationSessions cache from keycloak container
2021-06-14 01:03:52,572 INFO  [org.jboss.as.clustering.infinispan] (ServerService Thread Pool -- 75) WFLYCLINF0003: Stopped offlineClientSessions cache from keycloak container
2021-06-14 01:03:52,572 INFO  [org.jboss.as.clustering.infinispan] (ServerService Thread Pool -- 74) WFLYCLINF0003: Stopped sessions cache from keycloak container
2021-06-14 01:03:52,574 INFO  [org.jboss.as.clustering.infinispan] (ServerService Thread Pool -- 78) WFLYCLINF0003: Stopped keys cache from keycloak container
2021-06-14 01:03:52,584 INFO  [org.jboss.as.clustering.infinispan] (ServerService Thread Pool -- 71) WFLYCLINF0003: Stopped authorization cache from keycloak container
2021-06-14 01:03:52,584 INFO  [org.jboss.as.clustering.infinispan] (ServerService Thread Pool -- 73) WFLYCLINF0003: Stopped users cache from keycloak container
2021-06-14 01:03:52,585 INFO  [org.jboss.as.clustering.infinispan] (ServerService Thread Pool -- 72) WFLYCLINF0003: Stopped realms cache from keycloak container
2021-06-14 01:03:52,586 INFO  [org.infinispan.manager.DefaultCacheManager] (ServerService Thread Pool -- 73) Stopping cache manager null on null
2021-06-14 01:03:52,643 INFO  [org.jboss.as.clustering.infinispan] (ServerService Thread Pool -- 63) WFLYCLINF0003: Stopped http-remoting-connector cache from ejb container
2021-06-14 01:03:52,644 INFO  [org.infinispan.manager.DefaultCacheManager] (ServerService Thread Pool -- 63) Stopping cache manager null on null
2021-06-14 01:03:52,650 INFO  [org.jboss.as] (MSC service thread 1-4) WFLYSRV0050: Keycloak 13.0.0 (WildFly Core 15.0.1.Final) stopped in 155ms
2021-06-14 16:25:23,672 INFO  [org.jboss.modules] (main) JBoss Modules version 1.11.0.Final
2021-06-14 16:25:26,064 INFO  [org.jboss.msc] (main) JBoss MSC version 1.4.12.Final
2021-06-14 16:25:26,077 INFO  [org.jboss.threads] (main) JBoss Threads version 2.4.0.Final
2021-06-14 16:25:26,214 INFO  [org.jboss.as] (MSC service thread 1-2) WFLYSRV0049: Keycloak 13.0.0 (WildFly Core 15.0.1.Final) starting
2021-06-14 16:25:26,219 DEBUG [org.jboss.as.config] (MSC service thread 1-2) Configured system properties:
	awt.toolkit = sun.awt.windows.WToolkit
	file.encoding = Cp1252
	file.encoding.pkg = sun.io
	file.separator = \
	java.awt.graphicsenv = sun.awt.Win32GraphicsEnvironment
	java.awt.headless = true
	java.awt.printerjob = sun.awt.windows.WPrinterJob
	java.class.path = D:\Fakultet\8. semestar\Bezbednost u sistemima elektronskog poslovanja\keycloak-13.0.0\keycloak-13.0.0\jboss-modules.jar
	java.class.version = 52.0
	java.endorsed.dirs = C:\Program Files\Java\jdk1.8.0_281\jre\lib\endorsed
	java.ext.dirs = C:\Program Files\Java\jdk1.8.0_281\jre\lib\ext;C:\Windows\Sun\Java\lib\ext
	java.home = C:\Program Files\Java\jdk1.8.0_281\jre
	java.io.tmpdir = C:\Users\Milorad\AppData\Local\Temp\
	java.library.path = C:\Program Files\Java\jdk1.8.0_281\bin;C:\Windows\Sun\Java\bin;C:\Windows\system32;C:\Windows;C:\Program Files\Common Files\Oracle\Java\javapath;C:\Program Files (x86)\Common Files\Oracle\Java\javapath;C:\Windows\system32;C:\Windows;C:\Windows\System32\Wbem;C:\Windows\System32\WindowsPowerShell\v1.0\;C:\Windows\System32\OpenSSH\;C:\Program Files\nodejs\;C:\Program Files\Java\jdk1.8.0_281\bin;C:\Users\Milorad\AppData\Local\Programs\Python\Python35\Scripts\;C:\Users\Milorad\AppData\Local\Programs\Python\Python35\;C:\Users\Milorad\AppData\Local\Microsoft\WindowsApps;C:\Users\Milorad\AppData\Roaming\npm;C:\Users\Milorad\.dotnet\tools;.
	java.net.preferIPv4Stack = true
	java.runtime.name = Java(TM) SE Runtime Environment
	java.runtime.version = 1.8.0_281-b09
	java.specification.name = Java Platform API Specification
	java.specification.vendor = Oracle Corporation
	java.specification.version = 1.8
	java.util.logging.manager = org.jboss.logmanager.LogManager
	java.vendor = Oracle Corporation
	java.vendor.url = http://java.oracle.com/
	java.vendor.url.bug = http://bugreport.sun.com/bugreport/
	java.version = 1.8.0_281
	java.vm.info = mixed mode
	java.vm.name = Java HotSpot(TM) 64-Bit Server VM
	java.vm.specification.name = Java Virtual Machine Specification
	java.vm.specification.vendor = Oracle Corporation
	java.vm.specification.version = 1.8
	java.vm.vendor = Oracle Corporation
	java.vm.version = 25.281-b09
	javax.management.builder.initial = org.jboss.as.jmx.PluggableMBeanServerBuilder
	jboss.home.dir = D:\Fakultet\8. semestar\Bezbednost u sistemima elektronskog poslovanja\keycloak-13.0.0\keycloak-13.0.0
	jboss.host.name = desktop-mk6223h
	jboss.modules.dir = D:\Fakultet\8. semestar\Bezbednost u sistemima elektronskog poslovanja\keycloak-13.0.0\keycloak-13.0.0\modules
	jboss.modules.system.pkgs = org.jboss.byteman
	jboss.node.name = desktop-mk6223h
	jboss.qualified.host.name = desktop-mk6223h
	jboss.server.base.dir = D:\Fakultet\8. semestar\Bezbednost u sistemima elektronskog poslovanja\keycloak-13.0.0\keycloak-13.0.0\standalone
	jboss.server.config.dir = D:\Fakultet\8. semestar\Bezbednost u sistemima elektronskog poslovanja\keycloak-13.0.0\keycloak-13.0.0\standalone\configuration
	jboss.server.data.dir = D:\Fakultet\8. semestar\Bezbednost u sistemima elektronskog poslovanja\keycloak-13.0.0\keycloak-13.0.0\standalone\data
	jboss.server.deploy.dir = D:\Fakultet\8. semestar\Bezbednost u sistemima elektronskog poslovanja\keycloak-13.0.0\keycloak-13.0.0\standalone\data\content
	jboss.server.log.dir = D:\Fakultet\8. semestar\Bezbednost u sistemima elektronskog poslovanja\keycloak-13.0.0\keycloak-13.0.0\standalone\log
	jboss.server.name = desktop-mk6223h
	jboss.server.persist.config = true
	jboss.server.temp.dir = D:\Fakultet\8. semestar\Bezbednost u sistemima elektronskog poslovanja\keycloak-13.0.0\keycloak-13.0.0\standalone\tmp
	line.separator = 

	logging.configuration = file:D:\Fakultet\8. semestar\Bezbednost u sistemima elektronskog poslovanja\keycloak-13.0.0\keycloak-13.0.0\standalone\configuration/logging.properties
	module.path = D:\Fakultet\8. semestar\Bezbednost u sistemima elektronskog poslovanja\keycloak-13.0.0\keycloak-13.0.0\modules
	org.jboss.boot.log.file = D:\Fakultet\8. semestar\Bezbednost u sistemima elektronskog poslovanja\keycloak-13.0.0\keycloak-13.0.0\standalone\log\server.log
	org.jboss.resolver.warning = true
	os.arch = amd64
	os.name = Windows 10
	os.version = 10.0
	path.separator = ;
	program.name = standalone.bat
	sun.arch.data.model = 64
	sun.boot.class.path = C:\Program Files\Java\jdk1.8.0_281\jre\lib\resources.jar;C:\Program Files\Java\jdk1.8.0_281\jre\lib\rt.jar;C:\Program Files\Java\jdk1.8.0_281\jre\lib\sunrsasign.jar;C:\Program Files\Java\jdk1.8.0_281\jre\lib\jsse.jar;C:\Program Files\Java\jdk1.8.0_281\jre\lib\jce.jar;C:\Program Files\Java\jdk1.8.0_281\jre\lib\charsets.jar;C:\Program Files\Java\jdk1.8.0_281\jre\lib\jfr.jar;C:\Program Files\Java\jdk1.8.0_281\jre\classes
	sun.boot.library.path = C:\Program Files\Java\jdk1.8.0_281\jre\bin
	sun.cpu.endian = little
	sun.cpu.isalist = amd64
	sun.desktop = windows
	sun.io.unicode.encoding = UnicodeLittle
	sun.java.command = D:\Fakultet\8. semestar\Bezbednost u sistemima elektronskog poslovanja\keycloak-13.0.0\keycloak-13.0.0\jboss-modules.jar -mp D:\Fakultet\8. semestar\Bezbednost u sistemima elektronskog poslovanja\keycloak-13.0.0\keycloak-13.0.0\modules org.jboss.as.standalone -Djboss.home.dir=D:\Fakultet\8. semestar\Bezbednost u sistemima elektronskog poslovanja\keycloak-13.0.0\keycloak-13.0.0
	sun.java.launcher = SUN_STANDARD
	sun.jnu.encoding = Cp1252
	sun.management.compiler = HotSpot 64-Bit Tiered Compilers
	sun.os.patch.level = 
	sun.stderr.encoding = cp437
	sun.stdout.encoding = cp437
	user.country = US
	user.dir = D:\Fakultet\8. semestar\Bezbednost u sistemima elektronskog poslovanja\keycloak-13.0.0\keycloak-13.0.0\bin
	user.home = C:\Users\Milorad
	user.language = en
	user.name = Milorad
	user.script = 
	user.timezone = Europe/Prague
	user.variant = 
2021-06-14 16:25:26,219 DEBUG [org.jboss.as.config] (MSC service thread 1-2) VM Arguments: -Dprogram.name=standalone.bat -Xms64M -Xmx512M -XX:MetaspaceSize=96M -XX:MaxMetaspaceSize=256m -Djava.net.preferIPv4Stack=true -Djboss.modules.system.pkgs=org.jboss.byteman -Djava.awt.headless=true -Dorg.jboss.boot.log.file=D:\Fakultet\8. semestar\Bezbednost u sistemima elektronskog poslovanja\keycloak-13.0.0\keycloak-13.0.0\standalone\log\server.log -Dlogging.configuration=file:D:\Fakultet\8. semestar\Bezbednost u sistemima elektronskog poslovanja\keycloak-13.0.0\keycloak-13.0.0\standalone\configuration/logging.properties 
2021-06-14 16:25:27,865 INFO  [org.wildfly.security] (ServerService Thread Pool -- 20) ELY00001: WildFly Elytron version 1.15.3.Final
2021-06-14 16:25:29,389 INFO  [org.jboss.as.controller.management-deprecated] (ServerService Thread Pool -- 21) WFLYCTL0033: Extension 'security' is deprecated and may not be supported in future versions
2021-06-14 16:25:30,159 INFO  [org.jboss.as.controller.management-deprecated] (Controller Boot Thread) WFLYCTL0028: Attribute 'security-realm' in the resource at address '/core-service=management/management-interface=http-interface' is deprecated, and may be removed in a future version. See the attribute description in the output of the read-resource-description operation to learn more about the deprecation.
2021-06-14 16:25:30,179 INFO  [org.jboss.as.controller.management-deprecated] (ServerService Thread Pool -- 2) WFLYCTL0028: Attribute 'security-realm' in the resource at address '/subsystem=undertow/server=default-server/https-listener=https' is deprecated, and may be removed in a future version. See the attribute description in the output of the read-resource-description operation to learn more about the deprecation.
2021-06-14 16:25:30,279 INFO  [org.jboss.as.server] (Controller Boot Thread) WFLYSRV0039: Creating http management service using socket-binding (management-http)
2021-06-14 16:25:30,300 INFO  [org.xnio] (MSC service thread 1-1) XNIO version 3.8.4.Final
2021-06-14 16:25:30,310 INFO  [org.xnio.nio] (MSC service thread 1-1) XNIO NIO Implementation Version 3.8.4.Final
2021-06-14 16:25:30,361 WARN  [org.jboss.as.txn] (ServerService Thread Pool -- 52) WFLYTX0013: The node-identifier attribute on the /subsystem=transactions is set to the default value. This is a danger for environments running multiple servers. Please make sure the attribute value is unique.
2021-06-14 16:25:30,368 INFO  [org.jboss.as.clustering.infinispan] (ServerService Thread Pool -- 40) WFLYCLINF0001: Activating Infinispan subsystem.
2021-06-14 16:25:30,389 INFO  [org.jboss.as.security] (ServerService Thread Pool -- 49) WFLYSEC0002: Activating Security Subsystem
2021-06-14 16:25:30,391 INFO  [org.wildfly.extension.health] (ServerService Thread Pool -- 34) WFLYHEALTH0001: Activating Base Health Subsystem
2021-06-14 16:25:30,395 INFO  [org.jboss.as.naming] (ServerService Thread Pool -- 45) WFLYNAM0001: Activating Naming Subsystem
2021-06-14 16:25:30,412 INFO  [org.jboss.as.security] (MSC service thread 1-3) WFLYSEC0001: Current PicketBox version=5.0.3.Final-redhat-00007
2021-06-14 16:25:30,419 INFO  [org.wildfly.extension.metrics] (ServerService Thread Pool -- 44) WFLYMETRICS0001: Activating Base Metrics Subsystem
2021-06-14 16:25:30,422 INFO  [org.jboss.as.connector] (MSC service thread 1-5) WFLYJCA0009: Starting Jakarta Connectors Subsystem (WildFly/IronJacamar 1.4.27.Final)
2021-06-14 16:25:30,451 INFO  [org.wildfly.extension.undertow] (MSC service thread 1-7) WFLYUT0003: Undertow 2.2.5.Final starting
2021-06-14 16:25:30,538 INFO  [org.jboss.as.connector.subsystems.datasources] (ServerService Thread Pool -- 50) WFLYJCA0004: Deploying JDBC-compliant driver class org.h2.Driver (version 1.4)
2021-06-14 16:25:30,546 INFO  [org.jboss.as.naming] (MSC service thread 1-5) WFLYNAM0003: Starting Naming Service
2021-06-14 16:25:30,563 INFO  [org.jboss.as.mail.extension] (MSC service thread 1-8) WFLYMAIL0001: Bound mail session [java:jboss/mail/Default]
2021-06-14 16:25:30,566 INFO  [org.jboss.as.connector.deployers.jdbc] (MSC service thread 1-8) WFLYJCA0018: Started Driver service with driver-name = h2
2021-06-14 16:25:30,617 WARN  [org.wildfly.clustering.web.undertow] (ServerService Thread Pool -- 42) WFLYCLWEBUT0007: No routing provider found for default-server; using legacy provider based on static configuration
2021-06-14 16:25:30,712 INFO  [org.jboss.as.jaxrs] (ServerService Thread Pool -- 36) WFLYRS0016: RESTEasy version 3.15.1.Final
2021-06-14 16:25:30,788 INFO  [org.wildfly.extension.undertow] (ServerService Thread Pool -- 42) WFLYUT0014: Creating file handler for path 'D:\Fakultet\8. semestar\Bezbednost u sistemima elektronskog poslovanja\keycloak-13.0.0\keycloak-13.0.0/welcome-content' with options [directory-listing: 'false', follow-symlink: 'false', case-sensitive: 'true', safe-symlink-paths: '[]']
2021-06-14 16:25:30,802 WARN  [org.wildfly.extension.elytron] (MSC service thread 1-7) WFLYELY00023: KeyStore file 'D:\Fakultet\8. semestar\Bezbednost u sistemima elektronskog poslovanja\keycloak-13.0.0\keycloak-13.0.0\standalone\configuration\application.keystore' does not exist. Used blank.
2021-06-14 16:25:30,863 WARN  [org.wildfly.extension.elytron] (MSC service thread 1-2) WFLYELY01084: KeyStore D:\Fakultet\8. semestar\Bezbednost u sistemima elektronskog poslovanja\keycloak-13.0.0\keycloak-13.0.0\standalone\configuration\application.keystore not found, it will be auto generated on first use with a self-signed certificate for host localhost
2021-06-14 16:25:31,033 INFO  [org.wildfly.extension.io] (ServerService Thread Pool -- 35) WFLYIO001: Worker 'default' has auto-configured to 16 IO threads with 128 max task threads based on your 8 available processors
2021-06-14 16:25:31,044 INFO  [org.jboss.as.ejb3] (MSC service thread 1-6) WFLYEJB0482: Strict pool mdb-strict-max-pool is using a max instance size of 32 (per class), which is derived from the number of CPUs on this host.
2021-06-14 16:25:31,044 INFO  [org.jboss.as.ejb3] (MSC service thread 1-4) WFLYEJB0481: Strict pool slsb-strict-max-pool is using a max instance size of 128 (per class), which is derived from thread worker pool sizing.
2021-06-14 16:25:31,094 INFO  [org.wildfly.extension.undertow] (MSC service thread 1-4) WFLYUT0012: Started server default-server.
2021-06-14 16:25:31,094 INFO  [org.jboss.remoting] (MSC service thread 1-3) JBoss Remoting version 5.0.20.Final
2021-06-14 16:25:31,104 INFO  [org.wildfly.extension.undertow] (MSC service thread 1-1) Queuing requests.
2021-06-14 16:25:31,108 INFO  [org.wildfly.extension.undertow] (MSC service thread 1-1) WFLYUT0018: Host default-host starting
2021-06-14 16:25:31,170 INFO  [org.wildfly.extension.undertow] (MSC service thread 1-4) WFLYUT0006: Undertow HTTP listener default listening on 127.0.0.1:8080
2021-06-14 16:25:31,314 INFO  [org.jboss.as.ejb3] (MSC service thread 1-1) WFLYEJB0493: Jakarta Enterprise Beans subsystem suspension complete
2021-06-14 16:25:31,394 INFO  [org.jboss.as.connector.subsystems.datasources] (MSC service thread 1-3) WFLYJCA0001: Bound data source [java:jboss/datasources/KeycloakDS]
2021-06-14 16:25:31,396 INFO  [org.jboss.as.connector.subsystems.datasources] (MSC service thread 1-8) WFLYJCA0001: Bound data source [java:jboss/datasources/ExampleDS]
2021-06-14 16:25:32,167 INFO  [org.jboss.as.patching] (MSC service thread 1-1) WFLYPAT0050: Keycloak cumulative patch ID is: base, one-off patches include: none
2021-06-14 16:25:32,178 WARN  [org.jboss.as.domain.management.security] (MSC service thread 1-4) WFLYDM0111: Keystore D:\Fakultet\8. semestar\Bezbednost u sistemima elektronskog poslovanja\keycloak-13.0.0\keycloak-13.0.0\standalone\configuration\application.keystore not found, it will be auto generated on first use with a self signed certificate for host localhost
2021-06-14 16:25:32,187 INFO  [org.jboss.as.server.deployment.scanner] (MSC service thread 1-2) WFLYDS0013: Started FileSystemDeploymentService for directory D:\Fakultet\8. semestar\Bezbednost u sistemima elektronskog poslovanja\keycloak-13.0.0\keycloak-13.0.0\standalone\deployments
2021-06-14 16:25:32,201 INFO  [org.jboss.as.server.deployment] (MSC service thread 1-4) WFLYSRV0027: Starting deployment of "keycloak-server.war" (runtime-name: "keycloak-server.war")
2021-06-14 16:25:32,254 INFO  [org.wildfly.extension.undertow] (MSC service thread 1-2) WFLYUT0006: Undertow HTTPS listener https listening on 127.0.0.1:8443
2021-06-14 16:25:33,457 INFO  [org.infinispan.CONTAINER] (ServerService Thread Pool -- 55) ISPN000128: Infinispan version: Infinispan 'Corona Extra' 11.0.9.Final
2021-06-14 16:25:33,499 INFO  [org.infinispan.CONFIG] (MSC service thread 1-5) ISPN000152: Passivation configured without an eviction policy being selected. Only manually evicted entities will be passivated.
2021-06-14 16:25:33,501 INFO  [org.infinispan.CONFIG] (MSC service thread 1-5) ISPN000152: Passivation configured without an eviction policy being selected. Only manually evicted entities will be passivated.
2021-06-14 16:25:33,571 INFO  [org.infinispan.PERSISTENCE] (ServerService Thread Pool -- 55) ISPN000556: Starting user marshaller 'org.wildfly.clustering.infinispan.marshalling.jboss.JBossMarshaller'
2021-06-14 16:25:33,571 INFO  [org.infinispan.PERSISTENCE] (ServerService Thread Pool -- 54) ISPN000556: Starting user marshaller 'org.wildfly.clustering.infinispan.spi.marshalling.InfinispanProtoStreamMarshaller'
2021-06-14 16:25:33,775 INFO  [org.jboss.as.clustering.infinispan] (ServerService Thread Pool -- 54) WFLYCLINF0002: Started http-remoting-connector cache from ejb container
2021-06-14 16:25:33,794 INFO  [org.jboss.as.clustering.infinispan] (ServerService Thread Pool -- 62) WFLYCLINF0002: Started offlineSessions cache from keycloak container
2021-06-14 16:25:33,798 INFO  [org.jboss.as.clustering.infinispan] (ServerService Thread Pool -- 61) WFLYCLINF0002: Started loginFailures cache from keycloak container
2021-06-14 16:25:33,798 INFO  [org.jboss.as.clustering.infinispan] (ServerService Thread Pool -- 65) WFLYCLINF0002: Started sessions cache from keycloak container
2021-06-14 16:25:33,797 INFO  [org.jboss.as.clustering.infinispan] (ServerService Thread Pool -- 57) WFLYCLINF0002: Started work cache from keycloak container
2021-06-14 16:25:33,799 INFO  [org.jboss.as.clustering.infinispan] (ServerService Thread Pool -- 55) WFLYCLINF0002: Started authenticationSessions cache from keycloak container
2021-06-14 16:25:33,796 INFO  [org.jboss.as.clustering.infinispan] (ServerService Thread Pool -- 59) WFLYCLINF0002: Started offlineClientSessions cache from keycloak container
2021-06-14 16:25:33,799 INFO  [org.jboss.as.clustering.infinispan] (ServerService Thread Pool -- 58) WFLYCLINF0002: Started clientSessions cache from keycloak container
2021-06-14 16:25:33,798 INFO  [org.jboss.as.clustering.infinispan] (ServerService Thread Pool -- 63) WFLYCLINF0002: Started actionTokens cache from keycloak container
2021-06-14 16:25:33,832 INFO  [org.jboss.as.clustering.infinispan] (ServerService Thread Pool -- 64) WFLYCLINF0002: Started keys cache from keycloak container
2021-06-14 16:25:33,833 INFO  [org.jboss.as.clustering.infinispan] (ServerService Thread Pool -- 66) WFLYCLINF0002: Started authorization cache from keycloak container
2021-06-14 16:25:33,833 INFO  [org.jboss.as.clustering.infinispan] (ServerService Thread Pool -- 56) WFLYCLINF0002: Started realms cache from keycloak container
2021-06-14 16:25:33,833 INFO  [org.jboss.as.clustering.infinispan] (ServerService Thread Pool -- 60) WFLYCLINF0002: Started users cache from keycloak container
2021-06-14 16:25:34,415 WARN  [org.jboss.as.server.deployment] (MSC service thread 1-8) WFLYSRV0273: Excluded subsystem webservices via jboss-deployment-structure.xml does not exist.
2021-06-14 16:25:35,144 INFO  [org.keycloak.services] (ServerService Thread Pool -- 54) KC-SERVICES0001: Loading config from standalone.xml or domain.xml
2021-06-14 16:25:35,271 INFO  [org.keycloak.url.DefaultHostnameProviderFactory] (ServerService Thread Pool -- 54) Frontend: <request>, Admin: <frontend>, Backend: <request>
2021-06-14 16:25:35,728 INFO  [org.jboss.as.clustering.infinispan] (ServerService Thread Pool -- 54) WFLYCLINF0002: Started realmRevisions cache from keycloak container
2021-06-14 16:25:35,735 INFO  [org.jboss.as.clustering.infinispan] (ServerService Thread Pool -- 54) WFLYCLINF0002: Started userRevisions cache from keycloak container
2021-06-14 16:25:35,742 INFO  [org.jboss.as.clustering.infinispan] (ServerService Thread Pool -- 54) WFLYCLINF0002: Started authorizationRevisions cache from keycloak container
2021-06-14 16:25:35,743 INFO  [org.keycloak.connections.infinispan.DefaultInfinispanConnectionProviderFactory] (ServerService Thread Pool -- 54) Node name: desktop-mk6223h, Site name: null
2021-06-14 16:25:36,180 INFO  [org.keycloak.connections.jpa.DefaultJpaConnectionProviderFactory] (ServerService Thread Pool -- 54) Database info: {databaseUrl=jdbc:h2:D:\Fakultet\8. semestar\Bezbednost u sistemima elektronskog poslovanja\keycloak-13.0.0\keycloak-13.0.0\standalone\data/keycloak, databaseUser=SA, databaseProduct=H2 1.4.197 (2018-03-18), databaseDriver=H2 JDBC Driver 1.4.197 (2018-03-18)}
2021-06-14 16:25:38,132 INFO  [org.hibernate.jpa.internal.util.LogHelper] (ServerService Thread Pool -- 54) HHH000204: Processing PersistenceUnitInfo [
	name: keycloak-default
	...]
2021-06-14 16:25:38,218 INFO  [org.hibernate.Version] (ServerService Thread Pool -- 54) HHH000412: Hibernate Core {5.3.20.Final}
2021-06-14 16:25:38,220 INFO  [org.hibernate.cfg.Environment] (ServerService Thread Pool -- 54) HHH000206: hibernate.properties not found
2021-06-14 16:25:38,434 INFO  [org.hibernate.annotations.common.Version] (ServerService Thread Pool -- 54) HCANN000001: Hibernate Commons Annotations {5.0.5.Final}
2021-06-14 16:25:38,635 INFO  [org.hibernate.dialect.Dialect] (ServerService Thread Pool -- 54) HHH000400: Using dialect: org.hibernate.dialect.H2Dialect
2021-06-14 16:25:38,700 INFO  [org.hibernate.envers.boot.internal.EnversServiceImpl] (ServerService Thread Pool -- 54) Envers integration enabled? : true
2021-06-14 16:25:39,124 INFO  [org.hibernate.orm.beans] (ServerService Thread Pool -- 54) HHH10005002: No explicit CDI BeanManager reference was passed to Hibernate, but CDI is available on the Hibernate ClassLoader.
2021-06-14 16:25:39,175 INFO  [org.hibernate.validator.internal.util.Version] (ServerService Thread Pool -- 54) HV000001: Hibernate Validator 6.0.22.Final
2021-06-14 16:25:40,184 INFO  [org.hibernate.hql.internal.QueryTranslatorFactoryInitiator] (ServerService Thread Pool -- 54) HHH000397: Using ASTQueryTranslatorFactory
2021-06-14 16:25:40,888 INFO  [org.jboss.resteasy.resteasy_jaxrs.i18n] (ServerService Thread Pool -- 54) RESTEASY002225: Deploying javax.ws.rs.core.Application: class org.keycloak.services.resources.KeycloakApplication
2021-06-14 16:25:40,890 INFO  [org.jboss.resteasy.resteasy_jaxrs.i18n] (ServerService Thread Pool -- 54) RESTEASY002205: Adding provider class org.keycloak.services.filters.KeycloakSecurityHeadersFilter from Application class org.keycloak.services.resources.KeycloakApplication
2021-06-14 16:25:40,890 INFO  [org.jboss.resteasy.resteasy_jaxrs.i18n] (ServerService Thread Pool -- 54) RESTEASY002205: Adding provider class org.keycloak.services.error.KeycloakErrorHandler from Application class org.keycloak.services.resources.KeycloakApplication
2021-06-14 16:25:40,891 INFO  [org.jboss.resteasy.resteasy_jaxrs.i18n] (ServerService Thread Pool -- 54) RESTEASY002200: Adding class resource org.keycloak.services.resources.ThemeResource from Application class org.keycloak.services.resources.KeycloakApplication
2021-06-14 16:25:40,892 INFO  [org.jboss.resteasy.resteasy_jaxrs.i18n] (ServerService Thread Pool -- 54) RESTEASY002200: Adding class resource org.keycloak.services.resources.JsResource from Application class org.keycloak.services.resources.KeycloakApplication
2021-06-14 16:25:40,893 INFO  [org.jboss.resteasy.resteasy_jaxrs.i18n] (ServerService Thread Pool -- 54) RESTEASY002220: Adding singleton resource org.keycloak.services.resources.RobotsResource from Application class org.keycloak.services.resources.KeycloakApplication
2021-06-14 16:25:40,893 INFO  [org.jboss.resteasy.resteasy_jaxrs.i18n] (ServerService Thread Pool -- 54) RESTEASY002210: Adding provider singleton org.keycloak.services.util.ObjectMapperResolver from Application class org.keycloak.services.resources.KeycloakApplication
2021-06-14 16:25:40,894 INFO  [org.jboss.resteasy.resteasy_jaxrs.i18n] (ServerService Thread Pool -- 54) RESTEASY002220: Adding singleton resource org.keycloak.services.resources.RealmsResource from Application class org.keycloak.services.resources.KeycloakApplication
2021-06-14 16:25:40,894 INFO  [org.jboss.resteasy.resteasy_jaxrs.i18n] (ServerService Thread Pool -- 54) RESTEASY002220: Adding singleton resource org.keycloak.services.resources.WelcomeResource from Application class org.keycloak.services.resources.KeycloakApplication
2021-06-14 16:25:40,895 INFO  [org.jboss.resteasy.resteasy_jaxrs.i18n] (ServerService Thread Pool -- 54) RESTEASY002220: Adding singleton resource org.keycloak.services.resources.admin.AdminRoot from Application class org.keycloak.services.resources.KeycloakApplication
2021-06-14 16:25:41,293 INFO  [org.wildfly.extension.undertow] (ServerService Thread Pool -- 54) WFLYUT0021: Registered web context: '/auth' for server 'default-server'
2021-06-14 16:25:41,437 INFO  [org.jboss.as.server] (ServerService Thread Pool -- 41) WFLYSRV0010: Deployed "keycloak-server.war" (runtime-name : "keycloak-server.war")
2021-06-14 16:25:41,485 INFO  [org.jboss.as.server] (Controller Boot Thread) WFLYSRV0212: Resuming server
2021-06-14 16:25:41,489 INFO  [org.jboss.as] (Controller Boot Thread) WFLYSRV0025: Keycloak 13.0.0 (WildFly Core 15.0.1.Final) started in 23561ms - Started 597 of 876 services (587 services are lazy, passive or on-demand)
2021-06-14 16:25:41,493 INFO  [org.jboss.as] (Controller Boot Thread) WFLYSRV0060: Http management interface listening on http://127.0.0.1:9990/management
2021-06-14 16:25:41,493 INFO  [org.jboss.as] (Controller Boot Thread) WFLYSRV0051: Admin console listening on http://127.0.0.1:9990
2021-06-14 18:14:17,703 INFO  [org.jboss.as.server] (Thread-2) WFLYSRV0272: Suspending server
2021-06-14 18:14:17,742 INFO  [org.jboss.as.ejb3] (Thread-2) WFLYEJB0493: Jakarta Enterprise Beans subsystem suspension complete
2021-06-14 18:14:17,758 INFO  [org.jboss.as.server] (Thread-2) WFLYSRV0220: Server shutdown has been requested via an OS signal
2021-06-14 18:14:17,840 INFO  [org.jboss.as.mail.extension] (MSC service thread 1-6) WFLYMAIL0002: Unbound mail session [java:jboss/mail/Default]
2021-06-14 18:14:17,844 INFO  [org.jboss.as.connector.subsystems.datasources] (MSC service thread 1-2) WFLYJCA0010: Unbound data source [java:jboss/datasources/KeycloakDS]
2021-06-14 18:14:17,852 INFO  [org.wildfly.extension.undertow] (ServerService Thread Pool -- 54) WFLYUT0022: Unregistered web context: '/auth' from server 'default-server'
2021-06-14 18:14:17,853 INFO  [org.wildfly.extension.undertow] (MSC service thread 1-3) WFLYUT0008: Undertow HTTPS listener https suspending
2021-06-14 18:14:17,858 INFO  [org.wildfly.extension.undertow] (MSC service thread 1-3) WFLYUT0007: Undertow HTTPS listener https stopped, was bound to 127.0.0.1:8443
2021-06-14 18:14:17,927 INFO  [org.jboss.as.connector.subsystems.datasources] (MSC service thread 1-7) WFLYJCA0010: Unbound data source [java:jboss/datasources/ExampleDS]
2021-06-14 18:14:17,929 INFO  [org.jboss.as.connector.deployers.jdbc] (MSC service thread 1-2) WFLYJCA0019: Stopped Driver service with driver-name = h2
2021-06-14 18:14:17,940 INFO  [org.wildfly.extension.undertow] (MSC service thread 1-6) WFLYUT0019: Host default-host stopping
2021-06-14 18:14:17,974 INFO  [org.jboss.as.clustering.infinispan] (ServerService Thread Pool -- 80) WFLYCLINF0003: Stopped keys cache from keycloak container
2021-06-14 18:14:17,974 INFO  [org.jboss.as.clustering.infinispan] (ServerService Thread Pool -- 74) WFLYCLINF0003: Stopped actionTokens cache from keycloak container
2021-06-14 18:14:17,974 INFO  [org.jboss.as.clustering.infinispan] (ServerService Thread Pool -- 79) WFLYCLINF0003: Stopped sessions cache from keycloak container
2021-06-14 18:14:17,974 INFO  [org.jboss.as.clustering.infinispan] (ServerService Thread Pool -- 69) WFLYCLINF0003: Stopped loginFailures cache from keycloak container
2021-06-14 18:14:17,974 INFO  [org.jboss.as.clustering.infinispan] (ServerService Thread Pool -- 73) WFLYCLINF0003: Stopped work cache from keycloak container
2021-06-14 18:14:17,974 INFO  [org.jboss.as.clustering.infinispan] (ServerService Thread Pool -- 72) WFLYCLINF0003: Stopped clientSessions cache from keycloak container
2021-06-14 18:14:17,974 INFO  [org.jboss.as.clustering.infinispan] (ServerService Thread Pool -- 75) WFLYCLINF0003: Stopped offlineSessions cache from keycloak container
2021-06-14 18:14:17,974 INFO  [org.jboss.as.clustering.infinispan] (ServerService Thread Pool -- 76) WFLYCLINF0003: Stopped offlineClientSessions cache from keycloak container
2021-06-14 18:14:17,974 INFO  [org.jboss.as.clustering.infinispan] (ServerService Thread Pool -- 78) WFLYCLINF0003: Stopped authorization cache from keycloak container
2021-06-14 18:14:17,974 INFO  [org.jboss.as.clustering.infinispan] (ServerService Thread Pool -- 77) WFLYCLINF0003: Stopped authenticationSessions cache from keycloak container
2021-06-14 18:14:17,990 INFO  [org.wildfly.extension.undertow] (MSC service thread 1-3) WFLYUT0008: Undertow HTTP listener default suspending
2021-06-14 18:14:17,990 INFO  [org.jboss.as.server.deployment] (MSC service thread 1-2) WFLYSRV0028: Stopped deployment keycloak-server.war (runtime-name: keycloak-server.war) in 207ms
2021-06-14 18:14:17,992 INFO  [org.wildfly.extension.undertow] (MSC service thread 1-3) WFLYUT0007: Undertow HTTP listener default stopped, was bound to 127.0.0.1:8080
2021-06-14 18:14:17,994 INFO  [org.wildfly.extension.undertow] (MSC service thread 1-8) WFLYUT0004: Undertow 2.2.5.Final stopping
2021-06-14 18:14:18,007 INFO  [org.jboss.as.clustering.infinispan] (ServerService Thread Pool -- 70) WFLYCLINF0003: Stopped users cache from keycloak container
2021-06-14 18:14:18,014 INFO  [org.jboss.as.clustering.infinispan] (ServerService Thread Pool -- 54) WFLYCLINF0003: Stopped realms cache from keycloak container
2021-06-14 18:14:18,017 INFO  [org.infinispan.manager.DefaultCacheManager] (ServerService Thread Pool -- 54) Stopping cache manager null on null
2021-06-14 18:14:18,109 INFO  [org.jboss.as.clustering.infinispan] (ServerService Thread Pool -- 71) WFLYCLINF0003: Stopped http-remoting-connector cache from ejb container
2021-06-14 18:14:18,110 INFO  [org.infinispan.manager.DefaultCacheManager] (ServerService Thread Pool -- 71) Stopping cache manager null on null
2021-06-14 18:14:18,120 INFO  [org.jboss.as] (MSC service thread 1-1) WFLYSRV0050: Keycloak 13.0.0 (WildFly Core 15.0.1.Final) stopped in 337ms
