2021-06-10 16:47:11,254 INFO [background-preinit] HV000001: Hibernate Validator 6.1.7.Final
2021-06-10 16:47:11,295 INFO [main] Starting HospitalApplication on DESKTOP-MK6223H with PID 12180 (D:\Fakultet\8. semestar\PROJEKTI\bsep\BSEP_T17\hospital\target\classes started by Milorad in D:\Fakultet\8. semestar\PROJEKTI\bsep\BSEP_T17\hospital)
2021-06-10 16:47:11,299 INFO [main] No active profile set, falling back to default profiles: default
2021-06-10 16:47:11,832 INFO [main] Multiple Spring Data modules found, entering strict repository configuration mode!
2021-06-10 16:47:11,833 INFO [main] Bootstrapping Spring Data JPA repositories in DEFAULT mode.
2021-06-10 16:47:11,869 INFO [main] Spring Data JPA - Could not safely identify store assignment for repository candidate interface bsep.hospital.repository.LogRepository. If you want this repository to be a JPA repository, consider annotating your entities with one of these annotations: javax.persistence.Entity, javax.persistence.MappedSuperclass (preferred), or consider extending one of the following types with your repository: org.springframework.data.jpa.repository.JpaRepository.
2021-06-10 16:47:11,891 INFO [main] Finished Spring Data repository scanning in 53ms. Found 2 JPA repository interfaces.
2021-06-10 16:47:11,910 INFO [main] Multiple Spring Data modules found, entering strict repository configuration mode!
2021-06-10 16:47:11,910 INFO [main] Bootstrapping Spring Data MongoDB repositories in DEFAULT mode.
2021-06-10 16:47:11,914 INFO [main] Spring Data MongoDB - Could not safely identify store assignment for repository candidate interface bsep.hospital.repository.AuthorityRepository. If you want this repository to be a MongoDB repository, consider annotating your entities with one of these annotations: org.springframework.data.mongodb.core.mapping.Document (preferred), or consider extending one of the following types with your repository: org.springframework.data.mongodb.repository.MongoRepository.
2021-06-10 16:47:11,916 INFO [main] Spring Data MongoDB - Could not safely identify store assignment for repository candidate interface bsep.hospital.repository.PersonRepository. If you want this repository to be a MongoDB repository, consider annotating your entities with one of these annotations: org.springframework.data.mongodb.core.mapping.Document (preferred), or consider extending one of the following types with your repository: org.springframework.data.mongodb.repository.MongoRepository.
2021-06-10 16:47:11,923 INFO [main] Finished Spring Data repository scanning in 12ms. Found 1 MongoDB repository interfaces.
2021-06-10 16:47:12,171 INFO [main] Bean 'org.springframework.security.access.expression.method.DefaultMethodSecurityExpressionHandler@1fbf088b' of type [org.springframework.security.access.expression.method.DefaultMethodSecurityExpressionHandler] is not eligible for getting processed by all BeanPostProcessors (for example: not eligible for auto-proxying)
2021-06-10 16:47:12,179 INFO [main] Bean 'methodSecurityMetadataSource' of type [org.springframework.security.access.method.DelegatingMethodSecurityMetadataSource] is not eligible for getting processed by all BeanPostProcessors (for example: not eligible for auto-proxying)
2021-06-10 16:47:12,410 INFO [main] Tomcat initialized with port(s): 8085 (https)
2021-06-10 16:47:12,417 INFO [main] Initializing ProtocolHandler ["https-jsse-nio-8085"]
2021-06-10 16:47:12,418 INFO [main] Starting service [Tomcat]
2021-06-10 16:47:12,418 INFO [main] Starting Servlet engine: [Apache Tomcat/9.0.43]
2021-06-10 16:47:12,525 INFO [main] Initializing Spring embedded WebApplicationContext
2021-06-10 16:47:12,526 INFO [main] Root WebApplicationContext: initialization completed in 1195 ms
2021-06-10 16:47:12,573 WARN [main] spring.jpa.open-in-view is enabled by default. Therefore, database queries may be performed during view rendering. Explicitly configure spring.jpa.open-in-view to disable this warning
2021-06-10 16:47:12,668 INFO [main] HHH000204: Processing PersistenceUnitInfo [name: default]
2021-06-10 16:47:12,697 INFO [main] HHH000412: Hibernate ORM core version 5.4.28.Final
2021-06-10 16:47:12,763 INFO [main] HCANN000001: Hibernate Commons Annotations {5.1.2.Final}
2021-06-10 16:47:12,816 INFO [main] HikariPool-1 - Starting...
2021-06-10 16:47:13,043 INFO [main] HikariPool-1 - Start completed.
2021-06-10 16:47:13,054 INFO [main] HHH000400: Using dialect: org.hibernate.dialect.PostgreSQL95Dialect
2021-06-10 16:47:13,707 INFO [main] HHH000490: Using JtaPlatform implementation: [org.hibernate.engine.transaction.jta.platform.internal.NoJtaPlatform]
2021-06-10 16:47:13,713 INFO [main] Initialized JPA EntityManagerFactory for persistence unit 'default'
2021-06-10 16:47:14,115 INFO [main] Cluster created with settings {hosts=[localhost:27017], mode=SINGLE, requiredClusterType=UNKNOWN, serverSelectionTimeout='30000 ms'}
2021-06-10 16:47:14,156 INFO [cluster-ClusterId{value='60c225f2ba6d64437fae5a92', description='null'}-localhost:27017] Opened connection [connectionId{localValue:1, serverValue:106}] to localhost:27017
2021-06-10 16:47:14,159 INFO [cluster-ClusterId{value='60c225f2ba6d64437fae5a92', description='null'}-localhost:27017] Monitor thread successfully connected to server with description ServerDescription{address=localhost:27017, type=STANDALONE, state=CONNECTED, ok=true, minWireVersion=0, maxWireVersion=9, maxDocumentSize=16777216, logicalSessionTimeoutMinutes=30, roundTripTimeNanos=2568300}
2021-06-10 16:47:14,464 INFO [main] Executing operation Initialize
2021-06-10 16:47:14,595 INFO [main] Creating filter chain: any request, [org.springframework.security.web.context.request.async.WebAsyncManagerIntegrationFilter@47800bd7, org.springframework.security.web.context.SecurityContextPersistenceFilter@63e40188, org.springframework.security.web.header.HeaderWriterFilter@2433bcd4, org.springframework.web.filter.CorsFilter@4c57ca10, org.keycloak.adapters.springsecurity.filter.KeycloakPreAuthActionsFilter@5f4e389a, org.keycloak.adapters.springsecurity.filter.KeycloakAuthenticationProcessingFilter@6a5c2d2d, org.springframework.security.web.authentication.logout.LogoutFilter@639bf405, org.springframework.security.web.savedrequest.RequestCacheAwareFilter@535b4dbf, org.springframework.security.web.servletapi.SecurityContextHolderAwareRequestFilter@677274e7, org.keycloak.adapters.springsecurity.filter.KeycloakSecurityContextRequestFilter@77881b7a, org.keycloak.adapters.springsecurity.filter.KeycloakAuthenticatedActionsFilter@59ac77f9, org.springframework.security.web.authentication.AnonymousAuthenticationFilter@212be8c, org.springframework.security.web.session.SessionManagementFilter@5f1a3c4, org.springframework.security.web.access.ExceptionTranslationFilter@32084a01, org.springframework.security.web.access.intercept.FilterSecurityInterceptor@74ed3be4]
2021-06-10 16:47:14,781 INFO [main] Starting ProtocolHandler ["https-jsse-nio-8085"]
2021-06-10 16:47:14,860 INFO [main] Tomcat started on port(s): 8085 (https) with context path ''
2021-06-10 16:47:14,868 INFO [main] Started HospitalApplication in 3.84 seconds (JVM running for 4.818)
2021-06-10 16:47:26,671 INFO [https-jsse-nio-8085-exec-10] Initializing Spring DispatcherServlet 'dispatcherServlet'
2021-06-10 16:47:26,673 INFO [https-jsse-nio-8085-exec-10] Initializing Servlet 'dispatcherServlet'
2021-06-10 16:47:26,681 INFO [https-jsse-nio-8085-exec-10] Completed initialization in 8 ms
2021-06-10 16:47:26,954 INFO [https-jsse-nio-8085-exec-10] Loaded URLs from https://localhost:8443/auth/realms/hospital-portal/.well-known/openid-configuration
2021-06-10 16:47:27,153 WARN [https-jsse-nio-8085-exec-10] Creation of SecureRandom instance for session ID generation using [SHA1PRNG] took [130] milliseconds.
2021-06-10 16:47:27,240 INFO [https-jsse-nio-8085-exec-10] Hi
2021-06-10 16:47:30,773 ERROR [https-jsse-nio-8085-exec-10] Servlet.service() for servlet [dispatcherServlet] in context with path [] threw exception [Request processing failed; nested exception is org.springframework.web.client.ResourceAccessException: I/O error on POST request for "https://localhost:8084/certificate-request/send-certificate-request": Connection refused: connect; nested exception is java.net.ConnectException: Connection refused: connect] with root cause
java.net.ConnectException: Connection refused: connect
	at java.net.PlainSocketImpl.connect0(Native Method) ~[?:?]
	at java.net.PlainSocketImpl.socketConnect(PlainSocketImpl.java:101) ~[?:?]
	at java.net.AbstractPlainSocketImpl.doConnect(AbstractPlainSocketImpl.java:399) ~[?:?]
	at java.net.AbstractPlainSocketImpl.connectToAddress(AbstractPlainSocketImpl.java:242) ~[?:?]
	at java.net.AbstractPlainSocketImpl.connect(AbstractPlainSocketImpl.java:224) ~[?:?]
	at java.net.SocksSocketImpl.connect(SocksSocketImpl.java:392) ~[?:?]
	at java.net.Socket.connect(Socket.java:608) ~[?:?]
	at sun.security.ssl.SSLSocketImpl.connect(SSLSocketImpl.java:287) ~[?:?]
	at sun.security.ssl.BaseSSLSocketImpl.connect(BaseSSLSocketImpl.java:173) ~[?:?]
	at sun.net.NetworkClient.doConnect(NetworkClient.java:182) ~[?:?]
	at sun.net.www.http.HttpClient.openServer(HttpClient.java:474) ~[?:?]
	at sun.net.www.http.HttpClient.openServer(HttpClient.java:569) ~[?:?]
	at sun.net.www.protocol.https.HttpsClient.<init>(HttpsClient.java:265) ~[?:?]
	at sun.net.www.protocol.https.HttpsClient.New(HttpsClient.java:372) ~[?:?]
	at sun.net.www.protocol.https.AbstractDelegateHttpsURLConnection.getNewHttpClient(AbstractDelegateHttpsURLConnection.java:191) ~[?:?]
	at sun.net.www.protocol.http.HttpURLConnection.plainConnect0(HttpURLConnection.java:1187) ~[?:?]
	at sun.net.www.protocol.http.HttpURLConnection.plainConnect(HttpURLConnection.java:1081) ~[?:?]
	at sun.net.www.protocol.https.AbstractDelegateHttpsURLConnection.connect(AbstractDelegateHttpsURLConnection.java:177) ~[?:?]
	at sun.net.www.protocol.https.HttpsURLConnectionImpl.connect(HttpsURLConnectionImpl.java:168) ~[?:?]
	at org.springframework.http.client.SimpleBufferingClientHttpRequest.executeInternal(SimpleBufferingClientHttpRequest.java:76) ~[spring-web-5.2.13.RELEASE.jar:5.2.13.RELEASE]
	at org.springframework.http.client.AbstractBufferingClientHttpRequest.executeInternal(AbstractBufferingClientHttpRequest.java:48) ~[spring-web-5.2.13.RELEASE.jar:5.2.13.RELEASE]
	at org.springframework.http.client.AbstractClientHttpRequest.execute(AbstractClientHttpRequest.java:53) ~[spring-web-5.2.13.RELEASE.jar:5.2.13.RELEASE]
	at org.springframework.web.client.RestTemplate.doExecute(RestTemplate.java:737) ~[spring-web-5.2.13.RELEASE.jar:5.2.13.RELEASE]
	at org.springframework.web.client.RestTemplate.execute(RestTemplate.java:672) ~[spring-web-5.2.13.RELEASE.jar:5.2.13.RELEASE]
	at org.springframework.web.client.RestTemplate.exchange(RestTemplate.java:581) ~[spring-web-5.2.13.RELEASE.jar:5.2.13.RELEASE]
	at bsep.hospital.service.CertificateRequestService.sendCertificateRequest(CertificateRequestService.java:68) ~[classes/:?]
	at bsep.hospital.api.CertificateRequestController.createAndSendCertificateRequest(CertificateRequestController.java:29) ~[classes/:?]
	at bsep.hospital.api.CertificateRequestController$$FastClassBySpringCGLIB$$86b884aa.invoke(<generated>) ~[classes/:?]
	at org.springframework.cglib.proxy.MethodProxy.invoke(MethodProxy.java:218) ~[spring-core-5.2.13.RELEASE.jar:5.2.13.RELEASE]
	at org.springframework.aop.framework.CglibAopProxy$CglibMethodInvocation.invokeJoinpoint(CglibAopProxy.java:771) ~[spring-aop-5.2.13.RELEASE.jar:5.2.13.RELEASE]
	at org.springframework.aop.framework.ReflectiveMethodInvocation.proceed(ReflectiveMethodInvocation.java:163) ~[spring-aop-5.2.13.RELEASE.jar:5.2.13.RELEASE]
	at org.springframework.aop.framework.CglibAopProxy$CglibMethodInvocation.proceed(CglibAopProxy.java:749) ~[spring-aop-5.2.13.RELEASE.jar:5.2.13.RELEASE]
	at org.springframework.security.access.intercept.aopalliance.MethodSecurityInterceptor.invoke(MethodSecurityInterceptor.java:69) ~[spring-security-core-5.3.8.RELEASE.jar:5.3.8.RELEASE]
	at org.springframework.aop.framework.ReflectiveMethodInvocation.proceed(ReflectiveMethodInvocation.java:186) ~[spring-aop-5.2.13.RELEASE.jar:5.2.13.RELEASE]
	at org.springframework.aop.framework.CglibAopProxy$CglibMethodInvocation.proceed(CglibAopProxy.java:749) ~[spring-aop-5.2.13.RELEASE.jar:5.2.13.RELEASE]
	at org.springframework.aop.framework.CglibAopProxy$DynamicAdvisedInterceptor.intercept(CglibAopProxy.java:691) ~[spring-aop-5.2.13.RELEASE.jar:5.2.13.RELEASE]
	at bsep.hospital.api.CertificateRequestController$$EnhancerBySpringCGLIB$$1aabea83.createAndSendCertificateRequest(<generated>) ~[classes/:?]
	at jdk.internal.reflect.NativeMethodAccessorImpl.invoke0(Native Method) ~[?:?]
	at jdk.internal.reflect.NativeMethodAccessorImpl.invoke(NativeMethodAccessorImpl.java:62) ~[?:?]
	at jdk.internal.reflect.DelegatingMethodAccessorImpl.invoke(DelegatingMethodAccessorImpl.java:43) ~[?:?]
	at java.lang.reflect.Method.invoke(Method.java:566) ~[?:?]
	at org.springframework.web.method.support.InvocableHandlerMethod.doInvoke(InvocableHandlerMethod.java:190) ~[spring-web-5.2.13.RELEASE.jar:5.2.13.RELEASE]
	at org.springframework.web.method.support.InvocableHandlerMethod.invokeForRequest(InvocableHandlerMethod.java:138) ~[spring-web-5.2.13.RELEASE.jar:5.2.13.RELEASE]
	at org.springframework.web.servlet.mvc.method.annotation.ServletInvocableHandlerMethod.invokeAndHandle(ServletInvocableHandlerMethod.java:105) ~[spring-webmvc-5.2.13.RELEASE.jar:5.2.13.RELEASE]
	at org.springframework.web.servlet.mvc.method.annotation.RequestMappingHandlerAdapter.invokeHandlerMethod(RequestMappingHandlerAdapter.java:878) ~[spring-webmvc-5.2.13.RELEASE.jar:5.2.13.RELEASE]
	at org.springframework.web.servlet.mvc.method.annotation.RequestMappingHandlerAdapter.handleInternal(RequestMappingHandlerAdapter.java:792) ~[spring-webmvc-5.2.13.RELEASE.jar:5.2.13.RELEASE]
	at org.springframework.web.servlet.mvc.method.AbstractHandlerMethodAdapter.handle(AbstractHandlerMethodAdapter.java:87) ~[spring-webmvc-5.2.13.RELEASE.jar:5.2.13.RELEASE]
	at org.springframework.web.servlet.DispatcherServlet.doDispatch(DispatcherServlet.java:1040) ~[spring-webmvc-5.2.13.RELEASE.jar:5.2.13.RELEASE]
	at org.springframework.web.servlet.DispatcherServlet.doService(DispatcherServlet.java:943) ~[spring-webmvc-5.2.13.RELEASE.jar:5.2.13.RELEASE]
	at org.springframework.web.servlet.FrameworkServlet.processRequest(FrameworkServlet.java:1006) ~[spring-webmvc-5.2.13.RELEASE.jar:5.2.13.RELEASE]
	at org.springframework.web.servlet.FrameworkServlet.doPost(FrameworkServlet.java:909) ~[spring-webmvc-5.2.13.RELEASE.jar:5.2.13.RELEASE]
	at javax.servlet.http.HttpServlet.service(HttpServlet.java:652) ~[tomcat-embed-core-9.0.43.jar:4.0.FR]
	at org.springframework.web.servlet.FrameworkServlet.service(FrameworkServlet.java:883) ~[spring-webmvc-5.2.13.RELEASE.jar:5.2.13.RELEASE]
	at javax.servlet.http.HttpServlet.service(HttpServlet.java:733) ~[tomcat-embed-core-9.0.43.jar:4.0.FR]
	at org.apache.catalina.core.ApplicationFilterChain.internalDoFilter(ApplicationFilterChain.java:227) ~[tomcat-embed-core-9.0.43.jar:9.0.43]
	at org.apache.catalina.core.ApplicationFilterChain.doFilter(ApplicationFilterChain.java:162) ~[tomcat-embed-core-9.0.43.jar:9.0.43]
	at org.apache.tomcat.websocket.server.WsFilter.doFilter(WsFilter.java:53) ~[tomcat-embed-websocket-9.0.43.jar:9.0.43]
	at org.apache.catalina.core.ApplicationFilterChain.internalDoFilter(ApplicationFilterChain.java:189) ~[tomcat-embed-core-9.0.43.jar:9.0.43]
	at org.apache.catalina.core.ApplicationFilterChain.doFilter(ApplicationFilterChain.java:162) ~[tomcat-embed-core-9.0.43.jar:9.0.43]
	at org.keycloak.adapters.springsecurity.filter.KeycloakAuthenticatedActionsFilter.doFilter(KeycloakAuthenticatedActionsFilter.java:57) ~[keycloak-spring-security-adapter-11.0.2.jar:11.0.2]
	at org.apache.catalina.core.ApplicationFilterChain.internalDoFilter(ApplicationFilterChain.java:189) ~[tomcat-embed-core-9.0.43.jar:9.0.43]
	at org.apache.catalina.core.ApplicationFilterChain.doFilter(ApplicationFilterChain.java:162) ~[tomcat-embed-core-9.0.43.jar:9.0.43]
	at org.keycloak.adapters.springsecurity.filter.KeycloakSecurityContextRequestFilter.doFilter(KeycloakSecurityContextRequestFilter.java:61) ~[keycloak-spring-security-adapter-11.0.2.jar:11.0.2]
	at org.apache.catalina.core.ApplicationFilterChain.internalDoFilter(ApplicationFilterChain.java:189) ~[tomcat-embed-core-9.0.43.jar:9.0.43]
	at org.apache.catalina.core.ApplicationFilterChain.doFilter(ApplicationFilterChain.java:162) ~[tomcat-embed-core-9.0.43.jar:9.0.43]
	at org.keycloak.adapters.springsecurity.filter.KeycloakPreAuthActionsFilter.doFilter(KeycloakPreAuthActionsFilter.java:96) ~[keycloak-spring-security-adapter-11.0.2.jar:11.0.2]
	at org.apache.catalina.core.ApplicationFilterChain.internalDoFilter(ApplicationFilterChain.java:189) ~[tomcat-embed-core-9.0.43.jar:9.0.43]
	at org.apache.catalina.core.ApplicationFilterChain.doFilter(ApplicationFilterChain.java:162) ~[tomcat-embed-core-9.0.43.jar:9.0.43]
	at org.keycloak.adapters.springsecurity.filter.KeycloakAuthenticationProcessingFilter.successfulAuthentication(KeycloakAuthenticationProcessingFilter.java:214) ~[keycloak-spring-security-adapter-11.0.2.jar:11.0.2]
	at org.springframework.security.web.authentication.AbstractAuthenticationProcessingFilter.doFilter(AbstractAuthenticationProcessingFilter.java:240) ~[spring-security-web-5.3.8.RELEASE.jar:5.3.8.RELEASE]
	at org.apache.catalina.core.ApplicationFilterChain.internalDoFilter(ApplicationFilterChain.java:189) ~[tomcat-embed-core-9.0.43.jar:9.0.43]
	at org.apache.catalina.core.ApplicationFilterChain.doFilter(ApplicationFilterChain.java:162) ~[tomcat-embed-core-9.0.43.jar:9.0.43]
	at org.springframework.security.web.FilterChainProxy$VirtualFilterChain.doFilter(FilterChainProxy.java:320) ~[spring-security-web-5.3.8.RELEASE.jar:5.3.8.RELEASE]
	at org.springframework.security.web.access.intercept.FilterSecurityInterceptor.invoke(FilterSecurityInterceptor.java:126) ~[spring-security-web-5.3.8.RELEASE.jar:5.3.8.RELEASE]
	at org.springframework.security.web.access.intercept.FilterSecurityInterceptor.doFilter(FilterSecurityInterceptor.java:90) ~[spring-security-web-5.3.8.RELEASE.jar:5.3.8.RELEASE]
	at org.springframework.security.web.FilterChainProxy$VirtualFilterChain.doFilter(FilterChainProxy.java:334) ~[spring-security-web-5.3.8.RELEASE.jar:5.3.8.RELEASE]
	at org.springframework.security.web.access.ExceptionTranslationFilter.doFilter(ExceptionTranslationFilter.java:118) ~[spring-security-web-5.3.8.RELEASE.jar:5.3.8.RELEASE]
	at org.springframework.security.web.FilterChainProxy$VirtualFilterChain.doFilter(FilterChainProxy.java:334) ~[spring-security-web-5.3.8.RELEASE.jar:5.3.8.RELEASE]
	at org.springframework.security.web.session.SessionManagementFilter.doFilter(SessionManagementFilter.java:137) ~[spring-security-web-5.3.8.RELEASE.jar:5.3.8.RELEASE]
	at org.springframework.security.web.FilterChainProxy$VirtualFilterChain.doFilter(FilterChainProxy.java:334) ~[spring-security-web-5.3.8.RELEASE.jar:5.3.8.RELEASE]
	at org.springframework.security.web.authentication.AnonymousAuthenticationFilter.doFilter(AnonymousAuthenticationFilter.java:111) ~[spring-security-web-5.3.8.RELEASE.jar:5.3.8.RELEASE]
	at org.springframework.security.web.FilterChainProxy$VirtualFilterChain.doFilter(FilterChainProxy.java:334) ~[spring-security-web-5.3.8.RELEASE.jar:5.3.8.RELEASE]
	at org.keycloak.adapters.springsecurity.filter.KeycloakAuthenticatedActionsFilter.doFilter(KeycloakAuthenticatedActionsFilter.java:74) ~[keycloak-spring-security-adapter-11.0.2.jar:11.0.2]
	at org.springframework.security.web.FilterChainProxy$VirtualFilterChain.doFilter(FilterChainProxy.java:334) ~[spring-security-web-5.3.8.RELEASE.jar:5.3.8.RELEASE]
	at org.keycloak.adapters.springsecurity.filter.KeycloakSecurityContextRequestFilter.doFilter(KeycloakSecurityContextRequestFilter.java:92) ~[keycloak-spring-security-adapter-11.0.2.jar:11.0.2]
	at org.springframework.security.web.FilterChainProxy$VirtualFilterChain.doFilter(FilterChainProxy.java:334) ~[spring-security-web-5.3.8.RELEASE.jar:5.3.8.RELEASE]
	at org.springframework.security.web.servletapi.SecurityContextHolderAwareRequestFilter.doFilter(SecurityContextHolderAwareRequestFilter.java:158) ~[spring-security-web-5.3.8.RELEASE.jar:5.3.8.RELEASE]
	at org.springframework.security.web.FilterChainProxy$VirtualFilterChain.doFilter(FilterChainProxy.java:334) ~[spring-security-web-5.3.8.RELEASE.jar:5.3.8.RELEASE]
	at org.springframework.security.web.savedrequest.RequestCacheAwareFilter.doFilter(RequestCacheAwareFilter.java:63) ~[spring-security-web-5.3.8.RELEASE.jar:5.3.8.RELEASE]
	at org.springframework.security.web.FilterChainProxy$VirtualFilterChain.doFilter(FilterChainProxy.java:334) ~[spring-security-web-5.3.8.RELEASE.jar:5.3.8.RELEASE]
	at org.springframework.security.web.authentication.logout.LogoutFilter.doFilter(LogoutFilter.java:116) ~[spring-security-web-5.3.8.RELEASE.jar:5.3.8.RELEASE]
	at org.springframework.security.web.FilterChainProxy$VirtualFilterChain.doFilter(FilterChainProxy.java:334) ~[spring-security-web-5.3.8.RELEASE.jar:5.3.8.RELEASE]
	at org.keycloak.adapters.springsecurity.filter.KeycloakAuthenticationProcessingFilter.successfulAuthentication(KeycloakAuthenticationProcessingFilter.java:214) ~[keycloak-spring-security-adapter-11.0.2.jar:11.0.2]
	at org.springframework.security.web.authentication.AbstractAuthenticationProcessingFilter.doFilter(AbstractAuthenticationProcessingFilter.java:240) ~[spring-security-web-5.3.8.RELEASE.jar:5.3.8.RELEASE]
	at org.springframework.security.web.FilterChainProxy$VirtualFilterChain.doFilter(FilterChainProxy.java:334) ~[spring-security-web-5.3.8.RELEASE.jar:5.3.8.RELEASE]
	at org.keycloak.adapters.springsecurity.filter.KeycloakPreAuthActionsFilter.doFilter(KeycloakPreAuthActionsFilter.java:96) ~[keycloak-spring-security-adapter-11.0.2.jar:11.0.2]
	at org.springframework.security.web.FilterChainProxy$VirtualFilterChain.doFilter(FilterChainProxy.java:334) ~[spring-security-web-5.3.8.RELEASE.jar:5.3.8.RELEASE]
	at org.springframework.web.filter.CorsFilter.doFilterInternal(CorsFilter.java:92) ~[spring-web-5.2.13.RELEASE.jar:5.2.13.RELEASE]
	at org.springframework.web.filter.OncePerRequestFilter.doFilter(OncePerRequestFilter.java:119) ~[spring-web-5.2.13.RELEASE.jar:5.2.13.RELEASE]
	at org.springframework.security.web.FilterChainProxy$VirtualFilterChain.doFilter(FilterChainProxy.java:334) ~[spring-security-web-5.3.8.RELEASE.jar:5.3.8.RELEASE]
	at org.springframework.security.web.header.HeaderWriterFilter.doHeadersAfter(HeaderWriterFilter.java:92) ~[spring-security-web-5.3.8.RELEASE.jar:5.3.8.RELEASE]
	at org.springframework.security.web.header.HeaderWriterFilter.doFilterInternal(HeaderWriterFilter.java:77) ~[spring-security-web-5.3.8.RELEASE.jar:5.3.8.RELEASE]
	at org.springframework.web.filter.OncePerRequestFilter.doFilter(OncePerRequestFilter.java:119) ~[spring-web-5.2.13.RELEASE.jar:5.2.13.RELEASE]
	at org.springframework.security.web.FilterChainProxy$VirtualFilterChain.doFilter(FilterChainProxy.java:334) ~[spring-security-web-5.3.8.RELEASE.jar:5.3.8.RELEASE]
	at org.springframework.security.web.context.SecurityContextPersistenceFilter.doFilter(SecurityContextPersistenceFilter.java:105) ~[spring-security-web-5.3.8.RELEASE.jar:5.3.8.RELEASE]
	at org.springframework.security.web.FilterChainProxy$VirtualFilterChain.doFilter(FilterChainProxy.java:334) ~[spring-security-web-5.3.8.RELEASE.jar:5.3.8.RELEASE]
	at org.springframework.security.web.context.request.async.WebAsyncManagerIntegrationFilter.doFilterInternal(WebAsyncManagerIntegrationFilter.java:56) ~[spring-security-web-5.3.8.RELEASE.jar:5.3.8.RELEASE]
	at org.springframework.web.filter.OncePerRequestFilter.doFilter(OncePerRequestFilter.java:119) ~[spring-web-5.2.13.RELEASE.jar:5.2.13.RELEASE]
	at org.springframework.security.web.FilterChainProxy$VirtualFilterChain.doFilter(FilterChainProxy.java:334) ~[spring-security-web-5.3.8.RELEASE.jar:5.3.8.RELEASE]
	at org.springframework.security.web.FilterChainProxy.doFilterInternal(FilterChainProxy.java:215) ~[spring-security-web-5.3.8.RELEASE.jar:5.3.8.RELEASE]
	at org.springframework.security.web.FilterChainProxy.doFilter(FilterChainProxy.java:178) ~[spring-security-web-5.3.8.RELEASE.jar:5.3.8.RELEASE]
	at org.springframework.web.filter.DelegatingFilterProxy.invokeDelegate(DelegatingFilterProxy.java:358) ~[spring-web-5.2.13.RELEASE.jar:5.2.13.RELEASE]
	at org.springframework.web.filter.DelegatingFilterProxy.doFilter(DelegatingFilterProxy.java:271) ~[spring-web-5.2.13.RELEASE.jar:5.2.13.RELEASE]
	at org.apache.catalina.core.ApplicationFilterChain.internalDoFilter(ApplicationFilterChain.java:189) ~[tomcat-embed-core-9.0.43.jar:9.0.43]
	at org.apache.catalina.core.ApplicationFilterChain.doFilter(ApplicationFilterChain.java:162) ~[tomcat-embed-core-9.0.43.jar:9.0.43]
	at org.springframework.web.filter.CharacterEncodingFilter.doFilterInternal(CharacterEncodingFilter.java:201) ~[spring-web-5.2.13.RELEASE.jar:5.2.13.RELEASE]
	at org.springframework.web.filter.OncePerRequestFilter.doFilter(OncePerRequestFilter.java:119) ~[spring-web-5.2.13.RELEASE.jar:5.2.13.RELEASE]
	at org.apache.catalina.core.ApplicationFilterChain.internalDoFilter(ApplicationFilterChain.java:189) ~[tomcat-embed-core-9.0.43.jar:9.0.43]
	at org.apache.catalina.core.ApplicationFilterChain.doFilter(ApplicationFilterChain.java:162) ~[tomcat-embed-core-9.0.43.jar:9.0.43]
	at org.apache.catalina.core.StandardWrapperValve.invoke(StandardWrapperValve.java:202) [tomcat-embed-core-9.0.43.jar:9.0.43]
	at org.apache.catalina.core.StandardContextValve.invoke(StandardContextValve.java:97) [tomcat-embed-core-9.0.43.jar:9.0.43]
	at org.keycloak.adapters.tomcat.AbstractAuthenticatedActionsValve.invoke(AbstractAuthenticatedActionsValve.java:67) [spring-boot-container-bundle-11.0.2.jar:11.0.2]
	at org.apache.catalina.authenticator.AuthenticatorBase.invoke(AuthenticatorBase.java:542) [tomcat-embed-core-9.0.43.jar:9.0.43]
	at org.keycloak.adapters.tomcat.AbstractKeycloakAuthenticatorValve.invoke(AbstractKeycloakAuthenticatorValve.java:181) [spring-boot-container-bundle-11.0.2.jar:11.0.2]
	at org.apache.catalina.core.StandardHostValve.invoke(StandardHostValve.java:143) [tomcat-embed-core-9.0.43.jar:9.0.43]
	at org.apache.catalina.valves.ErrorReportValve.invoke(ErrorReportValve.java:92) [tomcat-embed-core-9.0.43.jar:9.0.43]
	at org.apache.catalina.core.StandardEngineValve.invoke(StandardEngineValve.java:78) [tomcat-embed-core-9.0.43.jar:9.0.43]
	at org.apache.catalina.connector.CoyoteAdapter.service(CoyoteAdapter.java:346) [tomcat-embed-core-9.0.43.jar:9.0.43]
	at org.apache.coyote.http11.Http11Processor.service(Http11Processor.java:374) [tomcat-embed-core-9.0.43.jar:9.0.43]
	at org.apache.coyote.AbstractProcessorLight.process(AbstractProcessorLight.java:65) [tomcat-embed-core-9.0.43.jar:9.0.43]
	at org.apache.coyote.AbstractProtocol$ConnectionHandler.process(AbstractProtocol.java:887) [tomcat-embed-core-9.0.43.jar:9.0.43]
	at org.apache.tomcat.util.net.NioEndpoint$SocketProcessor.doRun(NioEndpoint.java:1684) [tomcat-embed-core-9.0.43.jar:9.0.43]
	at org.apache.tomcat.util.net.SocketProcessorBase.run(SocketProcessorBase.java:49) [tomcat-embed-core-9.0.43.jar:9.0.43]
	at java.util.concurrent.ThreadPoolExecutor.runWorker(ThreadPoolExecutor.java:1128) [?:?]
	at java.util.concurrent.ThreadPoolExecutor$Worker.run(ThreadPoolExecutor.java:628) [?:?]
	at org.apache.tomcat.util.threads.TaskThread$WrappingRunnable.run(TaskThread.java:61) [tomcat-embed-core-9.0.43.jar:9.0.43]
	at java.lang.Thread.run(Thread.java:834) [?:?]
