2021-06-12 23:40:47,774 INFO o.h.v.i.u.Version HV000001: Hibernate Validator 6.1.7.Final
2021-06-12 23:40:47,803 INFO o.s.b.StartupInfoLogger Starting HospitalApplication on DESKTOP-MK6223H with PID 1760 (D:\Fakultet\8. semestar\PROJEKTI\bsep\BSEP_T17\hospital\target\classes started by Milorad in D:\Fakultet\8. semestar\PROJEKTI\bsep\BSEP_T17\hospital)
2021-06-12 23:40:47,806 INFO o.s.b.SpringApplication No active profile set, falling back to default profiles: default
2021-06-12 23:40:48,347 INFO o.s.d.r.c.RepositoryConfigurationDelegate Multiple Spring Data modules found, entering strict repository configuration mode!
2021-06-12 23:40:48,348 INFO o.s.d.r.c.RepositoryConfigurationDelegate Bootstrapping Spring Data JPA repositories in DEFAULT mode.
2021-06-12 23:40:48,396 INFO o.s.d.r.c.RepositoryConfigurationExtensionSupport Spring Data JPA - Could not safely identify store assignment for repository candidate interface bsep.hospital.repository.LogRepository. If you want this repository to be a JPA repository, consider annotating your entities with one of these annotations: javax.persistence.Entity, javax.persistence.MappedSuperclass (preferred), or consider extending one of the following types with your repository: org.springframework.data.jpa.repository.JpaRepository.
2021-06-12 23:40:48,418 INFO o.s.d.r.c.RepositoryConfigurationDelegate Finished Spring Data repository scanning in 56ms. Found 4 JPA repository interfaces.
2021-06-12 23:40:48,434 INFO o.s.d.r.c.RepositoryConfigurationDelegate Multiple Spring Data modules found, entering strict repository configuration mode!
2021-06-12 23:40:48,434 INFO o.s.d.r.c.RepositoryConfigurationDelegate Bootstrapping Spring Data MongoDB repositories in DEFAULT mode.
2021-06-12 23:40:48,439 INFO o.s.d.r.c.RepositoryConfigurationExtensionSupport Spring Data MongoDB - Could not safely identify store assignment for repository candidate interface bsep.hospital.repository.AuthorityRepository. If you want this repository to be a MongoDB repository, consider annotating your entities with one of these annotations: org.springframework.data.mongodb.core.mapping.Document (preferred), or consider extending one of the following types with your repository: org.springframework.data.mongodb.repository.MongoRepository.
2021-06-12 23:40:48,440 INFO o.s.d.r.c.RepositoryConfigurationExtensionSupport Spring Data MongoDB - Could not safely identify store assignment for repository candidate interface bsep.hospital.repository.PatientRepository. If you want this repository to be a MongoDB repository, consider annotating your entities with one of these annotations: org.springframework.data.mongodb.core.mapping.Document (preferred), or consider extending one of the following types with your repository: org.springframework.data.mongodb.repository.MongoRepository.
2021-06-12 23:40:48,441 INFO o.s.d.r.c.RepositoryConfigurationExtensionSupport Spring Data MongoDB - Could not safely identify store assignment for repository candidate interface bsep.hospital.repository.PatientStatusRepository. If you want this repository to be a MongoDB repository, consider annotating your entities with one of these annotations: org.springframework.data.mongodb.core.mapping.Document (preferred), or consider extending one of the following types with your repository: org.springframework.data.mongodb.repository.MongoRepository.
2021-06-12 23:40:48,441 INFO o.s.d.r.c.RepositoryConfigurationExtensionSupport Spring Data MongoDB - Could not safely identify store assignment for repository candidate interface bsep.hospital.repository.PersonRepository. If you want this repository to be a MongoDB repository, consider annotating your entities with one of these annotations: org.springframework.data.mongodb.core.mapping.Document (preferred), or consider extending one of the following types with your repository: org.springframework.data.mongodb.repository.MongoRepository.
2021-06-12 23:40:48,445 INFO o.s.d.r.c.RepositoryConfigurationDelegate Finished Spring Data repository scanning in 10ms. Found 1 MongoDB repository interfaces.
2021-06-12 23:40:48,702 INFO o.s.c.s.PostProcessorRegistrationDelegate$BeanPostProcessorChecker Bean 'org.springframework.security.access.expression.method.DefaultMethodSecurityExpressionHandler@4b432e53' of type [org.springframework.security.access.expression.method.DefaultMethodSecurityExpressionHandler] is not eligible for getting processed by all BeanPostProcessors (for example: not eligible for auto-proxying)
2021-06-12 23:40:48,710 INFO o.s.c.s.PostProcessorRegistrationDelegate$BeanPostProcessorChecker Bean 'methodSecurityMetadataSource' of type [org.springframework.security.access.method.DelegatingMethodSecurityMetadataSource] is not eligible for getting processed by all BeanPostProcessors (for example: not eligible for auto-proxying)
2021-06-12 23:40:48,911 INFO o.s.b.w.e.t.TomcatWebServer Tomcat initialized with port(s): 8085 (https)
2021-06-12 23:40:48,920 INFO o.a.j.l.DirectJDKLog Initializing ProtocolHandler ["https-jsse-nio-8085"]
2021-06-12 23:40:48,920 INFO o.a.j.l.DirectJDKLog Starting service [Tomcat]
2021-06-12 23:40:48,920 INFO o.a.j.l.DirectJDKLog Starting Servlet engine: [Apache Tomcat/9.0.43]
2021-06-12 23:40:49,075 INFO o.a.j.l.DirectJDKLog Initializing Spring embedded WebApplicationContext
2021-06-12 23:40:49,075 INFO o.s.b.w.s.c.ServletWebServerApplicationContext Root WebApplicationContext: initialization completed in 1238 ms
2021-06-12 23:40:49,113 WARN o.s.b.a.o.j.JpaBaseConfiguration$JpaWebConfiguration spring.jpa.open-in-view is enabled by default. Therefore, database queries may be performed during view rendering. Explicitly configure spring.jpa.open-in-view to disable this warning
2021-06-12 23:40:49,193 INFO o.h.j.i.u.LogHelper HHH000204: Processing PersistenceUnitInfo [name: default]
2021-06-12 23:40:49,222 INFO o.h.Version HHH000412: Hibernate ORM core version 5.4.28.Final
2021-06-12 23:40:49,300 INFO o.h.a.c.r.j.JavaReflectionManager HCANN000001: Hibernate Commons Annotations {5.1.2.Final}
2021-06-12 23:40:49,356 INFO c.z.h.HikariDataSource HikariPool-1 - Starting...
2021-06-12 23:40:49,486 INFO c.z.h.HikariDataSource HikariPool-1 - Start completed.
2021-06-12 23:40:49,495 INFO o.h.d.Dialect HHH000400: Using dialect: org.hibernate.dialect.PostgreSQL95Dialect
2021-06-12 23:40:50,194 INFO o.h.e.t.j.p.i.JtaPlatformInitiator HHH000490: Using JtaPlatform implementation: [org.hibernate.engine.transaction.jta.platform.internal.NoJtaPlatform]
2021-06-12 23:40:50,200 INFO o.s.o.j.AbstractEntityManagerFactoryBean Initialized JPA EntityManagerFactory for persistence unit 'default'
2021-06-12 23:40:50,564 INFO b.h.k.KeyStoreWriter Attempting to initialize keystore using bouncy castle provider.
2021-06-12 23:40:50,569 INFO b.h.k.KeyStoreReader Attempting to initialize keystore using bouncy castle provider.
2021-06-12 23:40:50,643 INFO c.m.d.l.SLF4JLogger Cluster created with settings {hosts=[localhost:27017], mode=SINGLE, requiredClusterType=UNKNOWN, serverSelectionTimeout='30000 ms'}
2021-06-12 23:40:50,676 INFO c.m.d.l.SLF4JLogger Opened connection [connectionId{localValue:1, serverValue:134}] to localhost:27017
2021-06-12 23:40:50,680 INFO c.m.d.l.SLF4JLogger Monitor thread successfully connected to server with description ServerDescription{address=localhost:27017, type=STANDALONE, state=CONNECTED, ok=true, minWireVersion=0, maxWireVersion=9, maxDocumentSize=16777216, logicalSessionTimeoutMinutes=30, roundTripTimeNanos=2134200}
2021-06-12 23:40:51,012 INFO b.h.c.DroolsConfig Creating kie session
2021-06-12 23:40:51,014 INFO o.k.a.i.u.ServiceDiscoveryImpl Loading kie.conf from  jar:file:/C:/Users/Milorad/.m2/repository/org/kie/kie-ci/7.17.0.Final/kie-ci-7.17.0.Final.jar!/META-INF/kie.conf in classloader jdk.internal.loader.ClassLoaders$AppClassLoader@3b192d32
2021-06-12 23:40:51,016 INFO o.k.a.i.u.ServiceDiscoveryImpl Adding Service org.kie.scanner.KieScannerFactoryServiceImpl

2021-06-12 23:40:51,017 INFO o.k.a.i.u.ServiceDiscoveryImpl Adding Service org.kie.scanner.MavenClassLoaderResolver

2021-06-12 23:40:51,017 INFO o.k.a.i.u.ServiceDiscoveryImpl Loading kie.conf from  jar:file:/C:/Users/Milorad/.m2/repository/org/drools/drools-core/7.17.0.Final/drools-core-7.17.0.Final.jar!/META-INF/kie.conf in classloader jdk.internal.loader.ClassLoaders$AppClassLoader@3b192d32
2021-06-12 23:40:51,018 INFO o.k.a.i.u.ServiceDiscoveryImpl Adding Service org.drools.core.io.impl.ResourceFactoryServiceImpl

2021-06-12 23:40:51,018 INFO o.k.a.i.u.ServiceDiscoveryImpl Adding Service org.drools.core.marshalling.impl.MarshallerProviderImpl

2021-06-12 23:40:51,019 INFO o.k.a.i.u.ServiceDiscoveryImpl Adding Service org.drools.core.concurrent.ExecutorProviderImpl

2021-06-12 23:40:51,019 INFO o.k.a.i.u.ServiceDiscoveryImpl Loading kie.conf from  jar:file:/C:/Users/Milorad/.m2/repository/org/drools/drools-compiler/7.17.0.Final/drools-compiler-7.17.0.Final.jar!/META-INF/kie.conf in classloader jdk.internal.loader.ClassLoaders$AppClassLoader@3b192d32
2021-06-12 23:40:51,020 INFO o.k.a.i.u.ServiceDiscoveryImpl Adding Service org.drools.compiler.kie.builder.impl.KieServicesImpl

2021-06-12 23:40:51,021 INFO o.k.a.i.u.ServiceDiscoveryImpl Adding Service org.drools.compiler.builder.impl.KnowledgeBuilderFactoryServiceImpl

2021-06-12 23:40:51,021 INFO o.k.a.i.u.ServiceDiscoveryImpl Loading kie.conf from  jar:file:/C:/Users/Milorad/.m2/repository/org/kie/kie-internal/7.17.0.Final/kie-internal-7.17.0.Final.jar!/META-INF/kie.conf in classloader jdk.internal.loader.ClassLoaders$AppClassLoader@3b192d32
2021-06-12 23:40:51,022 INFO o.k.a.i.u.ServiceDiscoveryImpl Adding Service org.kie.internal.services.KieAssemblersImpl

2021-06-12 23:40:51,023 INFO o.k.a.i.u.ServiceDiscoveryImpl Adding Service org.kie.internal.services.KieRuntimesImpl

2021-06-12 23:40:51,023 INFO o.k.a.i.u.ServiceDiscoveryImpl Adding Service org.kie.internal.services.KieWeaversImpl

2021-06-12 23:40:51,024 INFO o.k.a.i.u.ServiceDiscoveryImpl Adding Service org.kie.internal.services.KieBeliefsImpl

2021-06-12 23:40:51,032 INFO o.d.c.k.b.i.ClasspathKieProject Found kmodule: file:/D:/Fakultet/8.%20semestar/PROJEKTI/bsep/BSEP_T17/hospital/target/classes/META-INF/kmodule.xml
2021-06-12 23:40:51,181 WARN o.d.c.k.b.i.ClasspathKieProject Unable to find pom.properties in /D:/Fakultet/8. semestar/PROJEKTI/bsep/BSEP_T17/hospital/target/classes
2021-06-12 23:40:51,188 WARN o.a.m.i.e.MavenSettings Environment variable M2_HOME is not set
2021-06-12 23:40:53,893 INFO o.d.c.k.b.i.ClasspathKieProject Recursed up folders, found and used pom.xml D:\Fakultet\8. semestar\PROJEKTI\bsep\BSEP_T17\hospital\pom.xml
2021-06-12 23:40:53,898 INFO o.d.c.k.b.i.KieRepositoryImpl KieModule was added: FileKieModule[releaseId=bsep:hospital:0.0.1-SNAPSHOT,file=D:\Fakultet\8. semestar\PROJEKTI\bsep\BSEP_T17\hospital\target\classes]
2021-06-12 23:40:54,567 INFO b.h.i.Initialize Executing operation Initialize
2021-06-12 23:40:54,567 INFO b.h.i.Initialize Attempting to create keystore.
2021-06-12 23:40:54,567 INFO b.h.i.Initialize Checking if keystore already exists.
2021-06-12 23:40:54,568 INFO b.h.k.KeyStoreWriter Attempting to load keystore.
2021-06-12 23:40:54,569 INFO b.h.k.KeyStoreWriter Successfully loaded keystore.
2021-06-12 23:40:54,569 INFO b.h.i.Initialize Keystore already exists.
2021-06-12 23:40:54,721 INFO o.s.s.w.DefaultSecurityFilterChain Creating filter chain: any request, [org.springframework.security.web.context.request.async.WebAsyncManagerIntegrationFilter@2bab73fd, org.springframework.security.web.context.SecurityContextPersistenceFilter@6ddf4303, org.springframework.security.web.header.HeaderWriterFilter@3f2b55f8, org.springframework.web.filter.CorsFilter@7ce00985, org.keycloak.adapters.springsecurity.filter.KeycloakPreAuthActionsFilter@4b9beefe, org.keycloak.adapters.springsecurity.filter.KeycloakAuthenticationProcessingFilter@62581ef6, org.springframework.security.web.authentication.logout.LogoutFilter@1e60d113, org.springframework.security.web.savedrequest.RequestCacheAwareFilter@22a9170c, org.springframework.security.web.servletapi.SecurityContextHolderAwareRequestFilter@6822fdd, org.keycloak.adapters.springsecurity.filter.KeycloakSecurityContextRequestFilter@70df41f9, org.keycloak.adapters.springsecurity.filter.KeycloakAuthenticatedActionsFilter@64a7ad02, org.springframework.security.web.authentication.AnonymousAuthenticationFilter@257f8040, org.springframework.security.web.session.SessionManagementFilter@400b61cc, org.springframework.security.web.access.ExceptionTranslationFilter@69628b3f, org.springframework.security.web.access.intercept.FilterSecurityInterceptor@2078869b]
2021-06-12 23:40:54,943 INFO o.s.s.c.ExecutorConfigurationSupport Initializing ExecutorService 'taskScheduler'
2021-06-12 23:40:54,978 INFO o.a.j.l.DirectJDKLog Starting ProtocolHandler ["https-jsse-nio-8085"]
2021-06-12 23:40:55,068 INFO o.s.b.w.e.t.TomcatWebServer Tomcat started on port(s): 8085 (https) with context path ''
2021-06-12 23:40:55,081 INFO o.s.b.StartupInfoLogger Started HospitalApplication in 7.515 seconds (JVM running for 8.571)
2021-06-12 23:40:55,086 INFO o.s.s.c.ExecutorConfigurationSupport Initializing ExecutorService 'applicationTaskExecutor'
2021-06-12 23:40:55,095 INFO b.h.s.LogService Parsing simulate logs
2021-06-12 23:40:55,095 INFO b.h.s.LogService Parsing logs from files.
2021-06-12 23:40:55,096 INFO b.h.l.LogParser Attempting to parse application logs
2021-06-12 23:40:55,097 INFO b.h.l.LogParser Reading log file.
2021-06-12 23:40:55,101 INFO b.h.l.LogParser Attempting to parse keycloak logs
2021-06-12 23:40:55,102 INFO b.h.l.LogParser Reading log file.
2021-06-12 23:40:55,108 INFO b.h.s.LogService Successfully parsed logs from files.
2021-06-12 23:40:55,108 INFO b.h.s.LogService Saving logs.
2021-06-12 23:40:55,145 INFO c.m.d.l.SLF4JLogger Opened connection [connectionId{localValue:2, serverValue:135}] to localhost:27017
2021-06-12 23:40:55,352 INFO b.h.s.LogService Finished saving logs.
2021-06-12 23:41:00,080 INFO b.h.s.LogService Parsing logs from files.
2021-06-12 23:41:00,080 INFO b.h.s.LogService Parsing simulate logs
2021-06-12 23:41:00,081 INFO b.h.l.LogParser Attempting to parse application logs
2021-06-12 23:41:00,082 INFO b.h.l.LogParser Reading log file.
2021-06-12 23:41:00,082 INFO b.h.l.LogParser Attempting to parse keycloak logs
2021-06-12 23:41:00,083 INFO b.h.l.LogParser Reading log file.
2021-06-12 23:41:00,084 INFO b.h.s.LogService Successfully parsed logs from files.
2021-06-12 23:41:00,084 INFO b.h.s.LogService Saving logs.
2021-06-12 23:41:00,093 INFO b.h.s.LogService Finished saving logs.
2021-06-12 23:41:00,980 INFO o.a.j.l.DirectJDKLog Initializing Spring DispatcherServlet 'dispatcherServlet'
2021-06-12 23:41:00,981 INFO o.s.w.s.FrameworkServlet Initializing Servlet 'dispatcherServlet'
2021-06-12 23:41:00,987 INFO o.s.w.s.FrameworkServlet Completed initialization in 6 ms
2021-06-12 23:41:05,083 INFO b.h.s.LogService Parsing logs from files.
2021-06-12 23:41:05,084 INFO b.h.s.LogService Parsing simulate logs
2021-06-12 23:41:05,084 INFO b.h.l.LogParser Attempting to parse application logs
2021-06-12 23:41:05,085 INFO b.h.l.LogParser Reading log file.
2021-06-12 23:41:05,088 INFO b.h.l.LogParser Attempting to parse keycloak logs
2021-06-12 23:41:05,089 INFO b.h.l.LogParser Reading log file.
2021-06-12 23:41:05,091 INFO b.h.s.LogService Successfully parsed logs from files.
2021-06-12 23:41:05,091 INFO b.h.s.LogService Saving logs.
2021-06-12 23:41:05,094 INFO b.h.s.LogService Saving logs.
2021-06-12 23:41:05,098 INFO c.m.d.l.SLF4JLogger Opened connection [connectionId{localValue:3, serverValue:136}] to localhost:27017
2021-06-12 23:41:05,100 INFO b.h.s.LogService Finished saving logs.
2021-06-12 23:41:05,101 INFO b.h.s.LogService Finished parsing simulator logs.
2021-06-12 23:41:05,107 INFO b.h.s.LogService Finished saving logs.
2021-06-12 23:41:10,082 INFO b.h.s.LogService Parsing logs from files.
2021-06-12 23:41:10,083 INFO b.h.s.LogService Parsing simulate logs
2021-06-12 23:41:10,083 INFO b.h.l.LogParser Attempting to parse application logs
2021-06-12 23:41:10,085 INFO b.h.l.LogParser Reading log file.
2021-06-12 23:41:10,087 INFO b.h.l.LogParser Attempting to parse keycloak logs
2021-06-12 23:41:10,088 INFO b.h.l.LogParser Reading log file.
2021-06-12 23:41:10,089 INFO b.h.s.LogService Successfully parsed logs from files.
2021-06-12 23:41:10,089 INFO b.h.s.LogService Saving logs.
2021-06-12 23:41:10,099 INFO b.h.s.LogService Saving logs.
2021-06-12 23:41:10,099 INFO b.h.s.LogService Finished saving logs.
2021-06-12 23:41:10,099 INFO b.h.s.LogService Finished parsing simulator logs.
2021-06-12 23:41:10,103 INFO b.h.s.LogService Finished saving logs.
2021-06-12 23:41:15,078 INFO b.h.s.LogService Parsing logs from files.
2021-06-12 23:41:15,078 INFO b.h.s.LogService Parsing simulate logs
2021-06-12 23:41:15,079 INFO b.h.l.LogParser Attempting to parse application logs
2021-06-12 23:41:15,081 INFO b.h.l.LogParser Reading log file.
2021-06-12 23:41:15,083 INFO b.h.l.LogParser Attempting to parse keycloak logs
2021-06-12 23:41:15,084 INFO b.h.l.LogParser Reading log file.
2021-06-12 23:41:15,085 INFO b.h.s.LogService Saving logs.
2021-06-12 23:41:15,086 INFO b.h.s.LogService Finished saving logs.
2021-06-12 23:41:15,086 INFO b.h.s.LogService Successfully parsed logs from files.
2021-06-12 23:41:15,086 INFO b.h.s.LogService Finished parsing simulator logs.
2021-06-12 23:41:15,086 INFO b.h.s.LogService Saving logs.
2021-06-12 23:41:15,104 INFO b.h.s.LogService Finished saving logs.
2021-06-12 23:41:20,077 INFO b.h.s.LogService Parsing logs from files.
2021-06-12 23:41:20,077 INFO b.h.s.LogService Parsing simulate logs
2021-06-12 23:41:20,078 INFO b.h.l.LogParser Attempting to parse application logs
2021-06-12 23:41:20,080 INFO b.h.l.LogParser Reading log file.
2021-06-12 23:41:20,082 INFO b.h.l.LogParser Attempting to parse keycloak logs
2021-06-12 23:41:20,084 INFO b.h.l.LogParser Reading log file.
2021-06-12 23:41:20,084 INFO b.h.s.LogService Saving logs.
2021-06-12 23:41:20,084 INFO b.h.s.LogService Finished saving logs.
2021-06-12 23:41:20,085 INFO b.h.s.LogService Finished parsing simulator logs.
2021-06-12 23:41:20,085 INFO b.h.s.LogService Successfully parsed logs from files.
2021-06-12 23:41:20,085 INFO b.h.s.LogService Saving logs.
2021-06-12 23:41:20,101 INFO b.h.s.LogService Finished saving logs.
