2021-06-14 13:43:58,992 INFO o.h.v.i.u.Version HV000001: Hibernate Validator 6.1.7.Final
2021-06-14 13:43:59,023 INFO o.s.b.StartupInfoLogger Starting HospitalApplication on DESKTOP-MK6223H with PID 8496 (D:\Fakultet\8. semestar\PROJEKTI\bsep\BSEP_T17\hospital\target\classes started by Milorad in D:\Fakultet\8. semestar\PROJEKTI\bsep\BSEP_T17\hospital)
2021-06-14 13:43:59,026 INFO o.s.b.SpringApplication No active profile set, falling back to default profiles: default
2021-06-14 13:43:59,604 INFO o.s.d.r.c.RepositoryConfigurationDelegate Multiple Spring Data modules found, entering strict repository configuration mode!
2021-06-14 13:43:59,606 INFO o.s.d.r.c.RepositoryConfigurationDelegate Bootstrapping Spring Data JPA repositories in DEFAULT mode.
2021-06-14 13:43:59,656 INFO o.s.d.r.c.RepositoryConfigurationExtensionSupport Spring Data JPA - Could not safely identify store assignment for repository candidate interface bsep.hospital.repository.LogRepository. If you want this repository to be a JPA repository, consider annotating your entities with one of these annotations: javax.persistence.Entity, javax.persistence.MappedSuperclass (preferred), or consider extending one of the following types with your repository: org.springframework.data.jpa.repository.JpaRepository.
2021-06-14 13:43:59,677 INFO o.s.d.r.c.RepositoryConfigurationDelegate Finished Spring Data repository scanning in 57ms. Found 4 JPA repository interfaces.
2021-06-14 13:43:59,696 INFO o.s.d.r.c.RepositoryConfigurationDelegate Multiple Spring Data modules found, entering strict repository configuration mode!
2021-06-14 13:43:59,696 INFO o.s.d.r.c.RepositoryConfigurationDelegate Bootstrapping Spring Data MongoDB repositories in DEFAULT mode.
2021-06-14 13:43:59,701 INFO o.s.d.r.c.RepositoryConfigurationExtensionSupport Spring Data MongoDB - Could not safely identify store assignment for repository candidate interface bsep.hospital.repository.AuthorityRepository. If you want this repository to be a MongoDB repository, consider annotating your entities with one of these annotations: org.springframework.data.mongodb.core.mapping.Document (preferred), or consider extending one of the following types with your repository: org.springframework.data.mongodb.repository.MongoRepository.
2021-06-14 13:43:59,703 INFO o.s.d.r.c.RepositoryConfigurationExtensionSupport Spring Data MongoDB - Could not safely identify store assignment for repository candidate interface bsep.hospital.repository.PatientRepository. If you want this repository to be a MongoDB repository, consider annotating your entities with one of these annotations: org.springframework.data.mongodb.core.mapping.Document (preferred), or consider extending one of the following types with your repository: org.springframework.data.mongodb.repository.MongoRepository.
2021-06-14 13:43:59,704 INFO o.s.d.r.c.RepositoryConfigurationExtensionSupport Spring Data MongoDB - Could not safely identify store assignment for repository candidate interface bsep.hospital.repository.PatientStatusRepository. If you want this repository to be a MongoDB repository, consider annotating your entities with one of these annotations: org.springframework.data.mongodb.core.mapping.Document (preferred), or consider extending one of the following types with your repository: org.springframework.data.mongodb.repository.MongoRepository.
2021-06-14 13:43:59,704 INFO o.s.d.r.c.RepositoryConfigurationExtensionSupport Spring Data MongoDB - Could not safely identify store assignment for repository candidate interface bsep.hospital.repository.PersonRepository. If you want this repository to be a MongoDB repository, consider annotating your entities with one of these annotations: org.springframework.data.mongodb.core.mapping.Document (preferred), or consider extending one of the following types with your repository: org.springframework.data.mongodb.repository.MongoRepository.
2021-06-14 13:43:59,709 INFO o.s.d.r.c.RepositoryConfigurationDelegate Finished Spring Data repository scanning in 11ms. Found 1 MongoDB repository interfaces.
2021-06-14 13:43:59,974 INFO o.s.c.s.PostProcessorRegistrationDelegate$BeanPostProcessorChecker Bean 'org.springframework.security.access.expression.method.DefaultMethodSecurityExpressionHandler@5c887052' of type [org.springframework.security.access.expression.method.DefaultMethodSecurityExpressionHandler] is not eligible for getting processed by all BeanPostProcessors (for example: not eligible for auto-proxying)
2021-06-14 13:43:59,983 INFO o.s.c.s.PostProcessorRegistrationDelegate$BeanPostProcessorChecker Bean 'methodSecurityMetadataSource' of type [org.springframework.security.access.method.DelegatingMethodSecurityMetadataSource] is not eligible for getting processed by all BeanPostProcessors (for example: not eligible for auto-proxying)
2021-06-14 13:44:00,202 INFO o.s.b.w.e.t.TomcatWebServer Tomcat initialized with port(s): 8085 (https)
2021-06-14 13:44:00,209 INFO o.a.j.l.DirectJDKLog Initializing ProtocolHandler ["https-jsse-nio-8085"]
2021-06-14 13:44:00,210 INFO o.a.j.l.DirectJDKLog Starting service [Tomcat]
2021-06-14 13:44:00,210 INFO o.a.j.l.DirectJDKLog Starting Servlet engine: [Apache Tomcat/9.0.43]
2021-06-14 13:44:00,359 INFO o.a.j.l.DirectJDKLog Initializing Spring embedded WebApplicationContext
2021-06-14 13:44:00,360 INFO o.s.b.w.s.c.ServletWebServerApplicationContext Root WebApplicationContext: initialization completed in 1303 ms
2021-06-14 13:44:00,402 WARN o.s.b.a.o.j.JpaBaseConfiguration$JpaWebConfiguration spring.jpa.open-in-view is enabled by default. Therefore, database queries may be performed during view rendering. Explicitly configure spring.jpa.open-in-view to disable this warning
2021-06-14 13:44:00,498 INFO o.h.j.i.u.LogHelper HHH000204: Processing PersistenceUnitInfo [name: default]
2021-06-14 13:44:00,532 INFO o.h.Version HHH000412: Hibernate ORM core version 5.4.28.Final
2021-06-14 13:44:00,614 INFO o.h.a.c.r.j.JavaReflectionManager HCANN000001: Hibernate Commons Annotations {5.1.2.Final}
2021-06-14 13:44:00,674 INFO c.z.h.HikariDataSource HikariPool-1 - Starting...
2021-06-14 13:44:00,796 INFO c.z.h.HikariDataSource HikariPool-1 - Start completed.
2021-06-14 13:44:00,807 INFO o.h.d.Dialect HHH000400: Using dialect: org.hibernate.dialect.PostgreSQL95Dialect
2021-06-14 13:44:01,530 INFO o.h.e.t.j.p.i.JtaPlatformInitiator HHH000490: Using JtaPlatform implementation: [org.hibernate.engine.transaction.jta.platform.internal.NoJtaPlatform]
2021-06-14 13:44:01,536 INFO o.s.o.j.AbstractEntityManagerFactoryBean Initialized JPA EntityManagerFactory for persistence unit 'default'
2021-06-14 13:44:01,914 INFO b.h.k.KeyStoreWriter Attempting to initialize keystore using bouncy castle provider.
2021-06-14 13:44:01,925 INFO b.h.k.KeyStoreReader Attempting to initialize keystore using bouncy castle provider.
2021-06-14 13:44:01,993 INFO c.m.d.l.SLF4JLogger Cluster created with settings {hosts=[localhost:27017], mode=SINGLE, requiredClusterType=UNKNOWN, serverSelectionTimeout='30000 ms'}
2021-06-14 13:44:02,028 INFO c.m.d.l.SLF4JLogger Opened connection [connectionId{localValue:1, serverValue:17}] to localhost:27017
2021-06-14 13:44:02,032 INFO c.m.d.l.SLF4JLogger Monitor thread successfully connected to server with description ServerDescription{address=localhost:27017, type=STANDALONE, state=CONNECTED, ok=true, minWireVersion=0, maxWireVersion=9, maxDocumentSize=16777216, logicalSessionTimeoutMinutes=30, roundTripTimeNanos=2337100}
2021-06-14 13:44:02,410 INFO b.h.c.DroolsConfig Creating kie session
2021-06-14 13:44:02,413 INFO o.k.a.i.u.ServiceDiscoveryImpl Loading kie.conf from  jar:file:/C:/Users/Milorad/.m2/repository/org/kie/kie-ci/7.17.0.Final/kie-ci-7.17.0.Final.jar!/META-INF/kie.conf in classloader jdk.internal.loader.ClassLoaders$AppClassLoader@3b192d32
2021-06-14 13:44:02,414 INFO o.k.a.i.u.ServiceDiscoveryImpl Adding Service org.kie.scanner.KieScannerFactoryServiceImpl

2021-06-14 13:44:02,415 INFO o.k.a.i.u.ServiceDiscoveryImpl Adding Service org.kie.scanner.MavenClassLoaderResolver

2021-06-14 13:44:02,415 INFO o.k.a.i.u.ServiceDiscoveryImpl Loading kie.conf from  jar:file:/C:/Users/Milorad/.m2/repository/org/drools/drools-core/7.17.0.Final/drools-core-7.17.0.Final.jar!/META-INF/kie.conf in classloader jdk.internal.loader.ClassLoaders$AppClassLoader@3b192d32
2021-06-14 13:44:02,416 INFO o.k.a.i.u.ServiceDiscoveryImpl Adding Service org.drools.core.io.impl.ResourceFactoryServiceImpl

2021-06-14 13:44:02,417 INFO o.k.a.i.u.ServiceDiscoveryImpl Adding Service org.drools.core.marshalling.impl.MarshallerProviderImpl

2021-06-14 13:44:02,417 INFO o.k.a.i.u.ServiceDiscoveryImpl Adding Service org.drools.core.concurrent.ExecutorProviderImpl

2021-06-14 13:44:02,418 INFO o.k.a.i.u.ServiceDiscoveryImpl Loading kie.conf from  jar:file:/C:/Users/Milorad/.m2/repository/org/drools/drools-compiler/7.17.0.Final/drools-compiler-7.17.0.Final.jar!/META-INF/kie.conf in classloader jdk.internal.loader.ClassLoaders$AppClassLoader@3b192d32
2021-06-14 13:44:02,419 INFO o.k.a.i.u.ServiceDiscoveryImpl Adding Service org.drools.compiler.kie.builder.impl.KieServicesImpl

2021-06-14 13:44:02,420 INFO o.k.a.i.u.ServiceDiscoveryImpl Adding Service org.drools.compiler.builder.impl.KnowledgeBuilderFactoryServiceImpl

2021-06-14 13:44:02,420 INFO o.k.a.i.u.ServiceDiscoveryImpl Loading kie.conf from  jar:file:/C:/Users/Milorad/.m2/repository/org/kie/kie-internal/7.17.0.Final/kie-internal-7.17.0.Final.jar!/META-INF/kie.conf in classloader jdk.internal.loader.ClassLoaders$AppClassLoader@3b192d32
2021-06-14 13:44:02,422 INFO o.k.a.i.u.ServiceDiscoveryImpl Adding Service org.kie.internal.services.KieAssemblersImpl

2021-06-14 13:44:02,422 INFO o.k.a.i.u.ServiceDiscoveryImpl Adding Service org.kie.internal.services.KieRuntimesImpl

2021-06-14 13:44:02,423 INFO o.k.a.i.u.ServiceDiscoveryImpl Adding Service org.kie.internal.services.KieWeaversImpl

2021-06-14 13:44:02,424 INFO o.k.a.i.u.ServiceDiscoveryImpl Adding Service org.kie.internal.services.KieBeliefsImpl

2021-06-14 13:44:02,432 INFO o.d.c.k.b.i.ClasspathKieProject Found kmodule: file:/D:/Fakultet/8.%20semestar/PROJEKTI/bsep/BSEP_T17/hospital/target/classes/META-INF/kmodule.xml
2021-06-14 13:44:02,597 WARN o.d.c.k.b.i.ClasspathKieProject Unable to find pom.properties in /D:/Fakultet/8. semestar/PROJEKTI/bsep/BSEP_T17/hospital/target/classes
2021-06-14 13:44:02,604 WARN o.a.m.i.e.MavenSettings Environment variable M2_HOME is not set
2021-06-14 13:44:05,780 INFO o.d.c.k.b.i.ClasspathKieProject Recursed up folders, found and used pom.xml D:\Fakultet\8. semestar\PROJEKTI\bsep\BSEP_T17\hospital\pom.xml
2021-06-14 13:44:05,787 INFO o.d.c.k.b.i.KieRepositoryImpl KieModule was added: FileKieModule[releaseId=bsep:hospital:0.0.1-SNAPSHOT,file=D:\Fakultet\8. semestar\PROJEKTI\bsep\BSEP_T17\hospital\target\classes]
2021-06-14 13:44:06,484 INFO b.h.i.Initialize Executing operation Initialize
2021-06-14 13:44:06,484 INFO b.h.i.Initialize Attempting to create keystore.
2021-06-14 13:44:06,484 INFO b.h.i.Initialize Checking if keystore already exists.
2021-06-14 13:44:06,484 INFO b.h.k.KeyStoreWriter Attempting to load keystore.
2021-06-14 13:44:06,485 INFO b.h.k.KeyStoreWriter Successfully loaded keystore.
2021-06-14 13:44:06,486 INFO b.h.i.Initialize Keystore already exists.
2021-06-14 13:44:06,650 INFO o.s.s.w.DefaultSecurityFilterChain Creating filter chain: any request, [org.springframework.security.web.context.request.async.WebAsyncManagerIntegrationFilter@57cc535, org.springframework.security.web.context.SecurityContextPersistenceFilter@551566a, org.springframework.security.web.header.HeaderWriterFilter@6b13d558, org.springframework.web.filter.CorsFilter@41cc3795, org.keycloak.adapters.springsecurity.filter.KeycloakPreAuthActionsFilter@40b8158d, org.keycloak.adapters.springsecurity.filter.KeycloakAuthenticationProcessingFilter@3c8dea0b, org.springframework.security.web.authentication.logout.LogoutFilter@73f3bf4f, org.springframework.security.web.savedrequest.RequestCacheAwareFilter@2078869b, org.springframework.security.web.servletapi.SecurityContextHolderAwareRequestFilter@74e14434, org.keycloak.adapters.springsecurity.filter.KeycloakSecurityContextRequestFilter@284f25e6, org.keycloak.adapters.springsecurity.filter.KeycloakAuthenticatedActionsFilter@285b491f, org.springframework.security.web.authentication.AnonymousAuthenticationFilter@6f50f047, org.springframework.security.web.session.SessionManagementFilter@1c4053aa, org.springframework.security.web.access.ExceptionTranslationFilter@a538a7f, org.springframework.security.web.access.intercept.FilterSecurityInterceptor@53de80b9]
2021-06-14 13:44:06,901 INFO o.s.s.c.ExecutorConfigurationSupport Initializing ExecutorService 'taskScheduler'
2021-06-14 13:44:06,938 INFO o.a.j.l.DirectJDKLog Starting ProtocolHandler ["https-jsse-nio-8085"]
2021-06-14 13:44:07,031 INFO o.s.b.w.e.t.TomcatWebServer Tomcat started on port(s): 8085 (https) with context path ''
2021-06-14 13:44:07,041 INFO o.s.b.StartupInfoLogger Started HospitalApplication in 8.283 seconds (JVM running for 9.329)
2021-06-14 13:44:07,047 INFO o.s.s.c.ExecutorConfigurationSupport Initializing ExecutorService 'applicationTaskExecutor'
2021-06-14 13:44:07,055 INFO b.h.s.LogService Parsing logs from files.
2021-06-14 13:44:07,055 INFO b.h.s.LogService Parsing simulate logs
2021-06-14 13:44:07,056 INFO b.h.l.LogParser Attempting to parse application logs
2021-06-14 13:44:07,057 INFO b.h.l.LogParser Reading log file.
2021-06-14 13:44:07,061 INFO b.h.l.LogParser Attempting to parse keycloak logs
2021-06-14 13:44:07,062 ERROR b.h.l.LogParser Couldn't parse logs because file path is invalid.
2021-06-14 13:44:07,062 INFO b.h.s.LogService Successfully parsed logs from files.
2021-06-14 13:44:07,062 INFO b.h.s.LogService Saving logs.
2021-06-14 13:44:07,102 INFO c.m.d.l.SLF4JLogger Opened connection [connectionId{localValue:2, serverValue:18}] to localhost:27017
2021-06-14 13:44:07,203 INFO b.h.s.LogService Finished saving logs.
2021-06-14 13:44:12,045 INFO b.h.s.LogService Parsing simulate logs
2021-06-14 13:44:12,046 INFO b.h.s.LogService Parsing logs from files.
2021-06-14 13:44:12,046 INFO b.h.l.LogParser Attempting to parse application logs
2021-06-14 13:44:12,047 INFO b.h.l.LogParser Reading log file.
2021-06-14 13:44:12,048 INFO b.h.l.LogParser Attempting to parse keycloak logs
2021-06-14 13:44:12,049 ERROR b.h.l.LogParser Couldn't parse logs because file path is invalid.
2021-06-14 13:44:12,049 INFO b.h.s.LogService Successfully parsed logs from files.
2021-06-14 13:44:12,049 INFO b.h.s.LogService Saving logs.
2021-06-14 13:44:12,063 INFO b.h.s.LogService Finished saving logs.
2021-06-14 13:44:17,051 INFO b.h.s.LogService Parsing logs from files.
2021-06-14 13:44:17,051 INFO b.h.s.LogService Parsing simulate logs
2021-06-14 13:44:17,052 INFO b.h.l.LogParser Attempting to parse application logs
2021-06-14 13:44:17,053 INFO b.h.l.LogParser Reading log file.
2021-06-14 13:44:17,054 INFO b.h.l.LogParser Attempting to parse keycloak logs
2021-06-14 13:44:17,054 ERROR b.h.l.LogParser Couldn't parse logs because file path is invalid.
2021-06-14 13:44:17,054 INFO b.h.s.LogService Successfully parsed logs from files.
2021-06-14 13:44:17,055 INFO b.h.s.LogService Saving logs.
2021-06-14 13:44:17,065 INFO b.h.s.LogService Finished saving logs.
2021-06-14 13:44:22,040 INFO b.h.s.LogService Parsing simulate logs
2021-06-14 13:44:22,040 INFO b.h.s.LogService Parsing logs from files.
2021-06-14 13:44:22,040 INFO b.h.l.LogParser Attempting to parse application logs
2021-06-14 13:44:22,041 INFO b.h.l.LogParser Reading log file.
2021-06-14 13:44:22,043 INFO b.h.l.LogParser Attempting to parse keycloak logs
2021-06-14 13:44:22,043 ERROR b.h.l.LogParser Couldn't parse logs because file path is invalid.
2021-06-14 13:44:22,043 INFO b.h.s.LogService Successfully parsed logs from files.
2021-06-14 13:44:22,044 INFO b.h.s.LogService Saving logs.
2021-06-14 13:44:22,052 INFO b.h.s.LogService Finished saving logs.
2021-06-14 13:44:27,047 INFO b.h.s.LogService Parsing logs from files.
2021-06-14 13:44:27,047 INFO b.h.s.LogService Parsing simulate logs
2021-06-14 13:44:27,048 INFO b.h.l.LogParser Attempting to parse application logs
2021-06-14 13:44:27,049 INFO b.h.l.LogParser Reading log file.
2021-06-14 13:44:27,051 INFO b.h.l.LogParser Attempting to parse keycloak logs
2021-06-14 13:44:27,051 ERROR b.h.l.LogParser Couldn't parse logs because file path is invalid.
2021-06-14 13:44:27,052 INFO b.h.s.LogService Successfully parsed logs from files.
2021-06-14 13:44:27,052 INFO b.h.s.LogService Saving logs.
2021-06-14 13:44:27,060 INFO b.h.s.LogService Finished saving logs.
2021-06-14 13:44:30,471 INFO o.a.j.l.DirectJDKLog Initializing Spring DispatcherServlet 'dispatcherServlet'
2021-06-14 13:44:30,471 INFO o.s.w.s.FrameworkServlet Initializing Servlet 'dispatcherServlet'
2021-06-14 13:44:30,478 INFO o.s.w.s.FrameworkServlet Completed initialization in 6 ms
2021-06-14 13:44:30,528 INFO b.h.a.DeviceController Device is attempting to save patient status.
2021-06-14 13:44:30,532 INFO b.h.s.PatientService Getting patient by id 5
2021-06-14 13:44:30,568 INFO b.h.a.DeviceController Putting patient status through drools.
2021-06-14 13:44:30,589 INFO b.h.s.PatientStatusService Saving patient status bsep.hospital.model.PatientStatus@2d77bc24
2021-06-14 13:44:30,618 INFO b.h.a.DeviceController Successfully saved patient status.
2021-06-14 13:44:30,658 INFO b.h.a.DeviceController Device is attempting to save patient status.
2021-06-14 13:44:30,659 INFO b.h.s.PatientService Getting patient by id 9
2021-06-14 13:44:30,661 INFO b.h.a.DeviceController Putting patient status through drools.
2021-06-14 13:44:30,704 INFO b.h.s.PatientStatusService Saving patient status bsep.hospital.model.PatientStatus@247d2561
2021-06-14 13:44:30,707 INFO b.h.a.DeviceController Successfully saved patient status.
2021-06-14 13:44:30,721 INFO b.h.a.DeviceController Device is attempting to save patient status.
2021-06-14 13:44:30,722 INFO b.h.s.PatientService Getting patient by id 4
2021-06-14 13:44:30,724 INFO b.h.a.DeviceController Putting patient status through drools.
2021-06-14 13:44:30,725 INFO b.h.s.PatientStatusService Saving patient status bsep.hospital.model.PatientStatus@37309870
2021-06-14 13:44:30,728 INFO b.h.a.DeviceController Successfully saved patient status.
2021-06-14 13:44:32,043 INFO b.h.s.LogService Parsing simulate logs
2021-06-14 13:44:32,043 INFO b.h.s.LogService Parsing logs from files.
2021-06-14 13:44:32,044 INFO b.h.l.LogParser Attempting to parse application logs
2021-06-14 13:44:32,045 INFO b.h.l.LogParser Reading log file.
2021-06-14 13:44:32,046 INFO b.h.l.LogParser Attempting to parse keycloak logs
2021-06-14 13:44:32,046 ERROR b.h.l.LogParser Couldn't parse logs because file path is invalid.
2021-06-14 13:44:32,047 INFO b.h.s.LogService Successfully parsed logs from files.
2021-06-14 13:44:32,047 INFO b.h.s.LogService Saving logs.
2021-06-14 13:44:32,068 INFO b.h.s.LogService Finished saving logs.
2021-06-14 13:44:37,052 INFO b.h.s.LogService Parsing logs from files.
2021-06-14 13:44:37,052 INFO b.h.s.LogService Parsing simulate logs
2021-06-14 13:44:37,052 INFO b.h.l.LogParser Attempting to parse application logs
2021-06-14 13:44:37,052 INFO b.h.l.LogParser Reading log file.
2021-06-14 13:44:37,054 INFO b.h.l.LogParser Attempting to parse keycloak logs
2021-06-14 13:44:37,054 ERROR b.h.l.LogParser Couldn't parse logs because file path is invalid.
2021-06-14 13:44:37,054 INFO b.h.s.LogService Successfully parsed logs from files.
2021-06-14 13:44:37,054 INFO b.h.s.LogService Saving logs.
2021-06-14 13:44:37,063 INFO b.h.s.LogService Finished saving logs.
2021-06-14 13:44:42,047 INFO b.h.s.LogService Parsing simulate logs
2021-06-14 13:44:42,047 INFO b.h.s.LogService Parsing logs from files.
2021-06-14 13:44:42,047 INFO b.h.l.LogParser Attempting to parse application logs
2021-06-14 13:44:42,048 INFO b.h.l.LogParser Reading log file.
2021-06-14 13:44:42,049 INFO b.h.l.LogParser Attempting to parse keycloak logs
2021-06-14 13:44:42,049 ERROR b.h.l.LogParser Couldn't parse logs because file path is invalid.
2021-06-14 13:44:42,049 INFO b.h.s.LogService Successfully parsed logs from files.
2021-06-14 13:44:42,049 INFO b.h.s.LogService Saving logs.
2021-06-14 13:44:42,056 INFO b.h.s.LogService Finished saving logs.
