2021-06-10 21:58:31,410 INFO o.h.v.i.u.Version HV000001: Hibernate Validator 6.1.7.Final
2021-06-10 21:58:31,447 INFO o.s.b.StartupInfoLogger Starting HospitalApplication on DESKTOP-MK6223H with PID 19308 (D:\Fakultet\8. semestar\PROJEKTI\bsep\BSEP_T17\hospital\target\classes started by Milorad in D:\Fakultet\8. semestar\PROJEKTI\bsep\BSEP_T17\hospital)
2021-06-10 21:58:31,451 INFO o.s.b.SpringApplication No active profile set, falling back to default profiles: default
2021-06-10 21:58:31,991 INFO o.s.d.r.c.RepositoryConfigurationDelegate Multiple Spring Data modules found, entering strict repository configuration mode!
2021-06-10 21:58:31,992 INFO o.s.d.r.c.RepositoryConfigurationDelegate Bootstrapping Spring Data JPA repositories in DEFAULT mode.
2021-06-10 21:58:32,035 INFO o.s.d.r.c.RepositoryConfigurationExtensionSupport Spring Data JPA - Could not safely identify store assignment for repository candidate interface bsep.hospital.repository.LogRepository. If you want this repository to be a JPA repository, consider annotating your entities with one of these annotations: javax.persistence.Entity, javax.persistence.MappedSuperclass (preferred), or consider extending one of the following types with your repository: org.springframework.data.jpa.repository.JpaRepository.
2021-06-10 21:58:32,049 INFO o.s.d.r.c.RepositoryConfigurationDelegate Finished Spring Data repository scanning in 44ms. Found 2 JPA repository interfaces.
2021-06-10 21:58:32,064 INFO o.s.d.r.c.RepositoryConfigurationDelegate Multiple Spring Data modules found, entering strict repository configuration mode!
2021-06-10 21:58:32,064 INFO o.s.d.r.c.RepositoryConfigurationDelegate Bootstrapping Spring Data MongoDB repositories in DEFAULT mode.
2021-06-10 21:58:32,068 INFO o.s.d.r.c.RepositoryConfigurationExtensionSupport Spring Data MongoDB - Could not safely identify store assignment for repository candidate interface bsep.hospital.repository.AuthorityRepository. If you want this repository to be a MongoDB repository, consider annotating your entities with one of these annotations: org.springframework.data.mongodb.core.mapping.Document (preferred), or consider extending one of the following types with your repository: org.springframework.data.mongodb.repository.MongoRepository.
2021-06-10 21:58:32,069 INFO o.s.d.r.c.RepositoryConfigurationExtensionSupport Spring Data MongoDB - Could not safely identify store assignment for repository candidate interface bsep.hospital.repository.PersonRepository. If you want this repository to be a MongoDB repository, consider annotating your entities with one of these annotations: org.springframework.data.mongodb.core.mapping.Document (preferred), or consider extending one of the following types with your repository: org.springframework.data.mongodb.repository.MongoRepository.
2021-06-10 21:58:32,072 INFO o.s.d.r.c.RepositoryConfigurationDelegate Finished Spring Data repository scanning in 7ms. Found 1 MongoDB repository interfaces.
2021-06-10 21:58:32,289 INFO o.s.c.s.PostProcessorRegistrationDelegate$BeanPostProcessorChecker Bean 'org.springframework.security.access.expression.method.DefaultMethodSecurityExpressionHandler@2262d6d5' of type [org.springframework.security.access.expression.method.DefaultMethodSecurityExpressionHandler] is not eligible for getting processed by all BeanPostProcessors (for example: not eligible for auto-proxying)
2021-06-10 21:58:32,295 INFO o.s.c.s.PostProcessorRegistrationDelegate$BeanPostProcessorChecker Bean 'methodSecurityMetadataSource' of type [org.springframework.security.access.method.DelegatingMethodSecurityMetadataSource] is not eligible for getting processed by all BeanPostProcessors (for example: not eligible for auto-proxying)
2021-06-10 21:58:32,486 INFO o.s.b.w.e.t.TomcatWebServer Tomcat initialized with port(s): 8085 (https)
2021-06-10 21:58:32,492 INFO o.a.j.l.DirectJDKLog Initializing ProtocolHandler ["https-jsse-nio-8085"]
2021-06-10 21:58:32,492 INFO o.a.j.l.DirectJDKLog Starting service [Tomcat]
2021-06-10 21:58:32,493 INFO o.a.j.l.DirectJDKLog Starting Servlet engine: [Apache Tomcat/9.0.43]
2021-06-10 21:58:32,595 INFO o.a.j.l.DirectJDKLog Initializing Spring embedded WebApplicationContext
2021-06-10 21:58:32,596 INFO o.s.b.w.s.c.ServletWebServerApplicationContext Root WebApplicationContext: initialization completed in 1112 ms
2021-06-10 21:58:32,631 WARN o.s.b.a.o.j.JpaBaseConfiguration$JpaWebConfiguration spring.jpa.open-in-view is enabled by default. Therefore, database queries may be performed during view rendering. Explicitly configure spring.jpa.open-in-view to disable this warning
2021-06-10 21:58:32,710 INFO o.h.j.i.u.LogHelper HHH000204: Processing PersistenceUnitInfo [name: default]
2021-06-10 21:58:32,737 INFO o.h.Version HHH000412: Hibernate ORM core version 5.4.28.Final
2021-06-10 21:58:32,799 INFO o.h.a.c.r.j.JavaReflectionManager HCANN000001: Hibernate Commons Annotations {5.1.2.Final}
2021-06-10 21:58:32,853 INFO c.z.h.HikariDataSource HikariPool-1 - Starting...
2021-06-10 21:58:32,974 INFO c.z.h.HikariDataSource HikariPool-1 - Start completed.
2021-06-10 21:58:32,983 INFO o.h.d.Dialect HHH000400: Using dialect: org.hibernate.dialect.PostgreSQL95Dialect
2021-06-10 21:58:33,625 INFO o.h.e.t.j.p.i.JtaPlatformInitiator HHH000490: Using JtaPlatform implementation: [org.hibernate.engine.transaction.jta.platform.internal.NoJtaPlatform]
2021-06-10 21:58:33,631 INFO o.s.o.j.AbstractEntityManagerFactoryBean Initialized JPA EntityManagerFactory for persistence unit 'default'
2021-06-10 21:58:34,053 INFO c.m.d.l.SLF4JLogger Cluster created with settings {hosts=[localhost:27017], mode=SINGLE, requiredClusterType=UNKNOWN, serverSelectionTimeout='30000 ms'}
2021-06-10 21:58:34,084 INFO c.m.d.l.SLF4JLogger Opened connection [connectionId{localValue:1, serverValue:130}] to localhost:27017
2021-06-10 21:58:34,088 INFO c.m.d.l.SLF4JLogger Monitor thread successfully connected to server with description ServerDescription{address=localhost:27017, type=STANDALONE, state=CONNECTED, ok=true, minWireVersion=0, maxWireVersion=9, maxDocumentSize=16777216, logicalSessionTimeoutMinutes=30, roundTripTimeNanos=2281400}
2021-06-10 21:58:34,393 INFO b.h.i.Initialize Executing operation Initialize
2021-06-10 21:58:34,526 INFO o.s.s.w.DefaultSecurityFilterChain Creating filter chain: any request, [org.springframework.security.web.context.request.async.WebAsyncManagerIntegrationFilter@50eae15a, org.springframework.security.web.context.SecurityContextPersistenceFilter@6447dc25, org.springframework.security.web.header.HeaderWriterFilter@1ce45e18, org.springframework.web.filter.CorsFilter@4bba2704, org.keycloak.adapters.springsecurity.filter.KeycloakPreAuthActionsFilter@2e7517aa, org.keycloak.adapters.springsecurity.filter.KeycloakAuthenticationProcessingFilter@14bf9fd0, org.springframework.security.web.authentication.logout.LogoutFilter@34525143, org.springframework.security.web.savedrequest.RequestCacheAwareFilter@4a45ff31, org.springframework.security.web.servletapi.SecurityContextHolderAwareRequestFilter@74ed3be4, org.keycloak.adapters.springsecurity.filter.KeycloakSecurityContextRequestFilter@3605ab16, org.keycloak.adapters.springsecurity.filter.KeycloakAuthenticatedActionsFilter@30cb223b, org.springframework.security.web.authentication.AnonymousAuthenticationFilter@5b5f61cc, org.springframework.security.web.session.SessionManagementFilter@2932721e, org.springframework.security.web.access.ExceptionTranslationFilter@762db992, org.springframework.security.web.access.intercept.FilterSecurityInterceptor@55ff64fd]
2021-06-10 21:58:34,689 INFO o.s.s.c.ExecutorConfigurationSupport Initializing ExecutorService 'taskScheduler'
2021-06-10 21:58:34,711 INFO o.a.j.l.DirectJDKLog Starting ProtocolHandler ["https-jsse-nio-8085"]
2021-06-10 21:58:34,791 INFO o.s.b.w.e.t.TomcatWebServer Tomcat started on port(s): 8085 (https) with context path ''
2021-06-10 21:58:34,800 INFO o.s.b.StartupInfoLogger Started HospitalApplication in 3.612 seconds (JVM running for 4.584)
2021-06-10 21:58:34,804 ERROR o.s.s.s.TaskUtils$LoggingErrorHandler Unexpected error occurred in scheduled task
java.lang.StringIndexOutOfBoundsException: begin 0, end 19, length 18
	at java.lang.String.checkBoundsBeginEnd(String.java:3319) ~[?:?]
	at java.lang.String.substring(String.java:1874) ~[?:?]
	at bsep.hospital.logging.LogParser.parseKeycloakLogs(LogParser.java:72) ~[classes/:?]
	at bsep.hospital.service.LogService.scheduledTest(LogService.java:42) ~[classes/:?]
	at jdk.internal.reflect.NativeMethodAccessorImpl.invoke0(Native Method) ~[?:?]
	at jdk.internal.reflect.NativeMethodAccessorImpl.invoke(NativeMethodAccessorImpl.java:62) ~[?:?]
	at jdk.internal.reflect.DelegatingMethodAccessorImpl.invoke(DelegatingMethodAccessorImpl.java:43) ~[?:?]
	at java.lang.reflect.Method.invoke(Method.java:566) ~[?:?]
	at org.springframework.scheduling.support.ScheduledMethodRunnable.run(ScheduledMethodRunnable.java:84) ~[spring-context-5.2.13.RELEASE.jar:5.2.13.RELEASE]
	at org.springframework.scheduling.support.DelegatingErrorHandlingRunnable.run(DelegatingErrorHandlingRunnable.java:54) [spring-context-5.2.13.RELEASE.jar:5.2.13.RELEASE]
	at java.util.concurrent.Executors$RunnableAdapter.call(Executors.java:515) [?:?]
	at java.util.concurrent.FutureTask.runAndReset(FutureTask.java:305) [?:?]
	at java.util.concurrent.ScheduledThreadPoolExecutor$ScheduledFutureTask.run(ScheduledThreadPoolExecutor.java:305) [?:?]
	at java.util.concurrent.ThreadPoolExecutor.runWorker(ThreadPoolExecutor.java:1128) [?:?]
	at java.util.concurrent.ThreadPoolExecutor$Worker.run(ThreadPoolExecutor.java:628) [?:?]
	at java.lang.Thread.run(Thread.java:834) [?:?]
