2021-06-15 16:47:08,956 INFO o.h.v.i.u.Version HV000001: Hibernate Validator 6.1.7.Final
2021-06-15 16:47:08,989 INFO o.s.b.StartupInfoLogger Starting HospitalApplication on Rocika-w10 with PID 2004 (D:\FAX\VIII semestar\Bezbednost u sistemima elektronskog poslovanja\Projekat\BSEP_T17\hospital\target\classes started by Rocika in D:\FAX\VIII semestar\Bezbednost u sistemima elektronskog poslovanja\Projekat\BSEP_T17\hospital)
2021-06-15 16:47:08,993 INFO o.s.b.SpringApplication No active profile set, falling back to default profiles: default
2021-06-15 16:47:09,598 INFO o.s.d.r.c.RepositoryConfigurationDelegate Multiple Spring Data modules found, entering strict repository configuration mode!
2021-06-15 16:47:09,601 INFO o.s.d.r.c.RepositoryConfigurationDelegate Bootstrapping Spring Data JPA repositories in DEFAULT mode.
2021-06-15 16:47:09,645 INFO o.s.d.r.c.RepositoryConfigurationExtensionSupport Spring Data JPA - Could not safely identify store assignment for repository candidate interface bsep.hospital.repository.LogRepository. If you want this repository to be a JPA repository, consider annotating your entities with one of these annotations: javax.persistence.Entity, javax.persistence.MappedSuperclass (preferred), or consider extending one of the following types with your repository: org.springframework.data.jpa.repository.JpaRepository.
2021-06-15 16:47:09,667 INFO o.s.d.r.c.RepositoryConfigurationDelegate Finished Spring Data repository scanning in 60ms. Found 4 JPA repository interfaces.
2021-06-15 16:47:09,683 INFO o.s.d.r.c.RepositoryConfigurationDelegate Multiple Spring Data modules found, entering strict repository configuration mode!
2021-06-15 16:47:09,683 INFO o.s.d.r.c.RepositoryConfigurationDelegate Bootstrapping Spring Data MongoDB repositories in DEFAULT mode.
2021-06-15 16:47:09,688 INFO o.s.d.r.c.RepositoryConfigurationExtensionSupport Spring Data MongoDB - Could not safely identify store assignment for repository candidate interface bsep.hospital.repository.AuthorityRepository. If you want this repository to be a MongoDB repository, consider annotating your entities with one of these annotations: org.springframework.data.mongodb.core.mapping.Document (preferred), or consider extending one of the following types with your repository: org.springframework.data.mongodb.repository.MongoRepository.
2021-06-15 16:47:09,690 INFO o.s.d.r.c.RepositoryConfigurationExtensionSupport Spring Data MongoDB - Could not safely identify store assignment for repository candidate interface bsep.hospital.repository.PatientRepository. If you want this repository to be a MongoDB repository, consider annotating your entities with one of these annotations: org.springframework.data.mongodb.core.mapping.Document (preferred), or consider extending one of the following types with your repository: org.springframework.data.mongodb.repository.MongoRepository.
2021-06-15 16:47:09,690 INFO o.s.d.r.c.RepositoryConfigurationExtensionSupport Spring Data MongoDB - Could not safely identify store assignment for repository candidate interface bsep.hospital.repository.PatientStatusRepository. If you want this repository to be a MongoDB repository, consider annotating your entities with one of these annotations: org.springframework.data.mongodb.core.mapping.Document (preferred), or consider extending one of the following types with your repository: org.springframework.data.mongodb.repository.MongoRepository.
2021-06-15 16:47:09,692 INFO o.s.d.r.c.RepositoryConfigurationExtensionSupport Spring Data MongoDB - Could not safely identify store assignment for repository candidate interface bsep.hospital.repository.PersonRepository. If you want this repository to be a MongoDB repository, consider annotating your entities with one of these annotations: org.springframework.data.mongodb.core.mapping.Document (preferred), or consider extending one of the following types with your repository: org.springframework.data.mongodb.repository.MongoRepository.
2021-06-15 16:47:09,694 INFO o.s.d.r.c.RepositoryConfigurationDelegate Finished Spring Data repository scanning in 11ms. Found 1 MongoDB repository interfaces.
2021-06-15 16:47:09,939 INFO o.s.c.s.PostProcessorRegistrationDelegate$BeanPostProcessorChecker Bean 'org.springframework.security.access.expression.method.DefaultMethodSecurityExpressionHandler@62c72501' of type [org.springframework.security.access.expression.method.DefaultMethodSecurityExpressionHandler] is not eligible for getting processed by all BeanPostProcessors (for example: not eligible for auto-proxying)
2021-06-15 16:47:09,946 INFO o.s.c.s.PostProcessorRegistrationDelegate$BeanPostProcessorChecker Bean 'methodSecurityMetadataSource' of type [org.springframework.security.access.method.DelegatingMethodSecurityMetadataSource] is not eligible for getting processed by all BeanPostProcessors (for example: not eligible for auto-proxying)
2021-06-15 16:47:10,176 INFO o.s.b.w.e.t.TomcatWebServer Tomcat initialized with port(s): 8085 (https)
2021-06-15 16:47:10,186 INFO o.a.j.l.DirectJDKLog Initializing ProtocolHandler ["https-jsse-nio-8085"]
2021-06-15 16:47:10,186 INFO o.a.j.l.DirectJDKLog Starting service [Tomcat]
2021-06-15 16:47:10,186 INFO o.a.j.l.DirectJDKLog Starting Servlet engine: [Apache Tomcat/9.0.43]
2021-06-15 16:47:10,378 INFO o.a.j.l.DirectJDKLog Initializing Spring embedded WebApplicationContext
2021-06-15 16:47:10,379 INFO o.s.b.w.s.c.ServletWebServerApplicationContext Root WebApplicationContext: initialization completed in 1352 ms
2021-06-15 16:47:10,436 WARN o.s.b.a.o.j.JpaBaseConfiguration$JpaWebConfiguration spring.jpa.open-in-view is enabled by default. Therefore, database queries may be performed during view rendering. Explicitly configure spring.jpa.open-in-view to disable this warning
2021-06-15 16:47:10,528 INFO o.h.j.i.u.LogHelper HHH000204: Processing PersistenceUnitInfo [name: default]
2021-06-15 16:47:10,560 INFO o.h.Version HHH000412: Hibernate ORM core version 5.4.28.Final
2021-06-15 16:47:10,634 INFO o.h.a.c.r.j.JavaReflectionManager HCANN000001: Hibernate Commons Annotations {5.1.2.Final}
2021-06-15 16:47:10,698 INFO c.z.h.HikariDataSource HikariPool-1 - Starting...
2021-06-15 16:47:10,772 INFO c.z.h.HikariDataSource HikariPool-1 - Start completed.
2021-06-15 16:47:10,783 INFO o.h.d.Dialect HHH000400: Using dialect: org.hibernate.dialect.PostgreSQL95Dialect
2021-06-15 16:47:11,554 INFO o.h.e.t.j.p.i.JtaPlatformInitiator HHH000490: Using JtaPlatform implementation: [org.hibernate.engine.transaction.jta.platform.internal.NoJtaPlatform]
2021-06-15 16:47:11,560 INFO o.s.o.j.AbstractEntityManagerFactoryBean Initialized JPA EntityManagerFactory for persistence unit 'default'
2021-06-15 16:47:11,963 INFO b.h.k.KeyStoreWriter Attempting to initialize keystore using bouncy castle provider.
2021-06-15 16:47:11,968 INFO b.h.k.KeyStoreReader Attempting to initialize keystore using bouncy castle provider.
2021-06-15 16:47:12,067 INFO c.m.d.l.SLF4JLogger Cluster created with settings {hosts=[localhost:27017], mode=SINGLE, requiredClusterType=UNKNOWN, serverSelectionTimeout='30000 ms'}
2021-06-15 16:47:12,106 INFO c.m.d.l.SLF4JLogger Opened connection [connectionId{localValue:1, serverValue:4}] to localhost:27017
2021-06-15 16:47:12,110 INFO c.m.d.l.SLF4JLogger Monitor thread successfully connected to server with description ServerDescription{address=localhost:27017, type=STANDALONE, state=CONNECTED, ok=true, minWireVersion=0, maxWireVersion=9, maxDocumentSize=16777216, logicalSessionTimeoutMinutes=30, roundTripTimeNanos=2334800}
2021-06-15 16:47:12,321 INFO b.h.c.DroolsConfig Creating kie session
2021-06-15 16:47:12,323 INFO o.k.a.i.u.ServiceDiscoveryImpl Loading kie.conf from  jar:file:/C:/Users/Rocika/.m2/repository/org/kie/kie-ci/7.17.0.Final/kie-ci-7.17.0.Final.jar!/META-INF/kie.conf in classloader jdk.internal.loader.ClassLoaders$AppClassLoader@3b192d32
2021-06-15 16:47:12,324 INFO o.k.a.i.u.ServiceDiscoveryImpl Adding Service org.kie.scanner.KieScannerFactoryServiceImpl

2021-06-15 16:47:12,325 INFO o.k.a.i.u.ServiceDiscoveryImpl Adding Service org.kie.scanner.MavenClassLoaderResolver

2021-06-15 16:47:12,325 INFO o.k.a.i.u.ServiceDiscoveryImpl Loading kie.conf from  jar:file:/C:/Users/Rocika/.m2/repository/org/drools/drools-core/7.17.0.Final/drools-core-7.17.0.Final.jar!/META-INF/kie.conf in classloader jdk.internal.loader.ClassLoaders$AppClassLoader@3b192d32
2021-06-15 16:47:12,327 INFO o.k.a.i.u.ServiceDiscoveryImpl Adding Service org.drools.core.io.impl.ResourceFactoryServiceImpl

2021-06-15 16:47:12,328 INFO o.k.a.i.u.ServiceDiscoveryImpl Adding Service org.drools.core.marshalling.impl.MarshallerProviderImpl

2021-06-15 16:47:12,329 INFO o.k.a.i.u.ServiceDiscoveryImpl Adding Service org.drools.core.concurrent.ExecutorProviderImpl

2021-06-15 16:47:12,329 INFO o.k.a.i.u.ServiceDiscoveryImpl Loading kie.conf from  jar:file:/C:/Users/Rocika/.m2/repository/org/drools/drools-compiler/7.17.0.Final/drools-compiler-7.17.0.Final.jar!/META-INF/kie.conf in classloader jdk.internal.loader.ClassLoaders$AppClassLoader@3b192d32
2021-06-15 16:47:12,331 INFO o.k.a.i.u.ServiceDiscoveryImpl Adding Service org.drools.compiler.kie.builder.impl.KieServicesImpl

2021-06-15 16:47:12,332 INFO o.k.a.i.u.ServiceDiscoveryImpl Adding Service org.drools.compiler.builder.impl.KnowledgeBuilderFactoryServiceImpl

2021-06-15 16:47:12,332 INFO o.k.a.i.u.ServiceDiscoveryImpl Loading kie.conf from  jar:file:/C:/Users/Rocika/.m2/repository/org/kie/kie-internal/7.17.0.Final/kie-internal-7.17.0.Final.jar!/META-INF/kie.conf in classloader jdk.internal.loader.ClassLoaders$AppClassLoader@3b192d32
2021-06-15 16:47:12,333 INFO o.k.a.i.u.ServiceDiscoveryImpl Adding Service org.kie.internal.services.KieAssemblersImpl

2021-06-15 16:47:12,334 INFO o.k.a.i.u.ServiceDiscoveryImpl Adding Service org.kie.internal.services.KieRuntimesImpl

2021-06-15 16:47:12,336 INFO o.k.a.i.u.ServiceDiscoveryImpl Adding Service org.kie.internal.services.KieWeaversImpl

2021-06-15 16:47:12,337 INFO o.k.a.i.u.ServiceDiscoveryImpl Adding Service org.kie.internal.services.KieBeliefsImpl

2021-06-15 16:47:12,346 INFO o.d.c.k.b.i.ClasspathKieProject Found kmodule: file:/D:/FAX/VIII%20semestar/Bezbednost%20u%20sistemima%20elektronskog%20poslovanja/Projekat/BSEP_T17/hospital/target/classes/META-INF/kmodule.xml
2021-06-15 16:47:12,506 WARN o.d.c.k.b.i.ClasspathKieProject Unable to find pom.properties in /D:/FAX/VIII semestar/Bezbednost u sistemima elektronskog poslovanja/Projekat/BSEP_T17/hospital/target/classes
2021-06-15 16:47:15,406 INFO o.d.c.k.b.i.ClasspathKieProject Recursed up folders, found and used pom.xml D:\FAX\VIII semestar\Bezbednost u sistemima elektronskog poslovanja\Projekat\BSEP_T17\hospital\pom.xml
2021-06-15 16:47:15,413 INFO o.d.c.k.b.i.KieRepositoryImpl KieModule was added: FileKieModule[releaseId=bsep:hospital:0.0.1-SNAPSHOT,file=D:\FAX\VIII semestar\Bezbednost u sistemima elektronskog poslovanja\Projekat\BSEP_T17\hospital\target\classes]
2021-06-15 16:47:16,427 INFO b.h.i.Initialize Executing operation Initialize
2021-06-15 16:47:16,427 INFO b.h.i.Initialize Attempting to create keystore.
2021-06-15 16:47:16,428 INFO b.h.i.Initialize Checking if keystore already exists.
2021-06-15 16:47:16,428 INFO b.h.k.KeyStoreWriter Attempting to load keystore.
2021-06-15 16:47:16,429 INFO b.h.k.KeyStoreWriter Successfully loaded keystore.
2021-06-15 16:47:16,429 INFO b.h.i.Initialize Keystore already exists.
2021-06-15 16:47:16,585 INFO o.s.s.w.DefaultSecurityFilterChain Creating filter chain: any request, [org.springframework.security.web.context.request.async.WebAsyncManagerIntegrationFilter@4a13a4ca, org.springframework.security.web.context.SecurityContextPersistenceFilter@46c8a8e0, org.springframework.security.web.header.HeaderWriterFilter@4fa650e1, org.springframework.web.filter.CorsFilter@152225dd, org.keycloak.adapters.springsecurity.filter.KeycloakPreAuthActionsFilter@c3d4bd7, org.keycloak.adapters.springsecurity.filter.KeycloakAuthenticationProcessingFilter@22cb8e5f, org.springframework.security.web.authentication.logout.LogoutFilter@35c5e4c5, org.springframework.security.web.savedrequest.RequestCacheAwareFilter@6707ab9, org.springframework.security.web.servletapi.SecurityContextHolderAwareRequestFilter@5f0d1a0d, org.keycloak.adapters.springsecurity.filter.KeycloakSecurityContextRequestFilter@4c614d8c, org.keycloak.adapters.springsecurity.filter.KeycloakAuthenticatedActionsFilter@2ae4c424, org.springframework.security.web.authentication.AnonymousAuthenticationFilter@611d6114, org.springframework.security.web.session.SessionManagementFilter@5da1f9b9, org.springframework.security.web.access.ExceptionTranslationFilter@13a34a70, org.springframework.security.web.access.intercept.FilterSecurityInterceptor@695d8186]
2021-06-15 16:47:16,813 INFO o.s.s.c.ExecutorConfigurationSupport Initializing ExecutorService 'taskScheduler'
2021-06-15 16:47:16,848 INFO o.a.j.l.DirectJDKLog Starting ProtocolHandler ["https-jsse-nio-8085"]
2021-06-15 16:47:16,942 INFO o.s.b.w.e.t.TomcatWebServer Tomcat started on port(s): 8085 (https) with context path ''
2021-06-15 16:47:16,953 INFO o.s.b.StartupInfoLogger Started HospitalApplication in 8.223 seconds (JVM running for 9.419)
2021-06-15 16:47:16,957 INFO o.s.s.c.ExecutorConfigurationSupport Initializing ExecutorService 'applicationTaskExecutor'
2021-06-15 16:47:16,966 INFO b.h.s.LogService Parsing simulate logs
2021-06-15 16:47:16,966 INFO b.h.s.LogService Parsing logs from files.
2021-06-15 16:47:16,966 INFO b.h.l.LogParser Attempting to parse application logs
2021-06-15 16:47:16,967 INFO b.h.l.LogParser Reading log file.
2021-06-15 16:47:16,972 INFO b.h.l.LogParser Attempting to parse keycloak logs
2021-06-15 16:47:16,972 ERROR b.h.l.LogParser Couldn't parse logs because file path is invalid.
2021-06-15 16:47:16,973 INFO b.h.s.LogService Successfully parsed logs from files.
2021-06-15 16:47:17,007 INFO b.h.s.LogService Saving logs.
2021-06-15 16:47:17,053 INFO c.m.d.l.SLF4JLogger Opened connection [connectionId{localValue:2, serverValue:5}] to localhost:27017
2021-06-15 16:47:17,119 INFO b.h.s.LogService Finished saving logs.
2021-06-15 16:47:21,963 INFO b.h.s.LogService Parsing simulate logs
2021-06-15 16:47:21,963 INFO b.h.s.LogService Parsing logs from files.
2021-06-15 16:47:21,964 INFO b.h.l.LogParser Attempting to parse application logs
2021-06-15 16:47:21,966 INFO b.h.l.LogParser Reading log file.
2021-06-15 16:47:21,968 INFO b.h.l.LogParser Attempting to parse keycloak logs
2021-06-15 16:47:21,969 ERROR b.h.l.LogParser Couldn't parse logs because file path is invalid.
2021-06-15 16:47:21,970 INFO b.h.s.LogService Successfully parsed logs from files.
2021-06-15 16:47:21,982 INFO b.h.s.LogService Saving logs.
2021-06-15 16:47:21,989 INFO b.h.s.LogService Finished saving logs.
