2021-06-10 18:06:17,623 INFO o.h.v.i.u.Version HV000001: Hibernate Validator 6.1.7.Final
2021-06-10 18:06:17,657 INFO o.s.b.StartupInfoLogger Starting HospitalApplication on DESKTOP-MK6223H with PID 15348 (D:\Fakultet\8. semestar\PROJEKTI\bsep\BSEP_T17\hospital\target\classes started by Milorad in D:\Fakultet\8. semestar\PROJEKTI\bsep\BSEP_T17\hospital)
2021-06-10 18:06:17,660 INFO o.s.b.SpringApplication No active profile set, falling back to default profiles: default
2021-06-10 18:06:18,271 INFO o.s.d.r.c.RepositoryConfigurationDelegate Multiple Spring Data modules found, entering strict repository configuration mode!
2021-06-10 18:06:18,272 INFO o.s.d.r.c.RepositoryConfigurationDelegate Bootstrapping Spring Data JPA repositories in DEFAULT mode.
2021-06-10 18:06:18,326 INFO o.s.d.r.c.RepositoryConfigurationExtensionSupport Spring Data JPA - Could not safely identify store assignment for repository candidate interface bsep.hospital.repository.LogRepository. If you want this repository to be a JPA repository, consider annotating your entities with one of these annotations: javax.persistence.Entity, javax.persistence.MappedSuperclass (preferred), or consider extending one of the following types with your repository: org.springframework.data.jpa.repository.JpaRepository.
2021-06-10 18:06:18,342 INFO o.s.d.r.c.RepositoryConfigurationDelegate Finished Spring Data repository scanning in 54ms. Found 2 JPA repository interfaces.
2021-06-10 18:06:18,357 INFO o.s.d.r.c.RepositoryConfigurationDelegate Multiple Spring Data modules found, entering strict repository configuration mode!
2021-06-10 18:06:18,357 INFO o.s.d.r.c.RepositoryConfigurationDelegate Bootstrapping Spring Data MongoDB repositories in DEFAULT mode.
2021-06-10 18:06:18,362 INFO o.s.d.r.c.RepositoryConfigurationExtensionSupport Spring Data MongoDB - Could not safely identify store assignment for repository candidate interface bsep.hospital.repository.AuthorityRepository. If you want this repository to be a MongoDB repository, consider annotating your entities with one of these annotations: org.springframework.data.mongodb.core.mapping.Document (preferred), or consider extending one of the following types with your repository: org.springframework.data.mongodb.repository.MongoRepository.
2021-06-10 18:06:18,363 INFO o.s.d.r.c.RepositoryConfigurationExtensionSupport Spring Data MongoDB - Could not safely identify store assignment for repository candidate interface bsep.hospital.repository.PersonRepository. If you want this repository to be a MongoDB repository, consider annotating your entities with one of these annotations: org.springframework.data.mongodb.core.mapping.Document (preferred), or consider extending one of the following types with your repository: org.springframework.data.mongodb.repository.MongoRepository.
2021-06-10 18:06:18,367 INFO o.s.d.r.c.RepositoryConfigurationDelegate Finished Spring Data repository scanning in 9ms. Found 1 MongoDB repository interfaces.
2021-06-10 18:06:18,605 INFO o.s.c.s.PostProcessorRegistrationDelegate$BeanPostProcessorChecker Bean 'org.springframework.security.access.expression.method.DefaultMethodSecurityExpressionHandler@7134b8a7' of type [org.springframework.security.access.expression.method.DefaultMethodSecurityExpressionHandler] is not eligible for getting processed by all BeanPostProcessors (for example: not eligible for auto-proxying)
2021-06-10 18:06:18,613 INFO o.s.c.s.PostProcessorRegistrationDelegate$BeanPostProcessorChecker Bean 'methodSecurityMetadataSource' of type [org.springframework.security.access.method.DelegatingMethodSecurityMetadataSource] is not eligible for getting processed by all BeanPostProcessors (for example: not eligible for auto-proxying)
2021-06-10 18:06:18,844 INFO o.s.b.w.e.t.TomcatWebServer Tomcat initialized with port(s): 8085 (https)
2021-06-10 18:06:18,852 INFO o.a.j.l.DirectJDKLog Initializing ProtocolHandler ["https-jsse-nio-8085"]
2021-06-10 18:06:18,853 INFO o.a.j.l.DirectJDKLog Starting service [Tomcat]
2021-06-10 18:06:18,853 INFO o.a.j.l.DirectJDKLog Starting Servlet engine: [Apache Tomcat/9.0.43]
2021-06-10 18:06:18,974 INFO o.a.j.l.DirectJDKLog Initializing Spring embedded WebApplicationContext
2021-06-10 18:06:18,974 INFO o.s.b.w.s.c.ServletWebServerApplicationContext Root WebApplicationContext: initialization completed in 1280 ms
2021-06-10 18:06:19,019 WARN o.s.b.a.o.j.JpaBaseConfiguration$JpaWebConfiguration spring.jpa.open-in-view is enabled by default. Therefore, database queries may be performed during view rendering. Explicitly configure spring.jpa.open-in-view to disable this warning
2021-06-10 18:06:19,101 INFO o.h.j.i.u.LogHelper HHH000204: Processing PersistenceUnitInfo [name: default]
2021-06-10 18:06:19,129 INFO o.h.Version HHH000412: Hibernate ORM core version 5.4.28.Final
2021-06-10 18:06:19,195 INFO o.h.a.c.r.j.JavaReflectionManager HCANN000001: Hibernate Commons Annotations {5.1.2.Final}
2021-06-10 18:06:19,248 INFO c.z.h.HikariDataSource HikariPool-1 - Starting...
2021-06-10 18:06:19,379 INFO c.z.h.HikariDataSource HikariPool-1 - Start completed.
2021-06-10 18:06:19,389 INFO o.h.d.Dialect HHH000400: Using dialect: org.hibernate.dialect.PostgreSQL95Dialect
2021-06-10 18:06:20,018 INFO o.h.e.t.j.p.i.JtaPlatformInitiator HHH000490: Using JtaPlatform implementation: [org.hibernate.engine.transaction.jta.platform.internal.NoJtaPlatform]
2021-06-10 18:06:20,023 INFO o.s.o.j.AbstractEntityManagerFactoryBean Initialized JPA EntityManagerFactory for persistence unit 'default'
2021-06-10 18:06:20,494 INFO c.m.d.l.SLF4JLogger Cluster created with settings {hosts=[localhost:27017], mode=SINGLE, requiredClusterType=UNKNOWN, serverSelectionTimeout='30000 ms'}
2021-06-10 18:06:20,532 INFO c.m.d.l.SLF4JLogger Opened connection [connectionId{localValue:1, serverValue:125}] to localhost:27017
2021-06-10 18:06:20,537 INFO c.m.d.l.SLF4JLogger Monitor thread successfully connected to server with description ServerDescription{address=localhost:27017, type=STANDALONE, state=CONNECTED, ok=true, minWireVersion=0, maxWireVersion=9, maxDocumentSize=16777216, logicalSessionTimeoutMinutes=30, roundTripTimeNanos=3196800}
2021-06-10 18:06:20,896 INFO b.h.i.Initialize Executing operation Initialize
2021-06-10 18:06:21,054 INFO o.s.s.w.DefaultSecurityFilterChain Creating filter chain: any request, [org.springframework.security.web.context.request.async.WebAsyncManagerIntegrationFilter@395c21ee, org.springframework.security.web.context.SecurityContextPersistenceFilter@1002f859, org.springframework.security.web.header.HeaderWriterFilter@ce8b59e, org.springframework.web.filter.CorsFilter@1e733bb5, org.keycloak.adapters.springsecurity.filter.KeycloakPreAuthActionsFilter@7836c79, org.keycloak.adapters.springsecurity.filter.KeycloakAuthenticationProcessingFilter@79ee779c, org.springframework.security.web.authentication.logout.LogoutFilter@5687ade6, org.springframework.security.web.savedrequest.RequestCacheAwareFilter@34525143, org.springframework.security.web.servletapi.SecurityContextHolderAwareRequestFilter@f09c282, org.keycloak.adapters.springsecurity.filter.KeycloakSecurityContextRequestFilter@4c9d833, org.keycloak.adapters.springsecurity.filter.KeycloakAuthenticatedActionsFilter@18b58c77, org.springframework.security.web.authentication.AnonymousAuthenticationFilter@669e730d, org.springframework.security.web.session.SessionManagementFilter@344cf00f, org.springframework.security.web.access.ExceptionTranslationFilter@3e3a07ab, org.springframework.security.web.access.intercept.FilterSecurityInterceptor@2c6d442d]
2021-06-10 18:06:21,236 INFO o.s.s.c.ExecutorConfigurationSupport Initializing ExecutorService 'taskScheduler'
2021-06-10 18:06:21,259 INFO o.a.j.l.DirectJDKLog Starting ProtocolHandler ["https-jsse-nio-8085"]
2021-06-10 18:06:21,338 INFO o.s.b.w.e.t.TomcatWebServer Tomcat started on port(s): 8085 (https) with context path ''
2021-06-10 18:06:21,347 INFO o.s.b.StartupInfoLogger Started HospitalApplication in 3.989 seconds (JVM running for 4.98)
2021-06-10 18:06:21,386 INFO c.m.d.l.SLF4JLogger Opened connection [connectionId{localValue:2, serverValue:126}] to localhost:27017
2021-06-10 18:06:40,995 INFO o.a.j.l.DirectJDKLog Initializing Spring DispatcherServlet 'dispatcherServlet'
2021-06-10 18:06:40,995 INFO o.s.w.s.FrameworkServlet Initializing Servlet 'dispatcherServlet'
2021-06-10 18:06:41,008 INFO o.s.w.s.FrameworkServlet Completed initialization in 13 ms
2021-06-10 18:06:41,251 INFO o.k.a.KeycloakDeployment Loaded URLs from https://localhost:8443/auth/realms/hospital-portal/.well-known/openid-configuration
2021-06-10 18:06:41,415 WARN o.a.j.l.DirectJDKLog Creation of SecureRandom instance for session ID generation using [SHA1PRNG] took [103] milliseconds.
