2021-06-12 17:34:41,786 INFO o.h.v.i.u.Version HV000001: Hibernate Validator 6.1.7.Final
2021-06-12 17:34:41,830 INFO o.s.b.StartupInfoLogger Starting HospitalApplication on Rocika-w10 with PID 5368 (D:\FAX\VIII semestar\Bezbednost u sistemima elektronskog poslovanja\Projekat\BSEP_T17\hospital\target\classes started by Rocika in D:\FAX\VIII semestar\Bezbednost u sistemima elektronskog poslovanja\Projekat\BSEP_T17\hospital)
2021-06-12 17:34:41,835 INFO o.s.b.SpringApplication No active profile set, falling back to default profiles: default
2021-06-12 17:34:42,542 INFO o.s.d.r.c.RepositoryConfigurationDelegate Multiple Spring Data modules found, entering strict repository configuration mode!
2021-06-12 17:34:42,544 INFO o.s.d.r.c.RepositoryConfigurationDelegate Bootstrapping Spring Data JPA repositories in DEFAULT mode.
2021-06-12 17:34:42,587 INFO o.s.d.r.c.RepositoryConfigurationExtensionSupport Spring Data JPA - Could not safely identify store assignment for repository candidate interface bsep.hospital.repository.LogRepository. If you want this repository to be a JPA repository, consider annotating your entities with one of these annotations: javax.persistence.Entity, javax.persistence.MappedSuperclass (preferred), or consider extending one of the following types with your repository: org.springframework.data.jpa.repository.JpaRepository.
2021-06-12 17:34:42,609 INFO o.s.d.r.c.RepositoryConfigurationDelegate Finished Spring Data repository scanning in 59ms. Found 4 JPA repository interfaces.
2021-06-12 17:34:42,626 INFO o.s.d.r.c.RepositoryConfigurationDelegate Multiple Spring Data modules found, entering strict repository configuration mode!
2021-06-12 17:34:42,626 INFO o.s.d.r.c.RepositoryConfigurationDelegate Bootstrapping Spring Data MongoDB repositories in DEFAULT mode.
2021-06-12 17:34:42,632 INFO o.s.d.r.c.RepositoryConfigurationExtensionSupport Spring Data MongoDB - Could not safely identify store assignment for repository candidate interface bsep.hospital.repository.AuthorityRepository. If you want this repository to be a MongoDB repository, consider annotating your entities with one of these annotations: org.springframework.data.mongodb.core.mapping.Document (preferred), or consider extending one of the following types with your repository: org.springframework.data.mongodb.repository.MongoRepository.
2021-06-12 17:34:42,633 INFO o.s.d.r.c.RepositoryConfigurationExtensionSupport Spring Data MongoDB - Could not safely identify store assignment for repository candidate interface bsep.hospital.repository.PatientRepository. If you want this repository to be a MongoDB repository, consider annotating your entities with one of these annotations: org.springframework.data.mongodb.core.mapping.Document (preferred), or consider extending one of the following types with your repository: org.springframework.data.mongodb.repository.MongoRepository.
2021-06-12 17:34:42,633 INFO o.s.d.r.c.RepositoryConfigurationExtensionSupport Spring Data MongoDB - Could not safely identify store assignment for repository candidate interface bsep.hospital.repository.PatientStatusRepository. If you want this repository to be a MongoDB repository, consider annotating your entities with one of these annotations: org.springframework.data.mongodb.core.mapping.Document (preferred), or consider extending one of the following types with your repository: org.springframework.data.mongodb.repository.MongoRepository.
2021-06-12 17:34:42,634 INFO o.s.d.r.c.RepositoryConfigurationExtensionSupport Spring Data MongoDB - Could not safely identify store assignment for repository candidate interface bsep.hospital.repository.PersonRepository. If you want this repository to be a MongoDB repository, consider annotating your entities with one of these annotations: org.springframework.data.mongodb.core.mapping.Document (preferred), or consider extending one of the following types with your repository: org.springframework.data.mongodb.repository.MongoRepository.
2021-06-12 17:34:42,637 INFO o.s.d.r.c.RepositoryConfigurationDelegate Finished Spring Data repository scanning in 10ms. Found 1 MongoDB repository interfaces.
2021-06-12 17:34:42,902 INFO o.s.c.s.PostProcessorRegistrationDelegate$BeanPostProcessorChecker Bean 'org.springframework.security.access.expression.method.DefaultMethodSecurityExpressionHandler@40113163' of type [org.springframework.security.access.expression.method.DefaultMethodSecurityExpressionHandler] is not eligible for getting processed by all BeanPostProcessors (for example: not eligible for auto-proxying)
2021-06-12 17:34:42,909 INFO o.s.c.s.PostProcessorRegistrationDelegate$BeanPostProcessorChecker Bean 'methodSecurityMetadataSource' of type [org.springframework.security.access.method.DelegatingMethodSecurityMetadataSource] is not eligible for getting processed by all BeanPostProcessors (for example: not eligible for auto-proxying)
2021-06-12 17:34:43,135 INFO o.s.b.w.e.t.TomcatWebServer Tomcat initialized with port(s): 8085 (https)
2021-06-12 17:34:43,141 INFO o.a.j.l.DirectJDKLog Initializing ProtocolHandler ["https-jsse-nio-8085"]
2021-06-12 17:34:43,142 INFO o.a.j.l.DirectJDKLog Starting service [Tomcat]
2021-06-12 17:34:43,142 INFO o.a.j.l.DirectJDKLog Starting Servlet engine: [Apache Tomcat/9.0.43]
2021-06-12 17:34:43,291 INFO o.a.j.l.DirectJDKLog Initializing Spring embedded WebApplicationContext
2021-06-12 17:34:43,291 INFO o.s.b.w.s.c.ServletWebServerApplicationContext Root WebApplicationContext: initialization completed in 1416 ms
2021-06-12 17:34:43,334 WARN o.s.b.a.o.j.JpaBaseConfiguration$JpaWebConfiguration spring.jpa.open-in-view is enabled by default. Therefore, database queries may be performed during view rendering. Explicitly configure spring.jpa.open-in-view to disable this warning
2021-06-12 17:34:43,428 INFO o.h.j.i.u.LogHelper HHH000204: Processing PersistenceUnitInfo [name: default]
2021-06-12 17:34:43,464 INFO o.h.Version HHH000412: Hibernate ORM core version 5.4.28.Final
2021-06-12 17:34:43,544 INFO o.h.a.c.r.j.JavaReflectionManager HCANN000001: Hibernate Commons Annotations {5.1.2.Final}
2021-06-12 17:34:43,614 INFO c.z.h.HikariDataSource HikariPool-1 - Starting...
2021-06-12 17:34:43,691 INFO c.z.h.HikariDataSource HikariPool-1 - Start completed.
2021-06-12 17:34:43,704 INFO o.h.d.Dialect HHH000400: Using dialect: org.hibernate.dialect.PostgreSQL95Dialect
2021-06-12 17:34:44,446 WARN o.h.e.j.s.SqlExceptionHelper$StandardWarningHandler SQL Warning Code: 0, SQLState: 00000
2021-06-12 17:34:44,446 WARN o.h.e.j.s.SqlExceptionHelper$StandardWarningHandler relation "patient_status" does not exist, skipping
2021-06-12 17:34:44,448 WARN o.h.e.j.s.SqlExceptionHelper$StandardWarningHandler SQL Warning Code: 0, SQLState: 00000
2021-06-12 17:34:44,448 WARN o.h.e.j.s.SqlExceptionHelper$StandardWarningHandler relation "user_authority" does not exist, skipping
2021-06-12 17:34:44,449 WARN o.h.e.j.s.SqlExceptionHelper$StandardWarningHandler SQL Warning Code: 0, SQLState: 00000
2021-06-12 17:34:44,450 WARN o.h.e.j.s.SqlExceptionHelper$StandardWarningHandler relation "user_authority" does not exist, skipping
2021-06-12 17:34:44,451 WARN o.h.e.j.s.SqlExceptionHelper$StandardWarningHandler SQL Warning Code: 0, SQLState: 00000
2021-06-12 17:34:44,451 WARN o.h.e.j.s.SqlExceptionHelper$StandardWarningHandler table "authorities" does not exist, skipping
2021-06-12 17:34:44,453 WARN o.h.e.j.s.SqlExceptionHelper$StandardWarningHandler SQL Warning Code: 0, SQLState: 00000
2021-06-12 17:34:44,453 WARN o.h.e.j.s.SqlExceptionHelper$StandardWarningHandler table "patient_status" does not exist, skipping
2021-06-12 17:34:44,454 WARN o.h.e.j.s.SqlExceptionHelper$StandardWarningHandler SQL Warning Code: 0, SQLState: 00000
2021-06-12 17:34:44,454 WARN o.h.e.j.s.SqlExceptionHelper$StandardWarningHandler table "patients" does not exist, skipping
2021-06-12 17:34:44,456 WARN o.h.e.j.s.SqlExceptionHelper$StandardWarningHandler SQL Warning Code: 0, SQLState: 00000
2021-06-12 17:34:44,456 WARN o.h.e.j.s.SqlExceptionHelper$StandardWarningHandler table "staff" does not exist, skipping
2021-06-12 17:34:44,457 WARN o.h.e.j.s.SqlExceptionHelper$StandardWarningHandler SQL Warning Code: 0, SQLState: 00000
2021-06-12 17:34:44,458 WARN o.h.e.j.s.SqlExceptionHelper$StandardWarningHandler table "user_authority" does not exist, skipping
2021-06-12 17:34:44,503 INFO o.h.e.t.j.p.i.JtaPlatformInitiator HHH000490: Using JtaPlatform implementation: [org.hibernate.engine.transaction.jta.platform.internal.NoJtaPlatform]
2021-06-12 17:34:44,510 INFO o.s.o.j.AbstractEntityManagerFactoryBean Initialized JPA EntityManagerFactory for persistence unit 'default'
2021-06-12 17:34:44,937 INFO b.h.k.KeyStoreWriter Attempting to initialize keystore using bouncy castle provider.
2021-06-12 17:34:44,944 INFO b.h.k.KeyStoreReader Attempting to initialize keystore using bouncy castle provider.
2021-06-12 17:34:45,039 INFO c.m.d.l.SLF4JLogger Cluster created with settings {hosts=[localhost:27017], mode=SINGLE, requiredClusterType=UNKNOWN, serverSelectionTimeout='30000 ms'}
2021-06-12 17:34:45,081 INFO c.m.d.l.SLF4JLogger Opened connection [connectionId{localValue:1, serverValue:298}] to localhost:27017
2021-06-12 17:34:45,085 INFO c.m.d.l.SLF4JLogger Monitor thread successfully connected to server with description ServerDescription{address=localhost:27017, type=STANDALONE, state=CONNECTED, ok=true, minWireVersion=0, maxWireVersion=9, maxDocumentSize=16777216, logicalSessionTimeoutMinutes=30, roundTripTimeNanos=2467700}
2021-06-12 17:34:45,480 INFO b.h.c.DroolsConfig Creating kie session
2021-06-12 17:34:45,482 INFO o.k.a.i.u.ServiceDiscoveryImpl Loading kie.conf from  jar:file:/C:/Users/Rocika/.m2/repository/org/kie/kie-ci/7.17.0.Final/kie-ci-7.17.0.Final.jar!/META-INF/kie.conf in classloader jdk.internal.loader.ClassLoaders$AppClassLoader@3b192d32
2021-06-12 17:34:45,484 INFO o.k.a.i.u.ServiceDiscoveryImpl Adding Service org.kie.scanner.KieScannerFactoryServiceImpl

2021-06-12 17:34:45,485 INFO o.k.a.i.u.ServiceDiscoveryImpl Adding Service org.kie.scanner.MavenClassLoaderResolver

2021-06-12 17:34:45,485 INFO o.k.a.i.u.ServiceDiscoveryImpl Loading kie.conf from  jar:file:/C:/Users/Rocika/.m2/repository/org/drools/drools-core/7.17.0.Final/drools-core-7.17.0.Final.jar!/META-INF/kie.conf in classloader jdk.internal.loader.ClassLoaders$AppClassLoader@3b192d32
2021-06-12 17:34:45,486 INFO o.k.a.i.u.ServiceDiscoveryImpl Adding Service org.drools.core.io.impl.ResourceFactoryServiceImpl

2021-06-12 17:34:45,487 INFO o.k.a.i.u.ServiceDiscoveryImpl Adding Service org.drools.core.marshalling.impl.MarshallerProviderImpl

2021-06-12 17:34:45,487 INFO o.k.a.i.u.ServiceDiscoveryImpl Adding Service org.drools.core.concurrent.ExecutorProviderImpl

2021-06-12 17:34:45,488 INFO o.k.a.i.u.ServiceDiscoveryImpl Loading kie.conf from  jar:file:/C:/Users/Rocika/.m2/repository/org/drools/drools-compiler/7.17.0.Final/drools-compiler-7.17.0.Final.jar!/META-INF/kie.conf in classloader jdk.internal.loader.ClassLoaders$AppClassLoader@3b192d32
2021-06-12 17:34:45,489 INFO o.k.a.i.u.ServiceDiscoveryImpl Adding Service org.drools.compiler.kie.builder.impl.KieServicesImpl

2021-06-12 17:34:45,490 INFO o.k.a.i.u.ServiceDiscoveryImpl Adding Service org.drools.compiler.builder.impl.KnowledgeBuilderFactoryServiceImpl

2021-06-12 17:34:45,490 INFO o.k.a.i.u.ServiceDiscoveryImpl Loading kie.conf from  jar:file:/C:/Users/Rocika/.m2/repository/org/kie/kie-internal/7.17.0.Final/kie-internal-7.17.0.Final.jar!/META-INF/kie.conf in classloader jdk.internal.loader.ClassLoaders$AppClassLoader@3b192d32
2021-06-12 17:34:45,491 INFO o.k.a.i.u.ServiceDiscoveryImpl Adding Service org.kie.internal.services.KieAssemblersImpl

2021-06-12 17:34:45,492 INFO o.k.a.i.u.ServiceDiscoveryImpl Adding Service org.kie.internal.services.KieRuntimesImpl

2021-06-12 17:34:45,492 INFO o.k.a.i.u.ServiceDiscoveryImpl Adding Service org.kie.internal.services.KieWeaversImpl

2021-06-12 17:34:45,493 INFO o.k.a.i.u.ServiceDiscoveryImpl Adding Service org.kie.internal.services.KieBeliefsImpl

2021-06-12 17:34:45,501 INFO o.d.c.k.b.i.ClasspathKieProject Found kmodule: file:/D:/FAX/VIII%20semestar/Bezbednost%20u%20sistemima%20elektronskog%20poslovanja/Projekat/BSEP_T17/hospital/target/classes/META-INF/kmodule.xml
2021-06-12 17:34:45,673 WARN o.d.c.k.b.i.ClasspathKieProject Unable to find pom.properties in /D:/FAX/VIII semestar/Bezbednost u sistemima elektronskog poslovanja/Projekat/BSEP_T17/hospital/target/classes
2021-06-12 17:34:48,611 INFO o.d.c.k.b.i.ClasspathKieProject Recursed up folders, found and used pom.xml D:\FAX\VIII semestar\Bezbednost u sistemima elektronskog poslovanja\Projekat\BSEP_T17\hospital\pom.xml
2021-06-12 17:34:48,617 INFO o.d.c.k.b.i.KieRepositoryImpl KieModule was added: FileKieModule[releaseId=bsep:hospital:0.0.1-SNAPSHOT,file=D:\FAX\VIII semestar\Bezbednost u sistemima elektronskog poslovanja\Projekat\BSEP_T17\hospital\target\classes]
2021-06-12 17:34:49,379 INFO b.h.i.Initialize Executing operation Initialize
2021-06-12 17:34:49,379 INFO b.h.i.Initialize Attempting to create keystore.
2021-06-12 17:34:49,380 INFO b.h.i.Initialize Checking if keystore already exists.
2021-06-12 17:34:49,380 INFO b.h.k.KeyStoreWriter Attempting to load keystore.
2021-06-12 17:34:49,381 INFO b.h.k.KeyStoreWriter Successfully loaded keystore.
2021-06-12 17:34:49,381 INFO b.h.i.Initialize Keystore already exists.
2021-06-12 17:34:49,543 INFO o.s.s.w.DefaultSecurityFilterChain Creating filter chain: any request, [org.springframework.security.web.context.request.async.WebAsyncManagerIntegrationFilter@6deda1cd, org.springframework.security.web.context.SecurityContextPersistenceFilter@30aeb2b3, org.springframework.security.web.header.HeaderWriterFilter@3815c525, org.springframework.web.filter.CorsFilter@9be1984, org.keycloak.adapters.springsecurity.filter.KeycloakPreAuthActionsFilter@40a84ea8, org.keycloak.adapters.springsecurity.filter.KeycloakAuthenticationProcessingFilter@54c3e686, org.springframework.security.web.authentication.logout.LogoutFilter@23e782e0, org.springframework.security.web.savedrequest.RequestCacheAwareFilter@3d61b36a, org.springframework.security.web.servletapi.SecurityContextHolderAwareRequestFilter@1f481ec3, org.keycloak.adapters.springsecurity.filter.KeycloakSecurityContextRequestFilter@67fd2e17, org.keycloak.adapters.springsecurity.filter.KeycloakAuthenticatedActionsFilter@65a2e14e, org.springframework.security.web.authentication.AnonymousAuthenticationFilter@2c4b747a, org.springframework.security.web.session.SessionManagementFilter@61ee1773, org.springframework.security.web.access.ExceptionTranslationFilter@5c9cbc69, org.springframework.security.web.access.intercept.FilterSecurityInterceptor@4a716a73]
2021-06-12 17:34:49,749 INFO o.s.s.c.ExecutorConfigurationSupport Initializing ExecutorService 'taskScheduler'
2021-06-12 17:34:49,784 INFO o.a.j.l.DirectJDKLog Starting ProtocolHandler ["https-jsse-nio-8085"]
2021-06-12 17:34:49,881 INFO o.s.b.w.e.t.TomcatWebServer Tomcat started on port(s): 8085 (https) with context path ''
2021-06-12 17:34:49,890 INFO o.s.b.StartupInfoLogger Started HospitalApplication in 8.335 seconds (JVM running for 9.639)
2021-06-12 17:34:49,893 INFO o.s.s.c.ExecutorConfigurationSupport Initializing ExecutorService 'applicationTaskExecutor'
2021-06-12 17:34:49,901 INFO b.h.s.LogService Parsing logs from files.
2021-06-12 17:34:49,901 INFO b.h.l.LogParser Attempting to parse application logs
2021-06-12 17:34:49,902 INFO b.h.l.LogParser Reading log file.
2021-06-12 17:34:49,906 INFO b.h.l.LogParser Attempting to parse keycloak logs
2021-06-12 17:34:49,906 INFO b.h.l.LogParser Reading log file.
2021-06-12 17:34:49,914 INFO b.h.s.LogService Successfully parsed logs from files.
2021-06-12 17:34:49,915 INFO b.h.s.LogService Saving logs.
2021-06-12 17:34:49,958 INFO c.m.d.l.SLF4JLogger Opened connection [connectionId{localValue:2, serverValue:299}] to localhost:27017
2021-06-12 17:34:50,128 INFO b.h.s.LogService Finished saving logs.
2021-06-12 17:34:50,175 INFO o.a.j.l.DirectJDKLog Initializing Spring DispatcherServlet 'dispatcherServlet'
2021-06-12 17:34:50,175 INFO o.s.w.s.FrameworkServlet Initializing Servlet 'dispatcherServlet'
2021-06-12 17:34:50,183 INFO o.s.w.s.FrameworkServlet Completed initialization in 8 ms
2021-06-12 17:34:50,243 INFO b.h.a.DeviceController Device is attempting to save patient status.
2021-06-12 17:34:50,247 INFO b.h.s.PatientService Getting patient by id 5
2021-06-12 17:34:53,447 INFO b.h.a.DeviceController Putting patient status through drools.
2021-06-12 17:34:53,500 INFO b.h.s.PatientStatusService Saving patient status bsep.hospital.model.PatientStatus@2c5efa8a
2021-06-12 17:34:53,539 INFO b.h.a.DeviceController Successfully saved patient status.
2021-06-12 17:34:53,559 INFO b.h.a.DeviceController Device is attempting to save patient status.
2021-06-12 17:34:53,560 INFO b.h.s.PatientService Getting patient by id 2
2021-06-12 17:34:54,586 INFO b.h.a.DeviceController Putting patient status through drools.
2021-06-12 17:34:54,588 INFO b.h.s.PatientStatusService Saving patient status bsep.hospital.model.PatientStatus@430ac43f
2021-06-12 17:34:54,592 INFO b.h.a.DeviceController Successfully saved patient status.
2021-06-12 17:34:54,609 INFO b.h.a.DeviceController Device is attempting to save patient status.
2021-06-12 17:34:54,609 INFO b.h.s.PatientService Getting patient by id 9
2021-06-12 17:34:55,403 INFO b.h.a.DeviceController Putting patient status through drools.
2021-06-12 17:34:55,403 INFO b.h.s.LogService Parsing logs from files.
2021-06-12 17:34:55,403 INFO b.h.l.LogParser Attempting to parse application logs
2021-06-12 17:34:55,405 INFO b.h.l.LogParser Reading log file.
2021-06-12 17:34:55,405 INFO b.h.s.PatientStatusService Saving patient status bsep.hospital.model.PatientStatus@1d292e8e
2021-06-12 17:34:55,406 INFO b.h.l.LogParser Attempting to parse keycloak logs
2021-06-12 17:34:55,407 INFO b.h.l.LogParser Reading log file.
2021-06-12 17:34:55,410 INFO b.h.s.LogService Successfully parsed logs from files.
2021-06-12 17:34:55,410 INFO b.h.s.LogService Saving logs.
2021-06-12 17:34:55,410 INFO b.h.a.DeviceController Successfully saved patient status.
2021-06-12 17:34:55,422 INFO b.h.a.DeviceController Device is attempting to save patient status.
2021-06-12 17:34:55,422 INFO b.h.s.PatientService Getting patient by id 1
2021-06-12 17:34:56,262 INFO b.h.a.DeviceController Putting patient status through drools.
2021-06-12 17:34:56,264 INFO b.h.s.PatientStatusService Saving patient status bsep.hospital.model.PatientStatus@200ace
2021-06-12 17:34:56,269 INFO b.h.a.DeviceController Successfully saved patient status.
2021-06-12 17:34:56,281 INFO b.h.a.DeviceController Device is attempting to save patient status.
2021-06-12 17:34:56,281 INFO b.h.s.PatientService Getting patient by id 8
2021-06-12 17:34:56,987 INFO b.h.a.DeviceController Putting patient status through drools.
2021-06-12 17:34:56,989 INFO b.h.s.PatientStatusService Saving patient status bsep.hospital.model.PatientStatus@15ef87d1
2021-06-12 17:34:56,994 INFO b.h.a.DeviceController Successfully saved patient status.
2021-06-12 17:34:57,003 INFO b.h.a.DeviceController Device is attempting to save patient status.
2021-06-12 17:34:57,004 INFO b.h.s.PatientService Getting patient by id 9
2021-06-12 17:34:57,384 INFO b.h.a.DeviceController Putting patient status through drools.
2021-06-12 17:34:57,385 INFO b.h.s.PatientStatusService Saving patient status bsep.hospital.model.PatientStatus@6bac1d8e
2021-06-12 17:34:57,390 INFO b.h.a.DeviceController Successfully saved patient status.
2021-06-12 17:34:57,410 INFO b.h.a.DeviceController Device is attempting to save patient status.
2021-06-12 17:34:57,411 INFO b.h.s.PatientService Getting patient by id 6
2021-06-12 17:34:57,412 INFO b.h.s.LogService Finished saving logs.
2021-06-12 17:34:57,734 INFO b.h.a.DeviceController Putting patient status through drools.
2021-06-12 17:34:57,734 INFO b.h.s.PatientStatusService Saving patient status bsep.hospital.model.PatientStatus@10b9f85c
2021-06-12 17:34:57,736 INFO b.h.a.DeviceController Successfully saved patient status.
2021-06-12 17:34:57,756 INFO b.h.a.DeviceController Device is attempting to save patient status.
2021-06-12 17:34:57,756 INFO b.h.s.PatientService Getting patient by id 8
2021-06-12 17:35:02,514 INFO b.h.a.DeviceController Putting patient status through drools.
2021-06-12 17:35:02,515 INFO b.h.s.LogService Parsing logs from files.
2021-06-12 17:35:02,515 INFO b.h.s.PatientStatusService Saving patient status bsep.hospital.model.PatientStatus@4545f900
2021-06-12 17:35:02,515 INFO b.h.l.LogParser Attempting to parse application logs
2021-06-12 17:35:02,516 INFO b.h.l.LogParser Reading log file.
2021-06-12 17:35:02,517 INFO b.h.l.LogParser Attempting to parse keycloak logs
2021-06-12 17:35:02,519 INFO b.h.l.LogParser Reading log file.
2021-06-12 17:35:02,519 INFO b.h.s.LogService Successfully parsed logs from files.
2021-06-12 17:35:02,519 INFO b.h.s.LogService Saving logs.
2021-06-12 17:35:02,521 INFO b.h.a.DeviceController Successfully saved patient status.
2021-06-12 17:35:02,538 INFO b.h.s.LogService Finished saving logs.
2021-06-12 17:35:02,541 INFO b.h.a.DeviceController Device is attempting to save patient status.
2021-06-12 17:35:02,541 INFO b.h.s.PatientService Getting patient by id 9
2021-06-12 17:35:02,831 INFO b.h.a.DeviceController Putting patient status through drools.
2021-06-12 17:35:02,831 INFO b.h.s.PatientStatusService Saving patient status bsep.hospital.model.PatientStatus@74289ddf
2021-06-12 17:35:02,834 INFO b.h.a.DeviceController Successfully saved patient status.
2021-06-12 17:35:02,854 INFO b.h.a.DeviceController Device is attempting to save patient status.
2021-06-12 17:35:02,854 INFO b.h.s.PatientService Getting patient by id 3
2021-06-12 17:35:03,079 INFO b.h.a.DeviceController Putting patient status through drools.
2021-06-12 17:35:03,080 INFO b.h.s.PatientStatusService Saving patient status bsep.hospital.model.PatientStatus@1e24ed3a
2021-06-12 17:35:03,082 INFO b.h.a.DeviceController Successfully saved patient status.
2021-06-12 17:35:03,090 INFO b.h.a.DeviceController Device is attempting to save patient status.
2021-06-12 17:35:03,090 INFO b.h.s.PatientService Getting patient by id 4
2021-06-12 17:40:04,715 WARN c.z.h.p.HikariPool$HouseKeeper HikariPool-1 - Thread starvation or clock leap detected (housekeeper delta=5m20s916ms803µs600ns).
2021-06-12 17:40:04,717 INFO b.h.a.DeviceController Putting patient status through drools.
2021-06-12 17:40:04,717 INFO b.h.s.LogService Parsing logs from files.
2021-06-12 17:40:04,717 INFO b.h.l.LogParser Attempting to parse application logs
2021-06-12 17:40:04,717 INFO b.h.s.LogService Parsing logs from files.
2021-06-12 17:40:04,717 INFO b.h.l.LogParser Attempting to parse application logs
2021-06-12 17:40:04,718 INFO b.h.s.PatientStatusService Saving patient status bsep.hospital.model.PatientStatus@19c8daca
2021-06-12 17:40:04,718 INFO b.h.s.LogService Parsing logs from files.
2021-06-12 17:40:04,718 INFO b.h.s.LogService Parsing logs from files.
2021-06-12 17:40:04,718 INFO b.h.l.LogParser Attempting to parse application logs
2021-06-12 17:40:04,718 INFO b.h.l.LogParser Attempting to parse application logs
2021-06-12 17:40:04,718 INFO b.h.l.LogParser Reading log file.
2021-06-12 17:40:04,719 INFO b.h.s.LogService Parsing logs from files.
2021-06-12 17:40:04,719 INFO b.h.s.LogService Parsing logs from files.
2021-06-12 17:40:04,719 INFO b.h.l.LogParser Attempting to parse application logs
2021-06-12 17:40:04,719 INFO b.h.l.LogParser Attempting to parse application logs
2021-06-12 17:40:04,719 INFO b.h.l.LogParser Attempting to parse keycloak logs
2021-06-12 17:40:04,720 INFO b.h.l.LogParser Reading log file.
2021-06-12 17:40:04,720 INFO b.h.s.LogService Parsing logs from files.
2021-06-12 17:40:04,720 INFO b.h.s.LogService Parsing logs from files.
2021-06-12 17:40:04,720 INFO b.h.l.LogParser Reading log file.
2021-06-12 17:40:04,720 INFO b.h.l.LogParser Reading log file.
2021-06-12 17:40:04,720 INFO b.h.l.LogParser Attempting to parse application logs
2021-06-12 17:40:04,720 INFO b.h.l.LogParser Attempting to parse application logs
2021-06-12 17:40:04,721 INFO b.h.l.LogParser Reading log file.
2021-06-12 17:40:04,721 INFO b.h.s.LogService Successfully parsed logs from files.
2021-06-12 17:40:04,721 INFO b.h.s.LogService Saving logs.
2021-06-12 17:40:04,721 INFO b.h.a.DeviceController Successfully saved patient status.
2021-06-12 17:40:04,721 INFO b.h.l.LogParser Reading log file.
2021-06-12 17:40:04,721 INFO b.h.l.LogParser Attempting to parse keycloak logs
2021-06-12 17:40:04,722 INFO b.h.l.LogParser Reading log file.
2021-06-12 17:40:04,722 INFO b.h.l.LogParser Attempting to parse keycloak logs
2021-06-12 17:40:04,722 INFO b.h.l.LogParser Attempting to parse keycloak logs
2021-06-12 17:40:04,723 INFO b.h.l.LogParser Reading log file.
2021-06-12 17:40:04,723 INFO b.h.l.LogParser Attempting to parse keycloak logs
2021-06-12 17:40:04,723 INFO b.h.l.LogParser Reading log file.
2021-06-12 17:40:04,723 INFO b.h.s.LogService Successfully parsed logs from files.
2021-06-12 17:40:04,723 INFO b.h.s.LogService Saving logs.
2021-06-12 17:40:04,723 INFO b.h.s.LogService Successfully parsed logs from files.
2021-06-12 17:40:04,723 INFO b.h.l.LogParser Reading log file.
2021-06-12 17:40:04,724 INFO b.h.s.LogService Saving logs.
2021-06-12 17:40:04,724 INFO b.h.s.LogService Successfully parsed logs from files.
2021-06-12 17:40:04,725 INFO b.h.l.LogParser Reading log file.
2021-06-12 17:40:04,725 INFO b.h.l.LogParser Reading log file.
2021-06-12 17:40:04,725 INFO b.h.l.LogParser Reading log file.
2021-06-12 17:40:04,726 INFO b.h.s.LogService Saving logs.
2021-06-12 17:40:04,726 INFO b.h.s.LogService Successfully parsed logs from files.
2021-06-12 17:40:04,726 INFO b.h.s.LogService Saving logs.
2021-06-12 17:40:04,727 INFO b.h.l.LogParser Attempting to parse keycloak logs
2021-06-12 17:40:04,727 INFO b.h.l.LogParser Attempting to parse keycloak logs
2021-06-12 17:40:04,728 INFO b.h.l.LogParser Attempting to parse keycloak logs
2021-06-12 17:40:04,728 INFO b.h.l.LogParser Reading log file.
2021-06-12 17:40:04,729 INFO b.h.l.LogParser Reading log file.
2021-06-12 17:40:04,729 INFO c.m.d.l.SLF4JLogger Opened connection [connectionId{localValue:3, serverValue:301}] to localhost:27017
2021-06-12 17:40:04,729 INFO b.h.s.LogService Successfully parsed logs from files.
2021-06-12 17:40:04,729 INFO b.h.s.LogService Saving logs.
2021-06-12 17:40:04,729 INFO b.h.s.LogService Successfully parsed logs from files.
2021-06-12 17:40:04,729 INFO b.h.s.LogService Saving logs.
2021-06-12 17:40:04,729 INFO b.h.l.LogParser Reading log file.
2021-06-12 17:40:04,730 INFO b.h.s.LogService Successfully parsed logs from files.
2021-06-12 17:40:04,730 INFO c.m.d.l.SLF4JLogger Opened connection [connectionId{localValue:4, serverValue:300}] to localhost:27017
2021-06-12 17:40:04,730 INFO c.m.d.l.SLF4JLogger Opened connection [connectionId{localValue:6, serverValue:302}] to localhost:27017
2021-06-12 17:40:04,731 INFO c.m.d.l.SLF4JLogger Opened connection [connectionId{localValue:5, serverValue:303}] to localhost:27017
2021-06-12 17:40:04,730 INFO b.h.s.LogService Saving logs.
2021-06-12 17:40:04,732 INFO c.m.d.l.SLF4JLogger Opened connection [connectionId{localValue:7, serverValue:304}] to localhost:27017
2021-06-12 17:40:04,733 INFO c.m.d.l.SLF4JLogger Opened connection [connectionId{localValue:8, serverValue:305}] to localhost:27017
2021-06-12 17:40:04,736 INFO c.m.d.l.SLF4JLogger Opened connection [connectionId{localValue:9, serverValue:306}] to localhost:27017
2021-06-12 17:40:04,742 INFO b.h.s.LogService Finished saving logs.
2021-06-12 17:40:04,742 INFO b.h.s.LogService Parsing logs from files.
2021-06-12 17:40:04,743 INFO b.h.l.LogParser Attempting to parse application logs
2021-06-12 17:40:04,744 INFO b.h.l.LogParser Reading log file.
2021-06-12 17:40:04,744 INFO b.h.l.LogParser Attempting to parse keycloak logs
2021-06-12 17:40:04,745 INFO b.h.l.LogParser Reading log file.
2021-06-12 17:40:04,746 INFO b.h.s.LogService Successfully parsed logs from files.
2021-06-12 17:40:04,746 INFO b.h.s.LogService Saving logs.
2021-06-12 17:40:04,746 INFO b.h.s.LogService Finished saving logs.
2021-06-12 17:40:04,747 INFO b.h.s.LogService Parsing logs from files.
2021-06-12 17:40:04,747 INFO b.h.l.LogParser Attempting to parse application logs
2021-06-12 17:40:04,748 INFO b.h.l.LogParser Reading log file.
2021-06-12 17:40:04,748 INFO b.h.l.LogParser Attempting to parse keycloak logs
2021-06-12 17:40:04,749 INFO b.h.a.DeviceController Device is attempting to save patient status.
2021-06-12 17:40:04,749 INFO b.h.l.LogParser Reading log file.
2021-06-12 17:40:04,750 INFO b.h.s.LogService Successfully parsed logs from files.
2021-06-12 17:40:04,750 INFO b.h.s.LogService Saving logs.
2021-06-12 17:40:04,750 INFO b.h.s.LogService Finished saving logs.
2021-06-12 17:40:04,750 INFO b.h.s.LogService Parsing logs from files.
2021-06-12 17:40:04,751 INFO b.h.l.LogParser Attempting to parse application logs
2021-06-12 17:40:04,750 INFO b.h.s.PatientService Getting patient by id 3
2021-06-12 17:40:04,752 INFO b.h.l.LogParser Reading log file.
2021-06-12 17:40:04,752 INFO b.h.l.LogParser Attempting to parse keycloak logs
2021-06-12 17:40:04,754 INFO b.h.l.LogParser Reading log file.
2021-06-12 17:40:04,754 INFO b.h.s.LogService Finished saving logs.
2021-06-12 17:40:04,754 INFO b.h.s.LogService Parsing logs from files.
2021-06-12 17:40:04,754 INFO b.h.s.LogService Successfully parsed logs from files.
2021-06-12 17:40:04,754 INFO b.h.l.LogParser Attempting to parse application logs
2021-06-12 17:40:04,754 INFO b.h.s.LogService Saving logs.
2021-06-12 17:40:04,755 INFO b.h.s.LogService Finished saving logs.
2021-06-12 17:40:04,755 INFO b.h.s.LogService Parsing logs from files.
2021-06-12 17:40:04,755 INFO b.h.l.LogParser Attempting to parse application logs
2021-06-12 17:40:04,755 INFO b.h.l.LogParser Reading log file.
2021-06-12 17:40:04,756 INFO b.h.l.LogParser Reading log file.
2021-06-12 17:40:04,756 INFO b.h.l.LogParser Attempting to parse keycloak logs
2021-06-12 17:40:04,756 INFO b.h.l.LogParser Attempting to parse keycloak logs
2021-06-12 17:40:04,757 INFO b.h.a.DeviceController Putting patient status through drools.
2021-06-12 17:40:04,757 INFO b.h.l.LogParser Reading log file.
2021-06-12 17:40:04,757 INFO b.h.s.LogService Successfully parsed logs from files.
2021-06-12 17:40:04,758 INFO b.h.s.LogService Saving logs.
2021-06-12 17:40:04,758 INFO b.h.s.PatientStatusService Saving patient status bsep.hospital.model.PatientStatus@6c4dcfa8
2021-06-12 17:40:04,758 INFO b.h.l.LogParser Reading log file.
2021-06-12 17:40:04,758 INFO b.h.s.LogService Finished saving logs.
2021-06-12 17:40:04,758 INFO b.h.s.LogService Parsing logs from files.
2021-06-12 17:40:04,758 INFO b.h.s.LogService Successfully parsed logs from files.
2021-06-12 17:40:04,758 INFO b.h.l.LogParser Attempting to parse application logs
2021-06-12 17:40:04,759 INFO b.h.s.LogService Saving logs.
2021-06-12 17:40:04,759 INFO b.h.s.LogService Finished saving logs.
2021-06-12 17:40:04,759 INFO b.h.s.LogService Parsing logs from files.
2021-06-12 17:40:04,760 INFO b.h.l.LogParser Attempting to parse application logs
2021-06-12 17:40:04,760 INFO b.h.l.LogParser Reading log file.
2021-06-12 17:40:04,761 INFO b.h.l.LogParser Reading log file.
2021-06-12 17:40:04,761 INFO b.h.l.LogParser Attempting to parse keycloak logs
2021-06-12 17:40:04,761 INFO b.h.l.LogParser Attempting to parse keycloak logs
2021-06-12 17:40:04,761 INFO b.h.a.DeviceController Successfully saved patient status.
2021-06-12 17:40:04,762 INFO b.h.l.LogParser Reading log file.
2021-06-12 17:40:04,762 INFO b.h.l.LogParser Reading log file.
2021-06-12 17:40:04,762 INFO b.h.s.LogService Successfully parsed logs from files.
2021-06-12 17:40:04,763 INFO b.h.s.LogService Saving logs.
2021-06-12 17:40:04,763 INFO b.h.s.LogService Finished saving logs.
2021-06-12 17:40:04,763 INFO b.h.s.LogService Successfully parsed logs from files.
2021-06-12 17:40:04,763 INFO b.h.s.LogService Saving logs.
2021-06-12 17:40:04,763 INFO b.h.s.LogService Finished saving logs.
2021-06-12 17:40:04,763 INFO b.h.s.LogService Parsing logs from files.
2021-06-12 17:40:04,763 INFO b.h.l.LogParser Attempting to parse application logs
2021-06-12 17:40:04,763 INFO b.h.s.LogService Parsing logs from files.
2021-06-12 17:40:04,764 INFO b.h.l.LogParser Attempting to parse application logs
2021-06-12 17:40:04,764 INFO b.h.s.LogService Finished saving logs.
2021-06-12 17:40:04,764 INFO b.h.s.LogService Parsing logs from files.
2021-06-12 17:40:04,764 INFO b.h.l.LogParser Reading log file.
2021-06-12 17:40:04,765 INFO b.h.l.LogParser Attempting to parse application logs
2021-06-12 17:40:04,765 INFO b.h.l.LogParser Reading log file.
2021-06-12 17:40:04,765 INFO b.h.l.LogParser Attempting to parse keycloak logs
2021-06-12 17:40:04,765 INFO b.h.s.LogService Finished saving logs.
2021-06-12 17:40:04,765 INFO b.h.l.LogParser Reading log file.
2021-06-12 17:40:04,765 INFO b.h.l.LogParser Attempting to parse keycloak logs
2021-06-12 17:40:04,766 INFO b.h.s.LogService Parsing logs from files.
2021-06-12 17:40:04,766 INFO b.h.l.LogParser Attempting to parse application logs
2021-06-12 17:40:04,766 INFO b.h.l.LogParser Attempting to parse keycloak logs
2021-06-12 17:40:04,767 INFO b.h.l.LogParser Reading log file.
2021-06-12 17:40:04,767 INFO b.h.l.LogParser Reading log file.
2021-06-12 17:40:04,767 INFO b.h.l.LogParser Reading log file.
2021-06-12 17:40:04,768 INFO b.h.l.LogParser Reading log file.
2021-06-12 17:40:04,768 INFO b.h.l.LogParser Attempting to parse keycloak logs
2021-06-12 17:40:04,768 INFO b.h.s.LogService Successfully parsed logs from files.
2021-06-12 17:40:04,768 INFO b.h.s.LogService Successfully parsed logs from files.
2021-06-12 17:40:04,768 INFO b.h.s.LogService Successfully parsed logs from files.
2021-06-12 17:40:04,768 INFO b.h.s.LogService Saving logs.
2021-06-12 17:40:04,768 INFO b.h.s.LogService Saving logs.
2021-06-12 17:40:04,768 INFO b.h.s.LogService Finished saving logs.
2021-06-12 17:40:04,768 INFO b.h.s.LogService Finished saving logs.
2021-06-12 17:40:04,768 INFO b.h.s.LogService Parsing logs from files.
2021-06-12 17:40:04,768 INFO b.h.s.LogService Saving logs.
2021-06-12 17:40:04,768 INFO b.h.s.LogService Parsing logs from files.
2021-06-12 17:40:04,769 INFO b.h.l.LogParser Reading log file.
2021-06-12 17:40:04,769 INFO b.h.s.LogService Finished saving logs.
2021-06-12 17:40:04,769 INFO b.h.l.LogParser Attempting to parse application logs
2021-06-12 17:40:04,769 INFO b.h.l.LogParser Attempting to parse application logs
2021-06-12 17:40:04,769 INFO b.h.s.LogService Parsing logs from files.
2021-06-12 17:40:04,769 INFO b.h.l.LogParser Attempting to parse application logs
2021-06-12 17:40:04,769 INFO b.h.s.LogService Successfully parsed logs from files.
2021-06-12 17:40:04,769 INFO b.h.s.LogService Saving logs.
2021-06-12 17:40:04,769 INFO b.h.s.LogService Finished saving logs.
2021-06-12 17:40:04,770 INFO b.h.s.LogService Parsing logs from files.
2021-06-12 17:40:04,770 INFO b.h.l.LogParser Reading log file.
2021-06-12 17:40:04,770 INFO b.h.l.LogParser Attempting to parse application logs
2021-06-12 17:40:04,770 INFO b.h.l.LogParser Reading log file.
2021-06-12 17:40:04,770 INFO b.h.l.LogParser Attempting to parse keycloak logs
2021-06-12 17:40:04,770 INFO b.h.s.LogService Finished saving logs.
2021-06-12 17:40:04,771 INFO b.h.s.LogService Parsing logs from files.
2021-06-12 17:40:04,771 INFO b.h.l.LogParser Reading log file.
2021-06-12 17:40:04,771 INFO b.h.l.LogParser Attempting to parse application logs
2021-06-12 17:40:04,771 INFO b.h.l.LogParser Attempting to parse keycloak logs
2021-06-12 17:40:04,771 INFO b.h.l.LogParser Reading log file.
2021-06-12 17:40:04,771 INFO b.h.l.LogParser Reading log file.
2021-06-12 17:40:04,772 INFO b.h.l.LogParser Reading log file.
2021-06-12 17:40:04,772 INFO b.h.l.LogParser Attempting to parse keycloak logs
2021-06-12 17:40:04,772 INFO b.h.l.LogParser Reading log file.
2021-06-12 17:40:04,772 INFO b.h.s.LogService Successfully parsed logs from files.
2021-06-12 17:40:04,772 INFO b.h.s.LogService Saving logs.
2021-06-12 17:40:04,772 INFO b.h.s.LogService Finished saving logs.
2021-06-12 17:40:04,772 INFO b.h.s.LogService Successfully parsed logs from files.
2021-06-12 17:40:04,772 INFO b.h.l.LogParser Attempting to parse keycloak logs
2021-06-12 17:40:04,772 INFO b.h.s.LogService Parsing logs from files.
2021-06-12 17:40:04,772 INFO b.h.s.LogService Finished saving logs.
2021-06-12 17:40:04,772 INFO b.h.s.LogService Saving logs.
2021-06-12 17:40:04,772 INFO b.h.l.LogParser Attempting to parse application logs
2021-06-12 17:40:04,772 INFO b.h.l.LogParser Attempting to parse keycloak logs
2021-06-12 17:40:04,773 INFO b.h.s.LogService Parsing logs from files.
2021-06-12 17:40:04,773 INFO b.h.s.LogService Finished saving logs.
2021-06-12 17:40:04,773 INFO b.h.l.LogParser Attempting to parse application logs
2021-06-12 17:40:04,773 INFO b.h.l.LogParser Reading log file.
2021-06-12 17:40:04,773 INFO b.h.s.LogService Parsing logs from files.
2021-06-12 17:40:04,773 INFO b.h.l.LogParser Reading log file.
2021-06-12 17:40:04,773 INFO b.h.l.LogParser Attempting to parse application logs
2021-06-12 17:40:04,773 INFO b.h.l.LogParser Reading log file.
2021-06-12 17:40:04,773 INFO b.h.s.LogService Successfully parsed logs from files.
2021-06-12 17:40:04,773 INFO b.h.l.LogParser Reading log file.
2021-06-12 17:40:04,773 INFO b.h.s.LogService Successfully parsed logs from files.
2021-06-12 17:40:04,773 INFO b.h.l.LogParser Reading log file.
2021-06-12 17:40:04,774 INFO b.h.s.LogService Successfully parsed logs from files.
2021-06-12 17:40:04,774 INFO b.h.l.LogParser Attempting to parse keycloak logs
2021-06-12 17:40:04,773 INFO b.h.s.LogService Saving logs.
2021-06-12 17:40:04,773 INFO b.h.s.LogService Saving logs.
2021-06-12 17:40:04,774 INFO b.h.s.LogService Saving logs.
2021-06-12 17:40:04,774 INFO b.h.l.LogParser Reading log file.
2021-06-12 17:40:04,774 INFO b.h.s.LogService Finished saving logs.
2021-06-12 17:40:04,774 INFO b.h.l.LogParser Attempting to parse keycloak logs
2021-06-12 17:40:04,774 INFO b.h.s.LogService Finished saving logs.
2021-06-12 17:40:04,774 INFO b.h.s.LogService Finished saving logs.
2021-06-12 17:40:04,775 INFO b.h.s.LogService Parsing logs from files.
2021-06-12 17:40:04,775 INFO b.h.l.LogParser Reading log file.
2021-06-12 17:40:04,775 INFO b.h.s.LogService Parsing logs from files.
2021-06-12 17:40:04,775 INFO b.h.l.LogParser Attempting to parse keycloak logs
2021-06-12 17:40:04,775 INFO b.h.l.LogParser Attempting to parse application logs
2021-06-12 17:40:04,775 INFO b.h.l.LogParser Attempting to parse application logs
2021-06-12 17:40:04,775 INFO b.h.s.LogService Parsing logs from files.
2021-06-12 17:40:04,776 INFO b.h.l.LogParser Reading log file.
2021-06-12 17:40:04,776 INFO b.h.s.LogService Successfully parsed logs from files.
2021-06-12 17:40:04,776 INFO b.h.l.LogParser Attempting to parse application logs
2021-06-12 17:40:04,776 INFO b.h.s.LogService Saving logs.
2021-06-12 17:40:04,776 INFO b.h.s.LogService Finished saving logs.
2021-06-12 17:40:04,776 INFO b.h.l.LogParser Reading log file.
2021-06-12 17:40:04,776 INFO b.h.s.LogService Successfully parsed logs from files.
2021-06-12 17:40:04,776 INFO b.h.s.LogService Saving logs.
2021-06-12 17:40:04,776 INFO b.h.s.LogService Parsing logs from files.
2021-06-12 17:40:04,776 INFO b.h.s.LogService Finished saving logs.
2021-06-12 17:40:04,776 INFO b.h.l.LogParser Reading log file.
2021-06-12 17:40:04,776 INFO b.h.s.LogService Parsing logs from files.
2021-06-12 17:40:04,776 INFO b.h.l.LogParser Attempting to parse application logs
2021-06-12 17:40:04,776 INFO b.h.s.LogService Successfully parsed logs from files.
2021-06-12 17:40:04,777 INFO b.h.l.LogParser Attempting to parse application logs
2021-06-12 17:40:04,777 INFO b.h.l.LogParser Reading log file.
2021-06-12 17:40:04,777 INFO b.h.s.LogService Saving logs.
2021-06-12 17:40:04,777 INFO b.h.s.LogService Finished saving logs.
2021-06-12 17:40:04,777 INFO b.h.s.LogService Parsing logs from files.
2021-06-12 17:40:04,777 INFO b.h.l.LogParser Attempting to parse keycloak logs
2021-06-12 17:40:04,777 INFO b.h.l.LogParser Attempting to parse application logs
2021-06-12 17:40:04,777 INFO b.h.l.LogParser Reading log file.
2021-06-12 17:40:04,777 INFO b.h.l.LogParser Attempting to parse keycloak logs
2021-06-12 17:40:04,778 INFO b.h.l.LogParser Reading log file.
2021-06-12 17:40:04,778 INFO b.h.l.LogParser Attempting to parse keycloak logs
2021-06-12 17:40:04,778 INFO b.h.a.DeviceController Device is attempting to save patient status.
2021-06-12 17:40:04,778 INFO b.h.l.LogParser Reading log file.
2021-06-12 17:40:04,778 INFO b.h.l.LogParser Reading log file.
2021-06-12 17:40:04,778 INFO b.h.s.LogService Successfully parsed logs from files.
2021-06-12 17:40:04,779 INFO b.h.s.LogService Saving logs.
2021-06-12 17:40:04,779 INFO b.h.l.LogParser Reading log file.
2021-06-12 17:40:04,779 INFO b.h.s.LogService Finished saving logs.
2021-06-12 17:40:04,779 INFO b.h.s.PatientService Getting patient by id 8
2021-06-12 17:40:04,779 INFO b.h.s.LogService Parsing logs from files.
2021-06-12 17:40:04,779 INFO b.h.l.LogParser Attempting to parse keycloak logs
2021-06-12 17:40:04,779 INFO b.h.l.LogParser Attempting to parse keycloak logs
2021-06-12 17:40:04,779 INFO b.h.l.LogParser Attempting to parse application logs
2021-06-12 17:40:04,779 INFO b.h.l.LogParser Attempting to parse keycloak logs
2021-06-12 17:40:04,779 INFO b.h.l.LogParser Reading log file.
2021-06-12 17:40:04,780 INFO b.h.l.LogParser Reading log file.
2021-06-12 17:40:04,780 INFO b.h.s.LogService Successfully parsed logs from files.
2021-06-12 17:40:04,780 INFO b.h.l.LogParser Reading log file.
2021-06-12 17:40:04,780 INFO b.h.s.LogService Saving logs.
2021-06-12 17:40:04,780 INFO b.h.s.LogService Finished saving logs.
2021-06-12 17:40:04,780 INFO b.h.s.LogService Successfully parsed logs from files.
2021-06-12 17:40:04,781 INFO b.h.s.LogService Parsing logs from files.
2021-06-12 17:40:04,781 INFO b.h.s.LogService Saving logs.
2021-06-12 17:40:04,781 INFO b.h.l.LogParser Attempting to parse application logs
2021-06-12 17:40:04,781 INFO b.h.s.LogService Finished saving logs.
2021-06-12 17:40:04,781 INFO b.h.l.LogParser Reading log file.
2021-06-12 17:40:04,781 INFO b.h.l.LogParser Attempting to parse keycloak logs
2021-06-12 17:40:04,781 INFO b.h.s.LogService Parsing logs from files.
2021-06-12 17:40:04,781 INFO b.h.l.LogParser Attempting to parse application logs
2021-06-12 17:40:04,781 INFO b.h.a.DeviceController Putting patient status through drools.
2021-06-12 17:40:04,782 INFO b.h.l.LogParser Reading log file.
2021-06-12 17:40:04,782 INFO b.h.l.LogParser Reading log file.
2021-06-12 17:40:04,782 INFO b.h.l.LogParser Reading log file.
2021-06-12 17:40:04,782 INFO b.h.l.LogParser Reading log file.
2021-06-12 17:40:04,783 INFO b.h.s.PatientStatusService Saving patient status bsep.hospital.model.PatientStatus@186a041
2021-06-12 17:40:04,783 INFO b.h.l.LogParser Attempting to parse keycloak logs
2021-06-12 17:40:04,782 INFO b.h.s.LogService Successfully parsed logs from files.
2021-06-12 17:40:04,783 INFO b.h.s.LogService Successfully parsed logs from files.
2021-06-12 17:40:04,783 INFO b.h.s.LogService Successfully parsed logs from files.
2021-06-12 17:40:04,783 INFO b.h.s.LogService Saving logs.
2021-06-12 17:40:04,783 INFO b.h.s.LogService Saving logs.
2021-06-12 17:40:04,783 INFO b.h.s.LogService Finished saving logs.
2021-06-12 17:40:04,783 INFO b.h.s.LogService Saving logs.
2021-06-12 17:40:04,783 INFO b.h.s.LogService Finished saving logs.
2021-06-12 17:40:04,783 INFO b.h.l.LogParser Attempting to parse keycloak logs
2021-06-12 17:40:04,783 INFO b.h.s.LogService Finished saving logs.
2021-06-12 17:40:04,783 INFO b.h.l.LogParser Reading log file.
2021-06-12 17:40:04,784 INFO b.h.s.LogService Parsing logs from files.
2021-06-12 17:40:04,783 INFO b.h.s.LogService Parsing logs from files.
2021-06-12 17:40:04,784 INFO b.h.l.LogParser Attempting to parse application logs
2021-06-12 17:40:04,783 INFO b.h.s.LogService Parsing logs from files.
2021-06-12 17:40:04,784 INFO b.h.s.LogService Successfully parsed logs from files.
2021-06-12 17:40:04,784 INFO b.h.l.LogParser Attempting to parse application logs
2021-06-12 17:40:04,785 INFO b.h.s.LogService Saving logs.
2021-06-12 17:40:04,785 INFO b.h.s.LogService Finished saving logs.
2021-06-12 17:40:04,784 INFO b.h.l.LogParser Attempting to parse application logs
2021-06-12 17:40:04,785 INFO b.h.s.LogService Parsing logs from files.
2021-06-12 17:40:04,785 INFO b.h.l.LogParser Attempting to parse application logs
2021-06-12 17:40:04,785 INFO b.h.l.LogParser Reading log file.
2021-06-12 17:40:04,785 INFO b.h.l.LogParser Reading log file.
2021-06-12 17:40:04,786 INFO b.h.a.DeviceController Successfully saved patient status.
2021-06-12 17:40:04,786 INFO b.h.s.LogService Successfully parsed logs from files.
2021-06-12 17:40:04,786 INFO b.h.s.LogService Saving logs.
2021-06-12 17:40:04,786 INFO b.h.s.LogService Finished saving logs.
2021-06-12 17:40:04,786 INFO b.h.l.LogParser Attempting to parse keycloak logs
2021-06-12 17:40:04,787 INFO b.h.s.LogService Parsing logs from files.
2021-06-12 17:40:04,787 INFO b.h.l.LogParser Reading log file.
2021-06-12 17:40:04,787 INFO b.h.l.LogParser Attempting to parse application logs
2021-06-12 17:40:04,787 INFO b.h.l.LogParser Reading log file.
2021-06-12 17:40:04,788 INFO b.h.l.LogParser Attempting to parse keycloak logs
2021-06-12 17:40:04,788 INFO b.h.l.LogParser Reading log file.
2021-06-12 17:40:04,788 INFO b.h.l.LogParser Reading log file.
2021-06-12 17:40:04,789 INFO b.h.s.LogService Successfully parsed logs from files.
2021-06-12 17:40:04,789 INFO b.h.s.LogService Successfully parsed logs from files.
2021-06-12 17:40:04,789 INFO b.h.l.LogParser Reading log file.
2021-06-12 17:40:04,789 INFO b.h.s.LogService Saving logs.
2021-06-12 17:40:04,789 INFO b.h.l.LogParser Attempting to parse keycloak logs
2021-06-12 17:40:04,789 INFO b.h.s.LogService Finished saving logs.
2021-06-12 17:40:04,789 INFO b.h.s.LogService Successfully parsed logs from files.
2021-06-12 17:40:04,790 INFO b.h.l.LogParser Reading log file.
2021-06-12 17:40:04,790 INFO b.h.s.LogService Saving logs.
2021-06-12 17:40:04,790 INFO b.h.s.LogService Finished saving logs.
2021-06-12 17:40:04,790 INFO b.h.s.LogService Parsing logs from files.
2021-06-12 17:40:04,790 INFO b.h.l.LogParser Attempting to parse application logs
2021-06-12 17:40:04,790 INFO b.h.s.LogService Parsing logs from files.
2021-06-12 17:40:04,790 INFO b.h.l.LogParser Reading log file.
2021-06-12 17:40:04,790 INFO b.h.l.LogParser Reading log file.
2021-06-12 17:40:04,791 INFO b.h.l.LogParser Attempting to parse keycloak logs
2021-06-12 17:40:04,791 INFO b.h.s.LogService Successfully parsed logs from files.
2021-06-12 17:40:04,791 INFO b.h.s.LogService Saving logs.
2021-06-12 17:40:04,789 INFO b.h.s.LogService Saving logs.
2021-06-12 17:40:04,791 INFO b.h.s.LogService Finished saving logs.
2021-06-12 17:40:04,791 INFO b.h.s.LogService Finished saving logs.
2021-06-12 17:40:04,791 INFO b.h.l.LogParser Reading log file.
2021-06-12 17:40:04,791 INFO b.h.s.LogService Parsing logs from files.
2021-06-12 17:40:04,792 INFO b.h.s.LogService Parsing logs from files.
2021-06-12 17:40:04,792 INFO b.h.l.LogParser Attempting to parse application logs
2021-06-12 17:40:04,792 INFO b.h.l.LogParser Attempting to parse application logs
2021-06-12 17:40:04,792 INFO b.h.l.LogParser Attempting to parse keycloak logs
2021-06-12 17:40:04,792 INFO b.h.l.LogParser Attempting to parse keycloak logs
2021-06-12 17:40:04,792 INFO b.h.l.LogParser Attempting to parse application logs
2021-06-12 17:40:04,793 INFO b.h.l.LogParser Reading log file.
2021-06-12 17:40:04,793 INFO b.h.l.LogParser Reading log file.
2021-06-12 17:40:04,793 INFO b.h.s.LogService Successfully parsed logs from files.
2021-06-12 17:40:04,794 INFO b.h.l.LogParser Reading log file.
2021-06-12 17:40:04,793 INFO b.h.l.LogParser Reading log file.
2021-06-12 17:40:04,794 INFO b.h.l.LogParser Reading log file.
2021-06-12 17:40:04,794 INFO b.h.s.LogService Saving logs.
2021-06-12 17:40:04,794 INFO b.h.l.LogParser Attempting to parse keycloak logs
2021-06-12 17:40:04,794 INFO b.h.s.LogService Successfully parsed logs from files.
2021-06-12 17:40:04,794 INFO b.h.l.LogParser Reading log file.
2021-06-12 17:40:04,794 INFO b.h.s.LogService Successfully parsed logs from files.
2021-06-12 17:40:04,794 INFO b.h.s.LogService Saving logs.
2021-06-12 17:40:04,794 INFO b.h.s.LogService Finished saving logs.
2021-06-12 17:40:04,795 INFO b.h.s.LogService Saving logs.
2021-06-12 17:40:04,795 INFO b.h.s.LogService Parsing logs from files.
2021-06-12 17:40:04,795 INFO b.h.l.LogParser Attempting to parse application logs
2021-06-12 17:40:04,795 INFO b.h.l.LogParser Attempting to parse keycloak logs
2021-06-12 17:40:04,795 INFO b.h.l.LogParser Reading log file.
2021-06-12 17:40:04,795 INFO b.h.l.LogParser Attempting to parse keycloak logs
2021-06-12 17:40:04,796 INFO b.h.s.LogService Successfully parsed logs from files.
2021-06-12 17:40:04,796 INFO b.h.s.LogService Finished saving logs.
2021-06-12 17:40:04,796 INFO b.h.l.LogParser Reading log file.
2021-06-12 17:40:04,796 INFO b.h.s.LogService Parsing logs from files.
2021-06-12 17:40:04,796 INFO b.h.s.LogService Saving logs.
2021-06-12 17:40:04,796 INFO b.h.l.LogParser Attempting to parse application logs
2021-06-12 17:40:04,796 INFO b.h.s.LogService Successfully parsed logs from files.
2021-06-12 17:40:04,796 INFO b.h.l.LogParser Reading log file.
2021-06-12 17:40:04,796 INFO b.h.s.LogService Saving logs.
2021-06-12 17:40:04,797 INFO b.h.l.LogParser Reading log file.
2021-06-12 17:40:04,797 INFO b.h.s.LogService Successfully parsed logs from files.
2021-06-12 17:40:04,797 INFO b.h.s.LogService Finished saving logs.
2021-06-12 17:40:04,797 INFO b.h.s.LogService Saving logs.
2021-06-12 17:40:04,797 INFO b.h.s.LogService Parsing logs from files.
2021-06-12 17:40:04,797 INFO b.h.l.LogParser Attempting to parse application logs
2021-06-12 17:40:04,798 INFO b.h.l.LogParser Attempting to parse keycloak logs
2021-06-12 17:40:04,798 INFO b.h.l.LogParser Reading log file.
2021-06-12 17:40:04,798 INFO b.h.l.LogParser Reading log file.
2021-06-12 17:40:04,799 INFO b.h.l.LogParser Attempting to parse keycloak logs
2021-06-12 17:40:04,799 INFO b.h.l.LogParser Attempting to parse keycloak logs
2021-06-12 17:40:04,799 INFO b.h.l.LogParser Reading log file.
2021-06-12 17:40:04,800 INFO b.h.l.LogParser Reading log file.
2021-06-12 17:40:04,800 INFO b.h.s.LogService Successfully parsed logs from files.
2021-06-12 17:40:04,800 INFO b.h.s.LogService Finished saving logs.
2021-06-12 17:40:04,800 INFO b.h.s.LogService Finished saving logs.
2021-06-12 17:40:04,800 INFO b.h.l.LogParser Reading log file.
2021-06-12 17:40:04,800 INFO b.h.s.LogService Saving logs.
2021-06-12 17:40:04,800 INFO b.h.s.LogService Parsing logs from files.
2021-06-12 17:40:04,800 INFO b.h.s.LogService Successfully parsed logs from files.
2021-06-12 17:40:04,800 INFO b.h.s.LogService Parsing logs from files.
2021-06-12 17:40:04,801 INFO b.h.l.LogParser Attempting to parse application logs
2021-06-12 17:40:04,801 INFO b.h.s.LogService Saving logs.
2021-06-12 17:40:04,801 INFO b.h.l.LogParser Attempting to parse application logs
2021-06-12 17:40:04,801 INFO b.h.s.LogService Finished saving logs.
2021-06-12 17:40:04,801 INFO b.h.s.LogService Successfully parsed logs from files.
2021-06-12 17:40:04,801 INFO b.h.s.LogService Saving logs.
2021-06-12 17:40:04,801 INFO b.h.s.LogService Parsing logs from files.
2021-06-12 17:40:04,801 INFO b.h.s.LogService Finished saving logs.
2021-06-12 17:40:04,801 INFO b.h.l.LogParser Attempting to parse application logs
2021-06-12 17:40:04,801 INFO b.h.s.LogService Parsing logs from files.
2021-06-12 17:40:04,801 INFO b.h.l.LogParser Attempting to parse application logs
2021-06-12 17:40:04,801 INFO b.h.l.LogParser Reading log file.
2021-06-12 17:40:04,802 INFO b.h.l.LogParser Reading log file.
2021-06-12 17:40:04,802 INFO b.h.l.LogParser Attempting to parse keycloak logs
2021-06-12 17:40:04,802 INFO b.h.l.LogParser Reading log file.
2021-06-12 17:40:04,803 INFO b.h.l.LogParser Attempting to parse keycloak logs
2021-06-12 17:40:04,803 INFO b.h.l.LogParser Reading log file.
2021-06-12 17:40:04,803 INFO b.h.l.LogParser Attempting to parse keycloak logs
2021-06-12 17:40:04,803 INFO b.h.l.LogParser Reading log file.
2021-06-12 17:40:04,804 INFO b.h.s.LogService Successfully parsed logs from files.
2021-06-12 17:40:04,804 INFO b.h.l.LogParser Reading log file.
2021-06-12 17:40:04,804 INFO b.h.s.LogService Saving logs.
2021-06-12 17:40:04,804 INFO b.h.s.LogService Finished saving logs.
2021-06-12 17:40:04,804 INFO b.h.s.LogService Successfully parsed logs from files.
2021-06-12 17:40:04,804 INFO b.h.l.LogParser Reading log file.
2021-06-12 17:40:04,804 INFO b.h.s.LogService Parsing logs from files.
2021-06-12 17:40:04,804 INFO b.h.s.LogService Saving logs.
2021-06-12 17:40:04,804 INFO b.h.l.LogParser Attempting to parse application logs
2021-06-12 17:40:04,804 INFO b.h.s.LogService Finished saving logs.
2021-06-12 17:40:04,805 INFO b.h.s.LogService Parsing logs from files.
2021-06-12 17:40:04,805 INFO b.h.s.LogService Successfully parsed logs from files.
2021-06-12 17:40:04,805 INFO b.h.l.LogParser Attempting to parse application logs
2021-06-12 17:40:04,805 INFO b.h.s.LogService Saving logs.
2021-06-12 17:40:04,805 INFO b.h.s.LogService Finished saving logs.
2021-06-12 17:40:04,805 INFO b.h.s.LogService Parsing logs from files.
2021-06-12 17:40:04,805 INFO b.h.l.LogParser Attempting to parse keycloak logs
2021-06-12 17:40:04,805 INFO b.h.l.LogParser Attempting to parse application logs
2021-06-12 17:40:04,805 INFO b.h.l.LogParser Reading log file.
2021-06-12 17:40:04,806 INFO b.h.l.LogParser Reading log file.
2021-06-12 17:40:04,806 INFO b.h.s.LogService Finished saving logs.
2021-06-12 17:40:04,806 INFO b.h.s.LogService Parsing logs from files.
2021-06-12 17:40:04,806 INFO b.h.l.LogParser Reading log file.
2021-06-12 17:40:04,806 INFO b.h.l.LogParser Attempting to parse keycloak logs
2021-06-12 17:40:04,806 INFO b.h.l.LogParser Attempting to parse application logs
2021-06-12 17:40:04,807 INFO b.h.l.LogParser Attempting to parse keycloak logs
2021-06-12 17:40:04,807 INFO b.h.l.LogParser Attempting to parse keycloak logs
2021-06-12 17:40:04,807 INFO b.h.l.LogParser Reading log file.
2021-06-12 17:40:04,808 INFO b.h.l.LogParser Reading log file.
2021-06-12 17:40:04,808 INFO b.h.l.LogParser Attempting to parse keycloak logs
2021-06-12 17:40:04,809 INFO b.h.l.LogParser Reading log file.
2021-06-12 17:40:04,809 INFO b.h.s.LogService Successfully parsed logs from files.
2021-06-12 17:40:04,809 INFO b.h.l.LogParser Reading log file.
2021-06-12 17:40:04,809 INFO b.h.s.LogService Successfully parsed logs from files.
2021-06-12 17:40:04,809 INFO b.h.s.LogService Saving logs.
2021-06-12 17:40:04,809 INFO b.h.s.LogService Saving logs.
2021-06-12 17:40:04,809 INFO b.h.l.LogParser Reading log file.
2021-06-12 17:40:04,810 INFO b.h.s.LogService Successfully parsed logs from files.
2021-06-12 17:40:04,810 INFO b.h.s.LogService Saving logs.
2021-06-12 17:40:04,810 INFO b.h.l.LogParser Reading log file.
2021-06-12 17:40:04,810 INFO b.h.s.LogService Successfully parsed logs from files.
2021-06-12 17:40:04,810 INFO b.h.a.DeviceController Device is attempting to save patient status.
2021-06-12 17:40:04,810 INFO b.h.s.LogService Finished saving logs.
2021-06-12 17:40:04,810 INFO b.h.s.LogService Saving logs.
2021-06-12 17:40:04,810 INFO b.h.s.LogService Successfully parsed logs from files.
2021-06-12 17:40:04,810 INFO b.h.s.LogService Parsing logs from files.
2021-06-12 17:40:04,810 INFO b.h.s.LogService Saving logs.
2021-06-12 17:40:04,810 INFO b.h.l.LogParser Attempting to parse application logs
2021-06-12 17:40:04,811 INFO b.h.s.PatientService Getting patient by id 4
2021-06-12 17:40:04,813 INFO b.h.l.LogParser Reading log file.
2021-06-12 17:40:04,813 INFO b.h.s.LogService Finished saving logs.
2021-06-12 17:40:04,813 INFO b.h.s.LogService Parsing logs from files.
2021-06-12 17:40:04,813 INFO b.h.l.LogParser Attempting to parse application logs
2021-06-12 17:40:04,814 INFO b.h.a.DeviceController Putting patient status through drools.
2021-06-12 17:40:04,814 INFO b.h.s.LogService Finished saving logs.
2021-06-12 17:40:04,814 INFO b.h.l.LogParser Reading log file.
2021-06-12 17:40:04,814 INFO b.h.s.LogService Parsing logs from files.
2021-06-12 17:40:04,814 INFO b.h.s.PatientStatusService Saving patient status bsep.hospital.model.PatientStatus@10dfd0ed
2021-06-12 17:40:04,814 INFO b.h.l.LogParser Attempting to parse application logs
2021-06-12 17:40:04,815 INFO b.h.s.LogService Finished saving logs.
2021-06-12 17:40:04,815 INFO b.h.l.LogParser Attempting to parse keycloak logs
2021-06-12 17:40:04,815 INFO b.h.s.LogService Parsing logs from files.
2021-06-12 17:40:04,815 INFO b.h.s.LogService Finished saving logs.
2021-06-12 17:40:04,815 INFO b.h.l.LogParser Attempting to parse application logs
2021-06-12 17:40:04,815 INFO b.h.l.LogParser Attempting to parse keycloak logs
2021-06-12 17:40:04,816 INFO b.h.s.LogService Finished saving logs.
2021-06-12 17:40:04,816 INFO b.h.l.LogParser Reading log file.
2021-06-12 17:40:04,816 INFO b.h.l.LogParser Reading log file.
2021-06-12 17:40:04,816 INFO b.h.l.LogParser Reading log file.
2021-06-12 17:40:04,816 INFO b.h.l.LogParser Reading log file.
2021-06-12 17:40:04,816 INFO b.h.s.LogService Successfully parsed logs from files.
2021-06-12 17:40:04,816 INFO b.h.s.LogService Finished saving logs.
2021-06-12 17:40:04,816 INFO b.h.s.LogService Finished saving logs.
2021-06-12 17:40:04,816 INFO b.h.s.LogService Saving logs.
2021-06-12 17:40:04,817 INFO b.h.s.LogService Successfully parsed logs from files.
2021-06-12 17:40:04,817 INFO b.h.s.LogService Saving logs.
2021-06-12 17:40:04,817 INFO b.h.l.LogParser Attempting to parse keycloak logs
2021-06-12 17:40:04,817 INFO b.h.l.LogParser Attempting to parse keycloak logs
2021-06-12 17:40:04,817 INFO b.h.a.DeviceController Successfully saved patient status.
2021-06-12 17:40:04,818 INFO b.h.l.LogParser Reading log file.
2021-06-12 17:40:04,818 INFO b.h.s.LogService Successfully parsed logs from files.
2021-06-12 17:40:04,818 INFO b.h.l.LogParser Reading log file.
2021-06-12 17:40:04,818 INFO b.h.s.LogService Saving logs.
2021-06-12 17:40:04,819 INFO b.h.s.LogService Successfully parsed logs from files.
2021-06-12 17:40:04,819 INFO b.h.s.LogService Saving logs.
2021-06-12 17:40:04,826 INFO b.h.s.LogService Finished saving logs.
2021-06-12 17:40:04,833 INFO b.h.s.LogService Finished saving logs.
2021-06-12 17:40:04,835 INFO b.h.s.LogService Finished saving logs.
2021-06-12 17:40:04,839 INFO b.h.a.DeviceController Device is attempting to save patient status.
2021-06-12 17:40:04,839 INFO b.h.s.PatientService Getting patient by id 1
2021-06-12 17:40:04,840 INFO b.h.s.LogService Finished saving logs.
2021-06-12 17:40:04,841 INFO b.h.a.DeviceController Putting patient status through drools.
2021-06-12 17:40:04,841 INFO b.h.s.PatientStatusService Saving patient status bsep.hospital.model.PatientStatus@f42ddd9
2021-06-12 17:40:04,843 INFO b.h.a.DeviceController Successfully saved patient status.
2021-06-12 17:40:04,856 INFO b.h.a.DeviceController Device is attempting to save patient status.
2021-06-12 17:40:04,856 INFO b.h.s.PatientService Getting patient by id 7
2021-06-12 17:40:04,858 INFO b.h.a.DeviceController Putting patient status through drools.
2021-06-12 17:40:04,859 INFO b.h.s.PatientStatusService Saving patient status bsep.hospital.model.PatientStatus@400baf1
2021-06-12 17:40:04,861 INFO b.h.a.DeviceController Successfully saved patient status.
2021-06-12 17:40:04,870 INFO b.h.a.DeviceController Device is attempting to save patient status.
2021-06-12 17:40:04,871 INFO b.h.s.PatientService Getting patient by id 5
2021-06-12 17:40:04,872 INFO b.h.a.DeviceController Putting patient status through drools.
2021-06-12 17:40:04,872 INFO b.h.s.PatientStatusService Saving patient status bsep.hospital.model.PatientStatus@7db06d8
2021-06-12 17:40:04,874 INFO b.h.a.DeviceController Successfully saved patient status.
2021-06-12 17:40:04,886 INFO b.h.a.DeviceController Device is attempting to save patient status.
2021-06-12 17:40:04,887 INFO b.h.s.PatientService Getting patient by id 6
2021-06-12 17:40:04,888 INFO b.h.a.DeviceController Putting patient status through drools.
2021-06-12 17:40:04,889 INFO b.h.s.PatientStatusService Saving patient status bsep.hospital.model.PatientStatus@cd46667
2021-06-12 17:40:04,890 INFO b.h.a.DeviceController Successfully saved patient status.
2021-06-12 17:40:04,901 INFO b.h.s.LogService Parsing logs from files.
2021-06-12 17:40:04,901 INFO b.h.l.LogParser Attempting to parse application logs
2021-06-12 17:40:04,902 INFO b.h.l.LogParser Reading log file.
2021-06-12 17:40:04,903 INFO b.h.l.LogParser Attempting to parse keycloak logs
2021-06-12 17:40:04,903 INFO b.h.a.DeviceController Device is attempting to save patient status.
2021-06-12 17:40:04,903 INFO b.h.l.LogParser Reading log file.
2021-06-12 17:40:04,903 INFO b.h.s.PatientService Getting patient by id 9
2021-06-12 17:40:04,904 INFO b.h.s.LogService Successfully parsed logs from files.
2021-06-12 17:40:04,904 INFO b.h.s.LogService Saving logs.
2021-06-12 17:40:04,904 INFO b.h.s.LogService Finished saving logs.
2021-06-12 17:40:04,905 INFO b.h.a.DeviceController Putting patient status through drools.
2021-06-12 17:40:04,905 INFO b.h.s.PatientStatusService Saving patient status bsep.hospital.model.PatientStatus@6b075011
2021-06-12 17:40:04,907 INFO b.h.a.DeviceController Successfully saved patient status.
2021-06-12 17:40:04,920 INFO b.h.a.DeviceController Device is attempting to save patient status.
2021-06-12 17:40:04,921 INFO b.h.s.PatientService Getting patient by id 6
2021-06-12 17:40:04,923 INFO b.h.a.DeviceController Putting patient status through drools.
2021-06-12 17:40:04,930 INFO b.h.s.PatientStatusService Saving patient status bsep.hospital.model.PatientStatus@7cc3f9de
2021-06-12 17:40:04,932 INFO b.h.a.DeviceController Successfully saved patient status.
2021-06-12 17:40:04,949 INFO b.h.a.DeviceController Device is attempting to save patient status.
2021-06-12 17:40:04,950 INFO b.h.s.PatientService Getting patient by id 1
2021-06-12 17:40:04,952 INFO b.h.a.DeviceController Putting patient status through drools.
2021-06-12 17:40:04,953 INFO b.h.s.PatientStatusService Saving patient status bsep.hospital.model.PatientStatus@2e5e95e7
2021-06-12 17:40:04,956 INFO b.h.a.DeviceController Successfully saved patient status.
2021-06-12 17:40:04,967 INFO b.h.a.DeviceController Device is attempting to save patient status.
2021-06-12 17:40:04,967 INFO b.h.s.PatientService Getting patient by id 2
2021-06-12 17:40:04,969 INFO b.h.a.DeviceController Putting patient status through drools.
2021-06-12 17:40:04,970 INFO b.h.s.PatientStatusService Saving patient status bsep.hospital.model.PatientStatus@5e3cf40d
2021-06-12 17:40:04,973 INFO b.h.a.DeviceController Successfully saved patient status.
2021-06-12 17:40:04,983 INFO b.h.a.DeviceController Device is attempting to save patient status.
2021-06-12 17:40:04,984 INFO b.h.s.PatientService Getting patient by id 3
2021-06-12 17:40:04,986 INFO b.h.a.DeviceController Putting patient status through drools.
2021-06-12 17:40:04,986 INFO b.h.s.PatientStatusService Saving patient status bsep.hospital.model.PatientStatus@1991934d
2021-06-12 17:40:04,988 INFO b.h.a.DeviceController Successfully saved patient status.
2021-06-12 17:40:04,997 INFO b.h.a.DeviceController Device is attempting to save patient status.
2021-06-12 17:40:04,997 INFO b.h.s.PatientService Getting patient by id 3
2021-06-12 17:40:04,999 INFO b.h.a.DeviceController Putting patient status through drools.
2021-06-12 17:40:04,999 INFO b.h.s.PatientStatusService Saving patient status bsep.hospital.model.PatientStatus@d52821c
2021-06-12 17:40:05,002 INFO b.h.a.DeviceController Successfully saved patient status.
2021-06-12 17:40:05,013 INFO b.h.a.DeviceController Device is attempting to save patient status.
2021-06-12 17:40:05,013 INFO b.h.s.PatientService Getting patient by id 3
2021-06-12 17:40:05,015 INFO b.h.a.DeviceController Putting patient status through drools.
2021-06-12 17:40:05,016 INFO b.h.s.PatientStatusService Saving patient status bsep.hospital.model.PatientStatus@5626b9fc
2021-06-12 17:40:05,018 INFO b.h.a.DeviceController Successfully saved patient status.
2021-06-12 17:40:05,028 INFO b.h.a.DeviceController Device is attempting to save patient status.
2021-06-12 17:40:05,029 INFO b.h.s.PatientService Getting patient by id 7
2021-06-12 17:40:05,030 INFO b.h.a.DeviceController Putting patient status through drools.
2021-06-12 17:40:05,031 INFO b.h.s.PatientStatusService Saving patient status bsep.hospital.model.PatientStatus@71fece9f
2021-06-12 17:40:05,032 INFO b.h.a.DeviceController Successfully saved patient status.
2021-06-12 17:40:05,043 INFO b.h.a.DeviceController Device is attempting to save patient status.
2021-06-12 17:40:05,044 INFO b.h.s.PatientService Getting patient by id 2
2021-06-12 17:40:05,045 INFO b.h.a.DeviceController Putting patient status through drools.
2021-06-12 17:40:05,046 INFO b.h.s.PatientStatusService Saving patient status bsep.hospital.model.PatientStatus@370c0764
2021-06-12 17:40:05,047 INFO b.h.a.DeviceController Successfully saved patient status.
2021-06-12 17:40:05,060 INFO b.h.a.DeviceController Device is attempting to save patient status.
2021-06-12 17:40:05,061 INFO b.h.s.PatientService Getting patient by id 10
2021-06-12 17:40:05,062 INFO b.h.a.DeviceController Putting patient status through drools.
2021-06-12 17:40:05,063 INFO b.h.s.PatientStatusService Saving patient status bsep.hospital.model.PatientStatus@711ad8ff
2021-06-12 17:40:05,065 INFO b.h.a.DeviceController Successfully saved patient status.
2021-06-12 17:40:05,081 INFO o.s.s.c.ExecutorConfigurationSupport Shutting down ExecutorService 'applicationTaskExecutor'
2021-06-12 17:40:05,082 INFO o.s.s.c.ExecutorConfigurationSupport Shutting down ExecutorService 'taskScheduler'
2021-06-12 17:40:05,088 INFO c.m.d.l.SLF4JLogger Closed connection [connectionId{localValue:2, serverValue:299}] to localhost:27017 because the pool has been closed.
2021-06-12 17:40:05,088 INFO c.m.d.l.SLF4JLogger Closed connection [connectionId{localValue:8, serverValue:305}] to localhost:27017 because the pool has been closed.
2021-06-12 17:40:05,089 INFO c.m.d.l.SLF4JLogger Closed connection [connectionId{localValue:9, serverValue:306}] to localhost:27017 because the pool has been closed.
2021-06-12 17:40:05,089 INFO c.m.d.l.SLF4JLogger Closed connection [connectionId{localValue:6, serverValue:302}] to localhost:27017 because the pool has been closed.
2021-06-12 17:40:05,090 INFO c.m.d.l.SLF4JLogger Closed connection [connectionId{localValue:4, serverValue:300}] to localhost:27017 because the pool has been closed.
2021-06-12 17:40:05,091 INFO c.m.d.l.SLF4JLogger Closed connection [connectionId{localValue:7, serverValue:304}] to localhost:27017 because the pool has been closed.
2021-06-12 17:40:05,092 INFO c.m.d.l.SLF4JLogger Closed connection [connectionId{localValue:3, serverValue:301}] to localhost:27017 because the pool has been closed.
2021-06-12 17:40:05,093 INFO c.m.d.l.SLF4JLogger Closed connection [connectionId{localValue:5, serverValue:303}] to localhost:27017 because the pool has been closed.
2021-06-12 17:40:05,095 INFO o.s.o.j.AbstractEntityManagerFactoryBean Closing JPA EntityManagerFactory for persistence unit 'default'
2021-06-12 17:40:05,095 INFO o.h.t.s.i.SchemaDropperImpl$DelayedDropActionImpl HHH000477: Starting delayed evictData of schema as part of SessionFactory shut-down'
2021-06-12 17:40:05,163 INFO c.z.h.HikariDataSource HikariPool-1 - Shutdown initiated...
2021-06-12 17:40:05,171 INFO c.z.h.HikariDataSource HikariPool-1 - Shutdown completed.
