2021-06-13 23:35:42,311 INFO o.h.v.i.u.Version HV000001: Hibernate Validator 6.1.7.Final
2021-06-13 23:35:42,395 INFO o.s.b.StartupInfoLogger Starting HospitalApplication on DESKTOP-L1TVSFT with PID 19580 (C:\Faks\BSEP\Projekat\BSEP_T17\hospital\target\classes started by Vukasin in C:\Faks\BSEP\Projekat\BSEP_T17\hospital)
2021-06-13 23:35:42,408 INFO o.s.b.SpringApplication No active profile set, falling back to default profiles: default
2021-06-13 23:35:43,493 INFO o.s.d.r.c.RepositoryConfigurationDelegate Multiple Spring Data modules found, entering strict repository configuration mode!
2021-06-13 23:35:43,498 INFO o.s.d.r.c.RepositoryConfigurationDelegate Bootstrapping Spring Data JPA repositories in DEFAULT mode.
2021-06-13 23:35:43,598 INFO o.s.d.r.c.RepositoryConfigurationExtensionSupport Spring Data JPA - Could not safely identify store assignment for repository candidate interface bsep.hospital.repository.LogRepository. If you want this repository to be a JPA repository, consider annotating your entities with one of these annotations: javax.persistence.Entity, javax.persistence.MappedSuperclass (preferred), or consider extending one of the following types with your repository: org.springframework.data.jpa.repository.JpaRepository.
2021-06-13 23:35:43,633 INFO o.s.d.r.c.RepositoryConfigurationDelegate Finished Spring Data repository scanning in 122ms. Found 4 JPA repository interfaces.
2021-06-13 23:35:43,674 INFO o.s.d.r.c.RepositoryConfigurationDelegate Multiple Spring Data modules found, entering strict repository configuration mode!
2021-06-13 23:35:43,675 INFO o.s.d.r.c.RepositoryConfigurationDelegate Bootstrapping Spring Data MongoDB repositories in DEFAULT mode.
2021-06-13 23:35:43,694 INFO o.s.d.r.c.RepositoryConfigurationExtensionSupport Spring Data MongoDB - Could not safely identify store assignment for repository candidate interface bsep.hospital.repository.AuthorityRepository. If you want this repository to be a MongoDB repository, consider annotating your entities with one of these annotations: org.springframework.data.mongodb.core.mapping.Document (preferred), or consider extending one of the following types with your repository: org.springframework.data.mongodb.repository.MongoRepository.
2021-06-13 23:35:43,696 INFO o.s.d.r.c.RepositoryConfigurationExtensionSupport Spring Data MongoDB - Could not safely identify store assignment for repository candidate interface bsep.hospital.repository.PatientRepository. If you want this repository to be a MongoDB repository, consider annotating your entities with one of these annotations: org.springframework.data.mongodb.core.mapping.Document (preferred), or consider extending one of the following types with your repository: org.springframework.data.mongodb.repository.MongoRepository.
2021-06-13 23:35:43,697 INFO o.s.d.r.c.RepositoryConfigurationExtensionSupport Spring Data MongoDB - Could not safely identify store assignment for repository candidate interface bsep.hospital.repository.PatientStatusRepository. If you want this repository to be a MongoDB repository, consider annotating your entities with one of these annotations: org.springframework.data.mongodb.core.mapping.Document (preferred), or consider extending one of the following types with your repository: org.springframework.data.mongodb.repository.MongoRepository.
2021-06-13 23:35:43,699 INFO o.s.d.r.c.RepositoryConfigurationExtensionSupport Spring Data MongoDB - Could not safely identify store assignment for repository candidate interface bsep.hospital.repository.PersonRepository. If you want this repository to be a MongoDB repository, consider annotating your entities with one of these annotations: org.springframework.data.mongodb.core.mapping.Document (preferred), or consider extending one of the following types with your repository: org.springframework.data.mongodb.repository.MongoRepository.
2021-06-13 23:35:43,712 INFO o.s.d.r.c.RepositoryConfigurationDelegate Finished Spring Data repository scanning in 36ms. Found 1 MongoDB repository interfaces.
2021-06-13 23:35:44,211 INFO o.s.c.s.PostProcessorRegistrationDelegate$BeanPostProcessorChecker Bean 'org.springframework.security.access.expression.method.DefaultMethodSecurityExpressionHandler@7f9e8421' of type [org.springframework.security.access.expression.method.DefaultMethodSecurityExpressionHandler] is not eligible for getting processed by all BeanPostProcessors (for example: not eligible for auto-proxying)
2021-06-13 23:35:44,222 INFO o.s.c.s.PostProcessorRegistrationDelegate$BeanPostProcessorChecker Bean 'methodSecurityMetadataSource' of type [org.springframework.security.access.method.DelegatingMethodSecurityMetadataSource] is not eligible for getting processed by all BeanPostProcessors (for example: not eligible for auto-proxying)
2021-06-13 23:35:44,809 INFO o.s.b.w.e.t.TomcatWebServer Tomcat initialized with port(s): 8085 (https)
2021-06-13 23:35:44,820 INFO o.a.j.l.DirectJDKLog Initializing ProtocolHandler ["https-jsse-nio-8085"]
2021-06-13 23:35:44,821 INFO o.a.j.l.DirectJDKLog Starting service [Tomcat]
2021-06-13 23:35:44,822 INFO o.a.j.l.DirectJDKLog Starting Servlet engine: [Apache Tomcat/9.0.43]
2021-06-13 23:35:45,048 INFO o.a.j.l.DirectJDKLog Initializing Spring embedded WebApplicationContext
2021-06-13 23:35:45,049 INFO o.s.b.w.s.c.ServletWebServerApplicationContext Root WebApplicationContext: initialization completed in 2580 ms
2021-06-13 23:35:45,135 WARN o.s.b.a.o.j.JpaBaseConfiguration$JpaWebConfiguration spring.jpa.open-in-view is enabled by default. Therefore, database queries may be performed during view rendering. Explicitly configure spring.jpa.open-in-view to disable this warning
2021-06-13 23:35:45,350 INFO o.h.j.i.u.LogHelper HHH000204: Processing PersistenceUnitInfo [name: default]
2021-06-13 23:35:45,427 INFO o.h.Version HHH000412: Hibernate ORM core version 5.4.28.Final
2021-06-13 23:35:45,621 INFO o.h.a.c.r.j.JavaReflectionManager HCANN000001: Hibernate Commons Annotations {5.1.2.Final}
2021-06-13 23:35:45,807 INFO c.z.h.HikariDataSource HikariPool-1 - Starting...
2021-06-13 23:35:46,111 INFO c.z.h.HikariDataSource HikariPool-1 - Start completed.
2021-06-13 23:35:46,134 INFO o.h.d.Dialect HHH000400: Using dialect: org.hibernate.dialect.PostgreSQL95Dialect
2021-06-13 23:35:47,323 INFO o.h.e.t.j.p.i.JtaPlatformInitiator HHH000490: Using JtaPlatform implementation: [org.hibernate.engine.transaction.jta.platform.internal.NoJtaPlatform]
2021-06-13 23:35:47,330 INFO o.s.o.j.AbstractEntityManagerFactoryBean Initialized JPA EntityManagerFactory for persistence unit 'default'
2021-06-13 23:35:47,986 INFO c.m.d.l.SLF4JLogger Cluster created with settings {hosts=[localhost:27017], mode=SINGLE, requiredClusterType=UNKNOWN, serverSelectionTimeout='30000 ms'}
2021-06-13 23:35:48,056 INFO c.m.d.l.SLF4JLogger Opened connection [connectionId{localValue:1, serverValue:35}] to localhost:27017
2021-06-13 23:35:48,064 INFO c.m.d.l.SLF4JLogger Monitor thread successfully connected to server with description ServerDescription{address=localhost:27017, type=STANDALONE, state=CONNECTED, ok=true, minWireVersion=0, maxWireVersion=9, maxDocumentSize=16777216, logicalSessionTimeoutMinutes=30, roundTripTimeNanos=5239200}
2021-06-13 23:35:48,689 INFO o.k.a.i.u.ServiceDiscoveryImpl Loading kie.conf from  jar:file:/C:/Users/Vukasin/.m2/repository/org/kie/kie-ci/7.17.0.Final/kie-ci-7.17.0.Final.jar!/META-INF/kie.conf in classloader jdk.internal.loader.ClassLoaders$AppClassLoader@4b85612c
2021-06-13 23:35:48,691 INFO o.k.a.i.u.ServiceDiscoveryImpl Adding Service org.kie.scanner.KieScannerFactoryServiceImpl

2021-06-13 23:35:48,699 INFO o.k.a.i.u.ServiceDiscoveryImpl Adding Service org.kie.scanner.MavenClassLoaderResolver

2021-06-13 23:35:48,700 INFO o.k.a.i.u.ServiceDiscoveryImpl Loading kie.conf from  jar:file:/C:/Users/Vukasin/.m2/repository/org/drools/drools-core/7.17.0.Final/drools-core-7.17.0.Final.jar!/META-INF/kie.conf in classloader jdk.internal.loader.ClassLoaders$AppClassLoader@4b85612c
2021-06-13 23:35:48,702 INFO o.k.a.i.u.ServiceDiscoveryImpl Adding Service org.drools.core.io.impl.ResourceFactoryServiceImpl

2021-06-13 23:35:48,705 INFO o.k.a.i.u.ServiceDiscoveryImpl Adding Service org.drools.core.marshalling.impl.MarshallerProviderImpl

2021-06-13 23:35:48,707 INFO o.k.a.i.u.ServiceDiscoveryImpl Adding Service org.drools.core.concurrent.ExecutorProviderImpl

2021-06-13 23:35:48,708 INFO o.k.a.i.u.ServiceDiscoveryImpl Loading kie.conf from  jar:file:/C:/Users/Vukasin/.m2/repository/org/drools/drools-compiler/7.17.0.Final/drools-compiler-7.17.0.Final.jar!/META-INF/kie.conf in classloader jdk.internal.loader.ClassLoaders$AppClassLoader@4b85612c
2021-06-13 23:35:48,713 INFO o.k.a.i.u.ServiceDiscoveryImpl Adding Service org.drools.compiler.kie.builder.impl.KieServicesImpl

2021-06-13 23:35:48,717 INFO o.k.a.i.u.ServiceDiscoveryImpl Adding Service org.drools.compiler.builder.impl.KnowledgeBuilderFactoryServiceImpl

2021-06-13 23:35:48,718 INFO o.k.a.i.u.ServiceDiscoveryImpl Loading kie.conf from  jar:file:/C:/Users/Vukasin/.m2/repository/org/kie/kie-internal/7.17.0.Final/kie-internal-7.17.0.Final.jar!/META-INF/kie.conf in classloader jdk.internal.loader.ClassLoaders$AppClassLoader@4b85612c
2021-06-13 23:35:48,719 INFO o.k.a.i.u.ServiceDiscoveryImpl Adding Service org.kie.internal.services.KieAssemblersImpl

2021-06-13 23:35:48,720 INFO o.k.a.i.u.ServiceDiscoveryImpl Adding Service org.kie.internal.services.KieRuntimesImpl

2021-06-13 23:35:48,722 INFO o.k.a.i.u.ServiceDiscoveryImpl Adding Service org.kie.internal.services.KieWeaversImpl

2021-06-13 23:35:48,723 INFO o.k.a.i.u.ServiceDiscoveryImpl Adding Service org.kie.internal.services.KieBeliefsImpl

2021-06-13 23:35:48,746 INFO o.d.c.k.b.i.ClasspathKieProject Found kmodule: file:/C:/Faks/BSEP/Projekat/BSEP_T17/hospital/target/classes/META-INF/kmodule.xml
2021-06-13 23:35:49,128 INFO o.d.c.k.b.i.KieRepositoryImpl KieModule was added: FileKieModule[releaseId=bsep:hospital:0.0.1-SNAPSHOT,file=C:\Faks\BSEP\Projekat\BSEP_T17\hospital\target\classes]
2021-06-13 23:35:50,497 INFO b.h.i.Initialize Executing operation Initialize
2021-06-13 23:35:50,792 INFO o.s.s.w.DefaultSecurityFilterChain Creating filter chain: any request, [org.springframework.security.web.context.request.async.WebAsyncManagerIntegrationFilter@6f9c272b, org.springframework.security.web.context.SecurityContextPersistenceFilter@1ba00c0c, org.springframework.security.web.header.HeaderWriterFilter@7ef6a063, org.springframework.web.filter.CorsFilter@6bbb3ec8, org.keycloak.adapters.springsecurity.filter.KeycloakPreAuthActionsFilter@703e5614, org.keycloak.adapters.springsecurity.filter.KeycloakAuthenticationProcessingFilter@7f9e6167, org.springframework.security.web.authentication.logout.LogoutFilter@3c5095df, org.springframework.security.web.savedrequest.RequestCacheAwareFilter@254dfd34, org.springframework.security.web.servletapi.SecurityContextHolderAwareRequestFilter@7fd8f21, org.keycloak.adapters.springsecurity.filter.KeycloakSecurityContextRequestFilter@6be1f37f, org.keycloak.adapters.springsecurity.filter.KeycloakAuthenticatedActionsFilter@69ed96e1, org.springframework.security.web.authentication.AnonymousAuthenticationFilter@64b7719f, org.springframework.security.web.session.SessionManagementFilter@34b56a5a, org.springframework.security.web.access.ExceptionTranslationFilter@32f35739, org.springframework.security.web.access.intercept.FilterSecurityInterceptor@373e09c7]
2021-06-13 23:35:51,144 INFO o.s.s.c.ExecutorConfigurationSupport Initializing ExecutorService 'taskScheduler'
2021-06-13 23:35:51,177 INFO o.a.j.l.DirectJDKLog Starting ProtocolHandler ["https-jsse-nio-8085"]
2021-06-13 23:35:51,387 INFO o.s.b.w.e.t.TomcatWebServer Tomcat started on port(s): 8085 (https) with context path ''
2021-06-13 23:35:51,397 INFO o.s.b.StartupInfoLogger Started HospitalApplication in 9.474 seconds (JVM running for 10.821)
2021-06-13 23:35:51,490 INFO c.m.d.l.SLF4JLogger Opened connection [connectionId{localValue:2, serverValue:36}] to localhost:27017
2021-06-13 23:36:01,823 ERROR o.a.j.l.DirectJDKLog Exception Processing /user
java.lang.NoClassDefFoundError: java/security/acl/Group
	at org.keycloak.adapters.tomcat.KeycloakAuthenticatorValve.createPrincipalFactory(KeycloakAuthenticatorValve.java:96) ~[spring-boot-container-bundle-11.0.2.jar:11.0.2]
	at org.keycloak.adapters.tomcat.AbstractKeycloakAuthenticatorValve.createSessionTokenStore(AbstractKeycloakAuthenticatorValve.java:262) ~[spring-boot-container-bundle-11.0.2.jar:11.0.2]
	at org.keycloak.adapters.tomcat.AbstractKeycloakAuthenticatorValve.getTokenStore(AbstractKeycloakAuthenticatorValve.java:251) ~[spring-boot-container-bundle-11.0.2.jar:11.0.2]
	at org.keycloak.adapters.tomcat.KeycloakAuthenticatorValve.getTokenStore(KeycloakAuthenticatorValve.java:106) ~[spring-boot-container-bundle-11.0.2.jar:11.0.2]
	at org.keycloak.adapters.tomcat.AbstractKeycloakAuthenticatorValve.checkKeycloakSession(AbstractKeycloakAuthenticatorValve.java:228) ~[spring-boot-container-bundle-11.0.2.jar:11.0.2]
	at org.keycloak.adapters.tomcat.AbstractKeycloakAuthenticatorValve.invoke(AbstractKeycloakAuthenticatorValve.java:180) ~[spring-boot-container-bundle-11.0.2.jar:11.0.2]
	at org.apache.catalina.core.StandardHostValve.invoke(StandardHostValve.java:143) [tomcat-embed-core-9.0.43.jar:9.0.43]
	at org.apache.catalina.valves.ErrorReportValve.invoke(ErrorReportValve.java:92) [tomcat-embed-core-9.0.43.jar:9.0.43]
	at org.apache.catalina.core.StandardEngineValve.invoke(StandardEngineValve.java:78) [tomcat-embed-core-9.0.43.jar:9.0.43]
	at org.apache.catalina.connector.CoyoteAdapter.service(CoyoteAdapter.java:346) [tomcat-embed-core-9.0.43.jar:9.0.43]
	at org.apache.coyote.http11.Http11Processor.service(Http11Processor.java:374) [tomcat-embed-core-9.0.43.jar:9.0.43]
	at org.apache.coyote.AbstractProcessorLight.process(AbstractProcessorLight.java:65) [tomcat-embed-core-9.0.43.jar:9.0.43]
	at org.apache.coyote.AbstractProtocol$ConnectionHandler.process(AbstractProtocol.java:887) [tomcat-embed-core-9.0.43.jar:9.0.43]
	at org.apache.tomcat.util.net.NioEndpoint$SocketProcessor.doRun(NioEndpoint.java:1684) [tomcat-embed-core-9.0.43.jar:9.0.43]
	at org.apache.tomcat.util.net.SocketProcessorBase.run(SocketProcessorBase.java:49) [tomcat-embed-core-9.0.43.jar:9.0.43]
	at java.util.concurrent.ThreadPoolExecutor.runWorker(ThreadPoolExecutor.java:1130) [?:?]
	at java.util.concurrent.ThreadPoolExecutor$Worker.run(ThreadPoolExecutor.java:630) [?:?]
	at org.apache.tomcat.util.threads.TaskThread$WrappingRunnable.run(TaskThread.java:61) [tomcat-embed-core-9.0.43.jar:9.0.43]
	at java.lang.Thread.run(Thread.java:832) [?:?]
Caused by: java.lang.ClassNotFoundException: java.security.acl.Group
	at jdk.internal.loader.BuiltinClassLoader.loadClass(BuiltinClassLoader.java:606) ~[?:?]
	at jdk.internal.loader.ClassLoaders$AppClassLoader.loadClass(ClassLoaders.java:168) ~[?:?]
	at java.lang.ClassLoader.loadClass(ClassLoader.java:522) ~[?:?]
	... 19 more
2021-06-13 23:36:01,841 INFO o.a.j.l.DirectJDKLog Initializing Spring DispatcherServlet 'dispatcherServlet'
2021-06-13 23:36:01,841 INFO o.s.w.s.FrameworkServlet Initializing Servlet 'dispatcherServlet'
2021-06-13 23:36:01,854 INFO o.s.w.s.FrameworkServlet Completed initialization in 12 ms
2021-06-13 23:36:02,018 WARN o.k.a.KeycloakDeployment Failed to load URLs from https://localhost:8443/auth/realms/hospital-portal/.well-known/openid-configuration
javax.net.ssl.SSLHandshakeException: PKIX path building failed: sun.security.provider.certpath.SunCertPathBuilderException: unable to find valid certification path to requested target
	at sun.security.ssl.Alert.createSSLException(Alert.java:131) ~[?:?]
	at sun.security.ssl.TransportContext.fatal(TransportContext.java:369) ~[?:?]
	at sun.security.ssl.TransportContext.fatal(TransportContext.java:312) ~[?:?]
	at sun.security.ssl.TransportContext.fatal(TransportContext.java:307) ~[?:?]
	at sun.security.ssl.CertificateMessage$T12CertificateConsumer.checkServerCerts(CertificateMessage.java:654) ~[?:?]
	at sun.security.ssl.CertificateMessage$T12CertificateConsumer.onCertificate(CertificateMessage.java:473) ~[?:?]
	at sun.security.ssl.CertificateMessage$T12CertificateConsumer.consume(CertificateMessage.java:369) ~[?:?]
	at sun.security.ssl.SSLHandshake.consume(SSLHandshake.java:396) ~[?:?]
	at sun.security.ssl.HandshakeContext.dispatch(HandshakeContext.java:480) ~[?:?]
	at sun.security.ssl.HandshakeContext.dispatch(HandshakeContext.java:458) ~[?:?]
	at sun.security.ssl.TransportContext.dispatch(TransportContext.java:199) ~[?:?]
	at sun.security.ssl.SSLTransport.decode(SSLTransport.java:171) ~[?:?]
	at sun.security.ssl.SSLSocketImpl.decode(SSLSocketImpl.java:1488) ~[?:?]
	at sun.security.ssl.SSLSocketImpl.readHandshakeRecord(SSLSocketImpl.java:1394) ~[?:?]
	at sun.security.ssl.SSLSocketImpl.startHandshake(SSLSocketImpl.java:441) ~[?:?]
	at sun.security.ssl.SSLSocketImpl.startHandshake(SSLSocketImpl.java:412) ~[?:?]
	at org.apache.http.conn.ssl.SSLSocketFactory.createLayeredSocket(SSLSocketFactory.java:570) ~[httpclient-4.5.13.jar:4.5.13]
	at org.keycloak.adapters.SniSSLSocketFactory.createLayeredSocket(SniSSLSocketFactory.java:119) ~[keycloak-adapter-core-11.0.2.jar:11.0.2]
	at org.apache.http.conn.ssl.SSLSocketFactory.connectSocket(SSLSocketFactory.java:554) ~[httpclient-4.5.13.jar:4.5.13]
	at org.keycloak.adapters.SniSSLSocketFactory.connectSocket(SniSSLSocketFactory.java:114) ~[keycloak-adapter-core-11.0.2.jar:11.0.2]
	at org.apache.http.conn.ssl.SSLSocketFactory.connectSocket(SSLSocketFactory.java:415) ~[httpclient-4.5.13.jar:4.5.13]
	at org.apache.http.impl.conn.DefaultClientConnectionOperator.openConnection(DefaultClientConnectionOperator.java:180) ~[httpclient-4.5.13.jar:4.5.13]
	at org.apache.http.impl.conn.AbstractPoolEntry.open(AbstractPoolEntry.java:144) ~[httpclient-4.5.13.jar:4.5.13]
	at org.apache.http.impl.conn.AbstractPooledConnAdapter.open(AbstractPooledConnAdapter.java:134) ~[httpclient-4.5.13.jar:4.5.13]
	at org.apache.http.impl.client.DefaultRequestDirector.tryConnect(DefaultRequestDirector.java:605) ~[httpclient-4.5.13.jar:4.5.13]
	at org.apache.http.impl.client.DefaultRequestDirector.execute(DefaultRequestDirector.java:440) ~[httpclient-4.5.13.jar:4.5.13]
	at org.apache.http.impl.client.AbstractHttpClient.doExecute(AbstractHttpClient.java:835) ~[httpclient-4.5.13.jar:4.5.13]
	at org.apache.http.impl.client.CloseableHttpClient.execute(CloseableHttpClient.java:83) ~[httpclient-4.5.13.jar:4.5.13]
	at org.apache.http.impl.client.CloseableHttpClient.execute(CloseableHttpClient.java:108) ~[httpclient-4.5.13.jar:4.5.13]
	at org.apache.http.impl.client.CloseableHttpClient.execute(CloseableHttpClient.java:56) ~[httpclient-4.5.13.jar:4.5.13]
	at org.keycloak.adapters.KeycloakDeployment.getOidcConfiguration(KeycloakDeployment.java:219) ~[keycloak-adapter-core-11.0.2.jar:11.0.2]
	at org.keycloak.adapters.KeycloakDeployment.resolveUrls(KeycloakDeployment.java:178) [keycloak-adapter-core-11.0.2.jar:11.0.2]
	at org.keycloak.adapters.KeycloakDeployment.getRealmInfoUrl(KeycloakDeployment.java:232) [keycloak-adapter-core-11.0.2.jar:11.0.2]
	at org.keycloak.adapters.rotation.AdapterTokenVerifier.createVerifier(AdapterTokenVerifier.java:107) [keycloak-adapter-core-11.0.2.jar:11.0.2]
	at org.keycloak.adapters.rotation.AdapterTokenVerifier.verifyToken(AdapterTokenVerifier.java:47) [keycloak-adapter-core-11.0.2.jar:11.0.2]
	at org.keycloak.adapters.BearerTokenRequestAuthenticator.authenticateToken(BearerTokenRequestAuthenticator.java:103) [keycloak-adapter-core-11.0.2.jar:11.0.2]
	at org.keycloak.adapters.BearerTokenRequestAuthenticator.authenticate(BearerTokenRequestAuthenticator.java:88) [keycloak-adapter-core-11.0.2.jar:11.0.2]
	at org.keycloak.adapters.RequestAuthenticator.authenticate(RequestAuthenticator.java:67) [keycloak-adapter-core-11.0.2.jar:11.0.2]
	at org.keycloak.adapters.springsecurity.filter.KeycloakAuthenticationProcessingFilter.attemptAuthentication(KeycloakAuthenticationProcessingFilter.java:154) [keycloak-spring-security-adapter-11.0.2.jar:11.0.2]
	at org.springframework.security.web.authentication.AbstractAuthenticationProcessingFilter.doFilter(AbstractAuthenticationProcessingFilter.java:212) [spring-security-web-5.3.8.RELEASE.jar:5.3.8.RELEASE]
	at org.springframework.security.web.FilterChainProxy$VirtualFilterChain.doFilter(FilterChainProxy.java:334) [spring-security-web-5.3.8.RELEASE.jar:5.3.8.RELEASE]
	at org.keycloak.adapters.springsecurity.filter.KeycloakPreAuthActionsFilter.doFilter(KeycloakPreAuthActionsFilter.java:96) [keycloak-spring-security-adapter-11.0.2.jar:11.0.2]
	at org.springframework.security.web.FilterChainProxy$VirtualFilterChain.doFilter(FilterChainProxy.java:334) [spring-security-web-5.3.8.RELEASE.jar:5.3.8.RELEASE]
	at org.springframework.web.filter.OncePerRequestFilter.doFilter(OncePerRequestFilter.java:103) [spring-web-5.2.13.RELEASE.jar:5.2.13.RELEASE]
	at org.springframework.security.web.FilterChainProxy$VirtualFilterChain.doFilter(FilterChainProxy.java:334) [spring-security-web-5.3.8.RELEASE.jar:5.3.8.RELEASE]
	at org.springframework.web.filter.OncePerRequestFilter.doFilter(OncePerRequestFilter.java:103) [spring-web-5.2.13.RELEASE.jar:5.2.13.RELEASE]
	at org.springframework.security.web.FilterChainProxy$VirtualFilterChain.doFilter(FilterChainProxy.java:334) [spring-security-web-5.3.8.RELEASE.jar:5.3.8.RELEASE]
	at org.springframework.security.web.context.SecurityContextPersistenceFilter.doFilter(SecurityContextPersistenceFilter.java:105) [spring-security-web-5.3.8.RELEASE.jar:5.3.8.RELEASE]
	at org.springframework.security.web.FilterChainProxy$VirtualFilterChain.doFilter(FilterChainProxy.java:334) [spring-security-web-5.3.8.RELEASE.jar:5.3.8.RELEASE]
	at org.springframework.web.filter.OncePerRequestFilter.doFilter(OncePerRequestFilter.java:103) [spring-web-5.2.13.RELEASE.jar:5.2.13.RELEASE]
	at org.springframework.security.web.FilterChainProxy$VirtualFilterChain.doFilter(FilterChainProxy.java:334) [spring-security-web-5.3.8.RELEASE.jar:5.3.8.RELEASE]
	at org.springframework.security.web.FilterChainProxy.doFilterInternal(FilterChainProxy.java:215) [spring-security-web-5.3.8.RELEASE.jar:5.3.8.RELEASE]
	at org.springframework.security.web.FilterChainProxy.doFilter(FilterChainProxy.java:178) [spring-security-web-5.3.8.RELEASE.jar:5.3.8.RELEASE]
	at org.springframework.web.filter.DelegatingFilterProxy.invokeDelegate(DelegatingFilterProxy.java:358) [spring-web-5.2.13.RELEASE.jar:5.2.13.RELEASE]
	at org.springframework.web.filter.DelegatingFilterProxy.doFilter(DelegatingFilterProxy.java:271) [spring-web-5.2.13.RELEASE.jar:5.2.13.RELEASE]
	at org.apache.catalina.core.ApplicationFilterChain.internalDoFilter(ApplicationFilterChain.java:189) [tomcat-embed-core-9.0.43.jar:9.0.43]
	at org.apache.catalina.core.ApplicationFilterChain.doFilter(ApplicationFilterChain.java:162) [tomcat-embed-core-9.0.43.jar:9.0.43]
	at org.springframework.web.filter.OncePerRequestFilter.doFilter(OncePerRequestFilter.java:103) [spring-web-5.2.13.RELEASE.jar:5.2.13.RELEASE]
	at org.apache.catalina.core.ApplicationFilterChain.internalDoFilter(ApplicationFilterChain.java:189) [tomcat-embed-core-9.0.43.jar:9.0.43]
	at org.apache.catalina.core.ApplicationFilterChain.doFilter(ApplicationFilterChain.java:162) [tomcat-embed-core-9.0.43.jar:9.0.43]
	at org.apache.catalina.core.ApplicationDispatcher.invoke(ApplicationDispatcher.java:710) [tomcat-embed-core-9.0.43.jar:9.0.43]
	at org.apache.catalina.core.ApplicationDispatcher.processRequest(ApplicationDispatcher.java:459) [tomcat-embed-core-9.0.43.jar:9.0.43]
	at org.apache.catalina.core.ApplicationDispatcher.doForward(ApplicationDispatcher.java:384) [tomcat-embed-core-9.0.43.jar:9.0.43]
	at org.apache.catalina.core.ApplicationDispatcher.forward(ApplicationDispatcher.java:312) [tomcat-embed-core-9.0.43.jar:9.0.43]
	at org.apache.catalina.core.StandardHostValve.custom(StandardHostValve.java:398) [tomcat-embed-core-9.0.43.jar:9.0.43]
	at org.apache.catalina.core.StandardHostValve.status(StandardHostValve.java:257) [tomcat-embed-core-9.0.43.jar:9.0.43]
	at org.apache.catalina.core.StandardHostValve.throwable(StandardHostValve.java:352) [tomcat-embed-core-9.0.43.jar:9.0.43]
	at org.apache.catalina.core.StandardHostValve.invoke(StandardHostValve.java:152) [tomcat-embed-core-9.0.43.jar:9.0.43]
	at org.apache.catalina.valves.ErrorReportValve.invoke(ErrorReportValve.java:92) [tomcat-embed-core-9.0.43.jar:9.0.43]
	at org.apache.catalina.core.StandardEngineValve.invoke(StandardEngineValve.java:78) [tomcat-embed-core-9.0.43.jar:9.0.43]
	at org.apache.catalina.connector.CoyoteAdapter.service(CoyoteAdapter.java:346) [tomcat-embed-core-9.0.43.jar:9.0.43]
	at org.apache.coyote.http11.Http11Processor.service(Http11Processor.java:374) [tomcat-embed-core-9.0.43.jar:9.0.43]
	at org.apache.coyote.AbstractProcessorLight.process(AbstractProcessorLight.java:65) [tomcat-embed-core-9.0.43.jar:9.0.43]
	at org.apache.coyote.AbstractProtocol$ConnectionHandler.process(AbstractProtocol.java:887) [tomcat-embed-core-9.0.43.jar:9.0.43]
	at org.apache.tomcat.util.net.NioEndpoint$SocketProcessor.doRun(NioEndpoint.java:1684) [tomcat-embed-core-9.0.43.jar:9.0.43]
	at org.apache.tomcat.util.net.SocketProcessorBase.run(SocketProcessorBase.java:49) [tomcat-embed-core-9.0.43.jar:9.0.43]
	at java.util.concurrent.ThreadPoolExecutor.runWorker(ThreadPoolExecutor.java:1130) [?:?]
	at java.util.concurrent.ThreadPoolExecutor$Worker.run(ThreadPoolExecutor.java:630) [?:?]
	at org.apache.tomcat.util.threads.TaskThread$WrappingRunnable.run(TaskThread.java:61) [tomcat-embed-core-9.0.43.jar:9.0.43]
	at java.lang.Thread.run(Thread.java:832) [?:?]
Caused by: sun.security.validator.ValidatorException: PKIX path building failed: sun.security.provider.certpath.SunCertPathBuilderException: unable to find valid certification path to requested target
	at sun.security.validator.PKIXValidator.doBuild(PKIXValidator.java:439) ~[?:?]
	at sun.security.validator.PKIXValidator.engineValidate(PKIXValidator.java:306) ~[?:?]
	at sun.security.validator.Validator.validate(Validator.java:264) ~[?:?]
	at sun.security.ssl.X509TrustManagerImpl.checkTrusted(X509TrustManagerImpl.java:231) ~[?:?]
	at sun.security.ssl.X509TrustManagerImpl.checkServerTrusted(X509TrustManagerImpl.java:132) ~[?:?]
	at sun.security.ssl.CertificateMessage$T12CertificateConsumer.checkServerCerts(CertificateMessage.java:638) ~[?:?]
	... 75 more
Caused by: sun.security.provider.certpath.SunCertPathBuilderException: unable to find valid certification path to requested target
	at sun.security.provider.certpath.SunCertPathBuilder.build(SunCertPathBuilder.java:141) ~[?:?]
	at sun.security.provider.certpath.SunCertPathBuilder.engineBuild(SunCertPathBuilder.java:126) ~[?:?]
	at java.security.cert.CertPathBuilder.build(CertPathBuilder.java:297) ~[?:?]
	at sun.security.validator.PKIXValidator.doBuild(PKIXValidator.java:434) ~[?:?]
	at sun.security.validator.PKIXValidator.engineValidate(PKIXValidator.java:306) ~[?:?]
	at sun.security.validator.Validator.validate(Validator.java:264) ~[?:?]
	at sun.security.ssl.X509TrustManagerImpl.checkTrusted(X509TrustManagerImpl.java:231) ~[?:?]
	at sun.security.ssl.X509TrustManagerImpl.checkServerTrusted(X509TrustManagerImpl.java:132) ~[?:?]
	at sun.security.ssl.CertificateMessage$T12CertificateConsumer.checkServerCerts(CertificateMessage.java:638) ~[?:?]
	... 75 more
2021-06-13 23:36:02,149 WARN o.k.a.KeycloakDeployment Failed to load URLs from https://localhost:8443/auth/realms/hospital-portal/.well-known/openid-configuration
javax.net.ssl.SSLHandshakeException: PKIX path building failed: sun.security.provider.certpath.SunCertPathBuilderException: unable to find valid certification path to requested target
	at sun.security.ssl.Alert.createSSLException(Alert.java:131) ~[?:?]
	at sun.security.ssl.TransportContext.fatal(TransportContext.java:369) ~[?:?]
	at sun.security.ssl.TransportContext.fatal(TransportContext.java:312) ~[?:?]
	at sun.security.ssl.TransportContext.fatal(TransportContext.java:307) ~[?:?]
	at sun.security.ssl.CertificateMessage$T12CertificateConsumer.checkServerCerts(CertificateMessage.java:654) ~[?:?]
	at sun.security.ssl.CertificateMessage$T12CertificateConsumer.onCertificate(CertificateMessage.java:473) ~[?:?]
	at sun.security.ssl.CertificateMessage$T12CertificateConsumer.consume(CertificateMessage.java:369) ~[?:?]
	at sun.security.ssl.SSLHandshake.consume(SSLHandshake.java:396) ~[?:?]
	at sun.security.ssl.HandshakeContext.dispatch(HandshakeContext.java:480) ~[?:?]
	at sun.security.ssl.HandshakeContext.dispatch(HandshakeContext.java:458) ~[?:?]
	at sun.security.ssl.TransportContext.dispatch(TransportContext.java:199) ~[?:?]
	at sun.security.ssl.SSLTransport.decode(SSLTransport.java:171) ~[?:?]
	at sun.security.ssl.SSLSocketImpl.decode(SSLSocketImpl.java:1488) ~[?:?]
	at sun.security.ssl.SSLSocketImpl.readHandshakeRecord(SSLSocketImpl.java:1394) ~[?:?]
	at sun.security.ssl.SSLSocketImpl.startHandshake(SSLSocketImpl.java:441) ~[?:?]
	at sun.security.ssl.SSLSocketImpl.startHandshake(SSLSocketImpl.java:412) ~[?:?]
	at org.apache.http.conn.ssl.SSLSocketFactory.createLayeredSocket(SSLSocketFactory.java:570) ~[httpclient-4.5.13.jar:4.5.13]
	at org.keycloak.adapters.SniSSLSocketFactory.createLayeredSocket(SniSSLSocketFactory.java:119) ~[keycloak-adapter-core-11.0.2.jar:11.0.2]
	at org.apache.http.conn.ssl.SSLSocketFactory.connectSocket(SSLSocketFactory.java:554) ~[httpclient-4.5.13.jar:4.5.13]
	at org.keycloak.adapters.SniSSLSocketFactory.connectSocket(SniSSLSocketFactory.java:114) ~[keycloak-adapter-core-11.0.2.jar:11.0.2]
	at org.apache.http.conn.ssl.SSLSocketFactory.connectSocket(SSLSocketFactory.java:415) ~[httpclient-4.5.13.jar:4.5.13]
	at org.apache.http.impl.conn.DefaultClientConnectionOperator.openConnection(DefaultClientConnectionOperator.java:180) ~[httpclient-4.5.13.jar:4.5.13]
	at org.apache.http.impl.conn.AbstractPoolEntry.open(AbstractPoolEntry.java:144) ~[httpclient-4.5.13.jar:4.5.13]
	at org.apache.http.impl.conn.AbstractPooledConnAdapter.open(AbstractPooledConnAdapter.java:134) ~[httpclient-4.5.13.jar:4.5.13]
	at org.apache.http.impl.client.DefaultRequestDirector.tryConnect(DefaultRequestDirector.java:605) ~[httpclient-4.5.13.jar:4.5.13]
	at org.apache.http.impl.client.DefaultRequestDirector.execute(DefaultRequestDirector.java:440) ~[httpclient-4.5.13.jar:4.5.13]
	at org.apache.http.impl.client.AbstractHttpClient.doExecute(AbstractHttpClient.java:835) ~[httpclient-4.5.13.jar:4.5.13]
	at org.apache.http.impl.client.CloseableHttpClient.execute(CloseableHttpClient.java:83) ~[httpclient-4.5.13.jar:4.5.13]
	at org.apache.http.impl.client.CloseableHttpClient.execute(CloseableHttpClient.java:108) ~[httpclient-4.5.13.jar:4.5.13]
	at org.apache.http.impl.client.CloseableHttpClient.execute(CloseableHttpClient.java:56) ~[httpclient-4.5.13.jar:4.5.13]
	at org.keycloak.adapters.KeycloakDeployment.getOidcConfiguration(KeycloakDeployment.java:219) ~[keycloak-adapter-core-11.0.2.jar:11.0.2]
	at org.keycloak.adapters.KeycloakDeployment.resolveUrls(KeycloakDeployment.java:178) [keycloak-adapter-core-11.0.2.jar:11.0.2]
	at org.keycloak.adapters.KeycloakDeployment.getJwksUrl(KeycloakDeployment.java:267) [keycloak-adapter-core-11.0.2.jar:11.0.2]
	at org.keycloak.adapters.rotation.JWKPublicKeyLocator.sendRequest(JWKPublicKeyLocator.java:97) [keycloak-adapter-core-11.0.2.jar:11.0.2]
	at org.keycloak.adapters.rotation.JWKPublicKeyLocator.getPublicKey(JWKPublicKeyLocator.java:63) [keycloak-adapter-core-11.0.2.jar:11.0.2]
	at org.keycloak.adapters.rotation.AdapterTokenVerifier.getPublicKey(AdapterTokenVerifier.java:121) [keycloak-adapter-core-11.0.2.jar:11.0.2]
	at org.keycloak.adapters.rotation.AdapterTokenVerifier.createVerifier(AdapterTokenVerifier.java:111) [keycloak-adapter-core-11.0.2.jar:11.0.2]
	at org.keycloak.adapters.rotation.AdapterTokenVerifier.verifyToken(AdapterTokenVerifier.java:47) [keycloak-adapter-core-11.0.2.jar:11.0.2]
	at org.keycloak.adapters.BearerTokenRequestAuthenticator.authenticateToken(BearerTokenRequestAuthenticator.java:103) [keycloak-adapter-core-11.0.2.jar:11.0.2]
	at org.keycloak.adapters.BearerTokenRequestAuthenticator.authenticate(BearerTokenRequestAuthenticator.java:88) [keycloak-adapter-core-11.0.2.jar:11.0.2]
	at org.keycloak.adapters.RequestAuthenticator.authenticate(RequestAuthenticator.java:67) [keycloak-adapter-core-11.0.2.jar:11.0.2]
	at org.keycloak.adapters.springsecurity.filter.KeycloakAuthenticationProcessingFilter.attemptAuthentication(KeycloakAuthenticationProcessingFilter.java:154) [keycloak-spring-security-adapter-11.0.2.jar:11.0.2]
	at org.springframework.security.web.authentication.AbstractAuthenticationProcessingFilter.doFilter(AbstractAuthenticationProcessingFilter.java:212) [spring-security-web-5.3.8.RELEASE.jar:5.3.8.RELEASE]
	at org.springframework.security.web.FilterChainProxy$VirtualFilterChain.doFilter(FilterChainProxy.java:334) [spring-security-web-5.3.8.RELEASE.jar:5.3.8.RELEASE]
	at org.keycloak.adapters.springsecurity.filter.KeycloakPreAuthActionsFilter.doFilter(KeycloakPreAuthActionsFilter.java:96) [keycloak-spring-security-adapter-11.0.2.jar:11.0.2]
	at org.springframework.security.web.FilterChainProxy$VirtualFilterChain.doFilter(FilterChainProxy.java:334) [spring-security-web-5.3.8.RELEASE.jar:5.3.8.RELEASE]
	at org.springframework.web.filter.OncePerRequestFilter.doFilter(OncePerRequestFilter.java:103) [spring-web-5.2.13.RELEASE.jar:5.2.13.RELEASE]
	at org.springframework.security.web.FilterChainProxy$VirtualFilterChain.doFilter(FilterChainProxy.java:334) [spring-security-web-5.3.8.RELEASE.jar:5.3.8.RELEASE]
	at org.springframework.web.filter.OncePerRequestFilter.doFilter(OncePerRequestFilter.java:103) [spring-web-5.2.13.RELEASE.jar:5.2.13.RELEASE]
	at org.springframework.security.web.FilterChainProxy$VirtualFilterChain.doFilter(FilterChainProxy.java:334) [spring-security-web-5.3.8.RELEASE.jar:5.3.8.RELEASE]
	at org.springframework.security.web.context.SecurityContextPersistenceFilter.doFilter(SecurityContextPersistenceFilter.java:105) [spring-security-web-5.3.8.RELEASE.jar:5.3.8.RELEASE]
	at org.springframework.security.web.FilterChainProxy$VirtualFilterChain.doFilter(FilterChainProxy.java:334) [spring-security-web-5.3.8.RELEASE.jar:5.3.8.RELEASE]
	at org.springframework.web.filter.OncePerRequestFilter.doFilter(OncePerRequestFilter.java:103) [spring-web-5.2.13.RELEASE.jar:5.2.13.RELEASE]
	at org.springframework.security.web.FilterChainProxy$VirtualFilterChain.doFilter(FilterChainProxy.java:334) [spring-security-web-5.3.8.RELEASE.jar:5.3.8.RELEASE]
	at org.springframework.security.web.FilterChainProxy.doFilterInternal(FilterChainProxy.java:215) [spring-security-web-5.3.8.RELEASE.jar:5.3.8.RELEASE]
	at org.springframework.security.web.FilterChainProxy.doFilter(FilterChainProxy.java:178) [spring-security-web-5.3.8.RELEASE.jar:5.3.8.RELEASE]
	at org.springframework.web.filter.DelegatingFilterProxy.invokeDelegate(DelegatingFilterProxy.java:358) [spring-web-5.2.13.RELEASE.jar:5.2.13.RELEASE]
	at org.springframework.web.filter.DelegatingFilterProxy.doFilter(DelegatingFilterProxy.java:271) [spring-web-5.2.13.RELEASE.jar:5.2.13.RELEASE]
	at org.apache.catalina.core.ApplicationFilterChain.internalDoFilter(ApplicationFilterChain.java:189) [tomcat-embed-core-9.0.43.jar:9.0.43]
	at org.apache.catalina.core.ApplicationFilterChain.doFilter(ApplicationFilterChain.java:162) [tomcat-embed-core-9.0.43.jar:9.0.43]
	at org.springframework.web.filter.OncePerRequestFilter.doFilter(OncePerRequestFilter.java:103) [spring-web-5.2.13.RELEASE.jar:5.2.13.RELEASE]
	at org.apache.catalina.core.ApplicationFilterChain.internalDoFilter(ApplicationFilterChain.java:189) [tomcat-embed-core-9.0.43.jar:9.0.43]
	at org.apache.catalina.core.ApplicationFilterChain.doFilter(ApplicationFilterChain.java:162) [tomcat-embed-core-9.0.43.jar:9.0.43]
	at org.apache.catalina.core.ApplicationDispatcher.invoke(ApplicationDispatcher.java:710) [tomcat-embed-core-9.0.43.jar:9.0.43]
	at org.apache.catalina.core.ApplicationDispatcher.processRequest(ApplicationDispatcher.java:459) [tomcat-embed-core-9.0.43.jar:9.0.43]
	at org.apache.catalina.core.ApplicationDispatcher.doForward(ApplicationDispatcher.java:384) [tomcat-embed-core-9.0.43.jar:9.0.43]
	at org.apache.catalina.core.ApplicationDispatcher.forward(ApplicationDispatcher.java:312) [tomcat-embed-core-9.0.43.jar:9.0.43]
	at org.apache.catalina.core.StandardHostValve.custom(StandardHostValve.java:398) [tomcat-embed-core-9.0.43.jar:9.0.43]
	at org.apache.catalina.core.StandardHostValve.status(StandardHostValve.java:257) [tomcat-embed-core-9.0.43.jar:9.0.43]
	at org.apache.catalina.core.StandardHostValve.throwable(StandardHostValve.java:352) [tomcat-embed-core-9.0.43.jar:9.0.43]
	at org.apache.catalina.core.StandardHostValve.invoke(StandardHostValve.java:152) [tomcat-embed-core-9.0.43.jar:9.0.43]
	at org.apache.catalina.valves.ErrorReportValve.invoke(ErrorReportValve.java:92) [tomcat-embed-core-9.0.43.jar:9.0.43]
	at org.apache.catalina.core.StandardEngineValve.invoke(StandardEngineValve.java:78) [tomcat-embed-core-9.0.43.jar:9.0.43]
	at org.apache.catalina.connector.CoyoteAdapter.service(CoyoteAdapter.java:346) [tomcat-embed-core-9.0.43.jar:9.0.43]
	at org.apache.coyote.http11.Http11Processor.service(Http11Processor.java:374) [tomcat-embed-core-9.0.43.jar:9.0.43]
	at org.apache.coyote.AbstractProcessorLight.process(AbstractProcessorLight.java:65) [tomcat-embed-core-9.0.43.jar:9.0.43]
	at org.apache.coyote.AbstractProtocol$ConnectionHandler.process(AbstractProtocol.java:887) [tomcat-embed-core-9.0.43.jar:9.0.43]
	at org.apache.tomcat.util.net.NioEndpoint$SocketProcessor.doRun(NioEndpoint.java:1684) [tomcat-embed-core-9.0.43.jar:9.0.43]
	at org.apache.tomcat.util.net.SocketProcessorBase.run(SocketProcessorBase.java:49) [tomcat-embed-core-9.0.43.jar:9.0.43]
	at java.util.concurrent.ThreadPoolExecutor.runWorker(ThreadPoolExecutor.java:1130) [?:?]
	at java.util.concurrent.ThreadPoolExecutor$Worker.run(ThreadPoolExecutor.java:630) [?:?]
	at org.apache.tomcat.util.threads.TaskThread$WrappingRunnable.run(TaskThread.java:61) [tomcat-embed-core-9.0.43.jar:9.0.43]
	at java.lang.Thread.run(Thread.java:832) [?:?]
Caused by: sun.security.validator.ValidatorException: PKIX path building failed: sun.security.provider.certpath.SunCertPathBuilderException: unable to find valid certification path to requested target
	at sun.security.validator.PKIXValidator.doBuild(PKIXValidator.java:439) ~[?:?]
	at sun.security.validator.PKIXValidator.engineValidate(PKIXValidator.java:306) ~[?:?]
	at sun.security.validator.Validator.validate(Validator.java:264) ~[?:?]
	at sun.security.ssl.X509TrustManagerImpl.checkTrusted(X509TrustManagerImpl.java:231) ~[?:?]
	at sun.security.ssl.X509TrustManagerImpl.checkServerTrusted(X509TrustManagerImpl.java:132) ~[?:?]
	at sun.security.ssl.CertificateMessage$T12CertificateConsumer.checkServerCerts(CertificateMessage.java:638) ~[?:?]
	... 78 more
Caused by: sun.security.provider.certpath.SunCertPathBuilderException: unable to find valid certification path to requested target
	at sun.security.provider.certpath.SunCertPathBuilder.build(SunCertPathBuilder.java:141) ~[?:?]
	at sun.security.provider.certpath.SunCertPathBuilder.engineBuild(SunCertPathBuilder.java:126) ~[?:?]
	at java.security.cert.CertPathBuilder.build(CertPathBuilder.java:297) ~[?:?]
	at sun.security.validator.PKIXValidator.doBuild(PKIXValidator.java:434) ~[?:?]
	at sun.security.validator.PKIXValidator.engineValidate(PKIXValidator.java:306) ~[?:?]
	at sun.security.validator.Validator.validate(Validator.java:264) ~[?:?]
	at sun.security.ssl.X509TrustManagerImpl.checkTrusted(X509TrustManagerImpl.java:231) ~[?:?]
	at sun.security.ssl.X509TrustManagerImpl.checkServerTrusted(X509TrustManagerImpl.java:132) ~[?:?]
	at sun.security.ssl.CertificateMessage$T12CertificateConsumer.checkServerCerts(CertificateMessage.java:638) ~[?:?]
	... 78 more
2021-06-13 23:36:02,152 ERROR o.a.j.l.DirectJDKLog Servlet.service() for servlet [dispatcherServlet] threw exception
java.lang.NullPointerException: Cannot invoke "String.length()" because "this.input" is null
	at java.net.URI$Parser.parse(URI.java:3154) ~[?:?]
	at java.net.URI.<init>(URI.java:623) ~[?:?]
	at java.net.URI.create(URI.java:904) ~[?:?]
	at org.apache.http.client.methods.HttpGet.<init>(HttpGet.java:66) ~[httpclient-4.5.13.jar:4.5.13]
	at org.keycloak.adapters.rotation.JWKPublicKeyLocator.sendRequest(JWKPublicKeyLocator.java:97) ~[keycloak-adapter-core-11.0.2.jar:11.0.2]
	at org.keycloak.adapters.rotation.JWKPublicKeyLocator.getPublicKey(JWKPublicKeyLocator.java:63) ~[keycloak-adapter-core-11.0.2.jar:11.0.2]
	at org.keycloak.adapters.rotation.AdapterTokenVerifier.getPublicKey(AdapterTokenVerifier.java:121) ~[keycloak-adapter-core-11.0.2.jar:11.0.2]
	at org.keycloak.adapters.rotation.AdapterTokenVerifier.createVerifier(AdapterTokenVerifier.java:111) ~[keycloak-adapter-core-11.0.2.jar:11.0.2]
	at org.keycloak.adapters.rotation.AdapterTokenVerifier.verifyToken(AdapterTokenVerifier.java:47) ~[keycloak-adapter-core-11.0.2.jar:11.0.2]
	at org.keycloak.adapters.BearerTokenRequestAuthenticator.authenticateToken(BearerTokenRequestAuthenticator.java:103) ~[keycloak-adapter-core-11.0.2.jar:11.0.2]
	at org.keycloak.adapters.BearerTokenRequestAuthenticator.authenticate(BearerTokenRequestAuthenticator.java:88) ~[keycloak-adapter-core-11.0.2.jar:11.0.2]
	at org.keycloak.adapters.RequestAuthenticator.authenticate(RequestAuthenticator.java:67) ~[keycloak-adapter-core-11.0.2.jar:11.0.2]
	at org.keycloak.adapters.springsecurity.filter.KeycloakAuthenticationProcessingFilter.attemptAuthentication(KeycloakAuthenticationProcessingFilter.java:154) ~[keycloak-spring-security-adapter-11.0.2.jar:11.0.2]
	at org.springframework.security.web.authentication.AbstractAuthenticationProcessingFilter.doFilter(AbstractAuthenticationProcessingFilter.java:212) ~[spring-security-web-5.3.8.RELEASE.jar:5.3.8.RELEASE]
	at org.springframework.security.web.FilterChainProxy$VirtualFilterChain.doFilter(FilterChainProxy.java:334) ~[spring-security-web-5.3.8.RELEASE.jar:5.3.8.RELEASE]
	at org.keycloak.adapters.springsecurity.filter.KeycloakPreAuthActionsFilter.doFilter(KeycloakPreAuthActionsFilter.java:96) ~[keycloak-spring-security-adapter-11.0.2.jar:11.0.2]
	at org.springframework.security.web.FilterChainProxy$VirtualFilterChain.doFilter(FilterChainProxy.java:334) ~[spring-security-web-5.3.8.RELEASE.jar:5.3.8.RELEASE]
	at org.springframework.web.filter.OncePerRequestFilter.doFilter(OncePerRequestFilter.java:103) ~[spring-web-5.2.13.RELEASE.jar:5.2.13.RELEASE]
	at org.springframework.security.web.FilterChainProxy$VirtualFilterChain.doFilter(FilterChainProxy.java:334) ~[spring-security-web-5.3.8.RELEASE.jar:5.3.8.RELEASE]
	at org.springframework.web.filter.OncePerRequestFilter.doFilter(OncePerRequestFilter.java:103) ~[spring-web-5.2.13.RELEASE.jar:5.2.13.RELEASE]
	at org.springframework.security.web.FilterChainProxy$VirtualFilterChain.doFilter(FilterChainProxy.java:334) ~[spring-security-web-5.3.8.RELEASE.jar:5.3.8.RELEASE]
	at org.springframework.security.web.context.SecurityContextPersistenceFilter.doFilter(SecurityContextPersistenceFilter.java:105) ~[spring-security-web-5.3.8.RELEASE.jar:5.3.8.RELEASE]
	at org.springframework.security.web.FilterChainProxy$VirtualFilterChain.doFilter(FilterChainProxy.java:334) ~[spring-security-web-5.3.8.RELEASE.jar:5.3.8.RELEASE]
	at org.springframework.web.filter.OncePerRequestFilter.doFilter(OncePerRequestFilter.java:103) ~[spring-web-5.2.13.RELEASE.jar:5.2.13.RELEASE]
	at org.springframework.security.web.FilterChainProxy$VirtualFilterChain.doFilter(FilterChainProxy.java:334) ~[spring-security-web-5.3.8.RELEASE.jar:5.3.8.RELEASE]
	at org.springframework.security.web.FilterChainProxy.doFilterInternal(FilterChainProxy.java:215) ~[spring-security-web-5.3.8.RELEASE.jar:5.3.8.RELEASE]
	at org.springframework.security.web.FilterChainProxy.doFilter(FilterChainProxy.java:178) ~[spring-security-web-5.3.8.RELEASE.jar:5.3.8.RELEASE]
	at org.springframework.web.filter.DelegatingFilterProxy.invokeDelegate(DelegatingFilterProxy.java:358) ~[spring-web-5.2.13.RELEASE.jar:5.2.13.RELEASE]
	at org.springframework.web.filter.DelegatingFilterProxy.doFilter(DelegatingFilterProxy.java:271) ~[spring-web-5.2.13.RELEASE.jar:5.2.13.RELEASE]
	at org.apache.catalina.core.ApplicationFilterChain.internalDoFilter(ApplicationFilterChain.java:189) ~[tomcat-embed-core-9.0.43.jar:9.0.43]
	at org.apache.catalina.core.ApplicationFilterChain.doFilter(ApplicationFilterChain.java:162) ~[tomcat-embed-core-9.0.43.jar:9.0.43]
	at org.springframework.web.filter.OncePerRequestFilter.doFilter(OncePerRequestFilter.java:103) ~[spring-web-5.2.13.RELEASE.jar:5.2.13.RELEASE]
	at org.apache.catalina.core.ApplicationFilterChain.internalDoFilter(ApplicationFilterChain.java:189) ~[tomcat-embed-core-9.0.43.jar:9.0.43]
	at org.apache.catalina.core.ApplicationFilterChain.doFilter(ApplicationFilterChain.java:162) ~[tomcat-embed-core-9.0.43.jar:9.0.43]
	at org.apache.catalina.core.ApplicationDispatcher.invoke(ApplicationDispatcher.java:710) [tomcat-embed-core-9.0.43.jar:9.0.43]
	at org.apache.catalina.core.ApplicationDispatcher.processRequest(ApplicationDispatcher.java:459) [tomcat-embed-core-9.0.43.jar:9.0.43]
	at org.apache.catalina.core.ApplicationDispatcher.doForward(ApplicationDispatcher.java:384) [tomcat-embed-core-9.0.43.jar:9.0.43]
	at org.apache.catalina.core.ApplicationDispatcher.forward(ApplicationDispatcher.java:312) [tomcat-embed-core-9.0.43.jar:9.0.43]
	at org.apache.catalina.core.StandardHostValve.custom(StandardHostValve.java:398) [tomcat-embed-core-9.0.43.jar:9.0.43]
	at org.apache.catalina.core.StandardHostValve.status(StandardHostValve.java:257) [tomcat-embed-core-9.0.43.jar:9.0.43]
	at org.apache.catalina.core.StandardHostValve.throwable(StandardHostValve.java:352) [tomcat-embed-core-9.0.43.jar:9.0.43]
	at org.apache.catalina.core.StandardHostValve.invoke(StandardHostValve.java:152) [tomcat-embed-core-9.0.43.jar:9.0.43]
	at org.apache.catalina.valves.ErrorReportValve.invoke(ErrorReportValve.java:92) [tomcat-embed-core-9.0.43.jar:9.0.43]
	at org.apache.catalina.core.StandardEngineValve.invoke(StandardEngineValve.java:78) [tomcat-embed-core-9.0.43.jar:9.0.43]
	at org.apache.catalina.connector.CoyoteAdapter.service(CoyoteAdapter.java:346) [tomcat-embed-core-9.0.43.jar:9.0.43]
	at org.apache.coyote.http11.Http11Processor.service(Http11Processor.java:374) [tomcat-embed-core-9.0.43.jar:9.0.43]
	at org.apache.coyote.AbstractProcessorLight.process(AbstractProcessorLight.java:65) [tomcat-embed-core-9.0.43.jar:9.0.43]
	at org.apache.coyote.AbstractProtocol$ConnectionHandler.process(AbstractProtocol.java:887) [tomcat-embed-core-9.0.43.jar:9.0.43]
	at org.apache.tomcat.util.net.NioEndpoint$SocketProcessor.doRun(NioEndpoint.java:1684) [tomcat-embed-core-9.0.43.jar:9.0.43]
	at org.apache.tomcat.util.net.SocketProcessorBase.run(SocketProcessorBase.java:49) [tomcat-embed-core-9.0.43.jar:9.0.43]
	at java.util.concurrent.ThreadPoolExecutor.runWorker(ThreadPoolExecutor.java:1130) [?:?]
	at java.util.concurrent.ThreadPoolExecutor$Worker.run(ThreadPoolExecutor.java:630) [?:?]
	at org.apache.tomcat.util.threads.TaskThread$WrappingRunnable.run(TaskThread.java:61) [tomcat-embed-core-9.0.43.jar:9.0.43]
	at java.lang.Thread.run(Thread.java:832) [?:?]
2021-06-13 23:36:02,154 ERROR o.a.j.l.DirectJDKLog Exception Processing ErrorPage[errorCode=0, location=/error]
java.lang.NullPointerException: Cannot invoke "String.length()" because "this.input" is null
	at java.net.URI$Parser.parse(URI.java:3154) ~[?:?]
	at java.net.URI.<init>(URI.java:623) ~[?:?]
	at java.net.URI.create(URI.java:904) ~[?:?]
	at org.apache.http.client.methods.HttpGet.<init>(HttpGet.java:66) ~[httpclient-4.5.13.jar:4.5.13]
	at org.keycloak.adapters.rotation.JWKPublicKeyLocator.sendRequest(JWKPublicKeyLocator.java:97) ~[keycloak-adapter-core-11.0.2.jar:11.0.2]
	at org.keycloak.adapters.rotation.JWKPublicKeyLocator.getPublicKey(JWKPublicKeyLocator.java:63) ~[keycloak-adapter-core-11.0.2.jar:11.0.2]
	at org.keycloak.adapters.rotation.AdapterTokenVerifier.getPublicKey(AdapterTokenVerifier.java:121) ~[keycloak-adapter-core-11.0.2.jar:11.0.2]
	at org.keycloak.adapters.rotation.AdapterTokenVerifier.createVerifier(AdapterTokenVerifier.java:111) ~[keycloak-adapter-core-11.0.2.jar:11.0.2]
	at org.keycloak.adapters.rotation.AdapterTokenVerifier.verifyToken(AdapterTokenVerifier.java:47) ~[keycloak-adapter-core-11.0.2.jar:11.0.2]
	at org.keycloak.adapters.BearerTokenRequestAuthenticator.authenticateToken(BearerTokenRequestAuthenticator.java:103) ~[keycloak-adapter-core-11.0.2.jar:11.0.2]
	at org.keycloak.adapters.BearerTokenRequestAuthenticator.authenticate(BearerTokenRequestAuthenticator.java:88) ~[keycloak-adapter-core-11.0.2.jar:11.0.2]
	at org.keycloak.adapters.RequestAuthenticator.authenticate(RequestAuthenticator.java:67) ~[keycloak-adapter-core-11.0.2.jar:11.0.2]
	at org.keycloak.adapters.springsecurity.filter.KeycloakAuthenticationProcessingFilter.attemptAuthentication(KeycloakAuthenticationProcessingFilter.java:154) ~[keycloak-spring-security-adapter-11.0.2.jar:11.0.2]
	at org.springframework.security.web.authentication.AbstractAuthenticationProcessingFilter.doFilter(AbstractAuthenticationProcessingFilter.java:212) ~[spring-security-web-5.3.8.RELEASE.jar:5.3.8.RELEASE]
	at org.springframework.security.web.FilterChainProxy$VirtualFilterChain.doFilter(FilterChainProxy.java:334) ~[spring-security-web-5.3.8.RELEASE.jar:5.3.8.RELEASE]
	at org.keycloak.adapters.springsecurity.filter.KeycloakPreAuthActionsFilter.doFilter(KeycloakPreAuthActionsFilter.java:96) ~[keycloak-spring-security-adapter-11.0.2.jar:11.0.2]
	at org.springframework.security.web.FilterChainProxy$VirtualFilterChain.doFilter(FilterChainProxy.java:334) ~[spring-security-web-5.3.8.RELEASE.jar:5.3.8.RELEASE]
	at org.springframework.web.filter.OncePerRequestFilter.doFilter(OncePerRequestFilter.java:103) ~[spring-web-5.2.13.RELEASE.jar:5.2.13.RELEASE]
	at org.springframework.security.web.FilterChainProxy$VirtualFilterChain.doFilter(FilterChainProxy.java:334) ~[spring-security-web-5.3.8.RELEASE.jar:5.3.8.RELEASE]
	at org.springframework.web.filter.OncePerRequestFilter.doFilter(OncePerRequestFilter.java:103) ~[spring-web-5.2.13.RELEASE.jar:5.2.13.RELEASE]
	at org.springframework.security.web.FilterChainProxy$VirtualFilterChain.doFilter(FilterChainProxy.java:334) ~[spring-security-web-5.3.8.RELEASE.jar:5.3.8.RELEASE]
	at org.springframework.security.web.context.SecurityContextPersistenceFilter.doFilter(SecurityContextPersistenceFilter.java:105) ~[spring-security-web-5.3.8.RELEASE.jar:5.3.8.RELEASE]
	at org.springframework.security.web.FilterChainProxy$VirtualFilterChain.doFilter(FilterChainProxy.java:334) ~[spring-security-web-5.3.8.RELEASE.jar:5.3.8.RELEASE]
	at org.springframework.web.filter.OncePerRequestFilter.doFilter(OncePerRequestFilter.java:103) ~[spring-web-5.2.13.RELEASE.jar:5.2.13.RELEASE]
	at org.springframework.security.web.FilterChainProxy$VirtualFilterChain.doFilter(FilterChainProxy.java:334) ~[spring-security-web-5.3.8.RELEASE.jar:5.3.8.RELEASE]
	at org.springframework.security.web.FilterChainProxy.doFilterInternal(FilterChainProxy.java:215) ~[spring-security-web-5.3.8.RELEASE.jar:5.3.8.RELEASE]
	at org.springframework.security.web.FilterChainProxy.doFilter(FilterChainProxy.java:178) ~[spring-security-web-5.3.8.RELEASE.jar:5.3.8.RELEASE]
	at org.springframework.web.filter.DelegatingFilterProxy.invokeDelegate(DelegatingFilterProxy.java:358) ~[spring-web-5.2.13.RELEASE.jar:5.2.13.RELEASE]
	at org.springframework.web.filter.DelegatingFilterProxy.doFilter(DelegatingFilterProxy.java:271) ~[spring-web-5.2.13.RELEASE.jar:5.2.13.RELEASE]
	at org.apache.catalina.core.ApplicationFilterChain.internalDoFilter(ApplicationFilterChain.java:189) ~[tomcat-embed-core-9.0.43.jar:9.0.43]
	at org.apache.catalina.core.ApplicationFilterChain.doFilter(ApplicationFilterChain.java:162) ~[tomcat-embed-core-9.0.43.jar:9.0.43]
	at org.springframework.web.filter.OncePerRequestFilter.doFilter(OncePerRequestFilter.java:103) ~[spring-web-5.2.13.RELEASE.jar:5.2.13.RELEASE]
	at org.apache.catalina.core.ApplicationFilterChain.internalDoFilter(ApplicationFilterChain.java:189) ~[tomcat-embed-core-9.0.43.jar:9.0.43]
	at org.apache.catalina.core.ApplicationFilterChain.doFilter(ApplicationFilterChain.java:162) ~[tomcat-embed-core-9.0.43.jar:9.0.43]
	at org.apache.catalina.core.ApplicationDispatcher.invoke(ApplicationDispatcher.java:710) ~[tomcat-embed-core-9.0.43.jar:9.0.43]
	at org.apache.catalina.core.ApplicationDispatcher.processRequest(ApplicationDispatcher.java:459) ~[tomcat-embed-core-9.0.43.jar:9.0.43]
	at org.apache.catalina.core.ApplicationDispatcher.doForward(ApplicationDispatcher.java:384) ~[tomcat-embed-core-9.0.43.jar:9.0.43]
	at org.apache.catalina.core.ApplicationDispatcher.forward(ApplicationDispatcher.java:312) ~[tomcat-embed-core-9.0.43.jar:9.0.43]
	at org.apache.catalina.core.StandardHostValve.custom(StandardHostValve.java:398) [tomcat-embed-core-9.0.43.jar:9.0.43]
	at org.apache.catalina.core.StandardHostValve.status(StandardHostValve.java:257) [tomcat-embed-core-9.0.43.jar:9.0.43]
	at org.apache.catalina.core.StandardHostValve.throwable(StandardHostValve.java:352) [tomcat-embed-core-9.0.43.jar:9.0.43]
	at org.apache.catalina.core.StandardHostValve.invoke(StandardHostValve.java:152) [tomcat-embed-core-9.0.43.jar:9.0.43]
	at org.apache.catalina.valves.ErrorReportValve.invoke(ErrorReportValve.java:92) [tomcat-embed-core-9.0.43.jar:9.0.43]
	at org.apache.catalina.core.StandardEngineValve.invoke(StandardEngineValve.java:78) [tomcat-embed-core-9.0.43.jar:9.0.43]
	at org.apache.catalina.connector.CoyoteAdapter.service(CoyoteAdapter.java:346) [tomcat-embed-core-9.0.43.jar:9.0.43]
	at org.apache.coyote.http11.Http11Processor.service(Http11Processor.java:374) [tomcat-embed-core-9.0.43.jar:9.0.43]
	at org.apache.coyote.AbstractProcessorLight.process(AbstractProcessorLight.java:65) [tomcat-embed-core-9.0.43.jar:9.0.43]
	at org.apache.coyote.AbstractProtocol$ConnectionHandler.process(AbstractProtocol.java:887) [tomcat-embed-core-9.0.43.jar:9.0.43]
	at org.apache.tomcat.util.net.NioEndpoint$SocketProcessor.doRun(NioEndpoint.java:1684) [tomcat-embed-core-9.0.43.jar:9.0.43]
	at org.apache.tomcat.util.net.SocketProcessorBase.run(SocketProcessorBase.java:49) [tomcat-embed-core-9.0.43.jar:9.0.43]
	at java.util.concurrent.ThreadPoolExecutor.runWorker(ThreadPoolExecutor.java:1130) [?:?]
	at java.util.concurrent.ThreadPoolExecutor$Worker.run(ThreadPoolExecutor.java:630) [?:?]
	at org.apache.tomcat.util.threads.TaskThread$WrappingRunnable.run(TaskThread.java:61) [tomcat-embed-core-9.0.43.jar:9.0.43]
	at java.lang.Thread.run(Thread.java:832) [?:?]
2021-06-13 23:36:02,171 WARN o.k.a.KeycloakDeployment Failed to load URLs from https://localhost:8443/auth/realms/hospital-portal/.well-known/openid-configuration
javax.net.ssl.SSLHandshakeException: PKIX path building failed: sun.security.provider.certpath.SunCertPathBuilderException: unable to find valid certification path to requested target
	at sun.security.ssl.Alert.createSSLException(Alert.java:131) ~[?:?]
	at sun.security.ssl.TransportContext.fatal(TransportContext.java:369) ~[?:?]
	at sun.security.ssl.TransportContext.fatal(TransportContext.java:312) ~[?:?]
	at sun.security.ssl.TransportContext.fatal(TransportContext.java:307) ~[?:?]
	at sun.security.ssl.CertificateMessage$T12CertificateConsumer.checkServerCerts(CertificateMessage.java:654) ~[?:?]
	at sun.security.ssl.CertificateMessage$T12CertificateConsumer.onCertificate(CertificateMessage.java:473) ~[?:?]
	at sun.security.ssl.CertificateMessage$T12CertificateConsumer.consume(CertificateMessage.java:369) ~[?:?]
	at sun.security.ssl.SSLHandshake.consume(SSLHandshake.java:396) ~[?:?]
	at sun.security.ssl.HandshakeContext.dispatch(HandshakeContext.java:480) ~[?:?]
	at sun.security.ssl.HandshakeContext.dispatch(HandshakeContext.java:458) ~[?:?]
	at sun.security.ssl.TransportContext.dispatch(TransportContext.java:199) ~[?:?]
	at sun.security.ssl.SSLTransport.decode(SSLTransport.java:171) ~[?:?]
	at sun.security.ssl.SSLSocketImpl.decode(SSLSocketImpl.java:1488) ~[?:?]
	at sun.security.ssl.SSLSocketImpl.readHandshakeRecord(SSLSocketImpl.java:1394) ~[?:?]
	at sun.security.ssl.SSLSocketImpl.startHandshake(SSLSocketImpl.java:441) ~[?:?]
	at sun.security.ssl.SSLSocketImpl.startHandshake(SSLSocketImpl.java:412) ~[?:?]
	at org.apache.http.conn.ssl.SSLSocketFactory.createLayeredSocket(SSLSocketFactory.java:570) ~[httpclient-4.5.13.jar:4.5.13]
	at org.keycloak.adapters.SniSSLSocketFactory.createLayeredSocket(SniSSLSocketFactory.java:119) ~[keycloak-adapter-core-11.0.2.jar:11.0.2]
	at org.apache.http.conn.ssl.SSLSocketFactory.connectSocket(SSLSocketFactory.java:554) ~[httpclient-4.5.13.jar:4.5.13]
	at org.keycloak.adapters.SniSSLSocketFactory.connectSocket(SniSSLSocketFactory.java:114) ~[keycloak-adapter-core-11.0.2.jar:11.0.2]
	at org.apache.http.conn.ssl.SSLSocketFactory.connectSocket(SSLSocketFactory.java:415) ~[httpclient-4.5.13.jar:4.5.13]
	at org.apache.http.impl.conn.DefaultClientConnectionOperator.openConnection(DefaultClientConnectionOperator.java:180) ~[httpclient-4.5.13.jar:4.5.13]
	at org.apache.http.impl.conn.AbstractPoolEntry.open(AbstractPoolEntry.java:144) ~[httpclient-4.5.13.jar:4.5.13]
	at org.apache.http.impl.conn.AbstractPooledConnAdapter.open(AbstractPooledConnAdapter.java:134) ~[httpclient-4.5.13.jar:4.5.13]
	at org.apache.http.impl.client.DefaultRequestDirector.tryConnect(DefaultRequestDirector.java:605) ~[httpclient-4.5.13.jar:4.5.13]
	at org.apache.http.impl.client.DefaultRequestDirector.execute(DefaultRequestDirector.java:440) ~[httpclient-4.5.13.jar:4.5.13]
	at org.apache.http.impl.client.AbstractHttpClient.doExecute(AbstractHttpClient.java:835) ~[httpclient-4.5.13.jar:4.5.13]
	at org.apache.http.impl.client.CloseableHttpClient.execute(CloseableHttpClient.java:83) ~[httpclient-4.5.13.jar:4.5.13]
	at org.apache.http.impl.client.CloseableHttpClient.execute(CloseableHttpClient.java:108) ~[httpclient-4.5.13.jar:4.5.13]
	at org.apache.http.impl.client.CloseableHttpClient.execute(CloseableHttpClient.java:56) ~[httpclient-4.5.13.jar:4.5.13]
	at org.keycloak.adapters.KeycloakDeployment.getOidcConfiguration(KeycloakDeployment.java:219) ~[keycloak-adapter-core-11.0.2.jar:11.0.2]
	at org.keycloak.adapters.KeycloakDeployment.resolveUrls(KeycloakDeployment.java:178) [keycloak-adapter-core-11.0.2.jar:11.0.2]
	at org.keycloak.adapters.KeycloakDeployment.getRealmInfoUrl(KeycloakDeployment.java:232) [keycloak-adapter-core-11.0.2.jar:11.0.2]
	at org.keycloak.adapters.rotation.AdapterTokenVerifier.createVerifier(AdapterTokenVerifier.java:107) [keycloak-adapter-core-11.0.2.jar:11.0.2]
	at org.keycloak.adapters.rotation.AdapterTokenVerifier.verifyToken(AdapterTokenVerifier.java:47) [keycloak-adapter-core-11.0.2.jar:11.0.2]
	at org.keycloak.adapters.BearerTokenRequestAuthenticator.authenticateToken(BearerTokenRequestAuthenticator.java:103) [keycloak-adapter-core-11.0.2.jar:11.0.2]
	at org.keycloak.adapters.BearerTokenRequestAuthenticator.authenticate(BearerTokenRequestAuthenticator.java:88) [keycloak-adapter-core-11.0.2.jar:11.0.2]
	at org.keycloak.adapters.RequestAuthenticator.authenticate(RequestAuthenticator.java:67) [keycloak-adapter-core-11.0.2.jar:11.0.2]
	at org.keycloak.adapters.springsecurity.filter.KeycloakAuthenticationProcessingFilter.attemptAuthentication(KeycloakAuthenticationProcessingFilter.java:154) [keycloak-spring-security-adapter-11.0.2.jar:11.0.2]
	at org.springframework.security.web.authentication.AbstractAuthenticationProcessingFilter.doFilter(AbstractAuthenticationProcessingFilter.java:212) [spring-security-web-5.3.8.RELEASE.jar:5.3.8.RELEASE]
	at org.springframework.security.web.FilterChainProxy$VirtualFilterChain.doFilter(FilterChainProxy.java:334) [spring-security-web-5.3.8.RELEASE.jar:5.3.8.RELEASE]
	at org.keycloak.adapters.springsecurity.filter.KeycloakPreAuthActionsFilter.doFilter(KeycloakPreAuthActionsFilter.java:96) [keycloak-spring-security-adapter-11.0.2.jar:11.0.2]
	at org.springframework.security.web.FilterChainProxy$VirtualFilterChain.doFilter(FilterChainProxy.java:334) [spring-security-web-5.3.8.RELEASE.jar:5.3.8.RELEASE]
	at org.springframework.web.filter.OncePerRequestFilter.doFilter(OncePerRequestFilter.java:103) [spring-web-5.2.13.RELEASE.jar:5.2.13.RELEASE]
	at org.springframework.security.web.FilterChainProxy$VirtualFilterChain.doFilter(FilterChainProxy.java:334) [spring-security-web-5.3.8.RELEASE.jar:5.3.8.RELEASE]
	at org.springframework.web.filter.OncePerRequestFilter.doFilter(OncePerRequestFilter.java:103) [spring-web-5.2.13.RELEASE.jar:5.2.13.RELEASE]
	at org.springframework.security.web.FilterChainProxy$VirtualFilterChain.doFilter(FilterChainProxy.java:334) [spring-security-web-5.3.8.RELEASE.jar:5.3.8.RELEASE]
	at org.springframework.security.web.context.SecurityContextPersistenceFilter.doFilter(SecurityContextPersistenceFilter.java:105) [spring-security-web-5.3.8.RELEASE.jar:5.3.8.RELEASE]
	at org.springframework.security.web.FilterChainProxy$VirtualFilterChain.doFilter(FilterChainProxy.java:334) [spring-security-web-5.3.8.RELEASE.jar:5.3.8.RELEASE]
	at org.springframework.web.filter.OncePerRequestFilter.doFilter(OncePerRequestFilter.java:103) [spring-web-5.2.13.RELEASE.jar:5.2.13.RELEASE]
	at org.springframework.security.web.FilterChainProxy$VirtualFilterChain.doFilter(FilterChainProxy.java:334) [spring-security-web-5.3.8.RELEASE.jar:5.3.8.RELEASE]
	at org.springframework.security.web.FilterChainProxy.doFilterInternal(FilterChainProxy.java:215) [spring-security-web-5.3.8.RELEASE.jar:5.3.8.RELEASE]
	at org.springframework.security.web.FilterChainProxy.doFilter(FilterChainProxy.java:178) [spring-security-web-5.3.8.RELEASE.jar:5.3.8.RELEASE]
	at org.springframework.web.filter.DelegatingFilterProxy.invokeDelegate(DelegatingFilterProxy.java:358) [spring-web-5.2.13.RELEASE.jar:5.2.13.RELEASE]
	at org.springframework.web.filter.DelegatingFilterProxy.doFilter(DelegatingFilterProxy.java:271) [spring-web-5.2.13.RELEASE.jar:5.2.13.RELEASE]
	at org.apache.catalina.core.ApplicationFilterChain.internalDoFilter(ApplicationFilterChain.java:189) [tomcat-embed-core-9.0.43.jar:9.0.43]
	at org.apache.catalina.core.ApplicationFilterChain.doFilter(ApplicationFilterChain.java:162) [tomcat-embed-core-9.0.43.jar:9.0.43]
	at org.springframework.web.filter.OncePerRequestFilter.doFilter(OncePerRequestFilter.java:103) [spring-web-5.2.13.RELEASE.jar:5.2.13.RELEASE]
	at org.apache.catalina.core.ApplicationFilterChain.internalDoFilter(ApplicationFilterChain.java:189) [tomcat-embed-core-9.0.43.jar:9.0.43]
	at org.apache.catalina.core.ApplicationFilterChain.doFilter(ApplicationFilterChain.java:162) [tomcat-embed-core-9.0.43.jar:9.0.43]
	at org.apache.catalina.core.ApplicationDispatcher.invoke(ApplicationDispatcher.java:710) [tomcat-embed-core-9.0.43.jar:9.0.43]
	at org.apache.catalina.core.ApplicationDispatcher.processRequest(ApplicationDispatcher.java:459) [tomcat-embed-core-9.0.43.jar:9.0.43]
	at org.apache.catalina.core.ApplicationDispatcher.doForward(ApplicationDispatcher.java:384) [tomcat-embed-core-9.0.43.jar:9.0.43]
	at org.apache.catalina.core.ApplicationDispatcher.forward(ApplicationDispatcher.java:312) [tomcat-embed-core-9.0.43.jar:9.0.43]
	at org.apache.catalina.core.StandardHostValve.custom(StandardHostValve.java:398) [tomcat-embed-core-9.0.43.jar:9.0.43]
	at org.apache.catalina.core.StandardHostValve.status(StandardHostValve.java:257) [tomcat-embed-core-9.0.43.jar:9.0.43]
	at org.apache.catalina.core.StandardHostValve.throwable(StandardHostValve.java:352) [tomcat-embed-core-9.0.43.jar:9.0.43]
	at org.apache.catalina.core.StandardHostValve.invoke(StandardHostValve.java:177) [tomcat-embed-core-9.0.43.jar:9.0.43]
	at org.apache.catalina.valves.ErrorReportValve.invoke(ErrorReportValve.java:92) [tomcat-embed-core-9.0.43.jar:9.0.43]
	at org.apache.catalina.core.StandardEngineValve.invoke(StandardEngineValve.java:78) [tomcat-embed-core-9.0.43.jar:9.0.43]
	at org.apache.catalina.connector.CoyoteAdapter.service(CoyoteAdapter.java:346) [tomcat-embed-core-9.0.43.jar:9.0.43]
	at org.apache.coyote.http11.Http11Processor.service(Http11Processor.java:374) [tomcat-embed-core-9.0.43.jar:9.0.43]
	at org.apache.coyote.AbstractProcessorLight.process(AbstractProcessorLight.java:65) [tomcat-embed-core-9.0.43.jar:9.0.43]
	at org.apache.coyote.AbstractProtocol$ConnectionHandler.process(AbstractProtocol.java:887) [tomcat-embed-core-9.0.43.jar:9.0.43]
	at org.apache.tomcat.util.net.NioEndpoint$SocketProcessor.doRun(NioEndpoint.java:1684) [tomcat-embed-core-9.0.43.jar:9.0.43]
	at org.apache.tomcat.util.net.SocketProcessorBase.run(SocketProcessorBase.java:49) [tomcat-embed-core-9.0.43.jar:9.0.43]
	at java.util.concurrent.ThreadPoolExecutor.runWorker(ThreadPoolExecutor.java:1130) [?:?]
	at java.util.concurrent.ThreadPoolExecutor$Worker.run(ThreadPoolExecutor.java:630) [?:?]
	at org.apache.tomcat.util.threads.TaskThread$WrappingRunnable.run(TaskThread.java:61) [tomcat-embed-core-9.0.43.jar:9.0.43]
	at java.lang.Thread.run(Thread.java:832) [?:?]
Caused by: sun.security.validator.ValidatorException: PKIX path building failed: sun.security.provider.certpath.SunCertPathBuilderException: unable to find valid certification path to requested target
	at sun.security.validator.PKIXValidator.doBuild(PKIXValidator.java:439) ~[?:?]
	at sun.security.validator.PKIXValidator.engineValidate(PKIXValidator.java:306) ~[?:?]
	at sun.security.validator.Validator.validate(Validator.java:264) ~[?:?]
	at sun.security.ssl.X509TrustManagerImpl.checkTrusted(X509TrustManagerImpl.java:231) ~[?:?]
	at sun.security.ssl.X509TrustManagerImpl.checkServerTrusted(X509TrustManagerImpl.java:132) ~[?:?]
	at sun.security.ssl.CertificateMessage$T12CertificateConsumer.checkServerCerts(CertificateMessage.java:638) ~[?:?]
	... 75 more
Caused by: sun.security.provider.certpath.SunCertPathBuilderException: unable to find valid certification path to requested target
	at sun.security.provider.certpath.SunCertPathBuilder.build(SunCertPathBuilder.java:141) ~[?:?]
	at sun.security.provider.certpath.SunCertPathBuilder.engineBuild(SunCertPathBuilder.java:126) ~[?:?]
	at java.security.cert.CertPathBuilder.build(CertPathBuilder.java:297) ~[?:?]
	at sun.security.validator.PKIXValidator.doBuild(PKIXValidator.java:434) ~[?:?]
	at sun.security.validator.PKIXValidator.engineValidate(PKIXValidator.java:306) ~[?:?]
	at sun.security.validator.Validator.validate(Validator.java:264) ~[?:?]
	at sun.security.ssl.X509TrustManagerImpl.checkTrusted(X509TrustManagerImpl.java:231) ~[?:?]
	at sun.security.ssl.X509TrustManagerImpl.checkServerTrusted(X509TrustManagerImpl.java:132) ~[?:?]
	at sun.security.ssl.CertificateMessage$T12CertificateConsumer.checkServerCerts(CertificateMessage.java:638) ~[?:?]
	... 75 more
2021-06-13 23:36:02,188 WARN o.k.a.KeycloakDeployment Failed to load URLs from https://localhost:8443/auth/realms/hospital-portal/.well-known/openid-configuration
javax.net.ssl.SSLHandshakeException: PKIX path building failed: sun.security.provider.certpath.SunCertPathBuilderException: unable to find valid certification path to requested target
	at sun.security.ssl.Alert.createSSLException(Alert.java:131) ~[?:?]
	at sun.security.ssl.TransportContext.fatal(TransportContext.java:369) ~[?:?]
	at sun.security.ssl.TransportContext.fatal(TransportContext.java:312) ~[?:?]
	at sun.security.ssl.TransportContext.fatal(TransportContext.java:307) ~[?:?]
	at sun.security.ssl.CertificateMessage$T12CertificateConsumer.checkServerCerts(CertificateMessage.java:654) ~[?:?]
	at sun.security.ssl.CertificateMessage$T12CertificateConsumer.onCertificate(CertificateMessage.java:473) ~[?:?]
	at sun.security.ssl.CertificateMessage$T12CertificateConsumer.consume(CertificateMessage.java:369) ~[?:?]
	at sun.security.ssl.SSLHandshake.consume(SSLHandshake.java:396) ~[?:?]
	at sun.security.ssl.HandshakeContext.dispatch(HandshakeContext.java:480) ~[?:?]
	at sun.security.ssl.HandshakeContext.dispatch(HandshakeContext.java:458) ~[?:?]
	at sun.security.ssl.TransportContext.dispatch(TransportContext.java:199) ~[?:?]
	at sun.security.ssl.SSLTransport.decode(SSLTransport.java:171) ~[?:?]
	at sun.security.ssl.SSLSocketImpl.decode(SSLSocketImpl.java:1488) ~[?:?]
	at sun.security.ssl.SSLSocketImpl.readHandshakeRecord(SSLSocketImpl.java:1394) ~[?:?]
	at sun.security.ssl.SSLSocketImpl.startHandshake(SSLSocketImpl.java:441) ~[?:?]
	at sun.security.ssl.SSLSocketImpl.startHandshake(SSLSocketImpl.java:412) ~[?:?]
	at org.apache.http.conn.ssl.SSLSocketFactory.createLayeredSocket(SSLSocketFactory.java:570) ~[httpclient-4.5.13.jar:4.5.13]
	at org.keycloak.adapters.SniSSLSocketFactory.createLayeredSocket(SniSSLSocketFactory.java:119) ~[keycloak-adapter-core-11.0.2.jar:11.0.2]
	at org.apache.http.conn.ssl.SSLSocketFactory.connectSocket(SSLSocketFactory.java:554) ~[httpclient-4.5.13.jar:4.5.13]
	at org.keycloak.adapters.SniSSLSocketFactory.connectSocket(SniSSLSocketFactory.java:114) ~[keycloak-adapter-core-11.0.2.jar:11.0.2]
	at org.apache.http.conn.ssl.SSLSocketFactory.connectSocket(SSLSocketFactory.java:415) ~[httpclient-4.5.13.jar:4.5.13]
	at org.apache.http.impl.conn.DefaultClientConnectionOperator.openConnection(DefaultClientConnectionOperator.java:180) ~[httpclient-4.5.13.jar:4.5.13]
	at org.apache.http.impl.conn.AbstractPoolEntry.open(AbstractPoolEntry.java:144) ~[httpclient-4.5.13.jar:4.5.13]
	at org.apache.http.impl.conn.AbstractPooledConnAdapter.open(AbstractPooledConnAdapter.java:134) ~[httpclient-4.5.13.jar:4.5.13]
	at org.apache.http.impl.client.DefaultRequestDirector.tryConnect(DefaultRequestDirector.java:605) ~[httpclient-4.5.13.jar:4.5.13]
	at org.apache.http.impl.client.DefaultRequestDirector.execute(DefaultRequestDirector.java:440) ~[httpclient-4.5.13.jar:4.5.13]
	at org.apache.http.impl.client.AbstractHttpClient.doExecute(AbstractHttpClient.java:835) ~[httpclient-4.5.13.jar:4.5.13]
	at org.apache.http.impl.client.CloseableHttpClient.execute(CloseableHttpClient.java:83) ~[httpclient-4.5.13.jar:4.5.13]
	at org.apache.http.impl.client.CloseableHttpClient.execute(CloseableHttpClient.java:108) ~[httpclient-4.5.13.jar:4.5.13]
	at org.apache.http.impl.client.CloseableHttpClient.execute(CloseableHttpClient.java:56) ~[httpclient-4.5.13.jar:4.5.13]
	at org.keycloak.adapters.KeycloakDeployment.getOidcConfiguration(KeycloakDeployment.java:219) ~[keycloak-adapter-core-11.0.2.jar:11.0.2]
	at org.keycloak.adapters.KeycloakDeployment.resolveUrls(KeycloakDeployment.java:178) [keycloak-adapter-core-11.0.2.jar:11.0.2]
	at org.keycloak.adapters.KeycloakDeployment.getJwksUrl(KeycloakDeployment.java:267) [keycloak-adapter-core-11.0.2.jar:11.0.2]
	at org.keycloak.adapters.rotation.JWKPublicKeyLocator.sendRequest(JWKPublicKeyLocator.java:97) [keycloak-adapter-core-11.0.2.jar:11.0.2]
	at org.keycloak.adapters.rotation.JWKPublicKeyLocator.getPublicKey(JWKPublicKeyLocator.java:63) [keycloak-adapter-core-11.0.2.jar:11.0.2]
	at org.keycloak.adapters.rotation.AdapterTokenVerifier.getPublicKey(AdapterTokenVerifier.java:121) [keycloak-adapter-core-11.0.2.jar:11.0.2]
	at org.keycloak.adapters.rotation.AdapterTokenVerifier.createVerifier(AdapterTokenVerifier.java:111) [keycloak-adapter-core-11.0.2.jar:11.0.2]
	at org.keycloak.adapters.rotation.AdapterTokenVerifier.verifyToken(AdapterTokenVerifier.java:47) [keycloak-adapter-core-11.0.2.jar:11.0.2]
	at org.keycloak.adapters.BearerTokenRequestAuthenticator.authenticateToken(BearerTokenRequestAuthenticator.java:103) [keycloak-adapter-core-11.0.2.jar:11.0.2]
	at org.keycloak.adapters.BearerTokenRequestAuthenticator.authenticate(BearerTokenRequestAuthenticator.java:88) [keycloak-adapter-core-11.0.2.jar:11.0.2]
	at org.keycloak.adapters.RequestAuthenticator.authenticate(RequestAuthenticator.java:67) [keycloak-adapter-core-11.0.2.jar:11.0.2]
	at org.keycloak.adapters.springsecurity.filter.KeycloakAuthenticationProcessingFilter.attemptAuthentication(KeycloakAuthenticationProcessingFilter.java:154) [keycloak-spring-security-adapter-11.0.2.jar:11.0.2]
	at org.springframework.security.web.authentication.AbstractAuthenticationProcessingFilter.doFilter(AbstractAuthenticationProcessingFilter.java:212) [spring-security-web-5.3.8.RELEASE.jar:5.3.8.RELEASE]
	at org.springframework.security.web.FilterChainProxy$VirtualFilterChain.doFilter(FilterChainProxy.java:334) [spring-security-web-5.3.8.RELEASE.jar:5.3.8.RELEASE]
	at org.keycloak.adapters.springsecurity.filter.KeycloakPreAuthActionsFilter.doFilter(KeycloakPreAuthActionsFilter.java:96) [keycloak-spring-security-adapter-11.0.2.jar:11.0.2]
	at org.springframework.security.web.FilterChainProxy$VirtualFilterChain.doFilter(FilterChainProxy.java:334) [spring-security-web-5.3.8.RELEASE.jar:5.3.8.RELEASE]
	at org.springframework.web.filter.OncePerRequestFilter.doFilter(OncePerRequestFilter.java:103) [spring-web-5.2.13.RELEASE.jar:5.2.13.RELEASE]
	at org.springframework.security.web.FilterChainProxy$VirtualFilterChain.doFilter(FilterChainProxy.java:334) [spring-security-web-5.3.8.RELEASE.jar:5.3.8.RELEASE]
	at org.springframework.web.filter.OncePerRequestFilter.doFilter(OncePerRequestFilter.java:103) [spring-web-5.2.13.RELEASE.jar:5.2.13.RELEASE]
	at org.springframework.security.web.FilterChainProxy$VirtualFilterChain.doFilter(FilterChainProxy.java:334) [spring-security-web-5.3.8.RELEASE.jar:5.3.8.RELEASE]
	at org.springframework.security.web.context.SecurityContextPersistenceFilter.doFilter(SecurityContextPersistenceFilter.java:105) [spring-security-web-5.3.8.RELEASE.jar:5.3.8.RELEASE]
	at org.springframework.security.web.FilterChainProxy$VirtualFilterChain.doFilter(FilterChainProxy.java:334) [spring-security-web-5.3.8.RELEASE.jar:5.3.8.RELEASE]
	at org.springframework.web.filter.OncePerRequestFilter.doFilter(OncePerRequestFilter.java:103) [spring-web-5.2.13.RELEASE.jar:5.2.13.RELEASE]
	at org.springframework.security.web.FilterChainProxy$VirtualFilterChain.doFilter(FilterChainProxy.java:334) [spring-security-web-5.3.8.RELEASE.jar:5.3.8.RELEASE]
	at org.springframework.security.web.FilterChainProxy.doFilterInternal(FilterChainProxy.java:215) [spring-security-web-5.3.8.RELEASE.jar:5.3.8.RELEASE]
	at org.springframework.security.web.FilterChainProxy.doFilter(FilterChainProxy.java:178) [spring-security-web-5.3.8.RELEASE.jar:5.3.8.RELEASE]
	at org.springframework.web.filter.DelegatingFilterProxy.invokeDelegate(DelegatingFilterProxy.java:358) [spring-web-5.2.13.RELEASE.jar:5.2.13.RELEASE]
	at org.springframework.web.filter.DelegatingFilterProxy.doFilter(DelegatingFilterProxy.java:271) [spring-web-5.2.13.RELEASE.jar:5.2.13.RELEASE]
	at org.apache.catalina.core.ApplicationFilterChain.internalDoFilter(ApplicationFilterChain.java:189) [tomcat-embed-core-9.0.43.jar:9.0.43]
	at org.apache.catalina.core.ApplicationFilterChain.doFilter(ApplicationFilterChain.java:162) [tomcat-embed-core-9.0.43.jar:9.0.43]
	at org.springframework.web.filter.OncePerRequestFilter.doFilter(OncePerRequestFilter.java:103) [spring-web-5.2.13.RELEASE.jar:5.2.13.RELEASE]
	at org.apache.catalina.core.ApplicationFilterChain.internalDoFilter(ApplicationFilterChain.java:189) [tomcat-embed-core-9.0.43.jar:9.0.43]
	at org.apache.catalina.core.ApplicationFilterChain.doFilter(ApplicationFilterChain.java:162) [tomcat-embed-core-9.0.43.jar:9.0.43]
	at org.apache.catalina.core.ApplicationDispatcher.invoke(ApplicationDispatcher.java:710) [tomcat-embed-core-9.0.43.jar:9.0.43]
	at org.apache.catalina.core.ApplicationDispatcher.processRequest(ApplicationDispatcher.java:459) [tomcat-embed-core-9.0.43.jar:9.0.43]
	at org.apache.catalina.core.ApplicationDispatcher.doForward(ApplicationDispatcher.java:384) [tomcat-embed-core-9.0.43.jar:9.0.43]
	at org.apache.catalina.core.ApplicationDispatcher.forward(ApplicationDispatcher.java:312) [tomcat-embed-core-9.0.43.jar:9.0.43]
	at org.apache.catalina.core.StandardHostValve.custom(StandardHostValve.java:398) [tomcat-embed-core-9.0.43.jar:9.0.43]
	at org.apache.catalina.core.StandardHostValve.status(StandardHostValve.java:257) [tomcat-embed-core-9.0.43.jar:9.0.43]
	at org.apache.catalina.core.StandardHostValve.throwable(StandardHostValve.java:352) [tomcat-embed-core-9.0.43.jar:9.0.43]
	at org.apache.catalina.core.StandardHostValve.invoke(StandardHostValve.java:177) [tomcat-embed-core-9.0.43.jar:9.0.43]
	at org.apache.catalina.valves.ErrorReportValve.invoke(ErrorReportValve.java:92) [tomcat-embed-core-9.0.43.jar:9.0.43]
	at org.apache.catalina.core.StandardEngineValve.invoke(StandardEngineValve.java:78) [tomcat-embed-core-9.0.43.jar:9.0.43]
	at org.apache.catalina.connector.CoyoteAdapter.service(CoyoteAdapter.java:346) [tomcat-embed-core-9.0.43.jar:9.0.43]
	at org.apache.coyote.http11.Http11Processor.service(Http11Processor.java:374) [tomcat-embed-core-9.0.43.jar:9.0.43]
	at org.apache.coyote.AbstractProcessorLight.process(AbstractProcessorLight.java:65) [tomcat-embed-core-9.0.43.jar:9.0.43]
	at org.apache.coyote.AbstractProtocol$ConnectionHandler.process(AbstractProtocol.java:887) [tomcat-embed-core-9.0.43.jar:9.0.43]
	at org.apache.tomcat.util.net.NioEndpoint$SocketProcessor.doRun(NioEndpoint.java:1684) [tomcat-embed-core-9.0.43.jar:9.0.43]
	at org.apache.tomcat.util.net.SocketProcessorBase.run(SocketProcessorBase.java:49) [tomcat-embed-core-9.0.43.jar:9.0.43]
	at java.util.concurrent.ThreadPoolExecutor.runWorker(ThreadPoolExecutor.java:1130) [?:?]
	at java.util.concurrent.ThreadPoolExecutor$Worker.run(ThreadPoolExecutor.java:630) [?:?]
	at org.apache.tomcat.util.threads.TaskThread$WrappingRunnable.run(TaskThread.java:61) [tomcat-embed-core-9.0.43.jar:9.0.43]
	at java.lang.Thread.run(Thread.java:832) [?:?]
Caused by: sun.security.validator.ValidatorException: PKIX path building failed: sun.security.provider.certpath.SunCertPathBuilderException: unable to find valid certification path to requested target
	at sun.security.validator.PKIXValidator.doBuild(PKIXValidator.java:439) ~[?:?]
	at sun.security.validator.PKIXValidator.engineValidate(PKIXValidator.java:306) ~[?:?]
	at sun.security.validator.Validator.validate(Validator.java:264) ~[?:?]
	at sun.security.ssl.X509TrustManagerImpl.checkTrusted(X509TrustManagerImpl.java:231) ~[?:?]
	at sun.security.ssl.X509TrustManagerImpl.checkServerTrusted(X509TrustManagerImpl.java:132) ~[?:?]
	at sun.security.ssl.CertificateMessage$T12CertificateConsumer.checkServerCerts(CertificateMessage.java:638) ~[?:?]
	... 78 more
Caused by: sun.security.provider.certpath.SunCertPathBuilderException: unable to find valid certification path to requested target
	at sun.security.provider.certpath.SunCertPathBuilder.build(SunCertPathBuilder.java:141) ~[?:?]
	at sun.security.provider.certpath.SunCertPathBuilder.engineBuild(SunCertPathBuilder.java:126) ~[?:?]
	at java.security.cert.CertPathBuilder.build(CertPathBuilder.java:297) ~[?:?]
	at sun.security.validator.PKIXValidator.doBuild(PKIXValidator.java:434) ~[?:?]
	at sun.security.validator.PKIXValidator.engineValidate(PKIXValidator.java:306) ~[?:?]
	at sun.security.validator.Validator.validate(Validator.java:264) ~[?:?]
	at sun.security.ssl.X509TrustManagerImpl.checkTrusted(X509TrustManagerImpl.java:231) ~[?:?]
	at sun.security.ssl.X509TrustManagerImpl.checkServerTrusted(X509TrustManagerImpl.java:132) ~[?:?]
	at sun.security.ssl.CertificateMessage$T12CertificateConsumer.checkServerCerts(CertificateMessage.java:638) ~[?:?]
	... 78 more
2021-06-13 23:36:02,190 ERROR o.a.j.l.DirectJDKLog Servlet.service() for servlet [dispatcherServlet] threw exception
java.lang.NullPointerException: Cannot invoke "String.length()" because "this.input" is null
	at java.net.URI$Parser.parse(URI.java:3154) ~[?:?]
	at java.net.URI.<init>(URI.java:623) ~[?:?]
	at java.net.URI.create(URI.java:904) ~[?:?]
	at org.apache.http.client.methods.HttpGet.<init>(HttpGet.java:66) ~[httpclient-4.5.13.jar:4.5.13]
	at org.keycloak.adapters.rotation.JWKPublicKeyLocator.sendRequest(JWKPublicKeyLocator.java:97) ~[keycloak-adapter-core-11.0.2.jar:11.0.2]
	at org.keycloak.adapters.rotation.JWKPublicKeyLocator.getPublicKey(JWKPublicKeyLocator.java:63) ~[keycloak-adapter-core-11.0.2.jar:11.0.2]
	at org.keycloak.adapters.rotation.AdapterTokenVerifier.getPublicKey(AdapterTokenVerifier.java:121) ~[keycloak-adapter-core-11.0.2.jar:11.0.2]
	at org.keycloak.adapters.rotation.AdapterTokenVerifier.createVerifier(AdapterTokenVerifier.java:111) ~[keycloak-adapter-core-11.0.2.jar:11.0.2]
	at org.keycloak.adapters.rotation.AdapterTokenVerifier.verifyToken(AdapterTokenVerifier.java:47) ~[keycloak-adapter-core-11.0.2.jar:11.0.2]
	at org.keycloak.adapters.BearerTokenRequestAuthenticator.authenticateToken(BearerTokenRequestAuthenticator.java:103) ~[keycloak-adapter-core-11.0.2.jar:11.0.2]
	at org.keycloak.adapters.BearerTokenRequestAuthenticator.authenticate(BearerTokenRequestAuthenticator.java:88) ~[keycloak-adapter-core-11.0.2.jar:11.0.2]
	at org.keycloak.adapters.RequestAuthenticator.authenticate(RequestAuthenticator.java:67) ~[keycloak-adapter-core-11.0.2.jar:11.0.2]
	at org.keycloak.adapters.springsecurity.filter.KeycloakAuthenticationProcessingFilter.attemptAuthentication(KeycloakAuthenticationProcessingFilter.java:154) ~[keycloak-spring-security-adapter-11.0.2.jar:11.0.2]
	at org.springframework.security.web.authentication.AbstractAuthenticationProcessingFilter.doFilter(AbstractAuthenticationProcessingFilter.java:212) ~[spring-security-web-5.3.8.RELEASE.jar:5.3.8.RELEASE]
	at org.springframework.security.web.FilterChainProxy$VirtualFilterChain.doFilter(FilterChainProxy.java:334) ~[spring-security-web-5.3.8.RELEASE.jar:5.3.8.RELEASE]
	at org.keycloak.adapters.springsecurity.filter.KeycloakPreAuthActionsFilter.doFilter(KeycloakPreAuthActionsFilter.java:96) ~[keycloak-spring-security-adapter-11.0.2.jar:11.0.2]
	at org.springframework.security.web.FilterChainProxy$VirtualFilterChain.doFilter(FilterChainProxy.java:334) ~[spring-security-web-5.3.8.RELEASE.jar:5.3.8.RELEASE]
	at org.springframework.web.filter.OncePerRequestFilter.doFilter(OncePerRequestFilter.java:103) ~[spring-web-5.2.13.RELEASE.jar:5.2.13.RELEASE]
	at org.springframework.security.web.FilterChainProxy$VirtualFilterChain.doFilter(FilterChainProxy.java:334) ~[spring-security-web-5.3.8.RELEASE.jar:5.3.8.RELEASE]
	at org.springframework.web.filter.OncePerRequestFilter.doFilter(OncePerRequestFilter.java:103) ~[spring-web-5.2.13.RELEASE.jar:5.2.13.RELEASE]
	at org.springframework.security.web.FilterChainProxy$VirtualFilterChain.doFilter(FilterChainProxy.java:334) ~[spring-security-web-5.3.8.RELEASE.jar:5.3.8.RELEASE]
	at org.springframework.security.web.context.SecurityContextPersistenceFilter.doFilter(SecurityContextPersistenceFilter.java:105) ~[spring-security-web-5.3.8.RELEASE.jar:5.3.8.RELEASE]
	at org.springframework.security.web.FilterChainProxy$VirtualFilterChain.doFilter(FilterChainProxy.java:334) ~[spring-security-web-5.3.8.RELEASE.jar:5.3.8.RELEASE]
	at org.springframework.web.filter.OncePerRequestFilter.doFilter(OncePerRequestFilter.java:103) ~[spring-web-5.2.13.RELEASE.jar:5.2.13.RELEASE]
	at org.springframework.security.web.FilterChainProxy$VirtualFilterChain.doFilter(FilterChainProxy.java:334) ~[spring-security-web-5.3.8.RELEASE.jar:5.3.8.RELEASE]
	at org.springframework.security.web.FilterChainProxy.doFilterInternal(FilterChainProxy.java:215) ~[spring-security-web-5.3.8.RELEASE.jar:5.3.8.RELEASE]
	at org.springframework.security.web.FilterChainProxy.doFilter(FilterChainProxy.java:178) ~[spring-security-web-5.3.8.RELEASE.jar:5.3.8.RELEASE]
	at org.springframework.web.filter.DelegatingFilterProxy.invokeDelegate(DelegatingFilterProxy.java:358) ~[spring-web-5.2.13.RELEASE.jar:5.2.13.RELEASE]
	at org.springframework.web.filter.DelegatingFilterProxy.doFilter(DelegatingFilterProxy.java:271) ~[spring-web-5.2.13.RELEASE.jar:5.2.13.RELEASE]
	at org.apache.catalina.core.ApplicationFilterChain.internalDoFilter(ApplicationFilterChain.java:189) ~[tomcat-embed-core-9.0.43.jar:9.0.43]
	at org.apache.catalina.core.ApplicationFilterChain.doFilter(ApplicationFilterChain.java:162) ~[tomcat-embed-core-9.0.43.jar:9.0.43]
	at org.springframework.web.filter.OncePerRequestFilter.doFilter(OncePerRequestFilter.java:103) ~[spring-web-5.2.13.RELEASE.jar:5.2.13.RELEASE]
	at org.apache.catalina.core.ApplicationFilterChain.internalDoFilter(ApplicationFilterChain.java:189) ~[tomcat-embed-core-9.0.43.jar:9.0.43]
	at org.apache.catalina.core.ApplicationFilterChain.doFilter(ApplicationFilterChain.java:162) ~[tomcat-embed-core-9.0.43.jar:9.0.43]
	at org.apache.catalina.core.ApplicationDispatcher.invoke(ApplicationDispatcher.java:710) [tomcat-embed-core-9.0.43.jar:9.0.43]
	at org.apache.catalina.core.ApplicationDispatcher.processRequest(ApplicationDispatcher.java:459) [tomcat-embed-core-9.0.43.jar:9.0.43]
	at org.apache.catalina.core.ApplicationDispatcher.doForward(ApplicationDispatcher.java:384) [tomcat-embed-core-9.0.43.jar:9.0.43]
	at org.apache.catalina.core.ApplicationDispatcher.forward(ApplicationDispatcher.java:312) [tomcat-embed-core-9.0.43.jar:9.0.43]
	at org.apache.catalina.core.StandardHostValve.custom(StandardHostValve.java:398) [tomcat-embed-core-9.0.43.jar:9.0.43]
	at org.apache.catalina.core.StandardHostValve.status(StandardHostValve.java:257) [tomcat-embed-core-9.0.43.jar:9.0.43]
	at org.apache.catalina.core.StandardHostValve.throwable(StandardHostValve.java:352) [tomcat-embed-core-9.0.43.jar:9.0.43]
	at org.apache.catalina.core.StandardHostValve.invoke(StandardHostValve.java:177) [tomcat-embed-core-9.0.43.jar:9.0.43]
	at org.apache.catalina.valves.ErrorReportValve.invoke(ErrorReportValve.java:92) [tomcat-embed-core-9.0.43.jar:9.0.43]
	at org.apache.catalina.core.StandardEngineValve.invoke(StandardEngineValve.java:78) [tomcat-embed-core-9.0.43.jar:9.0.43]
	at org.apache.catalina.connector.CoyoteAdapter.service(CoyoteAdapter.java:346) [tomcat-embed-core-9.0.43.jar:9.0.43]
	at org.apache.coyote.http11.Http11Processor.service(Http11Processor.java:374) [tomcat-embed-core-9.0.43.jar:9.0.43]
	at org.apache.coyote.AbstractProcessorLight.process(AbstractProcessorLight.java:65) [tomcat-embed-core-9.0.43.jar:9.0.43]
	at org.apache.coyote.AbstractProtocol$ConnectionHandler.process(AbstractProtocol.java:887) [tomcat-embed-core-9.0.43.jar:9.0.43]
	at org.apache.tomcat.util.net.NioEndpoint$SocketProcessor.doRun(NioEndpoint.java:1684) [tomcat-embed-core-9.0.43.jar:9.0.43]
	at org.apache.tomcat.util.net.SocketProcessorBase.run(SocketProcessorBase.java:49) [tomcat-embed-core-9.0.43.jar:9.0.43]
	at java.util.concurrent.ThreadPoolExecutor.runWorker(ThreadPoolExecutor.java:1130) [?:?]
	at java.util.concurrent.ThreadPoolExecutor$Worker.run(ThreadPoolExecutor.java:630) [?:?]
	at org.apache.tomcat.util.threads.TaskThread$WrappingRunnable.run(TaskThread.java:61) [tomcat-embed-core-9.0.43.jar:9.0.43]
	at java.lang.Thread.run(Thread.java:832) [?:?]
2021-06-13 23:36:02,192 ERROR o.a.j.l.DirectJDKLog Exception Processing ErrorPage[errorCode=0, location=/error]
java.lang.NullPointerException: Cannot invoke "String.length()" because "this.input" is null
	at java.net.URI$Parser.parse(URI.java:3154) ~[?:?]
	at java.net.URI.<init>(URI.java:623) ~[?:?]
	at java.net.URI.create(URI.java:904) ~[?:?]
	at org.apache.http.client.methods.HttpGet.<init>(HttpGet.java:66) ~[httpclient-4.5.13.jar:4.5.13]
	at org.keycloak.adapters.rotation.JWKPublicKeyLocator.sendRequest(JWKPublicKeyLocator.java:97) ~[keycloak-adapter-core-11.0.2.jar:11.0.2]
	at org.keycloak.adapters.rotation.JWKPublicKeyLocator.getPublicKey(JWKPublicKeyLocator.java:63) ~[keycloak-adapter-core-11.0.2.jar:11.0.2]
	at org.keycloak.adapters.rotation.AdapterTokenVerifier.getPublicKey(AdapterTokenVerifier.java:121) ~[keycloak-adapter-core-11.0.2.jar:11.0.2]
	at org.keycloak.adapters.rotation.AdapterTokenVerifier.createVerifier(AdapterTokenVerifier.java:111) ~[keycloak-adapter-core-11.0.2.jar:11.0.2]
	at org.keycloak.adapters.rotation.AdapterTokenVerifier.verifyToken(AdapterTokenVerifier.java:47) ~[keycloak-adapter-core-11.0.2.jar:11.0.2]
	at org.keycloak.adapters.BearerTokenRequestAuthenticator.authenticateToken(BearerTokenRequestAuthenticator.java:103) ~[keycloak-adapter-core-11.0.2.jar:11.0.2]
	at org.keycloak.adapters.BearerTokenRequestAuthenticator.authenticate(BearerTokenRequestAuthenticator.java:88) ~[keycloak-adapter-core-11.0.2.jar:11.0.2]
	at org.keycloak.adapters.RequestAuthenticator.authenticate(RequestAuthenticator.java:67) ~[keycloak-adapter-core-11.0.2.jar:11.0.2]
	at org.keycloak.adapters.springsecurity.filter.KeycloakAuthenticationProcessingFilter.attemptAuthentication(KeycloakAuthenticationProcessingFilter.java:154) ~[keycloak-spring-security-adapter-11.0.2.jar:11.0.2]
	at org.springframework.security.web.authentication.AbstractAuthenticationProcessingFilter.doFilter(AbstractAuthenticationProcessingFilter.java:212) ~[spring-security-web-5.3.8.RELEASE.jar:5.3.8.RELEASE]
	at org.springframework.security.web.FilterChainProxy$VirtualFilterChain.doFilter(FilterChainProxy.java:334) ~[spring-security-web-5.3.8.RELEASE.jar:5.3.8.RELEASE]
	at org.keycloak.adapters.springsecurity.filter.KeycloakPreAuthActionsFilter.doFilter(KeycloakPreAuthActionsFilter.java:96) ~[keycloak-spring-security-adapter-11.0.2.jar:11.0.2]
	at org.springframework.security.web.FilterChainProxy$VirtualFilterChain.doFilter(FilterChainProxy.java:334) ~[spring-security-web-5.3.8.RELEASE.jar:5.3.8.RELEASE]
	at org.springframework.web.filter.OncePerRequestFilter.doFilter(OncePerRequestFilter.java:103) ~[spring-web-5.2.13.RELEASE.jar:5.2.13.RELEASE]
	at org.springframework.security.web.FilterChainProxy$VirtualFilterChain.doFilter(FilterChainProxy.java:334) ~[spring-security-web-5.3.8.RELEASE.jar:5.3.8.RELEASE]
	at org.springframework.web.filter.OncePerRequestFilter.doFilter(OncePerRequestFilter.java:103) ~[spring-web-5.2.13.RELEASE.jar:5.2.13.RELEASE]
	at org.springframework.security.web.FilterChainProxy$VirtualFilterChain.doFilter(FilterChainProxy.java:334) ~[spring-security-web-5.3.8.RELEASE.jar:5.3.8.RELEASE]
	at org.springframework.security.web.context.SecurityContextPersistenceFilter.doFilter(SecurityContextPersistenceFilter.java:105) ~[spring-security-web-5.3.8.RELEASE.jar:5.3.8.RELEASE]
	at org.springframework.security.web.FilterChainProxy$VirtualFilterChain.doFilter(FilterChainProxy.java:334) ~[spring-security-web-5.3.8.RELEASE.jar:5.3.8.RELEASE]
	at org.springframework.web.filter.OncePerRequestFilter.doFilter(OncePerRequestFilter.java:103) ~[spring-web-5.2.13.RELEASE.jar:5.2.13.RELEASE]
	at org.springframework.security.web.FilterChainProxy$VirtualFilterChain.doFilter(FilterChainProxy.java:334) ~[spring-security-web-5.3.8.RELEASE.jar:5.3.8.RELEASE]
	at org.springframework.security.web.FilterChainProxy.doFilterInternal(FilterChainProxy.java:215) ~[spring-security-web-5.3.8.RELEASE.jar:5.3.8.RELEASE]
	at org.springframework.security.web.FilterChainProxy.doFilter(FilterChainProxy.java:178) ~[spring-security-web-5.3.8.RELEASE.jar:5.3.8.RELEASE]
	at org.springframework.web.filter.DelegatingFilterProxy.invokeDelegate(DelegatingFilterProxy.java:358) ~[spring-web-5.2.13.RELEASE.jar:5.2.13.RELEASE]
	at org.springframework.web.filter.DelegatingFilterProxy.doFilter(DelegatingFilterProxy.java:271) ~[spring-web-5.2.13.RELEASE.jar:5.2.13.RELEASE]
	at org.apache.catalina.core.ApplicationFilterChain.internalDoFilter(ApplicationFilterChain.java:189) ~[tomcat-embed-core-9.0.43.jar:9.0.43]
	at org.apache.catalina.core.ApplicationFilterChain.doFilter(ApplicationFilterChain.java:162) ~[tomcat-embed-core-9.0.43.jar:9.0.43]
	at org.springframework.web.filter.OncePerRequestFilter.doFilter(OncePerRequestFilter.java:103) ~[spring-web-5.2.13.RELEASE.jar:5.2.13.RELEASE]
	at org.apache.catalina.core.ApplicationFilterChain.internalDoFilter(ApplicationFilterChain.java:189) ~[tomcat-embed-core-9.0.43.jar:9.0.43]
	at org.apache.catalina.core.ApplicationFilterChain.doFilter(ApplicationFilterChain.java:162) ~[tomcat-embed-core-9.0.43.jar:9.0.43]
	at org.apache.catalina.core.ApplicationDispatcher.invoke(ApplicationDispatcher.java:710) ~[tomcat-embed-core-9.0.43.jar:9.0.43]
	at org.apache.catalina.core.ApplicationDispatcher.processRequest(ApplicationDispatcher.java:459) ~[tomcat-embed-core-9.0.43.jar:9.0.43]
	at org.apache.catalina.core.ApplicationDispatcher.doForward(ApplicationDispatcher.java:384) ~[tomcat-embed-core-9.0.43.jar:9.0.43]
	at org.apache.catalina.core.ApplicationDispatcher.forward(ApplicationDispatcher.java:312) ~[tomcat-embed-core-9.0.43.jar:9.0.43]
	at org.apache.catalina.core.StandardHostValve.custom(StandardHostValve.java:398) [tomcat-embed-core-9.0.43.jar:9.0.43]
	at org.apache.catalina.core.StandardHostValve.status(StandardHostValve.java:257) [tomcat-embed-core-9.0.43.jar:9.0.43]
	at org.apache.catalina.core.StandardHostValve.throwable(StandardHostValve.java:352) [tomcat-embed-core-9.0.43.jar:9.0.43]
	at org.apache.catalina.core.StandardHostValve.invoke(StandardHostValve.java:177) [tomcat-embed-core-9.0.43.jar:9.0.43]
	at org.apache.catalina.valves.ErrorReportValve.invoke(ErrorReportValve.java:92) [tomcat-embed-core-9.0.43.jar:9.0.43]
	at org.apache.catalina.core.StandardEngineValve.invoke(StandardEngineValve.java:78) [tomcat-embed-core-9.0.43.jar:9.0.43]
	at org.apache.catalina.connector.CoyoteAdapter.service(CoyoteAdapter.java:346) [tomcat-embed-core-9.0.43.jar:9.0.43]
	at org.apache.coyote.http11.Http11Processor.service(Http11Processor.java:374) [tomcat-embed-core-9.0.43.jar:9.0.43]
	at org.apache.coyote.AbstractProcessorLight.process(AbstractProcessorLight.java:65) [tomcat-embed-core-9.0.43.jar:9.0.43]
	at org.apache.coyote.AbstractProtocol$ConnectionHandler.process(AbstractProtocol.java:887) [tomcat-embed-core-9.0.43.jar:9.0.43]
	at org.apache.tomcat.util.net.NioEndpoint$SocketProcessor.doRun(NioEndpoint.java:1684) [tomcat-embed-core-9.0.43.jar:9.0.43]
	at org.apache.tomcat.util.net.SocketProcessorBase.run(SocketProcessorBase.java:49) [tomcat-embed-core-9.0.43.jar:9.0.43]
	at java.util.concurrent.ThreadPoolExecutor.runWorker(ThreadPoolExecutor.java:1130) [?:?]
	at java.util.concurrent.ThreadPoolExecutor$Worker.run(ThreadPoolExecutor.java:630) [?:?]
	at org.apache.tomcat.util.threads.TaskThread$WrappingRunnable.run(TaskThread.java:61) [tomcat-embed-core-9.0.43.jar:9.0.43]
	at java.lang.Thread.run(Thread.java:832) [?:?]
