2021-06-15 16:47:38,560 INFO o.h.v.i.u.Version HV000001: Hibernate Validator 6.1.7.Final
2021-06-15 16:47:38,595 INFO o.s.b.StartupInfoLogger Starting HospitalApplication on Rocika-w10 with PID 14032 (D:\FAX\VIII semestar\Bezbednost u sistemima elektronskog poslovanja\Projekat\BSEP_T17\hospital\target\classes started by Rocika in D:\FAX\VIII semestar\Bezbednost u sistemima elektronskog poslovanja\Projekat\BSEP_T17\hospital)
2021-06-15 16:47:38,598 INFO o.s.b.SpringApplication No active profile set, falling back to default profiles: default
2021-06-15 16:47:39,254 INFO o.s.d.r.c.RepositoryConfigurationDelegate Multiple Spring Data modules found, entering strict repository configuration mode!
2021-06-15 16:47:39,258 INFO o.s.d.r.c.RepositoryConfigurationDelegate Bootstrapping Spring Data JPA repositories in DEFAULT mode.
2021-06-15 16:47:39,307 INFO o.s.d.r.c.RepositoryConfigurationExtensionSupport Spring Data JPA - Could not safely identify store assignment for repository candidate interface bsep.hospital.repository.LogRepository. If you want this repository to be a JPA repository, consider annotating your entities with one of these annotations: javax.persistence.Entity, javax.persistence.MappedSuperclass (preferred), or consider extending one of the following types with your repository: org.springframework.data.jpa.repository.JpaRepository.
2021-06-15 16:47:39,333 INFO o.s.d.r.c.RepositoryConfigurationDelegate Finished Spring Data repository scanning in 69ms. Found 4 JPA repository interfaces.
2021-06-15 16:47:39,350 INFO o.s.d.r.c.RepositoryConfigurationDelegate Multiple Spring Data modules found, entering strict repository configuration mode!
2021-06-15 16:47:39,350 INFO o.s.d.r.c.RepositoryConfigurationDelegate Bootstrapping Spring Data MongoDB repositories in DEFAULT mode.
2021-06-15 16:47:39,355 INFO o.s.d.r.c.RepositoryConfigurationExtensionSupport Spring Data MongoDB - Could not safely identify store assignment for repository candidate interface bsep.hospital.repository.AuthorityRepository. If you want this repository to be a MongoDB repository, consider annotating your entities with one of these annotations: org.springframework.data.mongodb.core.mapping.Document (preferred), or consider extending one of the following types with your repository: org.springframework.data.mongodb.repository.MongoRepository.
2021-06-15 16:47:39,357 INFO o.s.d.r.c.RepositoryConfigurationExtensionSupport Spring Data MongoDB - Could not safely identify store assignment for repository candidate interface bsep.hospital.repository.PatientRepository. If you want this repository to be a MongoDB repository, consider annotating your entities with one of these annotations: org.springframework.data.mongodb.core.mapping.Document (preferred), or consider extending one of the following types with your repository: org.springframework.data.mongodb.repository.MongoRepository.
2021-06-15 16:47:39,358 INFO o.s.d.r.c.RepositoryConfigurationExtensionSupport Spring Data MongoDB - Could not safely identify store assignment for repository candidate interface bsep.hospital.repository.PatientStatusRepository. If you want this repository to be a MongoDB repository, consider annotating your entities with one of these annotations: org.springframework.data.mongodb.core.mapping.Document (preferred), or consider extending one of the following types with your repository: org.springframework.data.mongodb.repository.MongoRepository.
2021-06-15 16:47:39,360 INFO o.s.d.r.c.RepositoryConfigurationExtensionSupport Spring Data MongoDB - Could not safely identify store assignment for repository candidate interface bsep.hospital.repository.PersonRepository. If you want this repository to be a MongoDB repository, consider annotating your entities with one of these annotations: org.springframework.data.mongodb.core.mapping.Document (preferred), or consider extending one of the following types with your repository: org.springframework.data.mongodb.repository.MongoRepository.
2021-06-15 16:47:39,363 INFO o.s.d.r.c.RepositoryConfigurationDelegate Finished Spring Data repository scanning in 12ms. Found 1 MongoDB repository interfaces.
2021-06-15 16:47:39,658 INFO o.s.c.s.PostProcessorRegistrationDelegate$BeanPostProcessorChecker Bean 'org.springframework.security.access.expression.method.DefaultMethodSecurityExpressionHandler@71a3e05c' of type [org.springframework.security.access.expression.method.DefaultMethodSecurityExpressionHandler] is not eligible for getting processed by all BeanPostProcessors (for example: not eligible for auto-proxying)
2021-06-15 16:47:39,666 INFO o.s.c.s.PostProcessorRegistrationDelegate$BeanPostProcessorChecker Bean 'methodSecurityMetadataSource' of type [org.springframework.security.access.method.DelegatingMethodSecurityMetadataSource] is not eligible for getting processed by all BeanPostProcessors (for example: not eligible for auto-proxying)
2021-06-15 16:47:39,948 INFO o.s.b.w.e.t.TomcatWebServer Tomcat initialized with port(s): 8085 (https)
2021-06-15 16:47:39,955 INFO o.a.j.l.DirectJDKLog Initializing ProtocolHandler ["https-jsse-nio-8085"]
2021-06-15 16:47:39,956 INFO o.a.j.l.DirectJDKLog Starting service [Tomcat]
2021-06-15 16:47:39,956 INFO o.a.j.l.DirectJDKLog Starting Servlet engine: [Apache Tomcat/9.0.43]
2021-06-15 16:47:40,096 INFO o.a.j.l.DirectJDKLog Initializing Spring embedded WebApplicationContext
2021-06-15 16:47:40,097 INFO o.s.b.w.s.c.ServletWebServerApplicationContext Root WebApplicationContext: initialization completed in 1468 ms
2021-06-15 16:47:40,168 WARN o.s.b.a.o.j.JpaBaseConfiguration$JpaWebConfiguration spring.jpa.open-in-view is enabled by default. Therefore, database queries may be performed during view rendering. Explicitly configure spring.jpa.open-in-view to disable this warning
2021-06-15 16:47:40,283 INFO o.h.j.i.u.LogHelper HHH000204: Processing PersistenceUnitInfo [name: default]
2021-06-15 16:47:40,317 INFO o.h.Version HHH000412: Hibernate ORM core version 5.4.28.Final
2021-06-15 16:47:40,391 INFO o.h.a.c.r.j.JavaReflectionManager HCANN000001: Hibernate Commons Annotations {5.1.2.Final}
2021-06-15 16:47:40,455 INFO c.z.h.HikariDataSource HikariPool-1 - Starting...
2021-06-15 16:47:40,545 INFO c.z.h.HikariDataSource HikariPool-1 - Start completed.
2021-06-15 16:47:40,559 INFO o.h.d.Dialect HHH000400: Using dialect: org.hibernate.dialect.PostgreSQL95Dialect
2021-06-15 16:47:41,414 INFO o.h.e.t.j.p.i.JtaPlatformInitiator HHH000490: Using JtaPlatform implementation: [org.hibernate.engine.transaction.jta.platform.internal.NoJtaPlatform]
2021-06-15 16:47:41,420 INFO o.s.o.j.AbstractEntityManagerFactoryBean Initialized JPA EntityManagerFactory for persistence unit 'default'
2021-06-15 16:47:41,815 INFO b.h.k.KeyStoreWriter Attempting to initialize keystore using bouncy castle provider.
2021-06-15 16:47:41,820 INFO b.h.k.KeyStoreReader Attempting to initialize keystore using bouncy castle provider.
2021-06-15 16:47:41,917 INFO c.m.d.l.SLF4JLogger Cluster created with settings {hosts=[localhost:27017], mode=SINGLE, requiredClusterType=UNKNOWN, serverSelectionTimeout='30000 ms'}
2021-06-15 16:47:41,956 INFO c.m.d.l.SLF4JLogger Opened connection [connectionId{localValue:1, serverValue:6}] to localhost:27017
2021-06-15 16:47:41,960 INFO c.m.d.l.SLF4JLogger Monitor thread successfully connected to server with description ServerDescription{address=localhost:27017, type=STANDALONE, state=CONNECTED, ok=true, minWireVersion=0, maxWireVersion=9, maxDocumentSize=16777216, logicalSessionTimeoutMinutes=30, roundTripTimeNanos=2689500}
2021-06-15 16:47:42,179 INFO b.h.c.DroolsConfig Creating kie session
2021-06-15 16:47:42,182 INFO o.k.a.i.u.ServiceDiscoveryImpl Loading kie.conf from  jar:file:/C:/Users/Rocika/.m2/repository/org/kie/kie-ci/7.17.0.Final/kie-ci-7.17.0.Final.jar!/META-INF/kie.conf in classloader jdk.internal.loader.ClassLoaders$AppClassLoader@3b192d32
2021-06-15 16:47:42,182 INFO o.k.a.i.u.ServiceDiscoveryImpl Adding Service org.kie.scanner.KieScannerFactoryServiceImpl

2021-06-15 16:47:42,184 INFO o.k.a.i.u.ServiceDiscoveryImpl Adding Service org.kie.scanner.MavenClassLoaderResolver

2021-06-15 16:47:42,184 INFO o.k.a.i.u.ServiceDiscoveryImpl Loading kie.conf from  jar:file:/C:/Users/Rocika/.m2/repository/org/drools/drools-core/7.17.0.Final/drools-core-7.17.0.Final.jar!/META-INF/kie.conf in classloader jdk.internal.loader.ClassLoaders$AppClassLoader@3b192d32
2021-06-15 16:47:42,185 INFO o.k.a.i.u.ServiceDiscoveryImpl Adding Service org.drools.core.io.impl.ResourceFactoryServiceImpl

2021-06-15 16:47:42,186 INFO o.k.a.i.u.ServiceDiscoveryImpl Adding Service org.drools.core.marshalling.impl.MarshallerProviderImpl

2021-06-15 16:47:42,186 INFO o.k.a.i.u.ServiceDiscoveryImpl Adding Service org.drools.core.concurrent.ExecutorProviderImpl

2021-06-15 16:47:42,186 INFO o.k.a.i.u.ServiceDiscoveryImpl Loading kie.conf from  jar:file:/C:/Users/Rocika/.m2/repository/org/drools/drools-compiler/7.17.0.Final/drools-compiler-7.17.0.Final.jar!/META-INF/kie.conf in classloader jdk.internal.loader.ClassLoaders$AppClassLoader@3b192d32
2021-06-15 16:47:42,188 INFO o.k.a.i.u.ServiceDiscoveryImpl Adding Service org.drools.compiler.kie.builder.impl.KieServicesImpl

2021-06-15 16:47:42,189 INFO o.k.a.i.u.ServiceDiscoveryImpl Adding Service org.drools.compiler.builder.impl.KnowledgeBuilderFactoryServiceImpl

2021-06-15 16:47:42,189 INFO o.k.a.i.u.ServiceDiscoveryImpl Loading kie.conf from  jar:file:/C:/Users/Rocika/.m2/repository/org/kie/kie-internal/7.17.0.Final/kie-internal-7.17.0.Final.jar!/META-INF/kie.conf in classloader jdk.internal.loader.ClassLoaders$AppClassLoader@3b192d32
2021-06-15 16:47:42,190 INFO o.k.a.i.u.ServiceDiscoveryImpl Adding Service org.kie.internal.services.KieAssemblersImpl

2021-06-15 16:47:42,190 INFO o.k.a.i.u.ServiceDiscoveryImpl Adding Service org.kie.internal.services.KieRuntimesImpl

2021-06-15 16:47:42,191 INFO o.k.a.i.u.ServiceDiscoveryImpl Adding Service org.kie.internal.services.KieWeaversImpl

2021-06-15 16:47:42,192 INFO o.k.a.i.u.ServiceDiscoveryImpl Adding Service org.kie.internal.services.KieBeliefsImpl

2021-06-15 16:47:42,200 INFO o.d.c.k.b.i.ClasspathKieProject Found kmodule: file:/D:/FAX/VIII%20semestar/Bezbednost%20u%20sistemima%20elektronskog%20poslovanja/Projekat/BSEP_T17/hospital/target/classes/META-INF/kmodule.xml
2021-06-15 16:47:42,357 WARN o.d.c.k.b.i.ClasspathKieProject Unable to find pom.properties in /D:/FAX/VIII semestar/Bezbednost u sistemima elektronskog poslovanja/Projekat/BSEP_T17/hospital/target/classes
2021-06-15 16:47:45,149 INFO o.d.c.k.b.i.ClasspathKieProject Recursed up folders, found and used pom.xml D:\FAX\VIII semestar\Bezbednost u sistemima elektronskog poslovanja\Projekat\BSEP_T17\hospital\pom.xml
2021-06-15 16:47:45,154 INFO o.d.c.k.b.i.KieRepositoryImpl KieModule was added: FileKieModule[releaseId=bsep:hospital:0.0.1-SNAPSHOT,file=D:\FAX\VIII semestar\Bezbednost u sistemima elektronskog poslovanja\Projekat\BSEP_T17\hospital\target\classes]
2021-06-15 16:47:46,138 INFO b.h.i.Initialize Executing operation Initialize
2021-06-15 16:47:46,138 INFO b.h.i.Initialize Attempting to create keystore.
2021-06-15 16:47:46,138 INFO b.h.i.Initialize Checking if keystore already exists.
2021-06-15 16:47:46,138 INFO b.h.k.KeyStoreWriter Attempting to load keystore.
2021-06-15 16:47:46,139 INFO b.h.k.KeyStoreWriter Successfully loaded keystore.
2021-06-15 16:47:46,139 INFO b.h.i.Initialize Keystore already exists.
2021-06-15 16:47:46,291 INFO o.s.s.w.DefaultSecurityFilterChain Creating filter chain: any request, [org.springframework.security.web.context.request.async.WebAsyncManagerIntegrationFilter@1fa59b0d, org.springframework.security.web.context.SecurityContextPersistenceFilter@6e530ccc, org.springframework.security.web.header.HeaderWriterFilter@7655a302, org.springframework.web.filter.CorsFilter@e71bd92, org.keycloak.adapters.springsecurity.filter.KeycloakPreAuthActionsFilter@49bc71b4, org.keycloak.adapters.springsecurity.filter.KeycloakAuthenticationProcessingFilter@7e63374b, org.springframework.security.web.authentication.logout.LogoutFilter@5d73aa0e, org.springframework.security.web.savedrequest.RequestCacheAwareFilter@58bf45ca, org.springframework.security.web.servletapi.SecurityContextHolderAwareRequestFilter@7d4a6213, org.keycloak.adapters.springsecurity.filter.KeycloakSecurityContextRequestFilter@c3d4bd7, org.keycloak.adapters.springsecurity.filter.KeycloakAuthenticatedActionsFilter@2626aa35, org.springframework.security.web.authentication.AnonymousAuthenticationFilter@cd041f9, org.springframework.security.web.session.SessionManagementFilter@87bf8b8, org.springframework.security.web.access.ExceptionTranslationFilter@508b9c16, org.springframework.security.web.access.intercept.FilterSecurityInterceptor@4fe9a720]
2021-06-15 16:47:46,508 INFO o.s.s.c.ExecutorConfigurationSupport Initializing ExecutorService 'taskScheduler'
2021-06-15 16:47:46,541 INFO o.a.j.l.DirectJDKLog Starting ProtocolHandler ["https-jsse-nio-8085"]
2021-06-15 16:47:46,634 INFO o.s.b.w.e.t.TomcatWebServer Tomcat started on port(s): 8085 (https) with context path ''
2021-06-15 16:47:46,643 INFO o.s.b.StartupInfoLogger Started HospitalApplication in 8.296 seconds (JVM running for 9.453)
2021-06-15 16:47:46,647 INFO o.s.s.c.ExecutorConfigurationSupport Initializing ExecutorService 'applicationTaskExecutor'
2021-06-15 16:47:46,655 INFO b.h.s.LogService Parsing simulate logs
2021-06-15 16:47:46,655 INFO b.h.s.LogService Parsing logs from files.
2021-06-15 16:47:46,655 INFO b.h.l.LogParser Attempting to parse application logs
2021-06-15 16:47:46,656 INFO b.h.l.LogParser Reading log file.
2021-06-15 16:47:46,660 INFO b.h.l.LogParser Attempting to parse keycloak logs
2021-06-15 16:47:46,660 INFO b.h.l.LogParser Reading log file.
2021-06-15 16:47:46,666 INFO b.h.s.LogService Successfully parsed logs from files.
2021-06-15 16:47:46,705 INFO b.h.s.LogService Saving logs.
2021-06-15 16:47:46,747 INFO c.m.d.l.SLF4JLogger Opened connection [connectionId{localValue:2, serverValue:7}] to localhost:27017
2021-06-15 16:47:46,895 INFO b.h.s.LogService Finished saving logs.
2021-06-15 16:47:51,640 INFO b.h.s.LogService Parsing simulate logs
2021-06-15 16:47:51,640 INFO b.h.s.LogService Parsing logs from files.
2021-06-15 16:47:51,641 INFO b.h.l.LogParser Attempting to parse application logs
2021-06-15 16:47:51,641 INFO b.h.l.LogParser Reading log file.
2021-06-15 16:47:51,642 INFO b.h.l.LogParser Attempting to parse keycloak logs
2021-06-15 16:47:51,643 INFO b.h.l.LogParser Reading log file.
2021-06-15 16:47:51,643 INFO b.h.s.LogService Successfully parsed logs from files.
2021-06-15 16:47:51,645 INFO b.h.s.LogService Saving logs.
2021-06-15 16:47:51,650 INFO b.h.s.LogService Finished saving logs.
2021-06-15 16:47:56,650 INFO b.h.s.LogService Parsing simulate logs
2021-06-15 16:47:56,650 INFO b.h.s.LogService Parsing logs from files.
2021-06-15 16:47:56,651 INFO b.h.l.LogParser Attempting to parse application logs
2021-06-15 16:47:56,652 INFO b.h.l.LogParser Reading log file.
2021-06-15 16:47:56,653 INFO b.h.l.LogParser Attempting to parse keycloak logs
2021-06-15 16:47:56,653 INFO b.h.l.LogParser Reading log file.
2021-06-15 16:47:56,654 INFO b.h.s.LogService Successfully parsed logs from files.
2021-06-15 16:47:56,655 INFO b.h.s.LogService Saving logs.
2021-06-15 16:47:56,661 INFO b.h.s.LogService Finished saving logs.
2021-06-15 16:48:01,653 INFO b.h.s.LogService Parsing logs from files.
2021-06-15 16:48:01,654 INFO b.h.s.LogService Parsing simulate logs
2021-06-15 16:48:01,654 INFO b.h.l.LogParser Attempting to parse application logs
2021-06-15 16:48:01,655 INFO b.h.l.LogParser Reading log file.
2021-06-15 16:48:01,655 INFO b.h.l.LogParser Attempting to parse keycloak logs
2021-06-15 16:48:01,656 INFO b.h.l.LogParser Reading log file.
2021-06-15 16:48:01,657 INFO b.h.s.LogService Successfully parsed logs from files.
2021-06-15 16:48:01,658 INFO b.h.s.LogService Saving logs.
2021-06-15 16:48:01,666 INFO b.h.s.LogService Finished saving logs.
2021-06-15 16:48:06,357 INFO o.a.j.l.DirectJDKLog Initializing Spring DispatcherServlet 'dispatcherServlet'
2021-06-15 16:48:06,357 INFO o.s.w.s.FrameworkServlet Initializing Servlet 'dispatcherServlet'
2021-06-15 16:48:06,364 INFO o.s.w.s.FrameworkServlet Completed initialization in 6 ms
2021-06-15 16:48:06,432 INFO b.h.a.DeviceController Device is attempting to save patient status.
2021-06-15 16:48:06,436 INFO b.h.s.PatientService Getting patient by id 8
2021-06-15 16:48:06,473 INFO b.h.a.DeviceController Putting patient status through drools.
2021-06-15 16:48:06,475 INFO b.h.s.PatientStatusService Saving patient status bsep.hospital.model.PatientStatus@d2dac93
2021-06-15 16:48:06,501 INFO b.h.a.DeviceController Successfully saved patient status.
2021-06-15 16:48:06,535 INFO b.h.a.DeviceController Device is attempting to save patient status.
2021-06-15 16:48:06,535 INFO b.h.s.PatientService Getting patient by id 6
2021-06-15 16:48:06,538 INFO b.h.a.DeviceController Putting patient status through drools.
2021-06-15 16:48:06,547 INFO b.h.s.PatientStatusService Saving patient status bsep.hospital.model.PatientStatus@2fa3d789
2021-06-15 16:48:06,549 INFO b.h.a.DeviceController Successfully saved patient status.
2021-06-15 16:48:06,561 INFO b.h.a.DeviceController Device is attempting to save patient status.
2021-06-15 16:48:06,561 INFO b.h.s.PatientService Getting patient by id 4
2021-06-15 16:48:06,563 INFO b.h.a.DeviceController Putting patient status through drools.
2021-06-15 16:48:06,565 INFO b.h.s.PatientStatusService Saving patient status bsep.hospital.model.PatientStatus@1d671f42
2021-06-15 16:48:06,567 INFO b.h.a.DeviceController Successfully saved patient status.
2021-06-15 16:48:06,653 INFO b.h.s.LogService Parsing logs from files.
2021-06-15 16:48:06,653 INFO b.h.s.LogService Parsing simulate logs
2021-06-15 16:48:06,653 INFO b.h.l.LogParser Attempting to parse application logs
2021-06-15 16:48:06,654 INFO b.h.l.LogParser Reading log file.
2021-06-15 16:48:06,655 INFO b.h.l.LogParser Attempting to parse keycloak logs
2021-06-15 16:48:06,656 INFO b.h.l.LogParser Reading log file.
2021-06-15 16:48:06,657 INFO b.h.s.LogService Successfully parsed logs from files.
2021-06-15 16:48:06,658 INFO b.h.s.LogService Saving logs.
2021-06-15 16:48:06,682 INFO b.h.s.LogService Finished saving logs.
2021-06-15 16:48:11,655 INFO b.h.s.LogService Parsing logs from files.
2021-06-15 16:48:11,656 INFO b.h.s.LogService Parsing simulate logs
2021-06-15 16:48:11,656 INFO b.h.l.LogParser Attempting to parse application logs
2021-06-15 16:48:11,659 INFO b.h.l.LogParser Reading log file.
2021-06-15 16:48:11,661 INFO b.h.l.LogParser Attempting to parse keycloak logs
2021-06-15 16:48:11,663 INFO b.h.l.LogParser Reading log file.
2021-06-15 16:48:11,663 INFO b.h.s.LogService Successfully parsed logs from files.
2021-06-15 16:48:11,664 INFO b.h.s.LogService Saving logs.
2021-06-15 16:48:11,669 INFO b.h.s.LogService Finished saving logs.
2021-06-15 16:48:16,054 INFO b.h.a.DeviceController Device is attempting to save patient status.
2021-06-15 16:48:16,054 INFO b.h.s.PatientService Getting patient by id 2
2021-06-15 16:48:16,056 INFO b.h.a.DeviceController Putting patient status through drools.
2021-06-15 16:48:16,057 INFO b.h.s.PatientStatusService Saving patient status bsep.hospital.model.PatientStatus@5079629b
2021-06-15 16:48:16,061 INFO b.h.a.DeviceController Successfully saved patient status.
2021-06-15 16:48:16,069 INFO b.h.a.DeviceController Device is attempting to save patient status.
2021-06-15 16:48:16,069 INFO b.h.s.PatientService Getting patient by id 9
2021-06-15 16:48:16,071 INFO b.h.a.DeviceController Putting patient status through drools.
2021-06-15 16:48:16,071 INFO b.h.s.PatientStatusService Saving patient status bsep.hospital.model.PatientStatus@60f63810
2021-06-15 16:48:16,074 INFO b.h.a.DeviceController Successfully saved patient status.
2021-06-15 16:48:16,086 INFO b.h.a.DeviceController Device is attempting to save patient status.
2021-06-15 16:48:16,086 INFO b.h.s.PatientService Getting patient by id 8
2021-06-15 16:48:16,089 INFO b.h.a.DeviceController Putting patient status through drools.
2021-06-15 16:48:16,089 INFO b.h.s.PatientStatusService Saving patient status bsep.hospital.model.PatientStatus@486bb475
2021-06-15 16:48:16,091 INFO b.h.a.DeviceController Successfully saved patient status.
2021-06-15 16:48:16,643 INFO b.h.s.LogService Parsing logs from files.
2021-06-15 16:48:16,643 INFO b.h.s.LogService Parsing simulate logs
2021-06-15 16:48:16,643 INFO b.h.l.LogParser Attempting to parse application logs
2021-06-15 16:48:16,643 INFO b.h.l.LogParser Reading log file.
2021-06-15 16:48:16,644 INFO b.h.l.LogParser Attempting to parse keycloak logs
2021-06-15 16:48:16,645 INFO b.h.l.LogParser Reading log file.
2021-06-15 16:48:16,645 INFO b.h.s.LogService Successfully parsed logs from files.
2021-06-15 16:48:16,646 INFO b.h.s.LogService Saving logs.
2021-06-15 16:48:16,658 INFO b.h.s.LogService Finished saving logs.
2021-06-15 16:48:21,645 INFO b.h.s.LogService Parsing logs from files.
2021-06-15 16:48:21,645 INFO b.h.s.LogService Parsing simulate logs
2021-06-15 16:48:21,645 INFO b.h.l.LogParser Attempting to parse application logs
2021-06-15 16:48:21,646 INFO b.h.l.LogParser Reading log file.
2021-06-15 16:48:21,646 INFO b.h.l.LogParser Attempting to parse keycloak logs
2021-06-15 16:48:21,647 INFO b.h.l.LogParser Reading log file.
2021-06-15 16:48:21,647 INFO b.h.s.LogService Successfully parsed logs from files.
2021-06-15 16:48:21,648 INFO b.h.s.LogService Saving logs.
2021-06-15 16:48:21,655 INFO b.h.s.LogService Finished saving logs.
2021-06-15 16:48:26,042 INFO b.h.a.DeviceController Device is attempting to save patient status.
2021-06-15 16:48:26,043 INFO b.h.s.PatientService Getting patient by id 1
2021-06-15 16:48:26,045 INFO b.h.a.DeviceController Putting patient status through drools.
2021-06-15 16:48:26,046 INFO b.h.s.PatientStatusService Saving patient status bsep.hospital.model.PatientStatus@266bbbbb
2021-06-15 16:48:26,048 INFO b.h.a.DeviceController Successfully saved patient status.
2021-06-15 16:48:26,074 INFO b.h.a.DeviceController Device is attempting to save patient status.
2021-06-15 16:48:26,074 INFO b.h.s.PatientService Getting patient by id 4
2021-06-15 16:48:26,076 INFO b.h.a.DeviceController Putting patient status through drools.
2021-06-15 16:48:26,077 INFO b.h.s.PatientStatusService Saving patient status bsep.hospital.model.PatientStatus@1294be6b
2021-06-15 16:48:26,079 INFO b.h.a.DeviceController Successfully saved patient status.
2021-06-15 16:48:26,090 INFO b.h.a.DeviceController Device is attempting to save patient status.
2021-06-15 16:48:26,090 INFO b.h.s.PatientService Getting patient by id 5
2021-06-15 16:48:26,092 INFO b.h.a.DeviceController Putting patient status through drools.
2021-06-15 16:48:26,093 INFO b.h.s.PatientStatusService Saving patient status bsep.hospital.model.PatientStatus@5425fc1e
2021-06-15 16:48:26,094 INFO b.h.a.DeviceController Successfully saved patient status.
2021-06-15 16:48:26,642 INFO b.h.s.LogService Parsing simulate logs
2021-06-15 16:48:26,642 INFO b.h.s.LogService Parsing logs from files.
2021-06-15 16:48:26,642 INFO b.h.l.LogParser Attempting to parse application logs
2021-06-15 16:48:26,643 INFO b.h.l.LogParser Reading log file.
2021-06-15 16:48:26,644 INFO b.h.l.LogParser Attempting to parse keycloak logs
2021-06-15 16:48:26,645 INFO b.h.l.LogParser Reading log file.
2021-06-15 16:48:26,645 INFO b.h.s.LogService Successfully parsed logs from files.
2021-06-15 16:48:26,646 INFO b.h.s.LogService Saving logs.
2021-06-15 16:48:26,662 INFO b.h.s.LogService Finished saving logs.
