2021-06-14 17:29:08,949 INFO o.h.v.i.u.Version HV000001: Hibernate Validator 6.1.7.Final
2021-06-14 17:29:08,994 INFO o.s.b.StartupInfoLogger Starting HospitalApplication on DESKTOP-MK6223H with PID 18504 (D:\Fakultet\8. semestar\PROJEKTI\bsep\BSEP_T17\hospital\target\classes started by Milorad in D:\Fakultet\8. semestar\PROJEKTI\bsep\BSEP_T17\hospital)
2021-06-14 17:29:08,998 INFO o.s.b.SpringApplication No active profile set, falling back to default profiles: default
2021-06-14 17:29:09,634 INFO o.s.d.r.c.RepositoryConfigurationDelegate Multiple Spring Data modules found, entering strict repository configuration mode!
2021-06-14 17:29:09,636 INFO o.s.d.r.c.RepositoryConfigurationDelegate Bootstrapping Spring Data JPA repositories in DEFAULT mode.
2021-06-14 17:29:09,683 INFO o.s.d.r.c.RepositoryConfigurationExtensionSupport Spring Data JPA - Could not safely identify store assignment for repository candidate interface bsep.hospital.repository.LogRepository. If you want this repository to be a JPA repository, consider annotating your entities with one of these annotations: javax.persistence.Entity, javax.persistence.MappedSuperclass (preferred), or consider extending one of the following types with your repository: org.springframework.data.jpa.repository.JpaRepository.
2021-06-14 17:29:09,708 INFO o.s.d.r.c.RepositoryConfigurationDelegate Finished Spring Data repository scanning in 59ms. Found 4 JPA repository interfaces.
2021-06-14 17:29:09,727 INFO o.s.d.r.c.RepositoryConfigurationDelegate Multiple Spring Data modules found, entering strict repository configuration mode!
2021-06-14 17:29:09,727 INFO o.s.d.r.c.RepositoryConfigurationDelegate Bootstrapping Spring Data MongoDB repositories in DEFAULT mode.
2021-06-14 17:29:09,733 INFO o.s.d.r.c.RepositoryConfigurationExtensionSupport Spring Data MongoDB - Could not safely identify store assignment for repository candidate interface bsep.hospital.repository.AuthorityRepository. If you want this repository to be a MongoDB repository, consider annotating your entities with one of these annotations: org.springframework.data.mongodb.core.mapping.Document (preferred), or consider extending one of the following types with your repository: org.springframework.data.mongodb.repository.MongoRepository.
2021-06-14 17:29:09,735 INFO o.s.d.r.c.RepositoryConfigurationExtensionSupport Spring Data MongoDB - Could not safely identify store assignment for repository candidate interface bsep.hospital.repository.PatientRepository. If you want this repository to be a MongoDB repository, consider annotating your entities with one of these annotations: org.springframework.data.mongodb.core.mapping.Document (preferred), or consider extending one of the following types with your repository: org.springframework.data.mongodb.repository.MongoRepository.
2021-06-14 17:29:09,735 INFO o.s.d.r.c.RepositoryConfigurationExtensionSupport Spring Data MongoDB - Could not safely identify store assignment for repository candidate interface bsep.hospital.repository.PatientStatusRepository. If you want this repository to be a MongoDB repository, consider annotating your entities with one of these annotations: org.springframework.data.mongodb.core.mapping.Document (preferred), or consider extending one of the following types with your repository: org.springframework.data.mongodb.repository.MongoRepository.
2021-06-14 17:29:09,736 INFO o.s.d.r.c.RepositoryConfigurationExtensionSupport Spring Data MongoDB - Could not safely identify store assignment for repository candidate interface bsep.hospital.repository.PersonRepository. If you want this repository to be a MongoDB repository, consider annotating your entities with one of these annotations: org.springframework.data.mongodb.core.mapping.Document (preferred), or consider extending one of the following types with your repository: org.springframework.data.mongodb.repository.MongoRepository.
2021-06-14 17:29:09,740 INFO o.s.d.r.c.RepositoryConfigurationDelegate Finished Spring Data repository scanning in 12ms. Found 1 MongoDB repository interfaces.
2021-06-14 17:29:10,028 INFO o.s.c.s.PostProcessorRegistrationDelegate$BeanPostProcessorChecker Bean 'org.springframework.security.access.expression.method.DefaultMethodSecurityExpressionHandler@55fdf7f9' of type [org.springframework.security.access.expression.method.DefaultMethodSecurityExpressionHandler] is not eligible for getting processed by all BeanPostProcessors (for example: not eligible for auto-proxying)
2021-06-14 17:29:10,037 INFO o.s.c.s.PostProcessorRegistrationDelegate$BeanPostProcessorChecker Bean 'methodSecurityMetadataSource' of type [org.springframework.security.access.method.DelegatingMethodSecurityMetadataSource] is not eligible for getting processed by all BeanPostProcessors (for example: not eligible for auto-proxying)
2021-06-14 17:29:10,296 INFO o.s.b.w.e.t.TomcatWebServer Tomcat initialized with port(s): 8085 (https)
2021-06-14 17:29:10,304 INFO o.a.j.l.DirectJDKLog Initializing ProtocolHandler ["https-jsse-nio-8085"]
2021-06-14 17:29:10,304 INFO o.a.j.l.DirectJDKLog Starting service [Tomcat]
2021-06-14 17:29:10,305 INFO o.a.j.l.DirectJDKLog Starting Servlet engine: [Apache Tomcat/9.0.43]
2021-06-14 17:29:10,459 INFO o.a.j.l.DirectJDKLog Initializing Spring embedded WebApplicationContext
2021-06-14 17:29:10,459 INFO o.s.b.w.s.c.ServletWebServerApplicationContext Root WebApplicationContext: initialization completed in 1422 ms
2021-06-14 17:29:10,520 WARN o.s.b.a.o.j.JpaBaseConfiguration$JpaWebConfiguration spring.jpa.open-in-view is enabled by default. Therefore, database queries may be performed during view rendering. Explicitly configure spring.jpa.open-in-view to disable this warning
2021-06-14 17:29:10,625 INFO o.h.j.i.u.LogHelper HHH000204: Processing PersistenceUnitInfo [name: default]
2021-06-14 17:29:10,657 INFO o.h.Version HHH000412: Hibernate ORM core version 5.4.28.Final
2021-06-14 17:29:10,733 INFO o.h.a.c.r.j.JavaReflectionManager HCANN000001: Hibernate Commons Annotations {5.1.2.Final}
2021-06-14 17:29:10,810 INFO c.z.h.HikariDataSource HikariPool-1 - Starting...
2021-06-14 17:29:10,938 INFO c.z.h.HikariDataSource HikariPool-1 - Start completed.
2021-06-14 17:29:10,950 INFO o.h.d.Dialect HHH000400: Using dialect: org.hibernate.dialect.PostgreSQL95Dialect
2021-06-14 17:29:11,681 INFO o.h.e.t.j.p.i.JtaPlatformInitiator HHH000490: Using JtaPlatform implementation: [org.hibernate.engine.transaction.jta.platform.internal.NoJtaPlatform]
2021-06-14 17:29:11,687 INFO o.s.o.j.AbstractEntityManagerFactoryBean Initialized JPA EntityManagerFactory for persistence unit 'default'
2021-06-14 17:29:12,089 INFO b.h.k.KeyStoreWriter Attempting to initialize keystore using bouncy castle provider.
2021-06-14 17:29:12,095 INFO b.h.k.KeyStoreReader Attempting to initialize keystore using bouncy castle provider.
2021-06-14 17:29:12,172 INFO c.m.d.l.SLF4JLogger Cluster created with settings {hosts=[localhost:27017], mode=SINGLE, requiredClusterType=UNKNOWN, serverSelectionTimeout='30000 ms'}
2021-06-14 17:29:12,212 INFO c.m.d.l.SLF4JLogger Opened connection [connectionId{localValue:1, serverValue:88}] to localhost:27017
2021-06-14 17:29:12,216 INFO c.m.d.l.SLF4JLogger Monitor thread successfully connected to server with description ServerDescription{address=localhost:27017, type=STANDALONE, state=CONNECTED, ok=true, minWireVersion=0, maxWireVersion=9, maxDocumentSize=16777216, logicalSessionTimeoutMinutes=30, roundTripTimeNanos=2466700}
2021-06-14 17:29:12,606 INFO b.h.c.DroolsConfig Creating kie session
2021-06-14 17:29:12,609 INFO o.k.a.i.u.ServiceDiscoveryImpl Loading kie.conf from  jar:file:/C:/Users/Milorad/.m2/repository/org/kie/kie-ci/7.17.0.Final/kie-ci-7.17.0.Final.jar!/META-INF/kie.conf in classloader jdk.internal.loader.ClassLoaders$AppClassLoader@3b192d32
2021-06-14 17:29:12,610 INFO o.k.a.i.u.ServiceDiscoveryImpl Adding Service org.kie.scanner.KieScannerFactoryServiceImpl

2021-06-14 17:29:12,611 INFO o.k.a.i.u.ServiceDiscoveryImpl Adding Service org.kie.scanner.MavenClassLoaderResolver

2021-06-14 17:29:12,611 INFO o.k.a.i.u.ServiceDiscoveryImpl Loading kie.conf from  jar:file:/C:/Users/Milorad/.m2/repository/org/drools/drools-core/7.17.0.Final/drools-core-7.17.0.Final.jar!/META-INF/kie.conf in classloader jdk.internal.loader.ClassLoaders$AppClassLoader@3b192d32
2021-06-14 17:29:12,613 INFO o.k.a.i.u.ServiceDiscoveryImpl Adding Service org.drools.core.io.impl.ResourceFactoryServiceImpl

2021-06-14 17:29:12,613 INFO o.k.a.i.u.ServiceDiscoveryImpl Adding Service org.drools.core.marshalling.impl.MarshallerProviderImpl

2021-06-14 17:29:12,614 INFO o.k.a.i.u.ServiceDiscoveryImpl Adding Service org.drools.core.concurrent.ExecutorProviderImpl

2021-06-14 17:29:12,614 INFO o.k.a.i.u.ServiceDiscoveryImpl Loading kie.conf from  jar:file:/C:/Users/Milorad/.m2/repository/org/drools/drools-compiler/7.17.0.Final/drools-compiler-7.17.0.Final.jar!/META-INF/kie.conf in classloader jdk.internal.loader.ClassLoaders$AppClassLoader@3b192d32
2021-06-14 17:29:12,616 INFO o.k.a.i.u.ServiceDiscoveryImpl Adding Service org.drools.compiler.kie.builder.impl.KieServicesImpl

2021-06-14 17:29:12,616 INFO o.k.a.i.u.ServiceDiscoveryImpl Adding Service org.drools.compiler.builder.impl.KnowledgeBuilderFactoryServiceImpl

2021-06-14 17:29:12,617 INFO o.k.a.i.u.ServiceDiscoveryImpl Loading kie.conf from  jar:file:/C:/Users/Milorad/.m2/repository/org/kie/kie-internal/7.17.0.Final/kie-internal-7.17.0.Final.jar!/META-INF/kie.conf in classloader jdk.internal.loader.ClassLoaders$AppClassLoader@3b192d32
2021-06-14 17:29:12,618 INFO o.k.a.i.u.ServiceDiscoveryImpl Adding Service org.kie.internal.services.KieAssemblersImpl

2021-06-14 17:29:12,618 INFO o.k.a.i.u.ServiceDiscoveryImpl Adding Service org.kie.internal.services.KieRuntimesImpl

2021-06-14 17:29:12,619 INFO o.k.a.i.u.ServiceDiscoveryImpl Adding Service org.kie.internal.services.KieWeaversImpl

2021-06-14 17:29:12,619 INFO o.k.a.i.u.ServiceDiscoveryImpl Adding Service org.kie.internal.services.KieBeliefsImpl

2021-06-14 17:29:12,628 INFO o.d.c.k.b.i.ClasspathKieProject Found kmodule: file:/D:/Fakultet/8.%20semestar/PROJEKTI/bsep/BSEP_T17/hospital/target/classes/META-INF/kmodule.xml
2021-06-14 17:29:12,813 WARN o.d.c.k.b.i.ClasspathKieProject Unable to find pom.properties in /D:/Fakultet/8. semestar/PROJEKTI/bsep/BSEP_T17/hospital/target/classes
2021-06-14 17:29:12,821 WARN o.a.m.i.e.MavenSettings Environment variable M2_HOME is not set
2021-06-14 17:29:16,540 INFO o.d.c.k.b.i.ClasspathKieProject Recursed up folders, found and used pom.xml D:\Fakultet\8. semestar\PROJEKTI\bsep\BSEP_T17\hospital\pom.xml
2021-06-14 17:29:16,547 INFO o.d.c.k.b.i.KieRepositoryImpl KieModule was added: FileKieModule[releaseId=bsep:hospital:0.0.1-SNAPSHOT,file=D:\Fakultet\8. semestar\PROJEKTI\bsep\BSEP_T17\hospital\target\classes]
2021-06-14 17:29:17,486 INFO b.h.i.Initialize Executing operation Initialize
2021-06-14 17:29:17,486 INFO b.h.i.Initialize Attempting to create keystore.
2021-06-14 17:29:17,486 INFO b.h.i.Initialize Checking if keystore already exists.
2021-06-14 17:29:17,486 INFO b.h.k.KeyStoreWriter Attempting to load keystore.
2021-06-14 17:29:17,488 INFO b.h.k.KeyStoreWriter Successfully loaded keystore.
2021-06-14 17:29:17,488 INFO b.h.i.Initialize Keystore already exists.
2021-06-14 17:29:17,713 INFO o.s.s.w.DefaultSecurityFilterChain Creating filter chain: any request, [org.springframework.security.web.context.request.async.WebAsyncManagerIntegrationFilter@112dfb03, org.springframework.security.web.context.SecurityContextPersistenceFilter@1c4053aa, org.springframework.security.web.header.HeaderWriterFilter@a538a7f, org.springframework.web.filter.CorsFilter@5d186b14, org.keycloak.adapters.springsecurity.filter.KeycloakPreAuthActionsFilter@254cc548, org.keycloak.adapters.springsecurity.filter.KeycloakAuthenticationProcessingFilter@467cd4b9, org.springframework.security.web.authentication.logout.LogoutFilter@ce1c5f3, org.springframework.security.web.savedrequest.RequestCacheAwareFilter@551566a, org.springframework.security.web.servletapi.SecurityContextHolderAwareRequestFilter@502f9271, org.keycloak.adapters.springsecurity.filter.KeycloakSecurityContextRequestFilter@3487947c, org.keycloak.adapters.springsecurity.filter.KeycloakAuthenticatedActionsFilter@77226121, org.springframework.security.web.authentication.AnonymousAuthenticationFilter@37b117dd, org.springframework.security.web.session.SessionManagementFilter@6b13d558, org.springframework.security.web.access.ExceptionTranslationFilter@7890189, org.springframework.security.web.access.intercept.FilterSecurityInterceptor@8cc682f]
2021-06-14 17:29:18,035 INFO o.s.s.c.ExecutorConfigurationSupport Initializing ExecutorService 'taskScheduler'
2021-06-14 17:29:18,083 INFO o.a.j.l.DirectJDKLog Starting ProtocolHandler ["https-jsse-nio-8085"]
2021-06-14 17:29:18,198 INFO o.s.b.w.e.t.TomcatWebServer Tomcat started on port(s): 8085 (https) with context path ''
2021-06-14 17:29:18,211 INFO o.s.b.StartupInfoLogger Started HospitalApplication in 9.548 seconds (JVM running for 10.871)
2021-06-14 17:29:18,214 INFO o.s.s.c.ExecutorConfigurationSupport Initializing ExecutorService 'applicationTaskExecutor'
2021-06-14 17:29:18,222 INFO b.h.s.LogService Parsing simulate logs
2021-06-14 17:29:18,222 INFO b.h.s.LogService Parsing logs from files.
2021-06-14 17:29:18,223 INFO b.h.l.LogParser Attempting to parse application logs
2021-06-14 17:29:18,224 INFO b.h.l.LogParser Reading log file.
2021-06-14 17:29:18,229 INFO b.h.l.LogParser Attempting to parse keycloak logs
2021-06-14 17:29:18,231 INFO b.h.l.LogParser Reading log file.
2021-06-14 17:29:18,240 INFO b.h.s.LogService Saving logs.
2021-06-14 17:29:18,241 INFO b.h.s.LogService Successfully parsed logs from files.
2021-06-14 17:29:18,242 INFO b.h.s.LogService Saving logs.
2021-06-14 17:29:18,313 INFO c.m.d.l.SLF4JLogger Opened connection [connectionId{localValue:3, serverValue:89}] to localhost:27017
2021-06-14 17:29:18,313 INFO c.m.d.l.SLF4JLogger Opened connection [connectionId{localValue:2, serverValue:90}] to localhost:27017
2021-06-14 17:29:18,396 INFO b.h.s.LogService Finished saving logs.
2021-06-14 17:29:18,396 INFO b.h.s.LogService Finished parsing simulator logs.
2021-06-14 17:29:18,568 INFO b.h.s.LogService Finished saving logs.
2021-06-14 17:29:23,213 INFO b.h.s.LogService Parsing simulate logs
2021-06-14 17:29:23,213 INFO b.h.s.LogService Parsing logs from files.
2021-06-14 17:29:23,213 INFO b.h.l.LogParser Attempting to parse application logs
2021-06-14 17:29:23,214 INFO b.h.l.LogParser Reading log file.
2021-06-14 17:29:23,215 INFO b.h.l.LogParser Attempting to parse keycloak logs
2021-06-14 17:29:23,216 INFO b.h.l.LogParser Reading log file.
2021-06-14 17:29:23,216 INFO b.h.s.LogService Successfully parsed logs from files.
2021-06-14 17:29:23,217 INFO b.h.s.LogService Saving logs.
2021-06-14 17:29:23,217 INFO b.h.s.LogService Saving logs.
2021-06-14 17:29:23,217 INFO b.h.s.LogService Finished saving logs.
2021-06-14 17:29:23,217 INFO b.h.s.LogService Finished parsing simulator logs.
2021-06-14 17:29:23,224 INFO b.h.s.LogService Finished saving logs.
2021-06-14 17:29:28,208 INFO b.h.s.LogService Parsing logs from files.
2021-06-14 17:29:28,208 INFO b.h.s.LogService Parsing simulate logs
2021-06-14 17:29:28,208 INFO b.h.l.LogParser Attempting to parse application logs
2021-06-14 17:29:28,209 INFO b.h.l.LogParser Reading log file.
2021-06-14 17:29:28,211 INFO b.h.l.LogParser Attempting to parse keycloak logs
2021-06-14 17:29:28,211 INFO b.h.l.LogParser Reading log file.
2021-06-14 17:29:28,212 INFO b.h.s.LogService Successfully parsed logs from files.
2021-06-14 17:29:28,212 INFO b.h.s.LogService Saving logs.
2021-06-14 17:29:28,212 INFO b.h.s.LogService Saving logs.
2021-06-14 17:29:28,212 INFO b.h.s.LogService Finished saving logs.
2021-06-14 17:29:28,212 INFO b.h.s.LogService Finished parsing simulator logs.
2021-06-14 17:29:28,220 INFO b.h.s.LogService Finished saving logs.
2021-06-14 17:29:33,216 INFO b.h.s.LogService Parsing logs from files.
2021-06-14 17:29:33,216 INFO b.h.s.LogService Parsing simulate logs
2021-06-14 17:29:33,216 INFO b.h.l.LogParser Attempting to parse application logs
2021-06-14 17:29:33,217 INFO b.h.l.LogParser Reading log file.
2021-06-14 17:29:33,218 INFO b.h.l.LogParser Attempting to parse keycloak logs
2021-06-14 17:29:33,218 INFO b.h.l.LogParser Reading log file.
2021-06-14 17:29:33,220 INFO b.h.s.LogService Successfully parsed logs from files.
2021-06-14 17:29:33,220 INFO b.h.s.LogService Saving logs.
2021-06-14 17:29:33,220 INFO b.h.s.LogService Saving logs.
2021-06-14 17:29:33,221 INFO b.h.s.LogService Finished saving logs.
2021-06-14 17:29:33,221 INFO b.h.s.LogService Finished parsing simulator logs.
2021-06-14 17:29:33,232 INFO b.h.s.LogService Finished saving logs.
2021-06-14 17:29:38,215 INFO b.h.s.LogService Parsing logs from files.
2021-06-14 17:29:38,215 INFO b.h.s.LogService Parsing simulate logs
2021-06-14 17:29:38,216 INFO b.h.l.LogParser Attempting to parse application logs
2021-06-14 17:29:38,216 INFO b.h.l.LogParser Reading log file.
2021-06-14 17:29:38,218 INFO b.h.l.LogParser Attempting to parse keycloak logs
2021-06-14 17:29:38,219 INFO b.h.l.LogParser Reading log file.
2021-06-14 17:29:38,220 INFO b.h.s.LogService Successfully parsed logs from files.
2021-06-14 17:29:38,220 INFO b.h.s.LogService Saving logs.
2021-06-14 17:29:38,220 INFO b.h.s.LogService Saving logs.
2021-06-14 17:29:38,220 INFO b.h.s.LogService Finished saving logs.
2021-06-14 17:29:38,220 INFO b.h.s.LogService Finished parsing simulator logs.
2021-06-14 17:29:38,230 INFO b.h.s.LogService Finished saving logs.
2021-06-14 17:29:43,217 INFO b.h.s.LogService Parsing logs from files.
2021-06-14 17:29:43,217 INFO b.h.s.LogService Parsing simulate logs
2021-06-14 17:29:43,217 INFO b.h.l.LogParser Attempting to parse application logs
2021-06-14 17:29:43,217 INFO b.h.l.LogParser Reading log file.
2021-06-14 17:29:43,219 INFO b.h.l.LogParser Attempting to parse keycloak logs
2021-06-14 17:29:43,219 INFO b.h.l.LogParser Reading log file.
2021-06-14 17:29:43,220 INFO b.h.s.LogService Successfully parsed logs from files.
2021-06-14 17:29:43,220 INFO b.h.s.LogService Saving logs.
2021-06-14 17:29:43,221 INFO b.h.s.LogService Saving logs.
2021-06-14 17:29:43,221 INFO b.h.s.LogService Finished saving logs.
2021-06-14 17:29:43,221 INFO b.h.s.LogService Finished parsing simulator logs.
2021-06-14 17:29:43,228 INFO b.h.s.LogService Finished saving logs.
