2021-06-12 10:12:56,987 INFO o.h.v.i.u.Version HV000001: Hibernate Validator 6.1.7.Final
2021-06-12 10:12:57,019 INFO o.s.b.StartupInfoLogger Starting HospitalApplication on DESKTOP-MK6223H with PID 4536 (D:\Fakultet\8. semestar\PROJEKTI\bsep\BSEP_T17\hospital\target\classes started by Milorad in D:\Fakultet\8. semestar\PROJEKTI\bsep\BSEP_T17\hospital)
2021-06-12 10:12:57,021 INFO o.s.b.SpringApplication No active profile set, falling back to default profiles: default
2021-06-12 10:12:57,609 INFO o.s.d.r.c.RepositoryConfigurationDelegate Multiple Spring Data modules found, entering strict repository configuration mode!
2021-06-12 10:12:57,611 INFO o.s.d.r.c.RepositoryConfigurationDelegate Bootstrapping Spring Data JPA repositories in DEFAULT mode.
2021-06-12 10:12:57,648 INFO o.s.d.r.c.RepositoryConfigurationExtensionSupport Spring Data JPA - Could not safely identify store assignment for repository candidate interface bsep.hospital.repository.LogRepository. If you want this repository to be a JPA repository, consider annotating your entities with one of these annotations: javax.persistence.Entity, javax.persistence.MappedSuperclass (preferred), or consider extending one of the following types with your repository: org.springframework.data.jpa.repository.JpaRepository.
2021-06-12 10:12:57,670 INFO o.s.d.r.c.RepositoryConfigurationDelegate Finished Spring Data repository scanning in 53ms. Found 4 JPA repository interfaces.
2021-06-12 10:12:57,692 INFO o.s.d.r.c.RepositoryConfigurationDelegate Multiple Spring Data modules found, entering strict repository configuration mode!
2021-06-12 10:12:57,692 INFO o.s.d.r.c.RepositoryConfigurationDelegate Bootstrapping Spring Data MongoDB repositories in DEFAULT mode.
2021-06-12 10:12:57,698 INFO o.s.d.r.c.RepositoryConfigurationExtensionSupport Spring Data MongoDB - Could not safely identify store assignment for repository candidate interface bsep.hospital.repository.AuthorityRepository. If you want this repository to be a MongoDB repository, consider annotating your entities with one of these annotations: org.springframework.data.mongodb.core.mapping.Document (preferred), or consider extending one of the following types with your repository: org.springframework.data.mongodb.repository.MongoRepository.
2021-06-12 10:12:57,699 INFO o.s.d.r.c.RepositoryConfigurationExtensionSupport Spring Data MongoDB - Could not safely identify store assignment for repository candidate interface bsep.hospital.repository.PatientRepository. If you want this repository to be a MongoDB repository, consider annotating your entities with one of these annotations: org.springframework.data.mongodb.core.mapping.Document (preferred), or consider extending one of the following types with your repository: org.springframework.data.mongodb.repository.MongoRepository.
2021-06-12 10:12:57,699 INFO o.s.d.r.c.RepositoryConfigurationExtensionSupport Spring Data MongoDB - Could not safely identify store assignment for repository candidate interface bsep.hospital.repository.PatientStatusRepository. If you want this repository to be a MongoDB repository, consider annotating your entities with one of these annotations: org.springframework.data.mongodb.core.mapping.Document (preferred), or consider extending one of the following types with your repository: org.springframework.data.mongodb.repository.MongoRepository.
2021-06-12 10:12:57,700 INFO o.s.d.r.c.RepositoryConfigurationExtensionSupport Spring Data MongoDB - Could not safely identify store assignment for repository candidate interface bsep.hospital.repository.PersonRepository. If you want this repository to be a MongoDB repository, consider annotating your entities with one of these annotations: org.springframework.data.mongodb.core.mapping.Document (preferred), or consider extending one of the following types with your repository: org.springframework.data.mongodb.repository.MongoRepository.
2021-06-12 10:12:57,704 INFO o.s.d.r.c.RepositoryConfigurationDelegate Finished Spring Data repository scanning in 10ms. Found 1 MongoDB repository interfaces.
2021-06-12 10:12:57,936 INFO o.s.c.s.PostProcessorRegistrationDelegate$BeanPostProcessorChecker Bean 'org.springframework.security.access.expression.method.DefaultMethodSecurityExpressionHandler@889a8a8' of type [org.springframework.security.access.expression.method.DefaultMethodSecurityExpressionHandler] is not eligible for getting processed by all BeanPostProcessors (for example: not eligible for auto-proxying)
2021-06-12 10:12:57,943 INFO o.s.c.s.PostProcessorRegistrationDelegate$BeanPostProcessorChecker Bean 'methodSecurityMetadataSource' of type [org.springframework.security.access.method.DelegatingMethodSecurityMetadataSource] is not eligible for getting processed by all BeanPostProcessors (for example: not eligible for auto-proxying)
2021-06-12 10:12:58,134 INFO o.s.b.w.e.t.TomcatWebServer Tomcat initialized with port(s): 8085 (https)
2021-06-12 10:12:58,140 INFO o.a.j.l.DirectJDKLog Initializing ProtocolHandler ["https-jsse-nio-8085"]
2021-06-12 10:12:58,140 INFO o.a.j.l.DirectJDKLog Starting service [Tomcat]
2021-06-12 10:12:58,141 INFO o.a.j.l.DirectJDKLog Starting Servlet engine: [Apache Tomcat/9.0.43]
2021-06-12 10:12:58,300 INFO o.a.j.l.DirectJDKLog Initializing Spring embedded WebApplicationContext
2021-06-12 10:12:58,301 INFO o.s.b.w.s.c.ServletWebServerApplicationContext Root WebApplicationContext: initialization completed in 1250 ms
2021-06-12 10:12:58,339 WARN o.s.b.a.o.j.JpaBaseConfiguration$JpaWebConfiguration spring.jpa.open-in-view is enabled by default. Therefore, database queries may be performed during view rendering. Explicitly configure spring.jpa.open-in-view to disable this warning
2021-06-12 10:12:58,419 INFO o.h.j.i.u.LogHelper HHH000204: Processing PersistenceUnitInfo [name: default]
2021-06-12 10:12:58,452 INFO o.h.Version HHH000412: Hibernate ORM core version 5.4.28.Final
2021-06-12 10:12:58,539 INFO o.h.a.c.r.j.JavaReflectionManager HCANN000001: Hibernate Commons Annotations {5.1.2.Final}
2021-06-12 10:12:58,622 INFO c.z.h.HikariDataSource HikariPool-1 - Starting...
2021-06-12 10:12:58,756 INFO c.z.h.HikariDataSource HikariPool-1 - Start completed.
2021-06-12 10:12:58,771 INFO o.h.d.Dialect HHH000400: Using dialect: org.hibernate.dialect.PostgreSQL95Dialect
2021-06-12 10:12:59,510 INFO o.h.e.t.j.p.i.JtaPlatformInitiator HHH000490: Using JtaPlatform implementation: [org.hibernate.engine.transaction.jta.platform.internal.NoJtaPlatform]
2021-06-12 10:12:59,516 INFO o.s.o.j.AbstractEntityManagerFactoryBean Initialized JPA EntityManagerFactory for persistence unit 'default'
2021-06-12 10:12:59,872 INFO b.h.k.KeyStoreWriter Attempting to initialize keystore using bouncy castle provider.
2021-06-12 10:12:59,878 INFO b.h.k.KeyStoreReader Attempting to initialize keystore using bouncy castle provider.
2021-06-12 10:12:59,988 INFO c.m.d.l.SLF4JLogger Cluster created with settings {hosts=[localhost:27017], mode=SINGLE, requiredClusterType=UNKNOWN, serverSelectionTimeout='30000 ms'}
2021-06-12 10:13:00,034 INFO c.m.d.l.SLF4JLogger Opened connection [connectionId{localValue:1, serverValue:8}] to localhost:27017
2021-06-12 10:13:00,038 INFO c.m.d.l.SLF4JLogger Monitor thread successfully connected to server with description ServerDescription{address=localhost:27017, type=STANDALONE, state=CONNECTED, ok=true, minWireVersion=0, maxWireVersion=9, maxDocumentSize=16777216, logicalSessionTimeoutMinutes=30, roundTripTimeNanos=3129200}
2021-06-12 10:13:00,366 INFO b.h.c.DroolsConfig Creating kie session
2021-06-12 10:13:00,370 INFO o.k.a.i.u.ServiceDiscoveryImpl Loading kie.conf from  jar:file:/C:/Users/Milorad/.m2/repository/org/kie/kie-ci/7.17.0.Final/kie-ci-7.17.0.Final.jar!/META-INF/kie.conf in classloader jdk.internal.loader.ClassLoaders$AppClassLoader@3b192d32
2021-06-12 10:13:00,371 INFO o.k.a.i.u.ServiceDiscoveryImpl Adding Service org.kie.scanner.KieScannerFactoryServiceImpl

2021-06-12 10:13:00,372 INFO o.k.a.i.u.ServiceDiscoveryImpl Adding Service org.kie.scanner.MavenClassLoaderResolver

2021-06-12 10:13:00,372 INFO o.k.a.i.u.ServiceDiscoveryImpl Loading kie.conf from  jar:file:/C:/Users/Milorad/.m2/repository/org/drools/drools-core/7.17.0.Final/drools-core-7.17.0.Final.jar!/META-INF/kie.conf in classloader jdk.internal.loader.ClassLoaders$AppClassLoader@3b192d32
2021-06-12 10:13:00,373 INFO o.k.a.i.u.ServiceDiscoveryImpl Adding Service org.drools.core.io.impl.ResourceFactoryServiceImpl

2021-06-12 10:13:00,374 INFO o.k.a.i.u.ServiceDiscoveryImpl Adding Service org.drools.core.marshalling.impl.MarshallerProviderImpl

2021-06-12 10:13:00,375 INFO o.k.a.i.u.ServiceDiscoveryImpl Adding Service org.drools.core.concurrent.ExecutorProviderImpl

2021-06-12 10:13:00,376 INFO o.k.a.i.u.ServiceDiscoveryImpl Loading kie.conf from  jar:file:/C:/Users/Milorad/.m2/repository/org/drools/drools-compiler/7.17.0.Final/drools-compiler-7.17.0.Final.jar!/META-INF/kie.conf in classloader jdk.internal.loader.ClassLoaders$AppClassLoader@3b192d32
2021-06-12 10:13:00,378 INFO o.k.a.i.u.ServiceDiscoveryImpl Adding Service org.drools.compiler.kie.builder.impl.KieServicesImpl

2021-06-12 10:13:00,379 INFO o.k.a.i.u.ServiceDiscoveryImpl Adding Service org.drools.compiler.builder.impl.KnowledgeBuilderFactoryServiceImpl

2021-06-12 10:13:00,379 INFO o.k.a.i.u.ServiceDiscoveryImpl Loading kie.conf from  jar:file:/C:/Users/Milorad/.m2/repository/org/kie/kie-internal/7.17.0.Final/kie-internal-7.17.0.Final.jar!/META-INF/kie.conf in classloader jdk.internal.loader.ClassLoaders$AppClassLoader@3b192d32
2021-06-12 10:13:00,381 INFO o.k.a.i.u.ServiceDiscoveryImpl Adding Service org.kie.internal.services.KieAssemblersImpl

2021-06-12 10:13:00,381 INFO o.k.a.i.u.ServiceDiscoveryImpl Adding Service org.kie.internal.services.KieRuntimesImpl

2021-06-12 10:13:00,382 INFO o.k.a.i.u.ServiceDiscoveryImpl Adding Service org.kie.internal.services.KieWeaversImpl

2021-06-12 10:13:00,383 INFO o.k.a.i.u.ServiceDiscoveryImpl Adding Service org.kie.internal.services.KieBeliefsImpl

2021-06-12 10:13:00,392 INFO o.d.c.k.b.i.ClasspathKieProject Found kmodule: file:/D:/Fakultet/8.%20semestar/PROJEKTI/bsep/BSEP_T17/hospital/target/classes/META-INF/kmodule.xml
2021-06-12 10:13:00,573 WARN o.d.c.k.b.i.ClasspathKieProject Unable to find pom.properties in /D:/Fakultet/8. semestar/PROJEKTI/bsep/BSEP_T17/hospital/target/classes
2021-06-12 10:13:00,584 WARN o.a.m.i.e.MavenSettings Environment variable M2_HOME is not set
2021-06-12 10:13:04,059 INFO o.d.c.k.b.i.ClasspathKieProject Recursed up folders, found and used pom.xml D:\Fakultet\8. semestar\PROJEKTI\bsep\BSEP_T17\hospital\pom.xml
2021-06-12 10:13:04,066 INFO o.d.c.k.b.i.KieRepositoryImpl KieModule was added: FileKieModule[releaseId=bsep:hospital:0.0.1-SNAPSHOT,file=D:\Fakultet\8. semestar\PROJEKTI\bsep\BSEP_T17\hospital\target\classes]
2021-06-12 10:13:04,827 INFO b.h.i.Initialize Executing operation Initialize
2021-06-12 10:13:04,827 INFO b.h.i.Initialize Attempting to create keystore.
2021-06-12 10:13:04,827 INFO b.h.i.Initialize Checking if keystore already exists.
2021-06-12 10:13:04,827 INFO b.h.k.KeyStoreWriter Attempting to load keystore.
2021-06-12 10:13:04,834 INFO b.h.k.KeyStoreWriter Successfully loaded keystore.
2021-06-12 10:13:04,835 INFO b.h.i.Initialize Keystore already exists.
2021-06-12 10:13:04,976 INFO o.s.s.w.DefaultSecurityFilterChain Creating filter chain: any request, [org.springframework.security.web.context.request.async.WebAsyncManagerIntegrationFilter@40a7c0cc, org.springframework.security.web.context.SecurityContextPersistenceFilter@235babaf, org.springframework.security.web.header.HeaderWriterFilter@6887e1d1, org.springframework.web.filter.CorsFilter@2cca15d8, org.keycloak.adapters.springsecurity.filter.KeycloakPreAuthActionsFilter@4abdd5e, org.keycloak.adapters.springsecurity.filter.KeycloakAuthenticationProcessingFilter@2dbb8da0, org.springframework.security.web.authentication.logout.LogoutFilter@6626137e, org.springframework.security.web.savedrequest.RequestCacheAwareFilter@3910a29c, org.springframework.security.web.servletapi.SecurityContextHolderAwareRequestFilter@268467ab, org.keycloak.adapters.springsecurity.filter.KeycloakSecurityContextRequestFilter@c7cf8c4, org.keycloak.adapters.springsecurity.filter.KeycloakAuthenticatedActionsFilter@56e78538, org.springframework.security.web.authentication.AnonymousAuthenticationFilter@2895e02b, org.springframework.security.web.session.SessionManagementFilter@2ef2fa78, org.springframework.security.web.access.ExceptionTranslationFilter@455e8356, org.springframework.security.web.access.intercept.FilterSecurityInterceptor@599e81bd]
2021-06-12 10:13:05,165 INFO o.s.s.c.ExecutorConfigurationSupport Initializing ExecutorService 'taskScheduler'
2021-06-12 10:13:05,195 INFO o.a.j.l.DirectJDKLog Starting ProtocolHandler ["https-jsse-nio-8085"]
2021-06-12 10:13:05,312 INFO o.s.b.w.e.t.TomcatWebServer Tomcat started on port(s): 8085 (https) with context path ''
2021-06-12 10:13:05,318 INFO b.h.s.LogService Parsing logs from files.
2021-06-12 10:13:05,319 INFO b.h.l.LogParser Attempting to parse application logs
2021-06-12 10:13:05,319 INFO b.h.l.LogParser Reading log file.
2021-06-12 10:13:05,321 INFO o.s.b.StartupInfoLogger Started HospitalApplication in 8.559 seconds (JVM running for 9.693)
2021-06-12 10:13:05,325 INFO b.h.l.LogParser Attempting to parse keycloak logs
2021-06-12 10:13:05,326 INFO b.h.l.LogParser Reading log file.
2021-06-12 10:13:05,331 INFO b.h.s.LogService Successfully parsed logs from files.
2021-06-12 10:13:05,331 INFO b.h.s.LogService Saving logs.
2021-06-12 10:13:05,381 INFO c.m.d.l.SLF4JLogger Opened connection [connectionId{localValue:2, serverValue:9}] to localhost:27017
2021-06-12 10:13:05,531 INFO b.h.s.LogService Finished saving logs.
2021-06-12 10:13:10,328 INFO b.h.s.LogService Parsing logs from files.
2021-06-12 10:13:10,328 INFO b.h.l.LogParser Attempting to parse application logs
2021-06-12 10:13:10,329 INFO b.h.l.LogParser Reading log file.
2021-06-12 10:13:10,330 INFO b.h.l.LogParser Attempting to parse keycloak logs
2021-06-12 10:13:10,331 INFO b.h.l.LogParser Reading log file.
2021-06-12 10:13:10,334 INFO b.h.s.LogService Successfully parsed logs from files.
2021-06-12 10:13:10,334 INFO b.h.s.LogService Saving logs.
2021-06-12 10:13:10,424 INFO b.h.s.LogService Finished saving logs.
2021-06-12 10:13:15,321 INFO b.h.s.LogService Parsing logs from files.
2021-06-12 10:13:15,321 INFO b.h.l.LogParser Attempting to parse application logs
2021-06-12 10:13:15,323 INFO b.h.l.LogParser Reading log file.
2021-06-12 10:13:15,324 INFO b.h.l.LogParser Attempting to parse keycloak logs
2021-06-12 10:13:15,325 INFO b.h.l.LogParser Reading log file.
2021-06-12 10:13:15,326 INFO b.h.s.LogService Successfully parsed logs from files.
2021-06-12 10:13:15,326 INFO b.h.s.LogService Saving logs.
2021-06-12 10:13:15,335 INFO b.h.s.LogService Finished saving logs.
2021-06-12 10:13:20,328 INFO b.h.s.LogService Parsing logs from files.
2021-06-12 10:13:20,329 INFO b.h.l.LogParser Attempting to parse application logs
2021-06-12 10:13:20,330 INFO b.h.l.LogParser Reading log file.
2021-06-12 10:13:20,332 INFO b.h.l.LogParser Attempting to parse keycloak logs
2021-06-12 10:13:20,333 INFO b.h.l.LogParser Reading log file.
2021-06-12 10:13:20,334 INFO b.h.s.LogService Successfully parsed logs from files.
2021-06-12 10:13:20,334 INFO b.h.s.LogService Saving logs.
2021-06-12 10:13:20,342 INFO b.h.s.LogService Finished saving logs.
2021-06-12 10:13:25,320 INFO b.h.s.LogService Parsing logs from files.
2021-06-12 10:13:25,321 INFO b.h.l.LogParser Attempting to parse application logs
2021-06-12 10:13:25,323 INFO b.h.l.LogParser Reading log file.
2021-06-12 10:13:25,324 INFO b.h.l.LogParser Attempting to parse keycloak logs
2021-06-12 10:13:25,326 INFO b.h.l.LogParser Reading log file.
2021-06-12 10:13:25,327 INFO b.h.s.LogService Successfully parsed logs from files.
2021-06-12 10:13:25,327 INFO b.h.s.LogService Saving logs.
2021-06-12 10:13:25,336 INFO b.h.s.LogService Finished saving logs.
2021-06-12 10:13:30,319 INFO b.h.s.LogService Parsing logs from files.
2021-06-12 10:13:30,319 INFO b.h.l.LogParser Attempting to parse application logs
2021-06-12 10:13:30,320 INFO b.h.l.LogParser Reading log file.
2021-06-12 10:13:30,320 INFO b.h.l.LogParser Attempting to parse keycloak logs
2021-06-12 10:13:30,321 INFO b.h.l.LogParser Reading log file.
2021-06-12 10:13:30,321 INFO b.h.s.LogService Successfully parsed logs from files.
2021-06-12 10:13:30,322 INFO b.h.s.LogService Saving logs.
2021-06-12 10:13:30,326 INFO b.h.s.LogService Finished saving logs.
2021-06-12 10:13:35,320 INFO b.h.s.LogService Parsing logs from files.
2021-06-12 10:13:35,320 INFO b.h.l.LogParser Attempting to parse application logs
2021-06-12 10:13:35,321 INFO b.h.l.LogParser Reading log file.
2021-06-12 10:13:35,322 INFO b.h.l.LogParser Attempting to parse keycloak logs
2021-06-12 10:13:35,322 INFO b.h.l.LogParser Reading log file.
2021-06-12 10:13:35,323 INFO b.h.s.LogService Successfully parsed logs from files.
2021-06-12 10:13:35,323 INFO b.h.s.LogService Saving logs.
2021-06-12 10:13:35,330 INFO b.h.s.LogService Finished saving logs.
2021-06-12 10:13:40,334 INFO b.h.s.LogService Parsing logs from files.
2021-06-12 10:13:40,334 INFO b.h.l.LogParser Attempting to parse application logs
2021-06-12 10:13:40,335 INFO b.h.l.LogParser Reading log file.
2021-06-12 10:13:40,336 INFO b.h.l.LogParser Attempting to parse keycloak logs
2021-06-12 10:13:40,337 INFO b.h.l.LogParser Reading log file.
2021-06-12 10:13:40,337 INFO b.h.s.LogService Successfully parsed logs from files.
2021-06-12 10:13:40,338 INFO b.h.s.LogService Saving logs.
2021-06-12 10:13:40,344 INFO b.h.s.LogService Finished saving logs.
2021-06-12 10:13:45,321 INFO b.h.s.LogService Parsing logs from files.
2021-06-12 10:13:45,321 INFO b.h.l.LogParser Attempting to parse application logs
2021-06-12 10:13:45,322 INFO b.h.l.LogParser Reading log file.
2021-06-12 10:13:45,322 INFO b.h.l.LogParser Attempting to parse keycloak logs
2021-06-12 10:13:45,323 INFO b.h.l.LogParser Reading log file.
2021-06-12 10:13:45,324 INFO b.h.s.LogService Successfully parsed logs from files.
2021-06-12 10:13:45,324 INFO b.h.s.LogService Saving logs.
2021-06-12 10:13:45,333 INFO b.h.s.LogService Finished saving logs.
2021-06-12 10:13:50,331 INFO b.h.s.LogService Parsing logs from files.
2021-06-12 10:13:50,331 INFO b.h.l.LogParser Attempting to parse application logs
2021-06-12 10:13:50,332 INFO b.h.l.LogParser Reading log file.
2021-06-12 10:13:50,333 INFO b.h.l.LogParser Attempting to parse keycloak logs
2021-06-12 10:13:50,334 INFO b.h.l.LogParser Reading log file.
2021-06-12 10:13:50,335 INFO b.h.s.LogService Successfully parsed logs from files.
2021-06-12 10:13:50,335 INFO b.h.s.LogService Saving logs.
2021-06-12 10:13:50,345 INFO b.h.s.LogService Finished saving logs.
