2021-06-13 23:37:58,832 INFO o.h.v.i.u.Version HV000001: Hibernate Validator 6.1.7.Final
2021-06-13 23:37:58,897 INFO o.s.b.StartupInfoLogger Starting HospitalApplication on DESKTOP-L1TVSFT with PID 21236 (C:\Faks\BSEP\Projekat\BSEP_T17\hospital\target\classes started by Vukasin in C:\Faks\BSEP\Projekat\BSEP_T17\hospital)
2021-06-13 23:37:58,902 INFO o.s.b.SpringApplication No active profile set, falling back to default profiles: default
2021-06-13 23:37:59,813 INFO o.s.d.r.c.RepositoryConfigurationDelegate Multiple Spring Data modules found, entering strict repository configuration mode!
2021-06-13 23:37:59,818 INFO o.s.d.r.c.RepositoryConfigurationDelegate Bootstrapping Spring Data JPA repositories in DEFAULT mode.
2021-06-13 23:37:59,904 INFO o.s.d.r.c.RepositoryConfigurationExtensionSupport Spring Data JPA - Could not safely identify store assignment for repository candidate interface bsep.hospital.repository.LogRepository. If you want this repository to be a JPA repository, consider annotating your entities with one of these annotations: javax.persistence.Entity, javax.persistence.MappedSuperclass (preferred), or consider extending one of the following types with your repository: org.springframework.data.jpa.repository.JpaRepository.
2021-06-13 23:37:59,951 INFO o.s.d.r.c.RepositoryConfigurationDelegate Finished Spring Data repository scanning in 122ms. Found 4 JPA repository interfaces.
2021-06-13 23:37:59,988 INFO o.s.d.r.c.RepositoryConfigurationDelegate Multiple Spring Data modules found, entering strict repository configuration mode!
2021-06-13 23:37:59,988 INFO o.s.d.r.c.RepositoryConfigurationDelegate Bootstrapping Spring Data MongoDB repositories in DEFAULT mode.
2021-06-13 23:38:00,004 INFO o.s.d.r.c.RepositoryConfigurationExtensionSupport Spring Data MongoDB - Could not safely identify store assignment for repository candidate interface bsep.hospital.repository.AuthorityRepository. If you want this repository to be a MongoDB repository, consider annotating your entities with one of these annotations: org.springframework.data.mongodb.core.mapping.Document (preferred), or consider extending one of the following types with your repository: org.springframework.data.mongodb.repository.MongoRepository.
2021-06-13 23:38:00,008 INFO o.s.d.r.c.RepositoryConfigurationExtensionSupport Spring Data MongoDB - Could not safely identify store assignment for repository candidate interface bsep.hospital.repository.PatientRepository. If you want this repository to be a MongoDB repository, consider annotating your entities with one of these annotations: org.springframework.data.mongodb.core.mapping.Document (preferred), or consider extending one of the following types with your repository: org.springframework.data.mongodb.repository.MongoRepository.
2021-06-13 23:38:00,010 INFO o.s.d.r.c.RepositoryConfigurationExtensionSupport Spring Data MongoDB - Could not safely identify store assignment for repository candidate interface bsep.hospital.repository.PatientStatusRepository. If you want this repository to be a MongoDB repository, consider annotating your entities with one of these annotations: org.springframework.data.mongodb.core.mapping.Document (preferred), or consider extending one of the following types with your repository: org.springframework.data.mongodb.repository.MongoRepository.
2021-06-13 23:38:00,013 INFO o.s.d.r.c.RepositoryConfigurationExtensionSupport Spring Data MongoDB - Could not safely identify store assignment for repository candidate interface bsep.hospital.repository.PersonRepository. If you want this repository to be a MongoDB repository, consider annotating your entities with one of these annotations: org.springframework.data.mongodb.core.mapping.Document (preferred), or consider extending one of the following types with your repository: org.springframework.data.mongodb.repository.MongoRepository.
2021-06-13 23:38:00,024 INFO o.s.d.r.c.RepositoryConfigurationDelegate Finished Spring Data repository scanning in 35ms. Found 1 MongoDB repository interfaces.
2021-06-13 23:38:00,462 INFO o.s.c.s.PostProcessorRegistrationDelegate$BeanPostProcessorChecker Bean 'org.springframework.security.access.expression.method.DefaultMethodSecurityExpressionHandler@383c3eb3' of type [org.springframework.security.access.expression.method.DefaultMethodSecurityExpressionHandler] is not eligible for getting processed by all BeanPostProcessors (for example: not eligible for auto-proxying)
2021-06-13 23:38:00,474 INFO o.s.c.s.PostProcessorRegistrationDelegate$BeanPostProcessorChecker Bean 'methodSecurityMetadataSource' of type [org.springframework.security.access.method.DelegatingMethodSecurityMetadataSource] is not eligible for getting processed by all BeanPostProcessors (for example: not eligible for auto-proxying)
2021-06-13 23:38:00,953 INFO o.s.b.w.e.t.TomcatWebServer Tomcat initialized with port(s): 8085 (https)
2021-06-13 23:38:00,965 INFO o.a.j.l.DirectJDKLog Initializing ProtocolHandler ["https-jsse-nio-8085"]
2021-06-13 23:38:00,965 INFO o.a.j.l.DirectJDKLog Starting service [Tomcat]
2021-06-13 23:38:00,966 INFO o.a.j.l.DirectJDKLog Starting Servlet engine: [Apache Tomcat/9.0.43]
2021-06-13 23:38:01,166 INFO o.a.j.l.DirectJDKLog Initializing Spring embedded WebApplicationContext
2021-06-13 23:38:01,167 INFO o.s.b.w.s.c.ServletWebServerApplicationContext Root WebApplicationContext: initialization completed in 2208 ms
2021-06-13 23:38:01,248 WARN o.s.b.a.o.j.JpaBaseConfiguration$JpaWebConfiguration spring.jpa.open-in-view is enabled by default. Therefore, database queries may be performed during view rendering. Explicitly configure spring.jpa.open-in-view to disable this warning
2021-06-13 23:38:01,422 INFO o.h.j.i.u.LogHelper HHH000204: Processing PersistenceUnitInfo [name: default]
2021-06-13 23:38:01,487 INFO o.h.Version HHH000412: Hibernate ORM core version 5.4.28.Final
2021-06-13 23:38:01,657 INFO o.h.a.c.r.j.JavaReflectionManager HCANN000001: Hibernate Commons Annotations {5.1.2.Final}
2021-06-13 23:38:01,791 INFO c.z.h.HikariDataSource HikariPool-1 - Starting...
2021-06-13 23:38:02,126 INFO c.z.h.HikariDataSource HikariPool-1 - Start completed.
2021-06-13 23:38:02,170 INFO o.h.d.Dialect HHH000400: Using dialect: org.hibernate.dialect.PostgreSQL95Dialect
2021-06-13 23:38:03,711 INFO o.h.e.t.j.p.i.JtaPlatformInitiator HHH000490: Using JtaPlatform implementation: [org.hibernate.engine.transaction.jta.platform.internal.NoJtaPlatform]
2021-06-13 23:38:03,721 INFO o.s.o.j.AbstractEntityManagerFactoryBean Initialized JPA EntityManagerFactory for persistence unit 'default'
2021-06-13 23:38:04,493 INFO c.m.d.l.SLF4JLogger Cluster created with settings {hosts=[localhost:27017], mode=SINGLE, requiredClusterType=UNKNOWN, serverSelectionTimeout='30000 ms'}
2021-06-13 23:38:04,554 INFO c.m.d.l.SLF4JLogger Opened connection [connectionId{localValue:1, serverValue:37}] to localhost:27017
2021-06-13 23:38:04,562 INFO c.m.d.l.SLF4JLogger Monitor thread successfully connected to server with description ServerDescription{address=localhost:27017, type=STANDALONE, state=CONNECTED, ok=true, minWireVersion=0, maxWireVersion=9, maxDocumentSize=16777216, logicalSessionTimeoutMinutes=30, roundTripTimeNanos=5267400}
2021-06-13 23:38:05,140 INFO o.k.a.i.u.ServiceDiscoveryImpl Loading kie.conf from  jar:file:/C:/Users/Vukasin/.m2/repository/org/kie/kie-ci/7.17.0.Final/kie-ci-7.17.0.Final.jar!/META-INF/kie.conf in classloader jdk.internal.loader.ClassLoaders$AppClassLoader@4b85612c
2021-06-13 23:38:05,143 INFO o.k.a.i.u.ServiceDiscoveryImpl Adding Service org.kie.scanner.KieScannerFactoryServiceImpl

2021-06-13 23:38:05,147 INFO o.k.a.i.u.ServiceDiscoveryImpl Adding Service org.kie.scanner.MavenClassLoaderResolver

2021-06-13 23:38:05,147 INFO o.k.a.i.u.ServiceDiscoveryImpl Loading kie.conf from  jar:file:/C:/Users/Vukasin/.m2/repository/org/drools/drools-core/7.17.0.Final/drools-core-7.17.0.Final.jar!/META-INF/kie.conf in classloader jdk.internal.loader.ClassLoaders$AppClassLoader@4b85612c
2021-06-13 23:38:05,150 INFO o.k.a.i.u.ServiceDiscoveryImpl Adding Service org.drools.core.io.impl.ResourceFactoryServiceImpl

2021-06-13 23:38:05,152 INFO o.k.a.i.u.ServiceDiscoveryImpl Adding Service org.drools.core.marshalling.impl.MarshallerProviderImpl

2021-06-13 23:38:05,153 INFO o.k.a.i.u.ServiceDiscoveryImpl Adding Service org.drools.core.concurrent.ExecutorProviderImpl

2021-06-13 23:38:05,153 INFO o.k.a.i.u.ServiceDiscoveryImpl Loading kie.conf from  jar:file:/C:/Users/Vukasin/.m2/repository/org/drools/drools-compiler/7.17.0.Final/drools-compiler-7.17.0.Final.jar!/META-INF/kie.conf in classloader jdk.internal.loader.ClassLoaders$AppClassLoader@4b85612c
2021-06-13 23:38:05,158 INFO o.k.a.i.u.ServiceDiscoveryImpl Adding Service org.drools.compiler.kie.builder.impl.KieServicesImpl

2021-06-13 23:38:05,162 INFO o.k.a.i.u.ServiceDiscoveryImpl Adding Service org.drools.compiler.builder.impl.KnowledgeBuilderFactoryServiceImpl

2021-06-13 23:38:05,163 INFO o.k.a.i.u.ServiceDiscoveryImpl Loading kie.conf from  jar:file:/C:/Users/Vukasin/.m2/repository/org/kie/kie-internal/7.17.0.Final/kie-internal-7.17.0.Final.jar!/META-INF/kie.conf in classloader jdk.internal.loader.ClassLoaders$AppClassLoader@4b85612c
2021-06-13 23:38:05,164 INFO o.k.a.i.u.ServiceDiscoveryImpl Adding Service org.kie.internal.services.KieAssemblersImpl

2021-06-13 23:38:05,166 INFO o.k.a.i.u.ServiceDiscoveryImpl Adding Service org.kie.internal.services.KieRuntimesImpl

2021-06-13 23:38:05,167 INFO o.k.a.i.u.ServiceDiscoveryImpl Adding Service org.kie.internal.services.KieWeaversImpl

2021-06-13 23:38:05,169 INFO o.k.a.i.u.ServiceDiscoveryImpl Adding Service org.kie.internal.services.KieBeliefsImpl

2021-06-13 23:38:05,194 INFO o.d.c.k.b.i.ClasspathKieProject Found kmodule: file:/C:/Faks/BSEP/Projekat/BSEP_T17/hospital/target/classes/META-INF/kmodule.xml
2021-06-13 23:38:05,560 INFO o.d.c.k.b.i.KieRepositoryImpl KieModule was added: FileKieModule[releaseId=bsep:hospital:0.0.1-SNAPSHOT,file=C:\Faks\BSEP\Projekat\BSEP_T17\hospital\target\classes]
2021-06-13 23:38:06,889 INFO b.h.i.Initialize Executing operation Initialize
2021-06-13 23:38:07,179 INFO o.s.s.w.DefaultSecurityFilterChain Creating filter chain: any request, [org.springframework.security.web.context.request.async.WebAsyncManagerIntegrationFilter@65589d76, org.springframework.security.web.context.SecurityContextPersistenceFilter@70c6860, org.springframework.security.web.header.HeaderWriterFilter@3f514364, org.springframework.web.filter.CorsFilter@7a213820, org.keycloak.adapters.springsecurity.filter.KeycloakPreAuthActionsFilter@7320750c, org.keycloak.adapters.springsecurity.filter.KeycloakAuthenticationProcessingFilter@61607ff0, org.springframework.security.web.authentication.logout.LogoutFilter@3c51dec5, org.springframework.security.web.savedrequest.RequestCacheAwareFilter@1cd7bc66, org.springframework.security.web.servletapi.SecurityContextHolderAwareRequestFilter@72f4232, org.keycloak.adapters.springsecurity.filter.KeycloakSecurityContextRequestFilter@5667dd90, org.keycloak.adapters.springsecurity.filter.KeycloakAuthenticatedActionsFilter@261f5a45, org.springframework.security.web.authentication.AnonymousAuthenticationFilter@34b69a14, org.springframework.security.web.session.SessionManagementFilter@5a07088b, org.springframework.security.web.access.ExceptionTranslationFilter@11885841, org.springframework.security.web.access.intercept.FilterSecurityInterceptor@491afa9b]
2021-06-13 23:38:07,489 INFO o.s.s.c.ExecutorConfigurationSupport Initializing ExecutorService 'taskScheduler'
2021-06-13 23:38:07,518 INFO o.a.j.l.DirectJDKLog Starting ProtocolHandler ["https-jsse-nio-8085"]
2021-06-13 23:38:07,727 INFO o.s.b.w.e.t.TomcatWebServer Tomcat started on port(s): 8085 (https) with context path ''
2021-06-13 23:38:07,737 INFO o.s.b.StartupInfoLogger Started HospitalApplication in 9.306 seconds (JVM running for 11.241)
2021-06-13 23:38:07,820 INFO c.m.d.l.SLF4JLogger Opened connection [connectionId{localValue:2, serverValue:38}] to localhost:27017
