2021-06-15 18:31:37,156 INFO o.h.v.i.u.Version HV000001: Hibernate Validator 6.1.7.Final
2021-06-15 18:31:37,190 INFO o.s.b.StartupInfoLogger Starting HospitalApplication on Rocika-w10 with PID 16820 (D:\FAX\VIII semestar\Bezbednost u sistemima elektronskog poslovanja\Projekat\BSEP_T17\hospital\target\classes started by Rocika in D:\FAX\VIII semestar\Bezbednost u sistemima elektronskog poslovanja\Projekat\BSEP_T17\hospital)
2021-06-15 18:31:37,193 INFO o.s.b.SpringApplication No active profile set, falling back to default profiles: default
2021-06-15 18:31:37,910 INFO o.s.d.r.c.RepositoryConfigurationDelegate Multiple Spring Data modules found, entering strict repository configuration mode!
2021-06-15 18:31:37,913 INFO o.s.d.r.c.RepositoryConfigurationDelegate Bootstrapping Spring Data JPA repositories in DEFAULT mode.
2021-06-15 18:31:38,050 INFO o.s.d.r.c.RepositoryConfigurationExtensionSupport Spring Data JPA - Could not safely identify store assignment for repository candidate interface bsep.hospital.repository.LogRepository. If you want this repository to be a JPA repository, consider annotating your entities with one of these annotations: javax.persistence.Entity, javax.persistence.MappedSuperclass (preferred), or consider extending one of the following types with your repository: org.springframework.data.jpa.repository.JpaRepository.
2021-06-15 18:31:38,114 INFO o.s.d.r.c.RepositoryConfigurationDelegate Finished Spring Data repository scanning in 193ms. Found 4 JPA repository interfaces.
2021-06-15 18:31:38,225 INFO o.s.d.r.c.RepositoryConfigurationDelegate Multiple Spring Data modules found, entering strict repository configuration mode!
2021-06-15 18:31:38,226 INFO o.s.d.r.c.RepositoryConfigurationDelegate Bootstrapping Spring Data MongoDB repositories in DEFAULT mode.
2021-06-15 18:31:38,242 INFO o.s.d.r.c.RepositoryConfigurationExtensionSupport Spring Data MongoDB - Could not safely identify store assignment for repository candidate interface bsep.hospital.repository.AuthorityRepository. If you want this repository to be a MongoDB repository, consider annotating your entities with one of these annotations: org.springframework.data.mongodb.core.mapping.Document (preferred), or consider extending one of the following types with your repository: org.springframework.data.mongodb.repository.MongoRepository.
2021-06-15 18:31:38,250 INFO o.s.d.r.c.RepositoryConfigurationExtensionSupport Spring Data MongoDB - Could not safely identify store assignment for repository candidate interface bsep.hospital.repository.PatientRepository. If you want this repository to be a MongoDB repository, consider annotating your entities with one of these annotations: org.springframework.data.mongodb.core.mapping.Document (preferred), or consider extending one of the following types with your repository: org.springframework.data.mongodb.repository.MongoRepository.
2021-06-15 18:31:38,251 INFO o.s.d.r.c.RepositoryConfigurationExtensionSupport Spring Data MongoDB - Could not safely identify store assignment for repository candidate interface bsep.hospital.repository.PatientStatusRepository. If you want this repository to be a MongoDB repository, consider annotating your entities with one of these annotations: org.springframework.data.mongodb.core.mapping.Document (preferred), or consider extending one of the following types with your repository: org.springframework.data.mongodb.repository.MongoRepository.
2021-06-15 18:31:38,251 INFO o.s.d.r.c.RepositoryConfigurationExtensionSupport Spring Data MongoDB - Could not safely identify store assignment for repository candidate interface bsep.hospital.repository.PersonRepository. If you want this repository to be a MongoDB repository, consider annotating your entities with one of these annotations: org.springframework.data.mongodb.core.mapping.Document (preferred), or consider extending one of the following types with your repository: org.springframework.data.mongodb.repository.MongoRepository.
2021-06-15 18:31:38,257 INFO o.s.d.r.c.RepositoryConfigurationDelegate Finished Spring Data repository scanning in 29ms. Found 1 MongoDB repository interfaces.
2021-06-15 18:31:38,840 INFO o.s.c.s.PostProcessorRegistrationDelegate$BeanPostProcessorChecker Bean 'org.springframework.security.access.expression.method.DefaultMethodSecurityExpressionHandler@1934ad7c' of type [org.springframework.security.access.expression.method.DefaultMethodSecurityExpressionHandler] is not eligible for getting processed by all BeanPostProcessors (for example: not eligible for auto-proxying)
2021-06-15 18:31:38,852 INFO o.s.c.s.PostProcessorRegistrationDelegate$BeanPostProcessorChecker Bean 'methodSecurityMetadataSource' of type [org.springframework.security.access.method.DelegatingMethodSecurityMetadataSource] is not eligible for getting processed by all BeanPostProcessors (for example: not eligible for auto-proxying)
2021-06-15 18:31:39,188 INFO o.s.b.w.e.t.TomcatWebServer Tomcat initialized with port(s): 8085 (https)
2021-06-15 18:31:39,196 INFO o.a.j.l.DirectJDKLog Initializing ProtocolHandler ["https-jsse-nio-8085"]
2021-06-15 18:31:39,196 INFO o.a.j.l.DirectJDKLog Starting service [Tomcat]
2021-06-15 18:31:39,197 INFO o.a.j.l.DirectJDKLog Starting Servlet engine: [Apache Tomcat/9.0.43]
2021-06-15 18:31:39,371 INFO o.a.j.l.DirectJDKLog Initializing Spring embedded WebApplicationContext
2021-06-15 18:31:39,371 INFO o.s.b.w.s.c.ServletWebServerApplicationContext Root WebApplicationContext: initialization completed in 2143 ms
2021-06-15 18:31:39,434 WARN o.s.b.a.o.j.JpaBaseConfiguration$JpaWebConfiguration spring.jpa.open-in-view is enabled by default. Therefore, database queries may be performed during view rendering. Explicitly configure spring.jpa.open-in-view to disable this warning
2021-06-15 18:31:39,542 INFO o.h.j.i.u.LogHelper HHH000204: Processing PersistenceUnitInfo [name: default]
2021-06-15 18:31:39,583 INFO o.h.Version HHH000412: Hibernate ORM core version 5.4.28.Final
2021-06-15 18:31:39,672 INFO o.h.a.c.r.j.JavaReflectionManager HCANN000001: Hibernate Commons Annotations {5.1.2.Final}
2021-06-15 18:31:39,758 INFO c.z.h.HikariDataSource HikariPool-1 - Starting...
2021-06-15 18:31:39,844 INFO c.z.h.HikariDataSource HikariPool-1 - Start completed.
2021-06-15 18:31:39,857 INFO o.h.d.Dialect HHH000400: Using dialect: org.hibernate.dialect.PostgreSQL95Dialect
2021-06-15 18:31:40,642 WARN o.h.e.j.s.SqlExceptionHelper$StandardWarningHandler SQL Warning Code: 0, SQLState: 00000
2021-06-15 18:31:40,643 WARN o.h.e.j.s.SqlExceptionHelper$StandardWarningHandler relation "patient_status" does not exist, skipping
2021-06-15 18:31:40,645 WARN o.h.e.j.s.SqlExceptionHelper$StandardWarningHandler SQL Warning Code: 0, SQLState: 00000
2021-06-15 18:31:40,645 WARN o.h.e.j.s.SqlExceptionHelper$StandardWarningHandler relation "user_authority" does not exist, skipping
2021-06-15 18:31:40,647 WARN o.h.e.j.s.SqlExceptionHelper$StandardWarningHandler SQL Warning Code: 0, SQLState: 00000
2021-06-15 18:31:40,647 WARN o.h.e.j.s.SqlExceptionHelper$StandardWarningHandler relation "user_authority" does not exist, skipping
2021-06-15 18:31:40,648 WARN o.h.e.j.s.SqlExceptionHelper$StandardWarningHandler SQL Warning Code: 0, SQLState: 00000
2021-06-15 18:31:40,648 WARN o.h.e.j.s.SqlExceptionHelper$StandardWarningHandler table "authorities" does not exist, skipping
2021-06-15 18:31:40,650 WARN o.h.e.j.s.SqlExceptionHelper$StandardWarningHandler SQL Warning Code: 0, SQLState: 00000
2021-06-15 18:31:40,650 WARN o.h.e.j.s.SqlExceptionHelper$StandardWarningHandler table "patient_status" does not exist, skipping
2021-06-15 18:31:40,651 WARN o.h.e.j.s.SqlExceptionHelper$StandardWarningHandler SQL Warning Code: 0, SQLState: 00000
2021-06-15 18:31:40,652 WARN o.h.e.j.s.SqlExceptionHelper$StandardWarningHandler table "patients" does not exist, skipping
2021-06-15 18:31:40,653 WARN o.h.e.j.s.SqlExceptionHelper$StandardWarningHandler SQL Warning Code: 0, SQLState: 00000
2021-06-15 18:31:40,653 WARN o.h.e.j.s.SqlExceptionHelper$StandardWarningHandler table "staff" does not exist, skipping
2021-06-15 18:31:40,655 WARN o.h.e.j.s.SqlExceptionHelper$StandardWarningHandler SQL Warning Code: 0, SQLState: 00000
2021-06-15 18:31:40,655 WARN o.h.e.j.s.SqlExceptionHelper$StandardWarningHandler table "user_authority" does not exist, skipping
2021-06-15 18:31:40,700 INFO o.h.e.t.j.p.i.JtaPlatformInitiator HHH000490: Using JtaPlatform implementation: [org.hibernate.engine.transaction.jta.platform.internal.NoJtaPlatform]
2021-06-15 18:31:40,707 INFO o.s.o.j.AbstractEntityManagerFactoryBean Initialized JPA EntityManagerFactory for persistence unit 'default'
2021-06-15 18:31:41,222 INFO b.h.k.KeyStoreWriter Attempting to initialize keystore using bouncy castle provider.
2021-06-15 18:31:41,228 INFO b.h.k.KeyStoreReader Attempting to initialize keystore using bouncy castle provider.
2021-06-15 18:31:41,332 INFO c.m.d.l.SLF4JLogger Cluster created with settings {hosts=[localhost:27017], mode=SINGLE, requiredClusterType=UNKNOWN, serverSelectionTimeout='30000 ms'}
2021-06-15 18:31:41,374 INFO c.m.d.l.SLF4JLogger Opened connection [connectionId{localValue:1, serverValue:82}] to localhost:27017
2021-06-15 18:31:41,380 INFO c.m.d.l.SLF4JLogger Monitor thread successfully connected to server with description ServerDescription{address=localhost:27017, type=STANDALONE, state=CONNECTED, ok=true, minWireVersion=0, maxWireVersion=9, maxDocumentSize=16777216, logicalSessionTimeoutMinutes=30, roundTripTimeNanos=4039300}
2021-06-15 18:31:41,623 INFO b.h.c.DroolsConfig Creating kie session
2021-06-15 18:31:41,626 INFO o.k.a.i.u.ServiceDiscoveryImpl Loading kie.conf from  jar:file:/C:/Users/Rocika/.m2/repository/org/kie/kie-ci/7.17.0.Final/kie-ci-7.17.0.Final.jar!/META-INF/kie.conf in classloader jdk.internal.loader.ClassLoaders$AppClassLoader@3b192d32
2021-06-15 18:31:41,627 INFO o.k.a.i.u.ServiceDiscoveryImpl Adding Service org.kie.scanner.KieScannerFactoryServiceImpl

2021-06-15 18:31:41,628 INFO o.k.a.i.u.ServiceDiscoveryImpl Adding Service org.kie.scanner.MavenClassLoaderResolver

2021-06-15 18:31:41,628 INFO o.k.a.i.u.ServiceDiscoveryImpl Loading kie.conf from  jar:file:/C:/Users/Rocika/.m2/repository/org/drools/drools-core/7.17.0.Final/drools-core-7.17.0.Final.jar!/META-INF/kie.conf in classloader jdk.internal.loader.ClassLoaders$AppClassLoader@3b192d32
2021-06-15 18:31:41,629 INFO o.k.a.i.u.ServiceDiscoveryImpl Adding Service org.drools.core.io.impl.ResourceFactoryServiceImpl

2021-06-15 18:31:41,630 INFO o.k.a.i.u.ServiceDiscoveryImpl Adding Service org.drools.core.marshalling.impl.MarshallerProviderImpl

2021-06-15 18:31:41,631 INFO o.k.a.i.u.ServiceDiscoveryImpl Adding Service org.drools.core.concurrent.ExecutorProviderImpl

2021-06-15 18:31:41,631 INFO o.k.a.i.u.ServiceDiscoveryImpl Loading kie.conf from  jar:file:/C:/Users/Rocika/.m2/repository/org/drools/drools-compiler/7.17.0.Final/drools-compiler-7.17.0.Final.jar!/META-INF/kie.conf in classloader jdk.internal.loader.ClassLoaders$AppClassLoader@3b192d32
2021-06-15 18:31:41,632 INFO o.k.a.i.u.ServiceDiscoveryImpl Adding Service org.drools.compiler.kie.builder.impl.KieServicesImpl

2021-06-15 18:31:41,633 INFO o.k.a.i.u.ServiceDiscoveryImpl Adding Service org.drools.compiler.builder.impl.KnowledgeBuilderFactoryServiceImpl

2021-06-15 18:31:41,633 INFO o.k.a.i.u.ServiceDiscoveryImpl Loading kie.conf from  jar:file:/C:/Users/Rocika/.m2/repository/org/kie/kie-internal/7.17.0.Final/kie-internal-7.17.0.Final.jar!/META-INF/kie.conf in classloader jdk.internal.loader.ClassLoaders$AppClassLoader@3b192d32
2021-06-15 18:31:41,634 INFO o.k.a.i.u.ServiceDiscoveryImpl Adding Service org.kie.internal.services.KieAssemblersImpl

2021-06-15 18:31:41,635 INFO o.k.a.i.u.ServiceDiscoveryImpl Adding Service org.kie.internal.services.KieRuntimesImpl

2021-06-15 18:31:41,635 INFO o.k.a.i.u.ServiceDiscoveryImpl Adding Service org.kie.internal.services.KieWeaversImpl

2021-06-15 18:31:41,636 INFO o.k.a.i.u.ServiceDiscoveryImpl Adding Service org.kie.internal.services.KieBeliefsImpl

2021-06-15 18:31:41,646 INFO o.d.c.k.b.i.ClasspathKieProject Found kmodule: file:/D:/FAX/VIII%20semestar/Bezbednost%20u%20sistemima%20elektronskog%20poslovanja/Projekat/BSEP_T17/hospital/target/classes/META-INF/kmodule.xml
2021-06-15 18:31:41,829 WARN o.d.c.k.b.i.ClasspathKieProject Unable to find pom.properties in /D:/FAX/VIII semestar/Bezbednost u sistemima elektronskog poslovanja/Projekat/BSEP_T17/hospital/target/classes
2021-06-15 18:31:44,923 INFO o.d.c.k.b.i.ClasspathKieProject Recursed up folders, found and used pom.xml D:\FAX\VIII semestar\Bezbednost u sistemima elektronskog poslovanja\Projekat\BSEP_T17\hospital\pom.xml
2021-06-15 18:31:44,931 INFO o.d.c.k.b.i.KieRepositoryImpl KieModule was added: FileKieModule[releaseId=bsep:hospital:0.0.1-SNAPSHOT,file=D:\FAX\VIII semestar\Bezbednost u sistemima elektronskog poslovanja\Projekat\BSEP_T17\hospital\target\classes]
2021-06-15 18:31:46,348 INFO b.h.i.Initialize Executing operation Initialize
2021-06-15 18:31:46,349 INFO b.h.i.Initialize Attempting to create keystore.
2021-06-15 18:31:46,349 INFO b.h.i.Initialize Checking if keystore already exists.
2021-06-15 18:31:46,349 INFO b.h.k.KeyStoreWriter Attempting to load keystore.
2021-06-15 18:31:46,350 INFO b.h.k.KeyStoreWriter Successfully loaded keystore.
2021-06-15 18:31:46,351 INFO b.h.i.Initialize Keystore already exists.
2021-06-15 18:31:46,568 INFO o.s.s.w.DefaultSecurityFilterChain Creating filter chain: any request, [org.springframework.security.web.context.request.async.WebAsyncManagerIntegrationFilter@2d60947f, org.springframework.security.web.context.SecurityContextPersistenceFilter@462c68b3, org.springframework.security.web.header.HeaderWriterFilter@44c6e366, org.springframework.web.filter.CorsFilter@50da96f3, org.keycloak.adapters.springsecurity.filter.KeycloakPreAuthActionsFilter@526fc044, org.keycloak.adapters.springsecurity.filter.KeycloakAuthenticationProcessingFilter@6108fd23, org.springframework.security.web.authentication.logout.LogoutFilter@38485cee, org.springframework.security.web.savedrequest.RequestCacheAwareFilter@536905ed, org.springframework.security.web.servletapi.SecurityContextHolderAwareRequestFilter@6a82d4b4, org.keycloak.adapters.springsecurity.filter.KeycloakSecurityContextRequestFilter@4aea57dc, org.keycloak.adapters.springsecurity.filter.KeycloakAuthenticatedActionsFilter@66abc325, org.springframework.security.web.authentication.AnonymousAuthenticationFilter@7f16cf71, org.springframework.security.web.session.SessionManagementFilter@3107833, org.springframework.security.web.access.ExceptionTranslationFilter@57e6fd09, org.springframework.security.web.access.intercept.FilterSecurityInterceptor@73b68d98]
2021-06-15 18:31:46,874 INFO o.s.s.c.ExecutorConfigurationSupport Initializing ExecutorService 'taskScheduler'
2021-06-15 18:31:46,920 INFO o.a.j.l.DirectJDKLog Starting ProtocolHandler ["https-jsse-nio-8085"]
2021-06-15 18:31:47,053 INFO o.s.b.w.e.t.TomcatWebServer Tomcat started on port(s): 8085 (https) with context path ''
2021-06-15 18:31:47,066 INFO o.s.b.StartupInfoLogger Started HospitalApplication in 10.134 seconds (JVM running for 11.705)
2021-06-15 18:31:47,070 INFO o.s.s.c.ExecutorConfigurationSupport Initializing ExecutorService 'applicationTaskExecutor'
2021-06-15 18:31:47,082 INFO b.h.s.LogService Parsing app and keycloak logs from files.
2021-06-15 18:31:47,082 INFO b.h.s.LogService Parsing simulate logs
2021-06-15 18:31:47,083 INFO b.h.l.LogParser Attempting to parse application logs
2021-06-15 18:31:47,083 INFO b.h.s.LogService Getting logs from config json file.
2021-06-15 18:31:47,085 INFO b.h.l.LogParser Reading app log file.
2021-06-15 18:31:47,090 INFO b.h.l.LogParser Attempting to parse keycloak logs
2021-06-15 18:31:47,091 INFO b.h.l.LogParser Reading keycloak log file.
2021-06-15 18:31:47,093 INFO b.h.l.LogParser Attempting to parse simulator logs
2021-06-15 18:31:47,095 INFO b.h.l.LogParser Reading simulator log file.
2021-06-15 18:31:47,100 INFO b.h.s.LogService Successfully parsed app and keycloak logs from files.
2021-06-15 18:31:47,109 INFO b.h.s.LogService Firing all rules for simulated logs.
2021-06-15 18:31:47,117 INFO b.h.s.LogService Firing rules for logs.
2021-06-15 18:31:47,124 INFO b.h.s.LogService Saving logs.
2021-06-15 18:31:47,201 INFO c.m.d.l.SLF4JLogger Opened connection [connectionId{localValue:2, serverValue:83}] to localhost:27017
2021-06-15 18:31:47,239 INFO b.h.s.LogService Attempting to save log config.
2021-06-15 18:31:47,239 INFO b.h.s.LogService Getting logs from config json file.
2021-06-15 18:31:47,240 INFO b.h.s.LogService Checking if config with the same path already exists.
2021-06-15 18:31:47,240 INFO b.h.s.LogService Overriding the existing log config.
2021-06-15 18:31:47,240 INFO b.h.s.LogService Attempting to write to config json file.
2021-06-15 18:31:47,246 INFO b.h.s.LogService Successfully wrote to config json file.
2021-06-15 18:31:47,247 INFO b.h.s.LogService Saving logs.
2021-06-15 18:31:47,247 INFO b.h.s.LogService Finished saving logs.
2021-06-15 18:32:00,284 INFO b.h.s.LogService Finished parsing simulator logs.
2021-06-15 18:32:00,284 INFO b.h.s.LogService Parsing app and keycloak logs from files.
2021-06-15 18:32:00,284 INFO b.h.l.LogParser Attempting to parse application logs
2021-06-15 18:32:00,285 INFO b.h.s.LogService Parsing simulate logs
2021-06-15 18:32:00,285 INFO b.h.s.LogService Parsing app and keycloak logs from files.
2021-06-15 18:32:00,285 INFO b.h.s.LogService Getting logs from config json file.
2021-06-15 18:32:00,285 INFO b.h.s.LogService Parsing simulate logs
2021-06-15 18:32:00,285 INFO b.h.l.LogParser Attempting to parse application logs
2021-06-15 18:32:00,286 INFO b.h.l.LogParser Reading app log file.
2021-06-15 18:32:00,286 INFO b.h.s.LogService Getting logs from config json file.
2021-06-15 18:32:00,287 INFO b.h.l.LogParser Reading app log file.
2021-06-15 18:32:00,287 INFO b.h.l.LogParser Attempting to parse keycloak logs
2021-06-15 18:32:00,287 INFO b.h.l.LogParser Attempting to parse keycloak logs
2021-06-15 18:32:00,288 INFO b.h.l.LogParser Reading keycloak log file.
2021-06-15 18:32:00,289 INFO b.h.l.LogParser Reading keycloak log file.
2021-06-15 18:32:00,289 INFO b.h.s.LogService Successfully parsed app and keycloak logs from files.
2021-06-15 18:32:00,289 INFO b.h.s.LogService Successfully parsed app and keycloak logs from files.
2021-06-15 18:32:00,291 INFO b.h.s.LogService Firing rules for logs.
2021-06-15 18:32:00,291 INFO b.h.s.LogService Firing rules for logs.
2021-06-15 18:32:00,293 INFO b.h.s.LogService Saving logs.
2021-06-15 18:32:00,303 INFO b.h.l.LogParser Attempting to parse simulator logs
2021-06-15 18:32:00,303 INFO b.h.l.LogParser Attempting to parse simulator logs
2021-06-15 18:32:00,303 INFO c.m.d.l.SLF4JLogger Opened connection [connectionId{localValue:3, serverValue:84}] to localhost:27017
2021-06-15 18:32:00,304 INFO b.h.s.LogService Saving logs.
2021-06-15 18:32:00,304 INFO b.h.l.LogParser Reading simulator log file.
2021-06-15 18:32:00,304 INFO b.h.l.LogParser Reading simulator log file.
2021-06-15 18:32:00,304 INFO b.h.s.LogService Finished saving logs.
2021-06-15 18:32:00,304 INFO b.h.s.LogService Firing all rules for simulated logs.
2021-06-15 18:32:00,304 INFO b.h.s.LogService Firing all rules for simulated logs.
2021-06-15 18:32:00,304 INFO b.h.s.LogService Attempting to save log config.
2021-06-15 18:32:00,304 INFO b.h.s.LogService Attempting to save log config.
2021-06-15 18:32:00,305 INFO b.h.s.LogService Getting logs from config json file.
2021-06-15 18:32:00,305 INFO b.h.s.LogService Getting logs from config json file.
2021-06-15 18:32:00,305 INFO b.h.s.LogService Checking if config with the same path already exists.
2021-06-15 18:32:00,305 INFO b.h.s.LogService Checking if config with the same path already exists.
2021-06-15 18:32:00,305 INFO b.h.s.LogService Overriding the existing log config.
2021-06-15 18:32:00,305 INFO b.h.s.LogService Overriding the existing log config.
2021-06-15 18:32:00,305 INFO b.h.s.LogService Attempting to write to config json file.
2021-06-15 18:32:00,306 INFO b.h.s.LogService Attempting to write to config json file.
2021-06-15 18:32:00,307 INFO b.h.s.LogService Successfully wrote to config json file.
2021-06-15 18:32:00,307 INFO b.h.s.LogService Successfully wrote to config json file.
2021-06-15 18:32:00,307 INFO b.h.s.LogService Saving logs.
2021-06-15 18:32:00,307 INFO b.h.s.LogService Saving logs.
2021-06-15 18:32:00,307 INFO b.h.s.LogService Finished saving logs.
2021-06-15 18:32:00,307 INFO b.h.s.LogService Finished saving logs.
2021-06-15 18:32:00,308 INFO b.h.s.LogService Finished parsing simulator logs.
2021-06-15 18:32:00,308 INFO b.h.s.LogService Finished parsing simulator logs.
2021-06-15 18:32:00,358 INFO b.h.s.LogService Finished saving logs.
2021-06-15 18:32:00,490 INFO b.h.s.LogService Finished saving logs.
2021-06-15 18:32:00,558 INFO o.s.s.c.ExecutorConfigurationSupport Shutting down ExecutorService 'applicationTaskExecutor'
2021-06-15 18:32:00,559 INFO o.s.s.c.ExecutorConfigurationSupport Shutting down ExecutorService 'taskScheduler'
2021-06-15 18:32:00,564 INFO c.m.d.l.SLF4JLogger Closed connection [connectionId{localValue:2, serverValue:83}] to localhost:27017 because the pool has been closed.
2021-06-15 18:32:00,565 INFO c.m.d.l.SLF4JLogger Closed connection [connectionId{localValue:3, serverValue:84}] to localhost:27017 because the pool has been closed.
2021-06-15 18:32:00,567 INFO o.s.o.j.AbstractEntityManagerFactoryBean Closing JPA EntityManagerFactory for persistence unit 'default'
2021-06-15 18:32:00,567 INFO o.h.t.s.i.SchemaDropperImpl$DelayedDropActionImpl HHH000477: Starting delayed evictData of schema as part of SessionFactory shut-down'
2021-06-15 18:32:00,717 INFO c.z.h.HikariDataSource HikariPool-1 - Shutdown initiated...
2021-06-15 18:32:00,731 INFO c.z.h.HikariDataSource HikariPool-1 - Shutdown completed.
