2021-06-15 16:49:25,915 INFO o.h.v.i.u.Version HV000001: Hibernate Validator 6.1.7.Final
2021-06-15 16:49:25,949 INFO o.s.b.StartupInfoLogger Starting HospitalApplication on Rocika-w10 with PID 15728 (D:\FAX\VIII semestar\Bezbednost u sistemima elektronskog poslovanja\Projekat\BSEP_T17\hospital\target\classes started by Rocika in D:\FAX\VIII semestar\Bezbednost u sistemima elektronskog poslovanja\Projekat\BSEP_T17\hospital)
2021-06-15 16:49:25,953 INFO o.s.b.SpringApplication No active profile set, falling back to default profiles: default
2021-06-15 16:49:26,528 INFO o.s.d.r.c.RepositoryConfigurationDelegate Multiple Spring Data modules found, entering strict repository configuration mode!
2021-06-15 16:49:26,529 INFO o.s.d.r.c.RepositoryConfigurationDelegate Bootstrapping Spring Data JPA repositories in DEFAULT mode.
2021-06-15 16:49:26,572 INFO o.s.d.r.c.RepositoryConfigurationExtensionSupport Spring Data JPA - Could not safely identify store assignment for repository candidate interface bsep.hospital.repository.LogRepository. If you want this repository to be a JPA repository, consider annotating your entities with one of these annotations: javax.persistence.Entity, javax.persistence.MappedSuperclass (preferred), or consider extending one of the following types with your repository: org.springframework.data.jpa.repository.JpaRepository.
2021-06-15 16:49:26,593 INFO o.s.d.r.c.RepositoryConfigurationDelegate Finished Spring Data repository scanning in 59ms. Found 4 JPA repository interfaces.
2021-06-15 16:49:26,612 INFO o.s.d.r.c.RepositoryConfigurationDelegate Multiple Spring Data modules found, entering strict repository configuration mode!
2021-06-15 16:49:26,613 INFO o.s.d.r.c.RepositoryConfigurationDelegate Bootstrapping Spring Data MongoDB repositories in DEFAULT mode.
2021-06-15 16:49:26,626 INFO o.s.d.r.c.RepositoryConfigurationExtensionSupport Spring Data MongoDB - Could not safely identify store assignment for repository candidate interface bsep.hospital.repository.AuthorityRepository. If you want this repository to be a MongoDB repository, consider annotating your entities with one of these annotations: org.springframework.data.mongodb.core.mapping.Document (preferred), or consider extending one of the following types with your repository: org.springframework.data.mongodb.repository.MongoRepository.
2021-06-15 16:49:26,628 INFO o.s.d.r.c.RepositoryConfigurationExtensionSupport Spring Data MongoDB - Could not safely identify store assignment for repository candidate interface bsep.hospital.repository.PatientRepository. If you want this repository to be a MongoDB repository, consider annotating your entities with one of these annotations: org.springframework.data.mongodb.core.mapping.Document (preferred), or consider extending one of the following types with your repository: org.springframework.data.mongodb.repository.MongoRepository.
2021-06-15 16:49:26,628 INFO o.s.d.r.c.RepositoryConfigurationExtensionSupport Spring Data MongoDB - Could not safely identify store assignment for repository candidate interface bsep.hospital.repository.PatientStatusRepository. If you want this repository to be a MongoDB repository, consider annotating your entities with one of these annotations: org.springframework.data.mongodb.core.mapping.Document (preferred), or consider extending one of the following types with your repository: org.springframework.data.mongodb.repository.MongoRepository.
2021-06-15 16:49:26,629 INFO o.s.d.r.c.RepositoryConfigurationExtensionSupport Spring Data MongoDB - Could not safely identify store assignment for repository candidate interface bsep.hospital.repository.PersonRepository. If you want this repository to be a MongoDB repository, consider annotating your entities with one of these annotations: org.springframework.data.mongodb.core.mapping.Document (preferred), or consider extending one of the following types with your repository: org.springframework.data.mongodb.repository.MongoRepository.
2021-06-15 16:49:26,633 INFO o.s.d.r.c.RepositoryConfigurationDelegate Finished Spring Data repository scanning in 20ms. Found 1 MongoDB repository interfaces.
2021-06-15 16:49:26,892 INFO o.s.c.s.PostProcessorRegistrationDelegate$BeanPostProcessorChecker Bean 'org.springframework.security.access.expression.method.DefaultMethodSecurityExpressionHandler@4c5a2baf' of type [org.springframework.security.access.expression.method.DefaultMethodSecurityExpressionHandler] is not eligible for getting processed by all BeanPostProcessors (for example: not eligible for auto-proxying)
2021-06-15 16:49:26,898 INFO o.s.c.s.PostProcessorRegistrationDelegate$BeanPostProcessorChecker Bean 'methodSecurityMetadataSource' of type [org.springframework.security.access.method.DelegatingMethodSecurityMetadataSource] is not eligible for getting processed by all BeanPostProcessors (for example: not eligible for auto-proxying)
2021-06-15 16:49:27,115 INFO o.s.b.w.e.t.TomcatWebServer Tomcat initialized with port(s): 8085 (https)
2021-06-15 16:49:27,121 INFO o.a.j.l.DirectJDKLog Initializing ProtocolHandler ["https-jsse-nio-8085"]
2021-06-15 16:49:27,121 INFO o.a.j.l.DirectJDKLog Starting service [Tomcat]
2021-06-15 16:49:27,121 INFO o.a.j.l.DirectJDKLog Starting Servlet engine: [Apache Tomcat/9.0.43]
2021-06-15 16:49:27,276 INFO o.a.j.l.DirectJDKLog Initializing Spring embedded WebApplicationContext
2021-06-15 16:49:27,276 INFO o.s.b.w.s.c.ServletWebServerApplicationContext Root WebApplicationContext: initialization completed in 1288 ms
2021-06-15 16:49:27,313 WARN o.s.b.a.o.j.JpaBaseConfiguration$JpaWebConfiguration spring.jpa.open-in-view is enabled by default. Therefore, database queries may be performed during view rendering. Explicitly configure spring.jpa.open-in-view to disable this warning
2021-06-15 16:49:27,402 INFO o.h.j.i.u.LogHelper HHH000204: Processing PersistenceUnitInfo [name: default]
2021-06-15 16:49:27,436 INFO o.h.Version HHH000412: Hibernate ORM core version 5.4.28.Final
2021-06-15 16:49:27,510 INFO o.h.a.c.r.j.JavaReflectionManager HCANN000001: Hibernate Commons Annotations {5.1.2.Final}
2021-06-15 16:49:27,576 INFO c.z.h.HikariDataSource HikariPool-1 - Starting...
2021-06-15 16:49:27,657 INFO c.z.h.HikariDataSource HikariPool-1 - Start completed.
2021-06-15 16:49:27,669 INFO o.h.d.Dialect HHH000400: Using dialect: org.hibernate.dialect.PostgreSQL95Dialect
2021-06-15 16:49:28,438 INFO o.h.e.t.j.p.i.JtaPlatformInitiator HHH000490: Using JtaPlatform implementation: [org.hibernate.engine.transaction.jta.platform.internal.NoJtaPlatform]
2021-06-15 16:49:28,447 INFO o.s.o.j.AbstractEntityManagerFactoryBean Initialized JPA EntityManagerFactory for persistence unit 'default'
2021-06-15 16:49:28,841 INFO b.h.k.KeyStoreWriter Attempting to initialize keystore using bouncy castle provider.
2021-06-15 16:49:28,846 INFO b.h.k.KeyStoreReader Attempting to initialize keystore using bouncy castle provider.
2021-06-15 16:49:28,946 INFO c.m.d.l.SLF4JLogger Cluster created with settings {hosts=[localhost:27017], mode=SINGLE, requiredClusterType=UNKNOWN, serverSelectionTimeout='30000 ms'}
2021-06-15 16:49:28,985 INFO c.m.d.l.SLF4JLogger Opened connection [connectionId{localValue:1, serverValue:8}] to localhost:27017
2021-06-15 16:49:28,989 INFO c.m.d.l.SLF4JLogger Monitor thread successfully connected to server with description ServerDescription{address=localhost:27017, type=STANDALONE, state=CONNECTED, ok=true, minWireVersion=0, maxWireVersion=9, maxDocumentSize=16777216, logicalSessionTimeoutMinutes=30, roundTripTimeNanos=2343200}
2021-06-15 16:49:29,208 INFO b.h.c.DroolsConfig Creating kie session
2021-06-15 16:49:29,211 INFO o.k.a.i.u.ServiceDiscoveryImpl Loading kie.conf from  jar:file:/C:/Users/Rocika/.m2/repository/org/kie/kie-ci/7.17.0.Final/kie-ci-7.17.0.Final.jar!/META-INF/kie.conf in classloader jdk.internal.loader.ClassLoaders$AppClassLoader@3b192d32
2021-06-15 16:49:29,212 INFO o.k.a.i.u.ServiceDiscoveryImpl Adding Service org.kie.scanner.KieScannerFactoryServiceImpl

2021-06-15 16:49:29,213 INFO o.k.a.i.u.ServiceDiscoveryImpl Adding Service org.kie.scanner.MavenClassLoaderResolver

2021-06-15 16:49:29,214 INFO o.k.a.i.u.ServiceDiscoveryImpl Loading kie.conf from  jar:file:/C:/Users/Rocika/.m2/repository/org/drools/drools-core/7.17.0.Final/drools-core-7.17.0.Final.jar!/META-INF/kie.conf in classloader jdk.internal.loader.ClassLoaders$AppClassLoader@3b192d32
2021-06-15 16:49:29,215 INFO o.k.a.i.u.ServiceDiscoveryImpl Adding Service org.drools.core.io.impl.ResourceFactoryServiceImpl

2021-06-15 16:49:29,216 INFO o.k.a.i.u.ServiceDiscoveryImpl Adding Service org.drools.core.marshalling.impl.MarshallerProviderImpl

2021-06-15 16:49:29,216 INFO o.k.a.i.u.ServiceDiscoveryImpl Adding Service org.drools.core.concurrent.ExecutorProviderImpl

2021-06-15 16:49:29,216 INFO o.k.a.i.u.ServiceDiscoveryImpl Loading kie.conf from  jar:file:/C:/Users/Rocika/.m2/repository/org/drools/drools-compiler/7.17.0.Final/drools-compiler-7.17.0.Final.jar!/META-INF/kie.conf in classloader jdk.internal.loader.ClassLoaders$AppClassLoader@3b192d32
2021-06-15 16:49:29,218 INFO o.k.a.i.u.ServiceDiscoveryImpl Adding Service org.drools.compiler.kie.builder.impl.KieServicesImpl

2021-06-15 16:49:29,219 INFO o.k.a.i.u.ServiceDiscoveryImpl Adding Service org.drools.compiler.builder.impl.KnowledgeBuilderFactoryServiceImpl

2021-06-15 16:49:29,219 INFO o.k.a.i.u.ServiceDiscoveryImpl Loading kie.conf from  jar:file:/C:/Users/Rocika/.m2/repository/org/kie/kie-internal/7.17.0.Final/kie-internal-7.17.0.Final.jar!/META-INF/kie.conf in classloader jdk.internal.loader.ClassLoaders$AppClassLoader@3b192d32
2021-06-15 16:49:29,220 INFO o.k.a.i.u.ServiceDiscoveryImpl Adding Service org.kie.internal.services.KieAssemblersImpl

2021-06-15 16:49:29,221 INFO o.k.a.i.u.ServiceDiscoveryImpl Adding Service org.kie.internal.services.KieRuntimesImpl

2021-06-15 16:49:29,222 INFO o.k.a.i.u.ServiceDiscoveryImpl Adding Service org.kie.internal.services.KieWeaversImpl

2021-06-15 16:49:29,223 INFO o.k.a.i.u.ServiceDiscoveryImpl Adding Service org.kie.internal.services.KieBeliefsImpl

2021-06-15 16:49:29,231 INFO o.d.c.k.b.i.ClasspathKieProject Found kmodule: file:/D:/FAX/VIII%20semestar/Bezbednost%20u%20sistemima%20elektronskog%20poslovanja/Projekat/BSEP_T17/hospital/target/classes/META-INF/kmodule.xml
2021-06-15 16:49:29,385 WARN o.d.c.k.b.i.ClasspathKieProject Unable to find pom.properties in /D:/FAX/VIII semestar/Bezbednost u sistemima elektronskog poslovanja/Projekat/BSEP_T17/hospital/target/classes
2021-06-15 16:49:32,366 INFO o.d.c.k.b.i.ClasspathKieProject Recursed up folders, found and used pom.xml D:\FAX\VIII semestar\Bezbednost u sistemima elektronskog poslovanja\Projekat\BSEP_T17\hospital\pom.xml
2021-06-15 16:49:32,372 INFO o.d.c.k.b.i.KieRepositoryImpl KieModule was added: FileKieModule[releaseId=bsep:hospital:0.0.1-SNAPSHOT,file=D:\FAX\VIII semestar\Bezbednost u sistemima elektronskog poslovanja\Projekat\BSEP_T17\hospital\target\classes]
2021-06-15 16:49:33,364 INFO b.h.i.Initialize Executing operation Initialize
2021-06-15 16:49:33,364 INFO b.h.i.Initialize Attempting to create keystore.
2021-06-15 16:49:33,364 INFO b.h.i.Initialize Checking if keystore already exists.
2021-06-15 16:49:33,364 INFO b.h.k.KeyStoreWriter Attempting to load keystore.
2021-06-15 16:49:33,366 INFO b.h.k.KeyStoreWriter Successfully loaded keystore.
2021-06-15 16:49:33,366 INFO b.h.i.Initialize Keystore already exists.
2021-06-15 16:49:33,526 INFO o.s.s.w.DefaultSecurityFilterChain Creating filter chain: any request, [org.springframework.security.web.context.request.async.WebAsyncManagerIntegrationFilter@2f4847d9, org.springframework.security.web.context.SecurityContextPersistenceFilter@5ef53e42, org.springframework.security.web.header.HeaderWriterFilter@42c661d4, org.springframework.web.filter.CorsFilter@40a38a44, org.keycloak.adapters.springsecurity.filter.KeycloakPreAuthActionsFilter@141229f6, org.keycloak.adapters.springsecurity.filter.KeycloakAuthenticationProcessingFilter@7efa366, org.springframework.security.web.authentication.logout.LogoutFilter@349e6ca8, org.springframework.security.web.savedrequest.RequestCacheAwareFilter@335d6f94, org.springframework.security.web.servletapi.SecurityContextHolderAwareRequestFilter@138617da, org.keycloak.adapters.springsecurity.filter.KeycloakSecurityContextRequestFilter@20d65767, org.keycloak.adapters.springsecurity.filter.KeycloakAuthenticatedActionsFilter@250e8712, org.springframework.security.web.authentication.AnonymousAuthenticationFilter@26838837, org.springframework.security.web.session.SessionManagementFilter@dffa7ce, org.springframework.security.web.access.ExceptionTranslationFilter@f56c2a0, org.springframework.security.web.access.intercept.FilterSecurityInterceptor@ccdd8a6]
2021-06-15 16:49:33,757 INFO o.s.s.c.ExecutorConfigurationSupport Initializing ExecutorService 'taskScheduler'
2021-06-15 16:49:33,792 INFO o.a.j.l.DirectJDKLog Starting ProtocolHandler ["https-jsse-nio-8085"]
2021-06-15 16:49:33,886 INFO o.s.b.w.e.t.TomcatWebServer Tomcat started on port(s): 8085 (https) with context path ''
2021-06-15 16:49:33,895 INFO o.s.b.StartupInfoLogger Started HospitalApplication in 8.188 seconds (JVM running for 9.366)
2021-06-15 16:49:33,901 INFO o.s.s.c.ExecutorConfigurationSupport Initializing ExecutorService 'applicationTaskExecutor'
2021-06-15 16:49:33,909 INFO b.h.s.LogService Parsing logs from files.
2021-06-15 16:49:33,909 INFO b.h.s.LogService Parsing simulate logs
2021-06-15 16:49:33,909 INFO b.h.l.LogParser Attempting to parse application logs
2021-06-15 16:49:33,910 INFO b.h.l.LogParser Reading log file.
2021-06-15 16:49:33,913 INFO b.h.l.LogParser Attempting to parse keycloak logs
2021-06-15 16:49:33,914 INFO b.h.l.LogParser Reading log file.
2021-06-15 16:49:33,919 INFO b.h.s.LogService Successfully parsed logs from files.
2021-06-15 16:49:33,955 INFO b.h.s.LogService Saving logs.
2021-06-15 16:49:33,997 INFO c.m.d.l.SLF4JLogger Opened connection [connectionId{localValue:2, serverValue:9}] to localhost:27017
2021-06-15 16:49:34,178 INFO b.h.s.LogService Finished saving logs.
2021-06-15 16:49:38,907 INFO b.h.s.LogService Parsing logs from files.
2021-06-15 16:49:38,907 INFO b.h.s.LogService Parsing simulate logs
2021-06-15 16:49:38,907 INFO b.h.l.LogParser Attempting to parse application logs
2021-06-15 16:49:38,908 INFO b.h.l.LogParser Reading log file.
2021-06-15 16:49:38,910 INFO b.h.l.LogParser Attempting to parse keycloak logs
2021-06-15 16:49:38,911 INFO b.h.l.LogParser Reading log file.
2021-06-15 16:49:38,911 INFO b.h.s.LogService Successfully parsed logs from files.
2021-06-15 16:49:38,915 INFO b.h.s.LogService Saving logs.
2021-06-15 16:49:38,924 INFO b.h.s.LogService Finished saving logs.
2021-06-15 16:49:43,908 INFO b.h.s.LogService Parsing logs from files.
2021-06-15 16:49:43,909 INFO b.h.s.LogService Parsing simulate logs
2021-06-15 16:49:43,909 INFO b.h.l.LogParser Attempting to parse application logs
2021-06-15 16:49:43,910 INFO b.h.l.LogParser Reading log file.
2021-06-15 16:49:43,912 INFO b.h.l.LogParser Attempting to parse keycloak logs
2021-06-15 16:49:43,913 INFO b.h.l.LogParser Reading log file.
2021-06-15 16:49:43,914 INFO b.h.s.LogService Successfully parsed logs from files.
2021-06-15 16:49:43,916 INFO b.h.s.LogService Saving logs.
2021-06-15 16:49:43,928 INFO b.h.s.LogService Finished saving logs.
2021-06-15 16:49:48,893 INFO b.h.s.LogService Parsing logs from files.
2021-06-15 16:49:48,893 INFO b.h.s.LogService Parsing simulate logs
2021-06-15 16:49:48,893 INFO b.h.l.LogParser Attempting to parse application logs
2021-06-15 16:49:48,894 INFO b.h.l.LogParser Reading log file.
2021-06-15 16:49:48,895 INFO b.h.l.LogParser Attempting to parse keycloak logs
2021-06-15 16:49:48,895 INFO b.h.l.LogParser Reading log file.
2021-06-15 16:49:48,895 INFO b.h.s.LogService Successfully parsed logs from files.
2021-06-15 16:49:48,896 INFO b.h.s.LogService Saving logs.
2021-06-15 16:49:48,902 INFO b.h.s.LogService Finished saving logs.
2021-06-15 16:49:53,897 INFO b.h.s.LogService Parsing simulate logs
2021-06-15 16:49:53,897 INFO b.h.s.LogService Parsing logs from files.
2021-06-15 16:49:53,897 INFO b.h.l.LogParser Attempting to parse application logs
2021-06-15 16:49:53,898 INFO b.h.l.LogParser Reading log file.
2021-06-15 16:49:53,900 INFO b.h.l.LogParser Attempting to parse keycloak logs
2021-06-15 16:49:53,900 INFO b.h.l.LogParser Reading log file.
2021-06-15 16:49:53,900 INFO b.h.s.LogService Successfully parsed logs from files.
2021-06-15 16:49:53,901 INFO b.h.s.LogService Saving logs.
2021-06-15 16:49:53,908 INFO b.h.s.LogService Finished saving logs.
2021-06-15 16:49:58,907 INFO b.h.s.LogService Parsing simulate logs
2021-06-15 16:49:58,907 INFO b.h.s.LogService Parsing logs from files.
2021-06-15 16:49:58,907 INFO b.h.l.LogParser Attempting to parse application logs
2021-06-15 16:49:58,908 INFO b.h.l.LogParser Reading log file.
2021-06-15 16:49:58,908 INFO b.h.l.LogParser Attempting to parse keycloak logs
2021-06-15 16:49:58,909 INFO b.h.l.LogParser Reading log file.
2021-06-15 16:49:58,909 INFO b.h.s.LogService Successfully parsed logs from files.
2021-06-15 16:49:58,910 INFO b.h.s.LogService Saving logs.
2021-06-15 16:49:58,915 INFO b.h.s.LogService Finished saving logs.
2021-06-15 16:50:03,907 INFO b.h.s.LogService Parsing logs from files.
2021-06-15 16:50:03,907 INFO b.h.s.LogService Parsing simulate logs
2021-06-15 16:50:03,907 INFO b.h.l.LogParser Attempting to parse application logs
2021-06-15 16:50:03,908 INFO b.h.l.LogParser Reading log file.
2021-06-15 16:50:03,908 INFO b.h.l.LogParser Attempting to parse keycloak logs
2021-06-15 16:50:03,909 INFO b.h.l.LogParser Reading log file.
2021-06-15 16:50:03,909 INFO b.h.s.LogService Successfully parsed logs from files.
2021-06-15 16:50:03,910 INFO b.h.s.LogService Saving logs.
2021-06-15 16:50:03,915 INFO b.h.s.LogService Finished saving logs.
2021-06-15 16:50:08,905 INFO b.h.s.LogService Parsing logs from files.
2021-06-15 16:50:08,905 INFO b.h.s.LogService Parsing simulate logs
2021-06-15 16:50:08,905 INFO b.h.l.LogParser Attempting to parse application logs
2021-06-15 16:50:08,906 INFO b.h.l.LogParser Reading log file.
2021-06-15 16:50:08,907 INFO b.h.l.LogParser Attempting to parse keycloak logs
2021-06-15 16:50:08,908 INFO b.h.l.LogParser Reading log file.
2021-06-15 16:50:08,909 INFO b.h.s.LogService Successfully parsed logs from files.
2021-06-15 16:50:08,910 INFO b.h.s.LogService Saving logs.
2021-06-15 16:50:08,922 INFO b.h.s.LogService Finished saving logs.
2021-06-15 16:50:13,898 INFO b.h.s.LogService Parsing logs from files.
2021-06-15 16:50:13,898 INFO b.h.s.LogService Parsing simulate logs
2021-06-15 16:50:13,898 INFO b.h.l.LogParser Attempting to parse application logs
2021-06-15 16:50:13,899 INFO b.h.l.LogParser Reading log file.
2021-06-15 16:50:13,900 INFO b.h.l.LogParser Attempting to parse keycloak logs
2021-06-15 16:50:13,901 INFO b.h.l.LogParser Reading log file.
2021-06-15 16:50:13,901 INFO b.h.s.LogService Successfully parsed logs from files.
2021-06-15 16:50:13,902 INFO b.h.s.LogService Saving logs.
2021-06-15 16:50:13,908 INFO b.h.s.LogService Finished saving logs.
2021-06-15 16:50:16,798 INFO o.a.j.l.DirectJDKLog Initializing Spring DispatcherServlet 'dispatcherServlet'
2021-06-15 16:50:16,798 INFO o.s.w.s.FrameworkServlet Initializing Servlet 'dispatcherServlet'
2021-06-15 16:50:16,804 INFO o.s.w.s.FrameworkServlet Completed initialization in 5 ms
2021-06-15 16:50:16,874 INFO b.h.a.DeviceController Device is attempting to save patient status.
2021-06-15 16:50:16,878 INFO b.h.s.PatientService Getting patient by id 8
2021-06-15 16:50:16,912 INFO b.h.a.DeviceController Putting patient status through drools.
2021-06-15 16:50:16,914 INFO b.h.s.PatientStatusService Saving patient status bsep.hospital.model.PatientStatus@36483b2d
2021-06-15 16:50:16,939 INFO b.h.a.DeviceController Successfully saved patient status.
2021-06-15 16:50:16,972 INFO b.h.a.DeviceController Device is attempting to save patient status.
2021-06-15 16:50:16,973 INFO b.h.s.PatientService Getting patient by id 7
2021-06-15 16:50:16,974 INFO b.h.a.DeviceController Putting patient status through drools.
2021-06-15 16:50:16,975 INFO b.h.s.PatientStatusService Saving patient status bsep.hospital.model.PatientStatus@2a445cb0
2021-06-15 16:50:16,977 INFO b.h.a.DeviceController Successfully saved patient status.
2021-06-15 16:50:16,986 INFO b.h.a.DeviceController Device is attempting to save patient status.
2021-06-15 16:50:16,986 INFO b.h.s.PatientService Getting patient by id 5
2021-06-15 16:50:16,988 INFO b.h.a.DeviceController Putting patient status through drools.
2021-06-15 16:50:16,988 INFO b.h.s.PatientStatusService Saving patient status bsep.hospital.model.PatientStatus@6aa1e075
2021-06-15 16:50:16,991 INFO b.h.a.DeviceController Successfully saved patient status.
2021-06-15 16:50:18,908 INFO b.h.s.LogService Parsing logs from files.
2021-06-15 16:50:18,908 INFO b.h.s.LogService Parsing simulate logs
2021-06-15 16:50:18,908 INFO b.h.l.LogParser Attempting to parse application logs
2021-06-15 16:50:18,909 INFO b.h.l.LogParser Reading log file.
2021-06-15 16:50:18,911 INFO b.h.l.LogParser Attempting to parse keycloak logs
2021-06-15 16:50:18,911 INFO b.h.l.LogParser Reading log file.
2021-06-15 16:50:18,912 INFO b.h.s.LogService Successfully parsed logs from files.
2021-06-15 16:50:18,913 INFO b.h.s.LogService Saving logs.
2021-06-15 16:50:18,928 INFO b.h.s.LogService Finished saving logs.
2021-06-15 16:50:23,895 INFO b.h.s.LogService Parsing logs from files.
2021-06-15 16:50:23,895 INFO b.h.s.LogService Parsing simulate logs
2021-06-15 16:50:23,895 INFO b.h.l.LogParser Attempting to parse application logs
2021-06-15 16:50:23,897 INFO b.h.l.LogParser Reading log file.
2021-06-15 16:50:23,897 INFO b.h.l.LogParser Attempting to parse keycloak logs
2021-06-15 16:50:23,898 INFO b.h.l.LogParser Reading log file.
2021-06-15 16:50:23,899 INFO b.h.s.LogService Successfully parsed logs from files.
2021-06-15 16:50:23,900 INFO b.h.s.LogService Saving logs.
2021-06-15 16:50:23,912 INFO b.h.s.LogService Finished saving logs.
2021-06-15 16:50:26,516 INFO b.h.a.DeviceController Device is attempting to save patient status.
2021-06-15 16:50:26,516 INFO b.h.s.PatientService Getting patient by id 8
2021-06-15 16:50:26,518 INFO b.h.a.DeviceController Putting patient status through drools.
2021-06-15 16:50:26,518 INFO b.h.s.PatientStatusService Saving patient status bsep.hospital.model.PatientStatus@6d0e476c
2021-06-15 16:50:26,522 INFO b.h.a.DeviceController Successfully saved patient status.
2021-06-15 16:50:26,546 INFO b.h.a.DeviceController Device is attempting to save patient status.
2021-06-15 16:50:26,546 INFO b.h.s.PatientService Getting patient by id 5
2021-06-15 16:50:26,547 INFO b.h.a.DeviceController Putting patient status through drools.
2021-06-15 16:50:26,548 INFO b.h.s.PatientStatusService Saving patient status bsep.hospital.model.PatientStatus@762f413b
2021-06-15 16:50:26,550 INFO b.h.a.DeviceController Successfully saved patient status.
2021-06-15 16:50:26,562 INFO b.h.a.DeviceController Device is attempting to save patient status.
2021-06-15 16:50:26,562 INFO b.h.s.PatientService Getting patient by id 8
2021-06-15 16:50:26,564 INFO b.h.a.DeviceController Putting patient status through drools.
2021-06-15 16:50:26,565 INFO b.h.s.PatientStatusService Saving patient status bsep.hospital.model.PatientStatus@3194b7ea
2021-06-15 16:50:26,567 INFO b.h.a.DeviceController Successfully saved patient status.
2021-06-15 16:50:28,902 INFO b.h.s.LogService Parsing logs from files.
2021-06-15 16:50:28,902 INFO b.h.s.LogService Parsing simulate logs
2021-06-15 16:50:28,902 INFO b.h.l.LogParser Attempting to parse application logs
2021-06-15 16:50:28,903 INFO b.h.l.LogParser Reading log file.
2021-06-15 16:50:28,903 INFO b.h.l.LogParser Attempting to parse keycloak logs
2021-06-15 16:50:28,904 INFO b.h.l.LogParser Reading log file.
2021-06-15 16:50:28,904 INFO b.h.s.LogService Successfully parsed logs from files.
2021-06-15 16:50:28,905 INFO b.h.s.LogService Saving logs.
2021-06-15 16:50:28,918 INFO b.h.s.LogService Finished saving logs.
2021-06-15 16:50:33,908 INFO b.h.s.LogService Parsing logs from files.
2021-06-15 16:50:33,908 INFO b.h.s.LogService Parsing simulate logs
2021-06-15 16:50:33,909 INFO b.h.l.LogParser Attempting to parse application logs
2021-06-15 16:50:33,910 INFO b.h.l.LogParser Reading log file.
2021-06-15 16:50:33,911 INFO b.h.l.LogParser Attempting to parse keycloak logs
2021-06-15 16:50:33,912 INFO b.h.l.LogParser Reading log file.
2021-06-15 16:50:33,913 INFO b.h.s.LogService Successfully parsed logs from files.
2021-06-15 16:50:33,914 INFO b.h.s.LogService Saving logs.
2021-06-15 16:50:33,924 INFO b.h.s.LogService Finished saving logs.
2021-06-15 16:50:36,512 INFO b.h.a.DeviceController Device is attempting to save patient status.
2021-06-15 16:50:36,512 INFO b.h.s.PatientService Getting patient by id 4
2021-06-15 16:50:36,514 INFO b.h.a.DeviceController Putting patient status through drools.
2021-06-15 16:50:36,514 INFO b.h.s.PatientStatusService Saving patient status bsep.hospital.model.PatientStatus@52ef689c
2021-06-15 16:50:36,518 INFO b.h.a.DeviceController Successfully saved patient status.
2021-06-15 16:50:36,528 INFO b.h.a.DeviceController Device is attempting to save patient status.
2021-06-15 16:50:36,528 INFO b.h.s.PatientService Getting patient by id 6
2021-06-15 16:50:36,530 INFO b.h.a.DeviceController Putting patient status through drools.
2021-06-15 16:50:36,530 INFO b.h.s.PatientStatusService Saving patient status bsep.hospital.model.PatientStatus@610ac0ad
2021-06-15 16:50:36,532 INFO b.h.a.DeviceController Successfully saved patient status.
2021-06-15 16:50:36,543 INFO b.h.a.DeviceController Device is attempting to save patient status.
2021-06-15 16:50:36,544 INFO b.h.s.PatientService Getting patient by id 1
2021-06-15 16:50:36,545 INFO b.h.a.DeviceController Putting patient status through drools.
2021-06-15 16:50:36,550 INFO b.h.s.PatientStatusService Saving patient status bsep.hospital.model.PatientStatus@4156fce9
2021-06-15 16:50:36,553 INFO b.h.a.DeviceController Successfully saved patient status.
2021-06-15 16:50:38,896 INFO b.h.s.LogService Parsing logs from files.
2021-06-15 16:50:38,896 INFO b.h.s.LogService Parsing simulate logs
2021-06-15 16:50:38,896 INFO b.h.l.LogParser Attempting to parse application logs
2021-06-15 16:50:38,897 INFO b.h.l.LogParser Reading log file.
2021-06-15 16:50:38,898 INFO b.h.l.LogParser Attempting to parse keycloak logs
2021-06-15 16:50:38,899 INFO b.h.l.LogParser Reading log file.
2021-06-15 16:50:38,899 INFO b.h.s.LogService Successfully parsed logs from files.
2021-06-15 16:50:38,901 INFO b.h.s.LogService Saving logs.
2021-06-15 16:50:38,916 INFO b.h.s.LogService Finished saving logs.
2021-06-15 16:50:43,899 INFO b.h.s.LogService Parsing simulate logs
2021-06-15 16:50:43,899 INFO b.h.s.LogService Parsing logs from files.
2021-06-15 16:50:43,899 INFO b.h.l.LogParser Attempting to parse application logs
2021-06-15 16:50:43,900 INFO b.h.l.LogParser Reading log file.
2021-06-15 16:50:43,901 INFO b.h.l.LogParser Attempting to parse keycloak logs
2021-06-15 16:50:43,901 INFO b.h.l.LogParser Reading log file.
2021-06-15 16:50:43,902 INFO b.h.s.LogService Successfully parsed logs from files.
2021-06-15 16:50:43,902 INFO b.h.s.LogService Saving logs.
2021-06-15 16:50:43,910 INFO b.h.s.LogService Finished saving logs.
