2021-06-10 21:53:24,063 INFO o.h.v.i.u.Version HV000001: Hibernate Validator 6.1.7.Final
2021-06-10 21:53:24,099 INFO o.s.b.StartupInfoLogger Starting HospitalApplication on DESKTOP-MK6223H with PID 3136 (D:\Fakultet\8. semestar\PROJEKTI\bsep\BSEP_T17\hospital\target\classes started by Milorad in D:\Fakultet\8. semestar\PROJEKTI\bsep\BSEP_T17\hospital)
2021-06-10 21:53:24,102 INFO o.s.b.SpringApplication No active profile set, falling back to default profiles: default
2021-06-10 21:53:24,627 INFO o.s.d.r.c.RepositoryConfigurationDelegate Multiple Spring Data modules found, entering strict repository configuration mode!
2021-06-10 21:53:24,629 INFO o.s.d.r.c.RepositoryConfigurationDelegate Bootstrapping Spring Data JPA repositories in DEFAULT mode.
2021-06-10 21:53:24,673 INFO o.s.d.r.c.RepositoryConfigurationExtensionSupport Spring Data JPA - Could not safely identify store assignment for repository candidate interface bsep.hospital.repository.LogRepository. If you want this repository to be a JPA repository, consider annotating your entities with one of these annotations: javax.persistence.Entity, javax.persistence.MappedSuperclass (preferred), or consider extending one of the following types with your repository: org.springframework.data.jpa.repository.JpaRepository.
2021-06-10 21:53:24,687 INFO o.s.d.r.c.RepositoryConfigurationDelegate Finished Spring Data repository scanning in 44ms. Found 2 JPA repository interfaces.
2021-06-10 21:53:24,702 INFO o.s.d.r.c.RepositoryConfigurationDelegate Multiple Spring Data modules found, entering strict repository configuration mode!
2021-06-10 21:53:24,703 INFO o.s.d.r.c.RepositoryConfigurationDelegate Bootstrapping Spring Data MongoDB repositories in DEFAULT mode.
2021-06-10 21:53:24,707 INFO o.s.d.r.c.RepositoryConfigurationExtensionSupport Spring Data MongoDB - Could not safely identify store assignment for repository candidate interface bsep.hospital.repository.AuthorityRepository. If you want this repository to be a MongoDB repository, consider annotating your entities with one of these annotations: org.springframework.data.mongodb.core.mapping.Document (preferred), or consider extending one of the following types with your repository: org.springframework.data.mongodb.repository.MongoRepository.
2021-06-10 21:53:24,708 INFO o.s.d.r.c.RepositoryConfigurationExtensionSupport Spring Data MongoDB - Could not safely identify store assignment for repository candidate interface bsep.hospital.repository.PersonRepository. If you want this repository to be a MongoDB repository, consider annotating your entities with one of these annotations: org.springframework.data.mongodb.core.mapping.Document (preferred), or consider extending one of the following types with your repository: org.springframework.data.mongodb.repository.MongoRepository.
2021-06-10 21:53:24,711 INFO o.s.d.r.c.RepositoryConfigurationDelegate Finished Spring Data repository scanning in 8ms. Found 1 MongoDB repository interfaces.
2021-06-10 21:53:24,936 INFO o.s.c.s.PostProcessorRegistrationDelegate$BeanPostProcessorChecker Bean 'org.springframework.security.access.expression.method.DefaultMethodSecurityExpressionHandler@2f10f633' of type [org.springframework.security.access.expression.method.DefaultMethodSecurityExpressionHandler] is not eligible for getting processed by all BeanPostProcessors (for example: not eligible for auto-proxying)
2021-06-10 21:53:24,945 INFO o.s.c.s.PostProcessorRegistrationDelegate$BeanPostProcessorChecker Bean 'methodSecurityMetadataSource' of type [org.springframework.security.access.method.DelegatingMethodSecurityMetadataSource] is not eligible for getting processed by all BeanPostProcessors (for example: not eligible for auto-proxying)
2021-06-10 21:53:25,161 INFO o.s.b.w.e.t.TomcatWebServer Tomcat initialized with port(s): 8085 (https)
2021-06-10 21:53:25,168 INFO o.a.j.l.DirectJDKLog Initializing ProtocolHandler ["https-jsse-nio-8085"]
2021-06-10 21:53:25,168 INFO o.a.j.l.DirectJDKLog Starting service [Tomcat]
2021-06-10 21:53:25,169 INFO o.a.j.l.DirectJDKLog Starting Servlet engine: [Apache Tomcat/9.0.43]
2021-06-10 21:53:25,282 INFO o.a.j.l.DirectJDKLog Initializing Spring embedded WebApplicationContext
2021-06-10 21:53:25,283 INFO o.s.b.w.s.c.ServletWebServerApplicationContext Root WebApplicationContext: initialization completed in 1147 ms
2021-06-10 21:53:25,330 WARN o.s.b.a.o.j.JpaBaseConfiguration$JpaWebConfiguration spring.jpa.open-in-view is enabled by default. Therefore, database queries may be performed during view rendering. Explicitly configure spring.jpa.open-in-view to disable this warning
2021-06-10 21:53:25,424 INFO o.h.j.i.u.LogHelper HHH000204: Processing PersistenceUnitInfo [name: default]
2021-06-10 21:53:25,457 INFO o.h.Version HHH000412: Hibernate ORM core version 5.4.28.Final
2021-06-10 21:53:25,542 INFO o.h.a.c.r.j.JavaReflectionManager HCANN000001: Hibernate Commons Annotations {5.1.2.Final}
2021-06-10 21:53:25,599 INFO c.z.h.HikariDataSource HikariPool-1 - Starting...
2021-06-10 21:53:25,729 INFO c.z.h.HikariDataSource HikariPool-1 - Start completed.
2021-06-10 21:53:25,740 INFO o.h.d.Dialect HHH000400: Using dialect: org.hibernate.dialect.PostgreSQL95Dialect
2021-06-10 21:53:26,373 INFO o.h.e.t.j.p.i.JtaPlatformInitiator HHH000490: Using JtaPlatform implementation: [org.hibernate.engine.transaction.jta.platform.internal.NoJtaPlatform]
2021-06-10 21:53:26,379 INFO o.s.o.j.AbstractEntityManagerFactoryBean Initialized JPA EntityManagerFactory for persistence unit 'default'
2021-06-10 21:53:26,780 INFO c.m.d.l.SLF4JLogger Cluster created with settings {hosts=[localhost:27017], mode=SINGLE, requiredClusterType=UNKNOWN, serverSelectionTimeout='30000 ms'}
2021-06-10 21:53:26,814 INFO c.m.d.l.SLF4JLogger Opened connection [connectionId{localValue:1, serverValue:127}] to localhost:27017
2021-06-10 21:53:26,818 INFO c.m.d.l.SLF4JLogger Monitor thread successfully connected to server with description ServerDescription{address=localhost:27017, type=STANDALONE, state=CONNECTED, ok=true, minWireVersion=0, maxWireVersion=9, maxDocumentSize=16777216, logicalSessionTimeoutMinutes=30, roundTripTimeNanos=2371900}
2021-06-10 21:53:27,142 INFO b.h.i.Initialize Executing operation Initialize
2021-06-10 21:53:27,283 INFO o.s.s.w.DefaultSecurityFilterChain Creating filter chain: any request, [org.springframework.security.web.context.request.async.WebAsyncManagerIntegrationFilter@42fb2be9, org.springframework.security.web.context.SecurityContextPersistenceFilter@46aea9f7, org.springframework.security.web.header.HeaderWriterFilter@43d84df1, org.springframework.web.filter.CorsFilter@54816d7a, org.keycloak.adapters.springsecurity.filter.KeycloakPreAuthActionsFilter@1870b9b8, org.keycloak.adapters.springsecurity.filter.KeycloakAuthenticationProcessingFilter@76105ac0, org.springframework.security.web.authentication.logout.LogoutFilter@4f836d9, org.springframework.security.web.savedrequest.RequestCacheAwareFilter@3e3a07ab, org.springframework.security.web.servletapi.SecurityContextHolderAwareRequestFilter@67cd193d, org.keycloak.adapters.springsecurity.filter.KeycloakSecurityContextRequestFilter@36cf6377, org.keycloak.adapters.springsecurity.filter.KeycloakAuthenticatedActionsFilter@2befb16f, org.springframework.security.web.authentication.AnonymousAuthenticationFilter@106ac5f4, org.springframework.security.web.session.SessionManagementFilter@3f04fb07, org.springframework.security.web.access.ExceptionTranslationFilter@4131261, org.springframework.security.web.access.intercept.FilterSecurityInterceptor@36017835]
2021-06-10 21:53:27,448 INFO o.s.s.c.ExecutorConfigurationSupport Initializing ExecutorService 'taskScheduler'
2021-06-10 21:53:27,470 INFO o.a.j.l.DirectJDKLog Starting ProtocolHandler ["https-jsse-nio-8085"]
2021-06-10 21:53:27,553 INFO o.s.b.w.e.t.TomcatWebServer Tomcat started on port(s): 8085 (https) with context path ''
2021-06-10 21:53:27,563 INFO o.s.b.StartupInfoLogger Started HospitalApplication in 3.718 seconds (JVM running for 4.665)
2021-06-10 21:53:27,602 INFO c.m.d.l.SLF4JLogger Opened connection [connectionId{localValue:2, serverValue:128}] to localhost:27017
