2021-06-10 16:33:35,487 INFO o.h.v.i.u.Version [background-preinit] HV000001: Hibernate Validator 6.1.7.Final
2021-06-10 16:33:35,526 INFO o.s.b.StartupInfoLogger [main] Starting HospitalApplication on DESKTOP-MK6223H with PID 16036 (D:\Fakultet\8. semestar\PROJEKTI\bsep\BSEP_T17\hospital\target\classes started by Milorad in D:\Fakultet\8. semestar\PROJEKTI\bsep\BSEP_T17\hospital)
2021-06-10 16:33:35,530 INFO o.s.b.SpringApplication [main] No active profile set, falling back to default profiles: default
2021-06-10 16:33:36,038 INFO o.s.d.r.c.RepositoryConfigurationDelegate [main] Multiple Spring Data modules found, entering strict repository configuration mode!
2021-06-10 16:33:36,039 INFO o.s.d.r.c.RepositoryConfigurationDelegate [main] Bootstrapping Spring Data JPA repositories in DEFAULT mode.
2021-06-10 16:33:36,083 INFO o.s.d.r.c.RepositoryConfigurationExtensionSupport [main] Spring Data JPA - Could not safely identify store assignment for repository candidate interface bsep.hospital.repository.LogRepository. If you want this repository to be a JPA repository, consider annotating your entities with one of these annotations: javax.persistence.Entity, javax.persistence.MappedSuperclass (preferred), or consider extending one of the following types with your repository: org.springframework.data.jpa.repository.JpaRepository.
2021-06-10 16:33:36,097 INFO o.s.d.r.c.RepositoryConfigurationDelegate [main] Finished Spring Data repository scanning in 45ms. Found 2 JPA repository interfaces.
2021-06-10 16:33:36,112 INFO o.s.d.r.c.RepositoryConfigurationDelegate [main] Multiple Spring Data modules found, entering strict repository configuration mode!
2021-06-10 16:33:36,113 INFO o.s.d.r.c.RepositoryConfigurationDelegate [main] Bootstrapping Spring Data MongoDB repositories in DEFAULT mode.
2021-06-10 16:33:36,116 INFO o.s.d.r.c.RepositoryConfigurationExtensionSupport [main] Spring Data MongoDB - Could not safely identify store assignment for repository candidate interface bsep.hospital.repository.AuthorityRepository. If you want this repository to be a MongoDB repository, consider annotating your entities with one of these annotations: org.springframework.data.mongodb.core.mapping.Document (preferred), or consider extending one of the following types with your repository: org.springframework.data.mongodb.repository.MongoRepository.
2021-06-10 16:33:36,117 INFO o.s.d.r.c.RepositoryConfigurationExtensionSupport [main] Spring Data MongoDB - Could not safely identify store assignment for repository candidate interface bsep.hospital.repository.PersonRepository. If you want this repository to be a MongoDB repository, consider annotating your entities with one of these annotations: org.springframework.data.mongodb.core.mapping.Document (preferred), or consider extending one of the following types with your repository: org.springframework.data.mongodb.repository.MongoRepository.
2021-06-10 16:33:36,120 INFO o.s.d.r.c.RepositoryConfigurationDelegate [main] Finished Spring Data repository scanning in 7ms. Found 1 MongoDB repository interfaces.
2021-06-10 16:33:36,327 INFO o.s.c.s.PostProcessorRegistrationDelegate$BeanPostProcessorChecker [main] Bean 'org.springframework.security.access.expression.method.DefaultMethodSecurityExpressionHandler@d675f9f' of type [org.springframework.security.access.expression.method.DefaultMethodSecurityExpressionHandler] is not eligible for getting processed by all BeanPostProcessors (for example: not eligible for auto-proxying)
2021-06-10 16:33:36,334 INFO o.s.c.s.PostProcessorRegistrationDelegate$BeanPostProcessorChecker [main] Bean 'methodSecurityMetadataSource' of type [org.springframework.security.access.method.DelegatingMethodSecurityMetadataSource] is not eligible for getting processed by all BeanPostProcessors (for example: not eligible for auto-proxying)
2021-06-10 16:33:36,525 INFO o.s.b.w.e.t.TomcatWebServer [main] Tomcat initialized with port(s): 8085 (https)
2021-06-10 16:33:36,530 INFO o.a.j.l.DirectJDKLog [main] Initializing ProtocolHandler ["https-jsse-nio-8085"]
2021-06-10 16:33:36,531 INFO o.a.j.l.DirectJDKLog [main] Starting service [Tomcat]
2021-06-10 16:33:36,532 INFO o.a.j.l.DirectJDKLog [main] Starting Servlet engine: [Apache Tomcat/9.0.43]
2021-06-10 16:33:36,637 INFO o.a.j.l.DirectJDKLog [main] Initializing Spring embedded WebApplicationContext
2021-06-10 16:33:36,637 INFO o.s.b.w.s.c.ServletWebServerApplicationContext [main] Root WebApplicationContext: initialization completed in 1073 ms
2021-06-10 16:33:36,673 WARN o.s.b.a.o.j.JpaBaseConfiguration$JpaWebConfiguration [main] spring.jpa.open-in-view is enabled by default. Therefore, database queries may be performed during view rendering. Explicitly configure spring.jpa.open-in-view to disable this warning
2021-06-10 16:33:36,756 INFO o.h.j.i.u.LogHelper [main] HHH000204: Processing PersistenceUnitInfo [name: default]
2021-06-10 16:33:36,795 INFO o.h.Version [main] HHH000412: Hibernate ORM core version 5.4.28.Final
2021-06-10 16:33:36,864 INFO o.h.a.c.r.j.JavaReflectionManager [main] HCANN000001: Hibernate Commons Annotations {5.1.2.Final}
2021-06-10 16:33:36,922 INFO c.z.h.HikariDataSource [main] HikariPool-1 - Starting...
2021-06-10 16:33:37,045 INFO c.z.h.HikariDataSource [main] HikariPool-1 - Start completed.
2021-06-10 16:33:37,055 INFO o.h.d.Dialect [main] HHH000400: Using dialect: org.hibernate.dialect.PostgreSQL95Dialect
2021-06-10 16:33:37,686 INFO o.h.e.t.j.p.i.JtaPlatformInitiator [main] HHH000490: Using JtaPlatform implementation: [org.hibernate.engine.transaction.jta.platform.internal.NoJtaPlatform]
2021-06-10 16:33:37,691 INFO o.s.o.j.AbstractEntityManagerFactoryBean [main] Initialized JPA EntityManagerFactory for persistence unit 'default'
2021-06-10 16:33:38,098 INFO c.m.d.l.SLF4JLogger [main] Cluster created with settings {hosts=[localhost:27017], mode=SINGLE, requiredClusterType=UNKNOWN, serverSelectionTimeout='30000 ms'}
2021-06-10 16:33:38,132 INFO c.m.d.l.SLF4JLogger [cluster-ClusterId{value='60c222c24df6e429a24ebff8', description='null'}-localhost:27017] Opened connection [connectionId{localValue:1, serverValue:104}] to localhost:27017
2021-06-10 16:33:38,136 INFO c.m.d.l.SLF4JLogger [cluster-ClusterId{value='60c222c24df6e429a24ebff8', description='null'}-localhost:27017] Monitor thread successfully connected to server with description ServerDescription{address=localhost:27017, type=STANDALONE, state=CONNECTED, ok=true, minWireVersion=0, maxWireVersion=9, maxDocumentSize=16777216, logicalSessionTimeoutMinutes=30, roundTripTimeNanos=2654200}
2021-06-10 16:33:38,432 INFO b.h.i.Initialize [main] Executing operation Initialize
2021-06-10 16:33:38,561 INFO o.s.s.w.DefaultSecurityFilterChain [main] Creating filter chain: any request, [org.springframework.security.web.context.request.async.WebAsyncManagerIntegrationFilter@30d944d8, org.springframework.security.web.context.SecurityContextPersistenceFilter@3fc7abf6, org.springframework.security.web.header.HeaderWriterFilter@7ec75228, org.springframework.web.filter.CorsFilter@1c76b2fe, org.keycloak.adapters.springsecurity.filter.KeycloakPreAuthActionsFilter@1cfd6f63, org.keycloak.adapters.springsecurity.filter.KeycloakAuthenticationProcessingFilter@2e4d2232, org.springframework.security.web.authentication.logout.LogoutFilter@c7cbc2d, org.springframework.security.web.savedrequest.RequestCacheAwareFilter@6c6c93f8, org.springframework.security.web.servletapi.SecurityContextHolderAwareRequestFilter@457d3f54, org.keycloak.adapters.springsecurity.filter.KeycloakSecurityContextRequestFilter@6a5c2d2d, org.keycloak.adapters.springsecurity.filter.KeycloakAuthenticatedActionsFilter@1dadd172, org.springframework.security.web.authentication.AnonymousAuthenticationFilter@7fa2473a, org.springframework.security.web.session.SessionManagementFilter@8de8b07, org.springframework.security.web.access.ExceptionTranslationFilter@59509393, org.springframework.security.web.access.intercept.FilterSecurityInterceptor@235dacd7]
2021-06-10 16:33:38,745 INFO o.a.j.l.DirectJDKLog [main] Starting ProtocolHandler ["https-jsse-nio-8085"]
2021-06-10 16:33:38,826 INFO o.s.b.w.e.t.TomcatWebServer [main] Tomcat started on port(s): 8085 (https) with context path ''
2021-06-10 16:33:38,833 INFO o.s.b.StartupInfoLogger [main] Started HospitalApplication in 3.574 seconds (JVM running for 4.551)
