2021-06-10 16:26:37,585 INFO o.h.v.i.u.Version [background-preinit] HV000001: Hibernate Validator 6.1.7.Final
2021-06-10 16:26:37,617 INFO o.s.b.StartupInfoLogger [main] Starting HospitalApplication on DESKTOP-MK6223H with PID 15084 (D:\Fakultet\8. semestar\PROJEKTI\bsep\BSEP_T17\hospital\target\classes started by Milorad in D:\Fakultet\8. semestar\PROJEKTI\bsep\BSEP_T17\hospital)
2021-06-10 16:26:37,620 INFO o.s.b.SpringApplication [main] No active profile set, falling back to default profiles: default
2021-06-10 16:26:38,167 INFO o.s.d.r.c.RepositoryConfigurationDelegate [main] Multiple Spring Data modules found, entering strict repository configuration mode!
2021-06-10 16:26:38,168 INFO o.s.d.r.c.RepositoryConfigurationDelegate [main] Bootstrapping Spring Data JPA repositories in DEFAULT mode.
2021-06-10 16:26:38,203 INFO o.s.d.r.c.RepositoryConfigurationExtensionSupport [main] Spring Data JPA - Could not safely identify store assignment for repository candidate interface bsep.hospital.repository.LogRepository. If you want this repository to be a JPA repository, consider annotating your entities with one of these annotations: javax.persistence.Entity, javax.persistence.MappedSuperclass (preferred), or consider extending one of the following types with your repository: org.springframework.data.jpa.repository.JpaRepository.
2021-06-10 16:26:38,217 INFO o.s.d.r.c.RepositoryConfigurationDelegate [main] Finished Spring Data repository scanning in 45ms. Found 2 JPA repository interfaces.
2021-06-10 16:26:38,232 INFO o.s.d.r.c.RepositoryConfigurationDelegate [main] Multiple Spring Data modules found, entering strict repository configuration mode!
2021-06-10 16:26:38,233 INFO o.s.d.r.c.RepositoryConfigurationDelegate [main] Bootstrapping Spring Data MongoDB repositories in DEFAULT mode.
2021-06-10 16:26:38,237 INFO o.s.d.r.c.RepositoryConfigurationExtensionSupport [main] Spring Data MongoDB - Could not safely identify store assignment for repository candidate interface bsep.hospital.repository.AuthorityRepository. If you want this repository to be a MongoDB repository, consider annotating your entities with one of these annotations: org.springframework.data.mongodb.core.mapping.Document (preferred), or consider extending one of the following types with your repository: org.springframework.data.mongodb.repository.MongoRepository.
2021-06-10 16:26:38,238 INFO o.s.d.r.c.RepositoryConfigurationExtensionSupport [main] Spring Data MongoDB - Could not safely identify store assignment for repository candidate interface bsep.hospital.repository.PersonRepository. If you want this repository to be a MongoDB repository, consider annotating your entities with one of these annotations: org.springframework.data.mongodb.core.mapping.Document (preferred), or consider extending one of the following types with your repository: org.springframework.data.mongodb.repository.MongoRepository.
2021-06-10 16:26:38,242 INFO o.s.d.r.c.RepositoryConfigurationDelegate [main] Finished Spring Data repository scanning in 8ms. Found 1 MongoDB repository interfaces.
2021-06-10 16:26:38,451 INFO o.s.c.s.PostProcessorRegistrationDelegate$BeanPostProcessorChecker [main] Bean 'org.springframework.security.access.expression.method.DefaultMethodSecurityExpressionHandler@3aaa3c39' of type [org.springframework.security.access.expression.method.DefaultMethodSecurityExpressionHandler] is not eligible for getting processed by all BeanPostProcessors (for example: not eligible for auto-proxying)
2021-06-10 16:26:38,459 INFO o.s.c.s.PostProcessorRegistrationDelegate$BeanPostProcessorChecker [main] Bean 'methodSecurityMetadataSource' of type [org.springframework.security.access.method.DelegatingMethodSecurityMetadataSource] is not eligible for getting processed by all BeanPostProcessors (for example: not eligible for auto-proxying)
2021-06-10 16:26:38,652 INFO o.s.b.w.e.t.TomcatWebServer [main] Tomcat initialized with port(s): 8085 (https)
2021-06-10 16:26:38,659 INFO o.a.j.l.DirectJDKLog [main] Initializing ProtocolHandler ["https-jsse-nio-8085"]
2021-06-10 16:26:38,660 INFO o.a.j.l.DirectJDKLog [main] Starting service [Tomcat]
2021-06-10 16:26:38,660 INFO o.a.j.l.DirectJDKLog [main] Starting Servlet engine: [Apache Tomcat/9.0.43]
2021-06-10 16:26:38,761 INFO o.a.j.l.DirectJDKLog [main] Initializing Spring embedded WebApplicationContext
2021-06-10 16:26:38,761 INFO o.s.b.w.s.c.ServletWebServerApplicationContext [main] Root WebApplicationContext: initialization completed in 1104 ms
2021-06-10 16:26:38,804 WARN o.s.b.a.o.j.JpaBaseConfiguration$JpaWebConfiguration [main] spring.jpa.open-in-view is enabled by default. Therefore, database queries may be performed during view rendering. Explicitly configure spring.jpa.open-in-view to disable this warning
2021-06-10 16:26:38,886 INFO o.h.j.i.u.LogHelper [main] HHH000204: Processing PersistenceUnitInfo [name: default]
2021-06-10 16:26:38,915 INFO o.h.Version [main] HHH000412: Hibernate ORM core version 5.4.28.Final
2021-06-10 16:26:38,993 INFO o.h.a.c.r.j.JavaReflectionManager [main] HCANN000001: Hibernate Commons Annotations {5.1.2.Final}
2021-06-10 16:26:39,048 INFO c.z.h.HikariDataSource [main] HikariPool-1 - Starting...
2021-06-10 16:26:39,165 INFO c.z.h.HikariDataSource [main] HikariPool-1 - Start completed.
2021-06-10 16:26:39,175 INFO o.h.d.Dialect [main] HHH000400: Using dialect: org.hibernate.dialect.PostgreSQL95Dialect
2021-06-10 16:26:39,750 WARN o.h.e.j.s.SqlExceptionHelper$StandardWarningHandler [main] SQL Warning Code: 0, SQLState: 00000
2021-06-10 16:26:39,750 WARN o.h.e.j.s.SqlExceptionHelper$StandardWarningHandler [main] relation "user_authority" does not exist, skipping
2021-06-10 16:26:39,751 WARN o.h.e.j.s.SqlExceptionHelper$StandardWarningHandler [main] SQL Warning Code: 0, SQLState: 00000
2021-06-10 16:26:39,751 WARN o.h.e.j.s.SqlExceptionHelper$StandardWarningHandler [main] relation "user_authority" does not exist, skipping
2021-06-10 16:26:39,753 WARN o.h.e.j.s.SqlExceptionHelper$StandardWarningHandler [main] SQL Warning Code: 0, SQLState: 00000
2021-06-10 16:26:39,753 WARN o.h.e.j.s.SqlExceptionHelper$StandardWarningHandler [main] table "authorities" does not exist, skipping
2021-06-10 16:26:39,754 WARN o.h.e.j.s.SqlExceptionHelper$StandardWarningHandler [main] SQL Warning Code: 0, SQLState: 00000
2021-06-10 16:26:39,755 WARN o.h.e.j.s.SqlExceptionHelper$StandardWarningHandler [main] table "staff" does not exist, skipping
2021-06-10 16:26:39,756 WARN o.h.e.j.s.SqlExceptionHelper$StandardWarningHandler [main] SQL Warning Code: 0, SQLState: 00000
2021-06-10 16:26:39,756 WARN o.h.e.j.s.SqlExceptionHelper$StandardWarningHandler [main] table "user_authority" does not exist, skipping
2021-06-10 16:26:39,798 INFO o.h.e.t.j.p.i.JtaPlatformInitiator [main] HHH000490: Using JtaPlatform implementation: [org.hibernate.engine.transaction.jta.platform.internal.NoJtaPlatform]
2021-06-10 16:26:39,804 INFO o.s.o.j.AbstractEntityManagerFactoryBean [main] Initialized JPA EntityManagerFactory for persistence unit 'default'
2021-06-10 16:26:40,248 INFO c.m.d.l.SLF4JLogger [main] Cluster created with settings {hosts=[localhost:27017], mode=SINGLE, requiredClusterType=UNKNOWN, serverSelectionTimeout='30000 ms'}
2021-06-10 16:26:40,285 INFO c.m.d.l.SLF4JLogger [cluster-ClusterId{value='60c221207291ff6bc3076d16', description='null'}-localhost:27017] Opened connection [connectionId{localValue:1, serverValue:102}] to localhost:27017
2021-06-10 16:26:40,288 INFO c.m.d.l.SLF4JLogger [cluster-ClusterId{value='60c221207291ff6bc3076d16', description='null'}-localhost:27017] Monitor thread successfully connected to server with description ServerDescription{address=localhost:27017, type=STANDALONE, state=CONNECTED, ok=true, minWireVersion=0, maxWireVersion=9, maxDocumentSize=16777216, logicalSessionTimeoutMinutes=30, roundTripTimeNanos=2402200}
2021-06-10 16:26:40,639 INFO b.h.i.Initialize [main] Executing operation Initialize
2021-06-10 16:26:40,776 INFO o.s.s.w.DefaultSecurityFilterChain [main] Creating filter chain: any request, [org.springframework.security.web.context.request.async.WebAsyncManagerIntegrationFilter@65871cfd, org.springframework.security.web.context.SecurityContextPersistenceFilter@69e736bf, org.springframework.security.web.header.HeaderWriterFilter@2c7607e5, org.springframework.web.filter.CorsFilter@723f8990, org.keycloak.adapters.springsecurity.filter.KeycloakPreAuthActionsFilter@4c9d833, org.keycloak.adapters.springsecurity.filter.KeycloakAuthenticationProcessingFilter@29ee8174, org.springframework.security.web.authentication.logout.LogoutFilter@7307ae6, org.springframework.security.web.savedrequest.RequestCacheAwareFilter@543a7605, org.springframework.security.web.servletapi.SecurityContextHolderAwareRequestFilter@1028a747, org.keycloak.adapters.springsecurity.filter.KeycloakSecurityContextRequestFilter@3c20e9d6, org.keycloak.adapters.springsecurity.filter.KeycloakAuthenticatedActionsFilter@76e2a621, org.springframework.security.web.authentication.AnonymousAuthenticationFilter@3bdc8975, org.springframework.security.web.session.SessionManagementFilter@7dd847a2, org.springframework.security.web.access.ExceptionTranslationFilter@6d387e9b, org.springframework.security.web.access.intercept.FilterSecurityInterceptor@5f69462f]
2021-06-10 16:26:40,969 INFO o.a.j.l.DirectJDKLog [main] Starting ProtocolHandler ["https-jsse-nio-8085"]
2021-06-10 16:26:41,069 INFO o.s.b.w.e.t.TomcatWebServer [main] Tomcat started on port(s): 8085 (https) with context path ''
2021-06-10 16:26:41,077 INFO o.s.b.StartupInfoLogger [main] Started HospitalApplication in 3.723 seconds (JVM running for 4.693)
