2021-06-13 20:51:54,330 INFO o.h.v.i.u.Version HV000001: Hibernate Validator 6.1.7.Final
2021-06-13 20:51:54,380 INFO o.s.b.StartupInfoLogger Starting AdminApplication on DESKTOP-MK6223H with PID 9620 (D:\Fakultet\8. semestar\PROJEKTI\bsep\BSEP_T17\admin\target\classes started by Milorad in D:\Fakultet\8. semestar\PROJEKTI\bsep\BSEP_T17\admin)
2021-06-13 20:51:54,386 INFO o.s.b.SpringApplication No active profile set, falling back to default profiles: default
2021-06-13 20:51:55,050 INFO o.s.d.r.c.RepositoryConfigurationDelegate Bootstrapping Spring Data JPA repositories in DEFAULT mode.
2021-06-13 20:51:55,110 INFO o.s.d.r.c.RepositoryConfigurationDelegate Finished Spring Data repository scanning in 54ms. Found 3 JPA repository interfaces.
2021-06-13 20:51:55,384 INFO o.s.c.s.PostProcessorRegistrationDelegate$BeanPostProcessorChecker Bean 'org.springframework.security.access.expression.method.DefaultMethodSecurityExpressionHandler@32a2a6be' of type [org.springframework.security.access.expression.method.DefaultMethodSecurityExpressionHandler] is not eligible for getting processed by all BeanPostProcessors (for example: not eligible for auto-proxying)
2021-06-13 20:51:55,392 INFO o.s.c.s.PostProcessorRegistrationDelegate$BeanPostProcessorChecker Bean 'methodSecurityMetadataSource' of type [org.springframework.security.access.method.DelegatingMethodSecurityMetadataSource] is not eligible for getting processed by all BeanPostProcessors (for example: not eligible for auto-proxying)
2021-06-13 20:51:55,658 INFO o.s.b.w.e.t.TomcatWebServer Tomcat initialized with port(s): 8084 (https)
2021-06-13 20:51:55,665 INFO o.a.j.l.DirectJDKLog Initializing ProtocolHandler ["https-jsse-nio-8084"]
2021-06-13 20:51:55,666 INFO o.a.j.l.DirectJDKLog Starting service [Tomcat]
2021-06-13 20:51:55,666 INFO o.a.j.l.DirectJDKLog Starting Servlet engine: [Apache Tomcat/9.0.43]
2021-06-13 20:51:55,792 INFO o.a.j.l.DirectJDKLog Initializing Spring embedded WebApplicationContext
2021-06-13 20:51:55,792 INFO o.s.b.w.s.c.ServletWebServerApplicationContext Root WebApplicationContext: initialization completed in 1359 ms
2021-06-13 20:51:55,847 WARN o.s.b.a.o.j.JpaBaseConfiguration$JpaWebConfiguration spring.jpa.open-in-view is enabled by default. Therefore, database queries may be performed during view rendering. Explicitly configure spring.jpa.open-in-view to disable this warning
2021-06-13 20:51:55,978 INFO o.h.j.i.u.LogHelper HHH000204: Processing PersistenceUnitInfo [name: default]
2021-06-13 20:51:56,013 INFO o.h.Version HHH000412: Hibernate ORM core version 5.4.28.Final
2021-06-13 20:51:56,093 INFO o.h.a.c.r.j.JavaReflectionManager HCANN000001: Hibernate Commons Annotations {5.1.2.Final}
2021-06-13 20:51:56,212 INFO c.z.h.HikariDataSource HikariPool-1 - Starting...
2021-06-13 20:51:56,452 INFO c.z.h.HikariDataSource HikariPool-1 - Start completed.
2021-06-13 20:51:56,465 INFO o.h.d.Dialect HHH000400: Using dialect: org.hibernate.dialect.PostgreSQL95Dialect
2021-06-13 20:51:57,695 INFO o.h.e.t.j.p.i.JtaPlatformInitiator HHH000490: Using JtaPlatform implementation: [org.hibernate.engine.transaction.jta.platform.internal.NoJtaPlatform]
2021-06-13 20:51:57,703 INFO o.s.o.j.AbstractEntityManagerFactoryBean Initialized JPA EntityManagerFactory for persistence unit 'default'
2021-06-13 20:51:58,835 INFO b.a.k.KeyStoreReader Attempting to initialize keystore using bouncy castle provider.
2021-06-13 20:51:58,913 INFO b.a.k.KeyStoreWriter Attempting to initialize keystore using bouncy castle provider.
2021-06-13 20:51:58,931 INFO b.a.i.Initialize Executing operation Initialize
2021-06-13 20:51:58,931 INFO b.a.i.Initialize Attempting to create certificate and crl for root ca.
2021-06-13 20:51:58,931 INFO b.a.k.KeyStoreWriter Attempting to load keystore.
2021-06-13 20:51:58,944 INFO b.a.k.KeyStoreWriter Successfully loaded keystore.
2021-06-13 20:51:58,945 INFO b.a.i.Initialize Successfully created certificate and crl for root ca.
2021-06-13 20:51:59,271 INFO o.s.s.w.DefaultSecurityFilterChain Creating filter chain: any request, [org.springframework.security.web.context.request.async.WebAsyncManagerIntegrationFilter@4e322108, org.springframework.security.web.context.SecurityContextPersistenceFilter@54eb2bf6, org.springframework.security.web.header.HeaderWriterFilter@71e89a26, org.springframework.web.filter.CorsFilter@3f5e64c9, org.keycloak.adapters.springsecurity.filter.KeycloakPreAuthActionsFilter@3051e476, org.keycloak.adapters.springsecurity.filter.KeycloakAuthenticationProcessingFilter@152035eb, org.springframework.security.web.authentication.logout.LogoutFilter@627a890f, org.springframework.security.web.savedrequest.RequestCacheAwareFilter@66e434e8, org.springframework.security.web.servletapi.SecurityContextHolderAwareRequestFilter@3083e6ef, org.keycloak.adapters.springsecurity.filter.KeycloakSecurityContextRequestFilter@9825465, org.keycloak.adapters.springsecurity.filter.KeycloakAuthenticatedActionsFilter@36cf6377, org.springframework.security.web.authentication.AnonymousAuthenticationFilter@1f847d9e, org.springframework.security.web.session.SessionManagementFilter@18c26588, org.springframework.security.web.access.ExceptionTranslationFilter@73dd3a46, org.springframework.security.web.access.intercept.FilterSecurityInterceptor@183a84f4]
2021-06-13 20:51:59,657 INFO o.a.j.l.DirectJDKLog Starting ProtocolHandler ["https-jsse-nio-8084"]
2021-06-13 20:51:59,895 INFO o.s.b.w.e.t.TomcatWebServer Tomcat started on port(s): 8084 (https) with context path ''
2021-06-13 20:51:59,911 INFO o.s.b.StartupInfoLogger Started AdminApplication in 5.842 seconds (JVM running for 7.202)
2021-06-13 20:57:12,753 INFO o.a.j.l.DirectJDKLog Initializing Spring DispatcherServlet 'dispatcherServlet'
2021-06-13 20:57:12,754 INFO o.s.w.s.FrameworkServlet Initializing Servlet 'dispatcherServlet'
2021-06-13 20:57:12,764 INFO o.s.w.s.FrameworkServlet Completed initialization in 9 ms
2021-06-13 20:57:12,818 INFO b.a.a.CertificateRequestController Attempting to create certificate request.
2021-06-13 20:57:12,818 INFO b.a.s.CerRequestInfoService Generating certificate request.
2021-06-13 20:57:12,838 INFO b.a.s.CerRequestInfoService Generating and saving certificate request.
2021-06-13 20:57:12,839 INFO b.a.s.CerRequestInfoService Successfully generated and saved certificate request.
2021-06-13 20:57:12,840 INFO b.a.s.CerRequestInfoService Saving certificate request.
2021-06-13 20:57:13,010 INFO b.a.s.CerRequestInfoService Sending verification email for certificate request.
2021-06-13 20:57:13,010 INFO b.a.s.CerRequestInfoService Encrypting data for email.
2021-06-13 20:57:13,010 INFO b.a.k.KeyStoreReader Attempting to get certificate by alias super.admin@localhost.com
2021-06-13 20:57:13,010 INFO b.a.k.KeyStoreReader Successfully retrieved certificate by alias super.admin@localhost.com
2021-06-13 20:57:13,653 INFO o.s.s.c.ExecutorConfigurationSupport Initializing ExecutorService 'applicationTaskExecutor'
2021-06-13 20:57:13,659 INFO b.a.a.CertificateRequestController Successfully created certificate request.
2021-06-13 20:57:13,664 INFO b.a.s.EmailService Attempting to send verification message via email.
2021-06-13 20:57:16,034 INFO b.a.s.EmailService Successfully sent verification message via email.
2021-06-13 20:57:24,735 INFO b.a.a.CertificateRequestController Attempting to create certificate request.
2021-06-13 20:57:24,735 INFO b.a.s.CerRequestInfoService Generating certificate request.
2021-06-13 20:57:24,735 INFO b.a.s.CerRequestInfoService Generating and saving certificate request.
2021-06-13 20:57:24,736 INFO b.a.s.CerRequestInfoService Successfully generated and saved certificate request.
2021-06-13 20:57:24,736 INFO b.a.s.CerRequestInfoService Saving certificate request.
2021-06-13 20:57:24,743 INFO b.a.s.CerRequestInfoService Sending verification email for certificate request.
2021-06-13 20:57:24,752 ERROR o.a.j.l.DirectJDKLog Servlet.service() for servlet [dispatcherServlet] in context with path [] threw exception [Request processing failed; nested exception is java.lang.NullPointerException] with root cause
java.lang.NullPointerException: null
	at bsep.admin.service.CerRequestInfoService.createCertificateRequest(CerRequestInfoService.java:107) ~[classes/:?]
	at bsep.admin.api.CertificateRequestController.sendCertificateRequest(CertificateRequestController.java:39) ~[classes/:?]
	at jdk.internal.reflect.NativeMethodAccessorImpl.invoke0(Native Method) ~[?:?]
	at jdk.internal.reflect.NativeMethodAccessorImpl.invoke(NativeMethodAccessorImpl.java:62) ~[?:?]
	at jdk.internal.reflect.DelegatingMethodAccessorImpl.invoke(DelegatingMethodAccessorImpl.java:43) ~[?:?]
	at java.lang.reflect.Method.invoke(Method.java:566) ~[?:?]
	at org.springframework.web.method.support.InvocableHandlerMethod.doInvoke(InvocableHandlerMethod.java:190) ~[spring-web-5.2.13.RELEASE.jar:5.2.13.RELEASE]
	at org.springframework.web.method.support.InvocableHandlerMethod.invokeForRequest(InvocableHandlerMethod.java:138) ~[spring-web-5.2.13.RELEASE.jar:5.2.13.RELEASE]
	at org.springframework.web.servlet.mvc.method.annotation.ServletInvocableHandlerMethod.invokeAndHandle(ServletInvocableHandlerMethod.java:105) ~[spring-webmvc-5.2.13.RELEASE.jar:5.2.13.RELEASE]
	at org.springframework.web.servlet.mvc.method.annotation.RequestMappingHandlerAdapter.invokeHandlerMethod(RequestMappingHandlerAdapter.java:878) ~[spring-webmvc-5.2.13.RELEASE.jar:5.2.13.RELEASE]
	at org.springframework.web.servlet.mvc.method.annotation.RequestMappingHandlerAdapter.handleInternal(RequestMappingHandlerAdapter.java:792) ~[spring-webmvc-5.2.13.RELEASE.jar:5.2.13.RELEASE]
	at org.springframework.web.servlet.mvc.method.AbstractHandlerMethodAdapter.handle(AbstractHandlerMethodAdapter.java:87) ~[spring-webmvc-5.2.13.RELEASE.jar:5.2.13.RELEASE]
	at org.springframework.web.servlet.DispatcherServlet.doDispatch(DispatcherServlet.java:1040) ~[spring-webmvc-5.2.13.RELEASE.jar:5.2.13.RELEASE]
	at org.springframework.web.servlet.DispatcherServlet.doService(DispatcherServlet.java:943) ~[spring-webmvc-5.2.13.RELEASE.jar:5.2.13.RELEASE]
	at org.springframework.web.servlet.FrameworkServlet.processRequest(FrameworkServlet.java:1006) ~[spring-webmvc-5.2.13.RELEASE.jar:5.2.13.RELEASE]
	at org.springframework.web.servlet.FrameworkServlet.doPost(FrameworkServlet.java:909) ~[spring-webmvc-5.2.13.RELEASE.jar:5.2.13.RELEASE]
	at javax.servlet.http.HttpServlet.service(HttpServlet.java:652) ~[tomcat-embed-core-9.0.43.jar:4.0.FR]
	at org.springframework.web.servlet.FrameworkServlet.service(FrameworkServlet.java:883) ~[spring-webmvc-5.2.13.RELEASE.jar:5.2.13.RELEASE]
	at javax.servlet.http.HttpServlet.service(HttpServlet.java:733) ~[tomcat-embed-core-9.0.43.jar:4.0.FR]
	at org.apache.catalina.core.ApplicationFilterChain.internalDoFilter(ApplicationFilterChain.java:227) ~[tomcat-embed-core-9.0.43.jar:9.0.43]
	at org.apache.catalina.core.ApplicationFilterChain.doFilter(ApplicationFilterChain.java:162) ~[tomcat-embed-core-9.0.43.jar:9.0.43]
	at org.apache.tomcat.websocket.server.WsFilter.doFilter(WsFilter.java:53) ~[tomcat-embed-websocket-9.0.43.jar:9.0.43]
	at org.apache.catalina.core.ApplicationFilterChain.internalDoFilter(ApplicationFilterChain.java:189) ~[tomcat-embed-core-9.0.43.jar:9.0.43]
	at org.apache.catalina.core.ApplicationFilterChain.doFilter(ApplicationFilterChain.java:162) ~[tomcat-embed-core-9.0.43.jar:9.0.43]
	at org.keycloak.adapters.springsecurity.filter.KeycloakAuthenticatedActionsFilter.doFilter(KeycloakAuthenticatedActionsFilter.java:57) ~[keycloak-spring-security-adapter-11.0.2.jar:11.0.2]
	at org.apache.catalina.core.ApplicationFilterChain.internalDoFilter(ApplicationFilterChain.java:189) ~[tomcat-embed-core-9.0.43.jar:9.0.43]
	at org.apache.catalina.core.ApplicationFilterChain.doFilter(ApplicationFilterChain.java:162) ~[tomcat-embed-core-9.0.43.jar:9.0.43]
	at org.keycloak.adapters.springsecurity.filter.KeycloakSecurityContextRequestFilter.doFilter(KeycloakSecurityContextRequestFilter.java:61) ~[keycloak-spring-security-adapter-11.0.2.jar:11.0.2]
	at org.apache.catalina.core.ApplicationFilterChain.internalDoFilter(ApplicationFilterChain.java:189) ~[tomcat-embed-core-9.0.43.jar:9.0.43]
	at org.apache.catalina.core.ApplicationFilterChain.doFilter(ApplicationFilterChain.java:162) ~[tomcat-embed-core-9.0.43.jar:9.0.43]
	at org.keycloak.adapters.springsecurity.filter.KeycloakPreAuthActionsFilter.doFilter(KeycloakPreAuthActionsFilter.java:96) ~[keycloak-spring-security-adapter-11.0.2.jar:11.0.2]
	at org.apache.catalina.core.ApplicationFilterChain.internalDoFilter(ApplicationFilterChain.java:189) ~[tomcat-embed-core-9.0.43.jar:9.0.43]
	at org.apache.catalina.core.ApplicationFilterChain.doFilter(ApplicationFilterChain.java:162) ~[tomcat-embed-core-9.0.43.jar:9.0.43]
	at org.springframework.security.web.authentication.AbstractAuthenticationProcessingFilter.doFilter(AbstractAuthenticationProcessingFilter.java:200) ~[spring-security-web-5.3.8.RELEASE.jar:5.3.8.RELEASE]
	at org.apache.catalina.core.ApplicationFilterChain.internalDoFilter(ApplicationFilterChain.java:189) ~[tomcat-embed-core-9.0.43.jar:9.0.43]
	at org.apache.catalina.core.ApplicationFilterChain.doFilter(ApplicationFilterChain.java:162) ~[tomcat-embed-core-9.0.43.jar:9.0.43]
	at org.springframework.security.web.FilterChainProxy$VirtualFilterChain.doFilter(FilterChainProxy.java:320) ~[spring-security-web-5.3.8.RELEASE.jar:5.3.8.RELEASE]
	at org.springframework.security.web.access.intercept.FilterSecurityInterceptor.invoke(FilterSecurityInterceptor.java:126) ~[spring-security-web-5.3.8.RELEASE.jar:5.3.8.RELEASE]
	at org.springframework.security.web.access.intercept.FilterSecurityInterceptor.doFilter(FilterSecurityInterceptor.java:90) ~[spring-security-web-5.3.8.RELEASE.jar:5.3.8.RELEASE]
	at org.springframework.security.web.FilterChainProxy$VirtualFilterChain.doFilter(FilterChainProxy.java:334) ~[spring-security-web-5.3.8.RELEASE.jar:5.3.8.RELEASE]
	at org.springframework.security.web.access.ExceptionTranslationFilter.doFilter(ExceptionTranslationFilter.java:118) ~[spring-security-web-5.3.8.RELEASE.jar:5.3.8.RELEASE]
	at org.springframework.security.web.FilterChainProxy$VirtualFilterChain.doFilter(FilterChainProxy.java:334) ~[spring-security-web-5.3.8.RELEASE.jar:5.3.8.RELEASE]
	at org.springframework.security.web.session.SessionManagementFilter.doFilter(SessionManagementFilter.java:137) ~[spring-security-web-5.3.8.RELEASE.jar:5.3.8.RELEASE]
	at org.springframework.security.web.FilterChainProxy$VirtualFilterChain.doFilter(FilterChainProxy.java:334) ~[spring-security-web-5.3.8.RELEASE.jar:5.3.8.RELEASE]
	at org.springframework.security.web.authentication.AnonymousAuthenticationFilter.doFilter(AnonymousAuthenticationFilter.java:111) ~[spring-security-web-5.3.8.RELEASE.jar:5.3.8.RELEASE]
	at org.springframework.security.web.FilterChainProxy$VirtualFilterChain.doFilter(FilterChainProxy.java:334) ~[spring-security-web-5.3.8.RELEASE.jar:5.3.8.RELEASE]
	at org.keycloak.adapters.springsecurity.filter.KeycloakAuthenticatedActionsFilter.doFilter(KeycloakAuthenticatedActionsFilter.java:74) ~[keycloak-spring-security-adapter-11.0.2.jar:11.0.2]
	at org.springframework.security.web.FilterChainProxy$VirtualFilterChain.doFilter(FilterChainProxy.java:334) ~[spring-security-web-5.3.8.RELEASE.jar:5.3.8.RELEASE]
	at org.keycloak.adapters.springsecurity.filter.KeycloakSecurityContextRequestFilter.doFilter(KeycloakSecurityContextRequestFilter.java:92) ~[keycloak-spring-security-adapter-11.0.2.jar:11.0.2]
	at org.springframework.security.web.FilterChainProxy$VirtualFilterChain.doFilter(FilterChainProxy.java:334) ~[spring-security-web-5.3.8.RELEASE.jar:5.3.8.RELEASE]
	at org.springframework.security.web.servletapi.SecurityContextHolderAwareRequestFilter.doFilter(SecurityContextHolderAwareRequestFilter.java:158) ~[spring-security-web-5.3.8.RELEASE.jar:5.3.8.RELEASE]
	at org.springframework.security.web.FilterChainProxy$VirtualFilterChain.doFilter(FilterChainProxy.java:334) ~[spring-security-web-5.3.8.RELEASE.jar:5.3.8.RELEASE]
	at org.springframework.security.web.savedrequest.RequestCacheAwareFilter.doFilter(RequestCacheAwareFilter.java:63) ~[spring-security-web-5.3.8.RELEASE.jar:5.3.8.RELEASE]
	at org.springframework.security.web.FilterChainProxy$VirtualFilterChain.doFilter(FilterChainProxy.java:334) ~[spring-security-web-5.3.8.RELEASE.jar:5.3.8.RELEASE]
	at org.springframework.security.web.authentication.logout.LogoutFilter.doFilter(LogoutFilter.java:116) ~[spring-security-web-5.3.8.RELEASE.jar:5.3.8.RELEASE]
	at org.springframework.security.web.FilterChainProxy$VirtualFilterChain.doFilter(FilterChainProxy.java:334) ~[spring-security-web-5.3.8.RELEASE.jar:5.3.8.RELEASE]
	at org.springframework.security.web.authentication.AbstractAuthenticationProcessingFilter.doFilter(AbstractAuthenticationProcessingFilter.java:200) ~[spring-security-web-5.3.8.RELEASE.jar:5.3.8.RELEASE]
	at org.springframework.security.web.FilterChainProxy$VirtualFilterChain.doFilter(FilterChainProxy.java:334) ~[spring-security-web-5.3.8.RELEASE.jar:5.3.8.RELEASE]
	at org.keycloak.adapters.springsecurity.filter.KeycloakPreAuthActionsFilter.doFilter(KeycloakPreAuthActionsFilter.java:96) ~[keycloak-spring-security-adapter-11.0.2.jar:11.0.2]
	at org.springframework.security.web.FilterChainProxy$VirtualFilterChain.doFilter(FilterChainProxy.java:334) ~[spring-security-web-5.3.8.RELEASE.jar:5.3.8.RELEASE]
	at org.springframework.web.filter.CorsFilter.doFilterInternal(CorsFilter.java:92) ~[spring-web-5.2.13.RELEASE.jar:5.2.13.RELEASE]
	at org.springframework.web.filter.OncePerRequestFilter.doFilter(OncePerRequestFilter.java:119) ~[spring-web-5.2.13.RELEASE.jar:5.2.13.RELEASE]
	at org.springframework.security.web.FilterChainProxy$VirtualFilterChain.doFilter(FilterChainProxy.java:334) ~[spring-security-web-5.3.8.RELEASE.jar:5.3.8.RELEASE]
	at org.springframework.security.web.header.HeaderWriterFilter.doHeadersAfter(HeaderWriterFilter.java:92) ~[spring-security-web-5.3.8.RELEASE.jar:5.3.8.RELEASE]
	at org.springframework.security.web.header.HeaderWriterFilter.doFilterInternal(HeaderWriterFilter.java:77) ~[spring-security-web-5.3.8.RELEASE.jar:5.3.8.RELEASE]
	at org.springframework.web.filter.OncePerRequestFilter.doFilter(OncePerRequestFilter.java:119) ~[spring-web-5.2.13.RELEASE.jar:5.2.13.RELEASE]
	at org.springframework.security.web.FilterChainProxy$VirtualFilterChain.doFilter(FilterChainProxy.java:334) ~[spring-security-web-5.3.8.RELEASE.jar:5.3.8.RELEASE]
	at org.springframework.security.web.context.SecurityContextPersistenceFilter.doFilter(SecurityContextPersistenceFilter.java:105) ~[spring-security-web-5.3.8.RELEASE.jar:5.3.8.RELEASE]
	at org.springframework.security.web.FilterChainProxy$VirtualFilterChain.doFilter(FilterChainProxy.java:334) ~[spring-security-web-5.3.8.RELEASE.jar:5.3.8.RELEASE]
	at org.springframework.security.web.context.request.async.WebAsyncManagerIntegrationFilter.doFilterInternal(WebAsyncManagerIntegrationFilter.java:56) ~[spring-security-web-5.3.8.RELEASE.jar:5.3.8.RELEASE]
	at org.springframework.web.filter.OncePerRequestFilter.doFilter(OncePerRequestFilter.java:119) ~[spring-web-5.2.13.RELEASE.jar:5.2.13.RELEASE]
	at org.springframework.security.web.FilterChainProxy$VirtualFilterChain.doFilter(FilterChainProxy.java:334) ~[spring-security-web-5.3.8.RELEASE.jar:5.3.8.RELEASE]
	at org.springframework.security.web.FilterChainProxy.doFilterInternal(FilterChainProxy.java:215) ~[spring-security-web-5.3.8.RELEASE.jar:5.3.8.RELEASE]
	at org.springframework.security.web.FilterChainProxy.doFilter(FilterChainProxy.java:178) ~[spring-security-web-5.3.8.RELEASE.jar:5.3.8.RELEASE]
	at org.springframework.web.filter.DelegatingFilterProxy.invokeDelegate(DelegatingFilterProxy.java:358) ~[spring-web-5.2.13.RELEASE.jar:5.2.13.RELEASE]
	at org.springframework.web.filter.DelegatingFilterProxy.doFilter(DelegatingFilterProxy.java:271) ~[spring-web-5.2.13.RELEASE.jar:5.2.13.RELEASE]
	at org.apache.catalina.core.ApplicationFilterChain.internalDoFilter(ApplicationFilterChain.java:189) ~[tomcat-embed-core-9.0.43.jar:9.0.43]
	at org.apache.catalina.core.ApplicationFilterChain.doFilter(ApplicationFilterChain.java:162) ~[tomcat-embed-core-9.0.43.jar:9.0.43]
	at org.springframework.web.filter.CharacterEncodingFilter.doFilterInternal(CharacterEncodingFilter.java:201) ~[spring-web-5.2.13.RELEASE.jar:5.2.13.RELEASE]
	at org.springframework.web.filter.OncePerRequestFilter.doFilter(OncePerRequestFilter.java:119) ~[spring-web-5.2.13.RELEASE.jar:5.2.13.RELEASE]
	at org.apache.catalina.core.ApplicationFilterChain.internalDoFilter(ApplicationFilterChain.java:189) ~[tomcat-embed-core-9.0.43.jar:9.0.43]
	at org.apache.catalina.core.ApplicationFilterChain.doFilter(ApplicationFilterChain.java:162) ~[tomcat-embed-core-9.0.43.jar:9.0.43]
	at org.apache.catalina.core.StandardWrapperValve.invoke(StandardWrapperValve.java:202) [tomcat-embed-core-9.0.43.jar:9.0.43]
	at org.apache.catalina.core.StandardContextValve.invoke(StandardContextValve.java:97) [tomcat-embed-core-9.0.43.jar:9.0.43]
	at org.keycloak.adapters.tomcat.AbstractAuthenticatedActionsValve.invoke(AbstractAuthenticatedActionsValve.java:67) [spring-boot-container-bundle-11.0.2.jar:11.0.2]
	at org.apache.catalina.authenticator.AuthenticatorBase.invoke(AuthenticatorBase.java:542) [tomcat-embed-core-9.0.43.jar:9.0.43]
	at org.keycloak.adapters.tomcat.AbstractKeycloakAuthenticatorValve.invoke(AbstractKeycloakAuthenticatorValve.java:181) [spring-boot-container-bundle-11.0.2.jar:11.0.2]
	at org.apache.catalina.core.StandardHostValve.invoke(StandardHostValve.java:143) [tomcat-embed-core-9.0.43.jar:9.0.43]
	at org.apache.catalina.valves.ErrorReportValve.invoke(ErrorReportValve.java:92) [tomcat-embed-core-9.0.43.jar:9.0.43]
	at org.apache.catalina.core.StandardEngineValve.invoke(StandardEngineValve.java:78) [tomcat-embed-core-9.0.43.jar:9.0.43]
	at org.apache.catalina.connector.CoyoteAdapter.service(CoyoteAdapter.java:346) [tomcat-embed-core-9.0.43.jar:9.0.43]
	at org.apache.coyote.http11.Http11Processor.service(Http11Processor.java:374) [tomcat-embed-core-9.0.43.jar:9.0.43]
	at org.apache.coyote.AbstractProcessorLight.process(AbstractProcessorLight.java:65) [tomcat-embed-core-9.0.43.jar:9.0.43]
	at org.apache.coyote.AbstractProtocol$ConnectionHandler.process(AbstractProtocol.java:887) [tomcat-embed-core-9.0.43.jar:9.0.43]
	at org.apache.tomcat.util.net.NioEndpoint$SocketProcessor.doRun(NioEndpoint.java:1684) [tomcat-embed-core-9.0.43.jar:9.0.43]
	at org.apache.tomcat.util.net.SocketProcessorBase.run(SocketProcessorBase.java:49) [tomcat-embed-core-9.0.43.jar:9.0.43]
	at java.util.concurrent.ThreadPoolExecutor.runWorker(ThreadPoolExecutor.java:1128) [?:?]
	at java.util.concurrent.ThreadPoolExecutor$Worker.run(ThreadPoolExecutor.java:628) [?:?]
	at org.apache.tomcat.util.threads.TaskThread$WrappingRunnable.run(TaskThread.java:61) [tomcat-embed-core-9.0.43.jar:9.0.43]
	at java.lang.Thread.run(Thread.java:834) [?:?]
