2021-06-14 17:02:55,824 INFO o.h.v.i.u.Version HV000001: Hibernate Validator 6.1.7.Final
2021-06-14 17:02:55,864 INFO o.s.b.StartupInfoLogger Starting AdminApplication on DESKTOP-MK6223H with PID 6496 (D:\Fakultet\8. semestar\PROJEKTI\bsep\BSEP_T17\admin\target\classes started by Milorad in D:\Fakultet\8. semestar\PROJEKTI\bsep\BSEP_T17\admin)
2021-06-14 17:02:55,869 INFO o.s.b.SpringApplication No active profile set, falling back to default profiles: default
2021-06-14 17:02:56,581 INFO o.s.d.r.c.RepositoryConfigurationDelegate Bootstrapping Spring Data JPA repositories in DEFAULT mode.
2021-06-14 17:02:56,702 INFO o.s.d.r.c.RepositoryConfigurationDelegate Finished Spring Data repository scanning in 116ms. Found 4 JPA repository interfaces.
2021-06-14 17:02:57,010 INFO o.s.c.s.PostProcessorRegistrationDelegate$BeanPostProcessorChecker Bean 'org.springframework.security.access.expression.method.DefaultMethodSecurityExpressionHandler@5584d9c6' of type [org.springframework.security.access.expression.method.DefaultMethodSecurityExpressionHandler] is not eligible for getting processed by all BeanPostProcessors (for example: not eligible for auto-proxying)
2021-06-14 17:02:57,019 INFO o.s.c.s.PostProcessorRegistrationDelegate$BeanPostProcessorChecker Bean 'methodSecurityMetadataSource' of type [org.springframework.security.access.method.DelegatingMethodSecurityMetadataSource] is not eligible for getting processed by all BeanPostProcessors (for example: not eligible for auto-proxying)
2021-06-14 17:02:57,348 INFO o.s.b.w.e.t.TomcatWebServer Tomcat initialized with port(s): 8084 (https)
2021-06-14 17:02:57,358 INFO o.a.j.l.DirectJDKLog Initializing ProtocolHandler ["https-jsse-nio-8084"]
2021-06-14 17:02:57,359 INFO o.a.j.l.DirectJDKLog Starting service [Tomcat]
2021-06-14 17:02:57,359 INFO o.a.j.l.DirectJDKLog Starting Servlet engine: [Apache Tomcat/9.0.43]
2021-06-14 17:02:57,945 INFO o.a.j.l.DirectJDKLog Initializing Spring embedded WebApplicationContext
2021-06-14 17:02:57,946 INFO o.s.b.w.s.c.ServletWebServerApplicationContext Root WebApplicationContext: initialization completed in 2034 ms
2021-06-14 17:02:58,038 WARN o.s.b.a.o.j.JpaBaseConfiguration$JpaWebConfiguration spring.jpa.open-in-view is enabled by default. Therefore, database queries may be performed during view rendering. Explicitly configure spring.jpa.open-in-view to disable this warning
2021-06-14 17:02:58,153 INFO o.h.j.i.u.LogHelper HHH000204: Processing PersistenceUnitInfo [name: default]
2021-06-14 17:02:58,195 INFO o.h.Version HHH000412: Hibernate ORM core version 5.4.28.Final
2021-06-14 17:02:58,286 INFO o.h.a.c.r.j.JavaReflectionManager HCANN000001: Hibernate Commons Annotations {5.1.2.Final}
2021-06-14 17:02:58,373 INFO c.z.h.HikariDataSource HikariPool-1 - Starting...
2021-06-14 17:02:58,630 INFO c.z.h.HikariDataSource HikariPool-1 - Start completed.
2021-06-14 17:02:58,642 INFO o.h.d.Dialect HHH000400: Using dialect: org.hibernate.dialect.PostgreSQL95Dialect
2021-06-14 17:02:59,412 INFO o.h.e.t.j.p.i.JtaPlatformInitiator HHH000490: Using JtaPlatform implementation: [org.hibernate.engine.transaction.jta.platform.internal.NoJtaPlatform]
2021-06-14 17:02:59,419 INFO o.s.o.j.AbstractEntityManagerFactoryBean Initialized JPA EntityManagerFactory for persistence unit 'default'
2021-06-14 17:03:00,346 INFO b.a.k.KeyStoreReader Attempting to initialize keystore using bouncy castle provider.
2021-06-14 17:03:00,412 INFO b.a.k.KeyStoreWriter Attempting to initialize keystore using bouncy castle provider.
2021-06-14 17:03:00,446 INFO b.a.i.Initialize Executing operation Initialize
2021-06-14 17:03:00,446 INFO b.a.i.Initialize Attempting to create certificate and crl for root ca.
2021-06-14 17:03:00,447 INFO b.a.k.KeyStoreWriter Attempting to load keystore.
2021-06-14 17:03:00,449 INFO b.a.k.KeyStoreWriter Successfully loaded keystore.
2021-06-14 17:03:00,449 INFO b.a.i.Initialize Successfully created certificate and crl for root ca.
2021-06-14 17:03:00,824 INFO o.s.s.w.DefaultSecurityFilterChain Creating filter chain: any request, [org.springframework.security.web.context.request.async.WebAsyncManagerIntegrationFilter@21f0cc97, org.springframework.security.web.context.SecurityContextPersistenceFilter@128ca7af, org.springframework.security.web.header.HeaderWriterFilter@11771fd6, org.springframework.web.filter.CorsFilter@1f6d3a81, org.keycloak.adapters.springsecurity.filter.KeycloakPreAuthActionsFilter@34e68840, org.keycloak.adapters.springsecurity.filter.KeycloakAuthenticationProcessingFilter@400e741, org.springframework.security.web.authentication.logout.LogoutFilter@47c422d3, org.springframework.security.web.savedrequest.RequestCacheAwareFilter@57d7c511, org.springframework.security.web.servletapi.SecurityContextHolderAwareRequestFilter@1c966488, org.keycloak.adapters.springsecurity.filter.KeycloakSecurityContextRequestFilter@68229a6, org.keycloak.adapters.springsecurity.filter.KeycloakAuthenticatedActionsFilter@62615be, org.springframework.security.web.authentication.AnonymousAuthenticationFilter@641c8ba4, org.springframework.security.web.session.SessionManagementFilter@4d142b53, org.springframework.security.web.access.ExceptionTranslationFilter@183a84f4, org.springframework.security.web.access.intercept.FilterSecurityInterceptor@ecfff32]
2021-06-14 17:03:01,054 INFO o.a.j.l.DirectJDKLog Starting ProtocolHandler ["https-jsse-nio-8084"]
2021-06-14 17:03:01,171 INFO o.s.b.w.e.t.TomcatWebServer Tomcat started on port(s): 8084 (https) with context path ''
2021-06-14 17:03:01,181 INFO o.s.b.StartupInfoLogger Started AdminApplication in 5.655 seconds (JVM running for 7.064)
2021-06-14 17:07:51,561 INFO o.a.j.l.DirectJDKLog Initializing Spring DispatcherServlet 'dispatcherServlet'
2021-06-14 17:07:51,561 INFO o.s.w.s.FrameworkServlet Initializing Servlet 'dispatcherServlet'
2021-06-14 17:07:51,570 INFO o.s.w.s.FrameworkServlet Completed initialization in 9 ms
