2021-06-13 23:55:41,209 INFO o.h.v.i.u.Version HV000001: Hibernate Validator 6.1.7.Final
2021-06-13 23:55:41,287 INFO o.s.b.StartupInfoLogger Starting AdminApplication on DESKTOP-L1TVSFT with PID 8328 (C:\Faks\BSEP\Projekat\BSEP_T17\admin\target\classes started by Vukasin in C:\Faks\BSEP\Projekat\BSEP_T17\admin)
2021-06-13 23:55:41,293 INFO o.s.b.SpringApplication No active profile set, falling back to default profiles: default
2021-06-13 23:55:42,245 INFO o.s.d.r.c.RepositoryConfigurationDelegate Bootstrapping Spring Data JPA repositories in DEFAULT mode.
2021-06-13 23:55:42,351 INFO o.s.d.r.c.RepositoryConfigurationDelegate Finished Spring Data repository scanning in 98ms. Found 3 JPA repository interfaces.
2021-06-13 23:55:42,801 INFO o.s.c.s.PostProcessorRegistrationDelegate$BeanPostProcessorChecker Bean 'org.springframework.security.access.expression.method.DefaultMethodSecurityExpressionHandler@45c9b3' of type [org.springframework.security.access.expression.method.DefaultMethodSecurityExpressionHandler] is not eligible for getting processed by all BeanPostProcessors (for example: not eligible for auto-proxying)
2021-06-13 23:55:42,814 INFO o.s.c.s.PostProcessorRegistrationDelegate$BeanPostProcessorChecker Bean 'methodSecurityMetadataSource' of type [org.springframework.security.access.method.DelegatingMethodSecurityMetadataSource] is not eligible for getting processed by all BeanPostProcessors (for example: not eligible for auto-proxying)
2021-06-13 23:55:43,311 INFO o.s.b.w.e.t.TomcatWebServer Tomcat initialized with port(s): 8084 (https)
2021-06-13 23:55:43,323 INFO o.a.j.l.DirectJDKLog Initializing ProtocolHandler ["https-jsse-nio-8084"]
2021-06-13 23:55:43,324 INFO o.a.j.l.DirectJDKLog Starting service [Tomcat]
2021-06-13 23:55:43,325 INFO o.a.j.l.DirectJDKLog Starting Servlet engine: [Apache Tomcat/9.0.43]
2021-06-13 23:55:43,513 INFO o.a.j.l.DirectJDKLog Initializing Spring embedded WebApplicationContext
2021-06-13 23:55:43,513 INFO o.s.b.w.s.c.ServletWebServerApplicationContext Root WebApplicationContext: initialization completed in 2163 ms
2021-06-13 23:55:43,588 WARN o.s.b.a.o.j.JpaBaseConfiguration$JpaWebConfiguration spring.jpa.open-in-view is enabled by default. Therefore, database queries may be performed during view rendering. Explicitly configure spring.jpa.open-in-view to disable this warning
2021-06-13 23:55:43,795 INFO o.h.j.i.u.LogHelper HHH000204: Processing PersistenceUnitInfo [name: default]
2021-06-13 23:55:43,864 INFO o.h.Version HHH000412: Hibernate ORM core version 5.4.28.Final
2021-06-13 23:55:44,052 INFO o.h.a.c.r.j.JavaReflectionManager HCANN000001: Hibernate Commons Annotations {5.1.2.Final}
2021-06-13 23:55:44,209 INFO c.z.h.HikariDataSource HikariPool-1 - Starting...
2021-06-13 23:55:44,489 INFO c.z.h.HikariDataSource HikariPool-1 - Start completed.
2021-06-13 23:55:44,519 INFO o.h.d.Dialect HHH000400: Using dialect: org.hibernate.dialect.PostgreSQL95Dialect
2021-06-13 23:55:46,045 INFO o.h.e.t.j.p.i.JtaPlatformInitiator HHH000490: Using JtaPlatform implementation: [org.hibernate.engine.transaction.jta.platform.internal.NoJtaPlatform]
2021-06-13 23:55:46,061 INFO o.s.o.j.AbstractEntityManagerFactoryBean Initialized JPA EntityManagerFactory for persistence unit 'default'
2021-06-13 23:55:47,126 INFO b.a.i.Initialize Executing operation Initialize
2021-06-13 23:55:47,452 INFO o.s.s.w.DefaultSecurityFilterChain Creating filter chain: any request, [org.springframework.security.web.context.request.async.WebAsyncManagerIntegrationFilter@96448ee, org.springframework.security.web.context.SecurityContextPersistenceFilter@206e5183, org.springframework.security.web.header.HeaderWriterFilter@5ca006ac, org.springframework.web.filter.CorsFilter@59509393, org.keycloak.adapters.springsecurity.filter.KeycloakPreAuthActionsFilter@1f013047, org.keycloak.adapters.springsecurity.filter.KeycloakAuthenticationProcessingFilter@1bba9862, org.springframework.security.web.authentication.logout.LogoutFilter@2305aad0, org.springframework.security.web.savedrequest.RequestCacheAwareFilter@32eb38e5, org.springframework.security.web.servletapi.SecurityContextHolderAwareRequestFilter@3e984100, org.keycloak.adapters.springsecurity.filter.KeycloakSecurityContextRequestFilter@1734b1a, org.keycloak.adapters.springsecurity.filter.KeycloakAuthenticatedActionsFilter@17e6d07b, org.springframework.security.web.authentication.AnonymousAuthenticationFilter@1d6dc2b8, org.springframework.security.web.session.SessionManagementFilter@1372696b, org.springframework.security.web.access.ExceptionTranslationFilter@5039c2cf, org.springframework.security.web.access.intercept.FilterSecurityInterceptor@5ed88e31]
2021-06-13 23:55:47,820 INFO o.a.j.l.DirectJDKLog Starting ProtocolHandler ["https-jsse-nio-8084"]
2021-06-13 23:55:48,026 INFO o.s.b.w.e.t.TomcatWebServer Tomcat started on port(s): 8084 (https) with context path ''
2021-06-13 23:55:48,036 INFO o.s.b.StartupInfoLogger Started AdminApplication in 7.126 seconds (JVM running for 8.346)
