2021-06-13 21:01:04,913 INFO o.h.v.i.u.Version HV000001: Hibernate Validator 6.1.7.Final
2021-06-13 21:01:04,953 INFO o.s.b.StartupInfoLogger Starting AdminApplication on DESKTOP-MK6223H with PID 5696 (D:\Fakultet\8. semestar\PROJEKTI\bsep\BSEP_T17\admin\target\classes started by Milorad in D:\Fakultet\8. semestar\PROJEKTI\bsep\BSEP_T17\admin)
2021-06-13 21:01:04,957 INFO o.s.b.SpringApplication No active profile set, falling back to default profiles: default
2021-06-13 21:01:05,605 INFO o.s.d.r.c.RepositoryConfigurationDelegate Bootstrapping Spring Data JPA repositories in DEFAULT mode.
2021-06-13 21:01:05,667 INFO o.s.d.r.c.RepositoryConfigurationDelegate Finished Spring Data repository scanning in 55ms. Found 3 JPA repository interfaces.
2021-06-13 21:01:05,955 INFO o.s.c.s.PostProcessorRegistrationDelegate$BeanPostProcessorChecker Bean 'org.springframework.security.access.expression.method.DefaultMethodSecurityExpressionHandler@3252747e' of type [org.springframework.security.access.expression.method.DefaultMethodSecurityExpressionHandler] is not eligible for getting processed by all BeanPostProcessors (for example: not eligible for auto-proxying)
2021-06-13 21:01:05,963 INFO o.s.c.s.PostProcessorRegistrationDelegate$BeanPostProcessorChecker Bean 'methodSecurityMetadataSource' of type [org.springframework.security.access.method.DelegatingMethodSecurityMetadataSource] is not eligible for getting processed by all BeanPostProcessors (for example: not eligible for auto-proxying)
2021-06-13 21:01:06,205 INFO o.s.b.w.e.t.TomcatWebServer Tomcat initialized with port(s): 8084 (https)
2021-06-13 21:01:06,213 INFO o.a.j.l.DirectJDKLog Initializing ProtocolHandler ["https-jsse-nio-8084"]
2021-06-13 21:01:06,214 INFO o.a.j.l.DirectJDKLog Starting service [Tomcat]
2021-06-13 21:01:06,214 INFO o.a.j.l.DirectJDKLog Starting Servlet engine: [Apache Tomcat/9.0.43]
2021-06-13 21:01:06,346 INFO o.a.j.l.DirectJDKLog Initializing Spring embedded WebApplicationContext
2021-06-13 21:01:06,347 INFO o.s.b.w.s.c.ServletWebServerApplicationContext Root WebApplicationContext: initialization completed in 1347 ms
2021-06-13 21:01:06,417 WARN o.s.b.a.o.j.JpaBaseConfiguration$JpaWebConfiguration spring.jpa.open-in-view is enabled by default. Therefore, database queries may be performed during view rendering. Explicitly configure spring.jpa.open-in-view to disable this warning
2021-06-13 21:01:06,553 INFO o.h.j.i.u.LogHelper HHH000204: Processing PersistenceUnitInfo [name: default]
2021-06-13 21:01:06,600 INFO o.h.Version HHH000412: Hibernate ORM core version 5.4.28.Final
2021-06-13 21:01:06,705 INFO o.h.a.c.r.j.JavaReflectionManager HCANN000001: Hibernate Commons Annotations {5.1.2.Final}
2021-06-13 21:01:06,796 INFO c.z.h.HikariDataSource HikariPool-1 - Starting...
2021-06-13 21:01:06,970 INFO c.z.h.HikariDataSource HikariPool-1 - Start completed.
2021-06-13 21:01:06,985 INFO o.h.d.Dialect HHH000400: Using dialect: org.hibernate.dialect.PostgreSQL95Dialect
2021-06-13 21:01:07,904 INFO o.h.e.t.j.p.i.JtaPlatformInitiator HHH000490: Using JtaPlatform implementation: [org.hibernate.engine.transaction.jta.platform.internal.NoJtaPlatform]
2021-06-13 21:01:07,911 INFO o.s.o.j.AbstractEntityManagerFactoryBean Initialized JPA EntityManagerFactory for persistence unit 'default'
2021-06-13 21:01:08,931 INFO b.a.k.KeyStoreReader Attempting to initialize keystore using bouncy castle provider.
2021-06-13 21:01:08,991 INFO b.a.k.KeyStoreWriter Attempting to initialize keystore using bouncy castle provider.
2021-06-13 21:01:09,003 INFO b.a.i.Initialize Executing operation Initialize
2021-06-13 21:01:09,003 INFO b.a.i.Initialize Attempting to create certificate and crl for root ca.
2021-06-13 21:01:09,004 INFO b.a.k.KeyStoreWriter Attempting to load keystore.
2021-06-13 21:01:09,006 INFO b.a.k.KeyStoreWriter Successfully loaded keystore.
2021-06-13 21:01:09,007 INFO b.a.i.Initialize Successfully created certificate and crl for root ca.
2021-06-13 21:01:09,247 INFO o.s.s.w.DefaultSecurityFilterChain Creating filter chain: any request, [org.springframework.security.web.context.request.async.WebAsyncManagerIntegrationFilter@466cca41, org.springframework.security.web.context.SecurityContextPersistenceFilter@123426a9, org.springframework.security.web.header.HeaderWriterFilter@66e434e8, org.springframework.web.filter.CorsFilter@7c3ae369, org.keycloak.adapters.springsecurity.filter.KeycloakPreAuthActionsFilter@23d23d98, org.keycloak.adapters.springsecurity.filter.KeycloakAuthenticationProcessingFilter@6d9ee75a, org.springframework.security.web.authentication.logout.LogoutFilter@400d1c30, org.springframework.security.web.savedrequest.RequestCacheAwareFilter@56887c8f, org.springframework.security.web.servletapi.SecurityContextHolderAwareRequestFilter@64f49b3, org.keycloak.adapters.springsecurity.filter.KeycloakSecurityContextRequestFilter@5ced0537, org.keycloak.adapters.springsecurity.filter.KeycloakAuthenticatedActionsFilter@6ee1ddcf, org.springframework.security.web.authentication.AnonymousAuthenticationFilter@496c6d94, org.springframework.security.web.session.SessionManagementFilter@37c45154, org.springframework.security.web.access.ExceptionTranslationFilter@54eb2bf6, org.springframework.security.web.access.intercept.FilterSecurityInterceptor@811d8d6]
2021-06-13 21:01:09,627 INFO o.a.j.l.DirectJDKLog Starting ProtocolHandler ["https-jsse-nio-8084"]
2021-06-13 21:01:09,776 INFO o.s.b.w.e.t.TomcatWebServer Tomcat started on port(s): 8084 (https) with context path ''
2021-06-13 21:01:09,785 INFO o.s.b.StartupInfoLogger Started AdminApplication in 5.169 seconds (JVM running for 6.486)
2021-06-13 21:01:19,927 INFO o.a.j.l.DirectJDKLog Initializing Spring DispatcherServlet 'dispatcherServlet'
2021-06-13 21:01:19,928 INFO o.s.w.s.FrameworkServlet Initializing Servlet 'dispatcherServlet'
2021-06-13 21:01:19,939 INFO o.s.w.s.FrameworkServlet Completed initialization in 11 ms
2021-06-13 21:01:19,988 INFO b.a.a.CertificateRequestController Attempting to create certificate request.
2021-06-13 21:01:19,989 INFO b.a.s.CerRequestInfoService Generating certificate request.
2021-06-13 21:01:20,010 INFO b.a.s.CerRequestInfoService Generating and saving certificate request.
2021-06-13 21:01:20,011 INFO b.a.s.CerRequestInfoService Successfully generated and saved certificate request.
2021-06-13 21:01:20,012 INFO b.a.s.CerRequestInfoService Saving certificate request.
2021-06-13 21:01:20,166 INFO b.a.s.CerRequestInfoService Sending verification email for certificate request.
2021-06-13 21:01:20,167 INFO b.a.s.CerRequestInfoService Encrypting data for email.
2021-06-13 21:01:20,167 INFO b.a.k.KeyStoreReader Attempting to get certificate by alias super.admin@localhost.com
2021-06-13 21:01:20,168 INFO b.a.k.KeyStoreReader Successfully retrieved certificate by alias super.admin@localhost.com
2021-06-13 21:01:20,741 INFO o.s.s.c.ExecutorConfigurationSupport Initializing ExecutorService 'applicationTaskExecutor'
2021-06-13 21:01:20,748 INFO b.a.a.CertificateRequestController Successfully created certificate request.
2021-06-13 21:01:20,751 INFO b.a.s.EmailService Attempting to send verification message via email.
2021-06-13 21:01:22,343 INFO b.a.s.EmailService Successfully sent verification message via email.
2021-06-13 21:01:49,567 INFO b.a.a.AuthenticationController Attempting to verify certificate request.
2021-06-13 21:01:49,568 INFO b.a.s.CerRequestInfoService Verifying certificate request 18335bb52bd78cb5769e0897dfaad887a67342af0562c296c6d31d32c9f4e36622286c2bf1b5d034fb12f0af46c414fe2059fb6188ce53cba5907e77a95c81cc8416af2d69122e84db99a1649748d7760fabb5c24eaecbda6aee834dfd266079c9fbe3e052ca9da481d29dfb60ebe8822e16e509d054b5825299780b772a901c3929e3bb46b87ef0812ea0c62693509cdd9f67d2c789e6909846d0471e8389279ff41e757e56d3f24126509cb7cacfcf39888305eab867b3e8aa49d45ce73335d73d943d064d66b009d0ddd56b4721ed9fcc597d12c79008af5d6e32787355a991de8ac27cf1b8fd698dfacce3e1a78e24f06f25cb3c02892c1fcb065ccfac43
2021-06-13 21:01:49,569 INFO b.a.k.KeyStoreReader Attempting to read issuer from store. Alias: super.admin@localhost.com
2021-06-13 21:01:49,569 INFO b.a.k.KeyStoreReader Attempting to get certificate by alias.
2021-06-13 21:01:49,570 INFO b.a.k.KeyStoreReader Successfully got certificate by alias.
2021-06-13 21:01:49,578 INFO b.a.k.KeyStoreReader Successfully returned issuer.
2021-06-13 21:01:49,615 INFO b.a.s.CerRequestInfoService Found certificate request. Verifying...
2021-06-13 21:01:49,616 INFO b.a.s.CerRequestInfoService Verifying certificate request with id 1
2021-06-13 21:01:49,639 INFO b.a.a.AuthenticationController Successfully verified certificate request.
2021-06-13 21:03:15,886 INFO o.k.a.KeycloakDeployment Loaded URLs from https://localhost:8443/auth/realms/admin-portal/.well-known/openid-configuration
2021-06-13 21:03:16,052 WARN o.a.j.l.DirectJDKLog Creation of SecureRandom instance for session ID generation using [SHA1PRNG] took [110] milliseconds.
2021-06-13 21:03:16,063 INFO b.a.a.CertificateRequestController Attempting to get certificate requests.
2021-06-13 21:03:16,064 INFO b.a.s.CerRequestInfoService Getting all verified certificate requests.
2021-06-13 21:03:16,072 INFO b.a.a.CertificateRequestController Successfully retrieved all certificate requests.
2021-06-13 21:03:53,728 INFO b.a.a.CertificateRequestController Attempting to create certificate request.
2021-06-13 21:03:53,729 INFO b.a.s.CerRequestInfoService Generating certificate request.
2021-06-13 21:03:53,729 INFO b.a.s.CerRequestInfoService Generating and saving certificate request.
2021-06-13 21:03:53,729 INFO b.a.s.CerRequestInfoService Successfully generated and saved certificate request.
2021-06-13 21:03:53,729 INFO b.a.s.CerRequestInfoService Saving certificate request.
2021-06-13 21:03:53,732 INFO b.a.s.CerRequestInfoService Sending verification email for certificate request.
2021-06-13 21:03:53,737 ERROR o.a.j.l.DirectJDKLog Servlet.service() for servlet [dispatcherServlet] in context with path [] threw exception [Request processing failed; nested exception is java.lang.NullPointerException] with root cause
java.lang.NullPointerException: null
	at bsep.admin.service.CerRequestInfoService.createCertificateRequest(CerRequestInfoService.java:107) ~[classes/:?]
	at bsep.admin.api.CertificateRequestController.sendCertificateRequest(CertificateRequestController.java:39) ~[classes/:?]
	at jdk.internal.reflect.NativeMethodAccessorImpl.invoke0(Native Method) ~[?:?]
	at jdk.internal.reflect.NativeMethodAccessorImpl.invoke(NativeMethodAccessorImpl.java:62) ~[?:?]
	at jdk.internal.reflect.DelegatingMethodAccessorImpl.invoke(DelegatingMethodAccessorImpl.java:43) ~[?:?]
	at java.lang.reflect.Method.invoke(Method.java:566) ~[?:?]
	at org.springframework.web.method.support.InvocableHandlerMethod.doInvoke(InvocableHandlerMethod.java:190) ~[spring-web-5.2.13.RELEASE.jar:5.2.13.RELEASE]
	at org.springframework.web.method.support.InvocableHandlerMethod.invokeForRequest(InvocableHandlerMethod.java:138) ~[spring-web-5.2.13.RELEASE.jar:5.2.13.RELEASE]
	at org.springframework.web.servlet.mvc.method.annotation.ServletInvocableHandlerMethod.invokeAndHandle(ServletInvocableHandlerMethod.java:105) ~[spring-webmvc-5.2.13.RELEASE.jar:5.2.13.RELEASE]
	at org.springframework.web.servlet.mvc.method.annotation.RequestMappingHandlerAdapter.invokeHandlerMethod(RequestMappingHandlerAdapter.java:878) ~[spring-webmvc-5.2.13.RELEASE.jar:5.2.13.RELEASE]
	at org.springframework.web.servlet.mvc.method.annotation.RequestMappingHandlerAdapter.handleInternal(RequestMappingHandlerAdapter.java:792) ~[spring-webmvc-5.2.13.RELEASE.jar:5.2.13.RELEASE]
	at org.springframework.web.servlet.mvc.method.AbstractHandlerMethodAdapter.handle(AbstractHandlerMethodAdapter.java:87) ~[spring-webmvc-5.2.13.RELEASE.jar:5.2.13.RELEASE]
	at org.springframework.web.servlet.DispatcherServlet.doDispatch(DispatcherServlet.java:1040) ~[spring-webmvc-5.2.13.RELEASE.jar:5.2.13.RELEASE]
	at org.springframework.web.servlet.DispatcherServlet.doService(DispatcherServlet.java:943) ~[spring-webmvc-5.2.13.RELEASE.jar:5.2.13.RELEASE]
	at org.springframework.web.servlet.FrameworkServlet.processRequest(FrameworkServlet.java:1006) ~[spring-webmvc-5.2.13.RELEASE.jar:5.2.13.RELEASE]
	at org.springframework.web.servlet.FrameworkServlet.doPost(FrameworkServlet.java:909) ~[spring-webmvc-5.2.13.RELEASE.jar:5.2.13.RELEASE]
	at javax.servlet.http.HttpServlet.service(HttpServlet.java:652) ~[tomcat-embed-core-9.0.43.jar:4.0.FR]
	at org.springframework.web.servlet.FrameworkServlet.service(FrameworkServlet.java:883) ~[spring-webmvc-5.2.13.RELEASE.jar:5.2.13.RELEASE]
	at javax.servlet.http.HttpServlet.service(HttpServlet.java:733) ~[tomcat-embed-core-9.0.43.jar:4.0.FR]
	at org.apache.catalina.core.ApplicationFilterChain.internalDoFilter(ApplicationFilterChain.java:227) ~[tomcat-embed-core-9.0.43.jar:9.0.43]
	at org.apache.catalina.core.ApplicationFilterChain.doFilter(ApplicationFilterChain.java:162) ~[tomcat-embed-core-9.0.43.jar:9.0.43]
	at org.apache.tomcat.websocket.server.WsFilter.doFilter(WsFilter.java:53) ~[tomcat-embed-websocket-9.0.43.jar:9.0.43]
	at org.apache.catalina.core.ApplicationFilterChain.internalDoFilter(ApplicationFilterChain.java:189) ~[tomcat-embed-core-9.0.43.jar:9.0.43]
	at org.apache.catalina.core.ApplicationFilterChain.doFilter(ApplicationFilterChain.java:162) ~[tomcat-embed-core-9.0.43.jar:9.0.43]
	at org.keycloak.adapters.springsecurity.filter.KeycloakAuthenticatedActionsFilter.doFilter(KeycloakAuthenticatedActionsFilter.java:57) ~[keycloak-spring-security-adapter-11.0.2.jar:11.0.2]
	at org.apache.catalina.core.ApplicationFilterChain.internalDoFilter(ApplicationFilterChain.java:189) ~[tomcat-embed-core-9.0.43.jar:9.0.43]
	at org.apache.catalina.core.ApplicationFilterChain.doFilter(ApplicationFilterChain.java:162) ~[tomcat-embed-core-9.0.43.jar:9.0.43]
	at org.keycloak.adapters.springsecurity.filter.KeycloakSecurityContextRequestFilter.doFilter(KeycloakSecurityContextRequestFilter.java:61) ~[keycloak-spring-security-adapter-11.0.2.jar:11.0.2]
	at org.apache.catalina.core.ApplicationFilterChain.internalDoFilter(ApplicationFilterChain.java:189) ~[tomcat-embed-core-9.0.43.jar:9.0.43]
	at org.apache.catalina.core.ApplicationFilterChain.doFilter(ApplicationFilterChain.java:162) ~[tomcat-embed-core-9.0.43.jar:9.0.43]
	at org.keycloak.adapters.springsecurity.filter.KeycloakPreAuthActionsFilter.doFilter(KeycloakPreAuthActionsFilter.java:96) ~[keycloak-spring-security-adapter-11.0.2.jar:11.0.2]
	at org.apache.catalina.core.ApplicationFilterChain.internalDoFilter(ApplicationFilterChain.java:189) ~[tomcat-embed-core-9.0.43.jar:9.0.43]
	at org.apache.catalina.core.ApplicationFilterChain.doFilter(ApplicationFilterChain.java:162) ~[tomcat-embed-core-9.0.43.jar:9.0.43]
	at org.springframework.security.web.authentication.AbstractAuthenticationProcessingFilter.doFilter(AbstractAuthenticationProcessingFilter.java:200) ~[spring-security-web-5.3.8.RELEASE.jar:5.3.8.RELEASE]
	at org.apache.catalina.core.ApplicationFilterChain.internalDoFilter(ApplicationFilterChain.java:189) ~[tomcat-embed-core-9.0.43.jar:9.0.43]
	at org.apache.catalina.core.ApplicationFilterChain.doFilter(ApplicationFilterChain.java:162) ~[tomcat-embed-core-9.0.43.jar:9.0.43]
	at org.springframework.security.web.FilterChainProxy$VirtualFilterChain.doFilter(FilterChainProxy.java:320) ~[spring-security-web-5.3.8.RELEASE.jar:5.3.8.RELEASE]
	at org.springframework.security.web.access.intercept.FilterSecurityInterceptor.invoke(FilterSecurityInterceptor.java:126) ~[spring-security-web-5.3.8.RELEASE.jar:5.3.8.RELEASE]
	at org.springframework.security.web.access.intercept.FilterSecurityInterceptor.doFilter(FilterSecurityInterceptor.java:90) ~[spring-security-web-5.3.8.RELEASE.jar:5.3.8.RELEASE]
	at org.springframework.security.web.FilterChainProxy$VirtualFilterChain.doFilter(FilterChainProxy.java:334) ~[spring-security-web-5.3.8.RELEASE.jar:5.3.8.RELEASE]
	at org.springframework.security.web.access.ExceptionTranslationFilter.doFilter(ExceptionTranslationFilter.java:118) ~[spring-security-web-5.3.8.RELEASE.jar:5.3.8.RELEASE]
	at org.springframework.security.web.FilterChainProxy$VirtualFilterChain.doFilter(FilterChainProxy.java:334) ~[spring-security-web-5.3.8.RELEASE.jar:5.3.8.RELEASE]
	at org.springframework.security.web.session.SessionManagementFilter.doFilter(SessionManagementFilter.java:137) ~[spring-security-web-5.3.8.RELEASE.jar:5.3.8.RELEASE]
	at org.springframework.security.web.FilterChainProxy$VirtualFilterChain.doFilter(FilterChainProxy.java:334) ~[spring-security-web-5.3.8.RELEASE.jar:5.3.8.RELEASE]
	at org.springframework.security.web.authentication.AnonymousAuthenticationFilter.doFilter(AnonymousAuthenticationFilter.java:111) ~[spring-security-web-5.3.8.RELEASE.jar:5.3.8.RELEASE]
	at org.springframework.security.web.FilterChainProxy$VirtualFilterChain.doFilter(FilterChainProxy.java:334) ~[spring-security-web-5.3.8.RELEASE.jar:5.3.8.RELEASE]
	at org.keycloak.adapters.springsecurity.filter.KeycloakAuthenticatedActionsFilter.doFilter(KeycloakAuthenticatedActionsFilter.java:74) ~[keycloak-spring-security-adapter-11.0.2.jar:11.0.2]
	at org.springframework.security.web.FilterChainProxy$VirtualFilterChain.doFilter(FilterChainProxy.java:334) ~[spring-security-web-5.3.8.RELEASE.jar:5.3.8.RELEASE]
	at org.keycloak.adapters.springsecurity.filter.KeycloakSecurityContextRequestFilter.doFilter(KeycloakSecurityContextRequestFilter.java:92) ~[keycloak-spring-security-adapter-11.0.2.jar:11.0.2]
	at org.springframework.security.web.FilterChainProxy$VirtualFilterChain.doFilter(FilterChainProxy.java:334) ~[spring-security-web-5.3.8.RELEASE.jar:5.3.8.RELEASE]
	at org.springframework.security.web.servletapi.SecurityContextHolderAwareRequestFilter.doFilter(SecurityContextHolderAwareRequestFilter.java:158) ~[spring-security-web-5.3.8.RELEASE.jar:5.3.8.RELEASE]
	at org.springframework.security.web.FilterChainProxy$VirtualFilterChain.doFilter(FilterChainProxy.java:334) ~[spring-security-web-5.3.8.RELEASE.jar:5.3.8.RELEASE]
	at org.springframework.security.web.savedrequest.RequestCacheAwareFilter.doFilter(RequestCacheAwareFilter.java:63) ~[spring-security-web-5.3.8.RELEASE.jar:5.3.8.RELEASE]
	at org.springframework.security.web.FilterChainProxy$VirtualFilterChain.doFilter(FilterChainProxy.java:334) ~[spring-security-web-5.3.8.RELEASE.jar:5.3.8.RELEASE]
	at org.springframework.security.web.authentication.logout.LogoutFilter.doFilter(LogoutFilter.java:116) ~[spring-security-web-5.3.8.RELEASE.jar:5.3.8.RELEASE]
	at org.springframework.security.web.FilterChainProxy$VirtualFilterChain.doFilter(FilterChainProxy.java:334) ~[spring-security-web-5.3.8.RELEASE.jar:5.3.8.RELEASE]
	at org.springframework.security.web.authentication.AbstractAuthenticationProcessingFilter.doFilter(AbstractAuthenticationProcessingFilter.java:200) ~[spring-security-web-5.3.8.RELEASE.jar:5.3.8.RELEASE]
	at org.springframework.security.web.FilterChainProxy$VirtualFilterChain.doFilter(FilterChainProxy.java:334) ~[spring-security-web-5.3.8.RELEASE.jar:5.3.8.RELEASE]
	at org.keycloak.adapters.springsecurity.filter.KeycloakPreAuthActionsFilter.doFilter(KeycloakPreAuthActionsFilter.java:96) ~[keycloak-spring-security-adapter-11.0.2.jar:11.0.2]
	at org.springframework.security.web.FilterChainProxy$VirtualFilterChain.doFilter(FilterChainProxy.java:334) ~[spring-security-web-5.3.8.RELEASE.jar:5.3.8.RELEASE]
	at org.springframework.web.filter.CorsFilter.doFilterInternal(CorsFilter.java:92) ~[spring-web-5.2.13.RELEASE.jar:5.2.13.RELEASE]
	at org.springframework.web.filter.OncePerRequestFilter.doFilter(OncePerRequestFilter.java:119) ~[spring-web-5.2.13.RELEASE.jar:5.2.13.RELEASE]
	at org.springframework.security.web.FilterChainProxy$VirtualFilterChain.doFilter(FilterChainProxy.java:334) ~[spring-security-web-5.3.8.RELEASE.jar:5.3.8.RELEASE]
	at org.springframework.security.web.header.HeaderWriterFilter.doHeadersAfter(HeaderWriterFilter.java:92) ~[spring-security-web-5.3.8.RELEASE.jar:5.3.8.RELEASE]
	at org.springframework.security.web.header.HeaderWriterFilter.doFilterInternal(HeaderWriterFilter.java:77) ~[spring-security-web-5.3.8.RELEASE.jar:5.3.8.RELEASE]
	at org.springframework.web.filter.OncePerRequestFilter.doFilter(OncePerRequestFilter.java:119) ~[spring-web-5.2.13.RELEASE.jar:5.2.13.RELEASE]
	at org.springframework.security.web.FilterChainProxy$VirtualFilterChain.doFilter(FilterChainProxy.java:334) ~[spring-security-web-5.3.8.RELEASE.jar:5.3.8.RELEASE]
	at org.springframework.security.web.context.SecurityContextPersistenceFilter.doFilter(SecurityContextPersistenceFilter.java:105) ~[spring-security-web-5.3.8.RELEASE.jar:5.3.8.RELEASE]
	at org.springframework.security.web.FilterChainProxy$VirtualFilterChain.doFilter(FilterChainProxy.java:334) ~[spring-security-web-5.3.8.RELEASE.jar:5.3.8.RELEASE]
	at org.springframework.security.web.context.request.async.WebAsyncManagerIntegrationFilter.doFilterInternal(WebAsyncManagerIntegrationFilter.java:56) ~[spring-security-web-5.3.8.RELEASE.jar:5.3.8.RELEASE]
	at org.springframework.web.filter.OncePerRequestFilter.doFilter(OncePerRequestFilter.java:119) ~[spring-web-5.2.13.RELEASE.jar:5.2.13.RELEASE]
	at org.springframework.security.web.FilterChainProxy$VirtualFilterChain.doFilter(FilterChainProxy.java:334) ~[spring-security-web-5.3.8.RELEASE.jar:5.3.8.RELEASE]
	at org.springframework.security.web.FilterChainProxy.doFilterInternal(FilterChainProxy.java:215) ~[spring-security-web-5.3.8.RELEASE.jar:5.3.8.RELEASE]
	at org.springframework.security.web.FilterChainProxy.doFilter(FilterChainProxy.java:178) ~[spring-security-web-5.3.8.RELEASE.jar:5.3.8.RELEASE]
	at org.springframework.web.filter.DelegatingFilterProxy.invokeDelegate(DelegatingFilterProxy.java:358) ~[spring-web-5.2.13.RELEASE.jar:5.2.13.RELEASE]
	at org.springframework.web.filter.DelegatingFilterProxy.doFilter(DelegatingFilterProxy.java:271) ~[spring-web-5.2.13.RELEASE.jar:5.2.13.RELEASE]
	at org.apache.catalina.core.ApplicationFilterChain.internalDoFilter(ApplicationFilterChain.java:189) ~[tomcat-embed-core-9.0.43.jar:9.0.43]
	at org.apache.catalina.core.ApplicationFilterChain.doFilter(ApplicationFilterChain.java:162) ~[tomcat-embed-core-9.0.43.jar:9.0.43]
	at org.springframework.web.filter.CharacterEncodingFilter.doFilterInternal(CharacterEncodingFilter.java:201) ~[spring-web-5.2.13.RELEASE.jar:5.2.13.RELEASE]
	at org.springframework.web.filter.OncePerRequestFilter.doFilter(OncePerRequestFilter.java:119) ~[spring-web-5.2.13.RELEASE.jar:5.2.13.RELEASE]
	at org.apache.catalina.core.ApplicationFilterChain.internalDoFilter(ApplicationFilterChain.java:189) ~[tomcat-embed-core-9.0.43.jar:9.0.43]
	at org.apache.catalina.core.ApplicationFilterChain.doFilter(ApplicationFilterChain.java:162) ~[tomcat-embed-core-9.0.43.jar:9.0.43]
	at org.apache.catalina.core.StandardWrapperValve.invoke(StandardWrapperValve.java:202) [tomcat-embed-core-9.0.43.jar:9.0.43]
	at org.apache.catalina.core.StandardContextValve.invoke(StandardContextValve.java:97) [tomcat-embed-core-9.0.43.jar:9.0.43]
	at org.keycloak.adapters.tomcat.AbstractAuthenticatedActionsValve.invoke(AbstractAuthenticatedActionsValve.java:67) [spring-boot-container-bundle-11.0.2.jar:11.0.2]
	at org.apache.catalina.authenticator.AuthenticatorBase.invoke(AuthenticatorBase.java:542) [tomcat-embed-core-9.0.43.jar:9.0.43]
	at org.keycloak.adapters.tomcat.AbstractKeycloakAuthenticatorValve.invoke(AbstractKeycloakAuthenticatorValve.java:181) [spring-boot-container-bundle-11.0.2.jar:11.0.2]
	at org.apache.catalina.core.StandardHostValve.invoke(StandardHostValve.java:143) [tomcat-embed-core-9.0.43.jar:9.0.43]
	at org.apache.catalina.valves.ErrorReportValve.invoke(ErrorReportValve.java:92) [tomcat-embed-core-9.0.43.jar:9.0.43]
	at org.apache.catalina.core.StandardEngineValve.invoke(StandardEngineValve.java:78) [tomcat-embed-core-9.0.43.jar:9.0.43]
	at org.apache.catalina.connector.CoyoteAdapter.service(CoyoteAdapter.java:346) [tomcat-embed-core-9.0.43.jar:9.0.43]
	at org.apache.coyote.http11.Http11Processor.service(Http11Processor.java:374) [tomcat-embed-core-9.0.43.jar:9.0.43]
	at org.apache.coyote.AbstractProcessorLight.process(AbstractProcessorLight.java:65) [tomcat-embed-core-9.0.43.jar:9.0.43]
	at org.apache.coyote.AbstractProtocol$ConnectionHandler.process(AbstractProtocol.java:887) [tomcat-embed-core-9.0.43.jar:9.0.43]
	at org.apache.tomcat.util.net.NioEndpoint$SocketProcessor.doRun(NioEndpoint.java:1684) [tomcat-embed-core-9.0.43.jar:9.0.43]
	at org.apache.tomcat.util.net.SocketProcessorBase.run(SocketProcessorBase.java:49) [tomcat-embed-core-9.0.43.jar:9.0.43]
	at java.util.concurrent.ThreadPoolExecutor.runWorker(ThreadPoolExecutor.java:1128) [?:?]
	at java.util.concurrent.ThreadPoolExecutor$Worker.run(ThreadPoolExecutor.java:628) [?:?]
	at org.apache.tomcat.util.threads.TaskThread$WrappingRunnable.run(TaskThread.java:61) [tomcat-embed-core-9.0.43.jar:9.0.43]
	at java.lang.Thread.run(Thread.java:834) [?:?]
2021-06-13 21:04:06,365 INFO b.a.a.CertificateController User with the email super.admin@localhost.com is attempting to create certificate.
2021-06-13 21:04:06,366 INFO b.a.s.CertificateService Attempting to create admin certificate, issuer alias super.admin@localhost.com
2021-06-13 21:04:06,366 INFO b.a.k.KeyStoreReader Attempting to read certificate chain by alias super.admin@localhost.com
2021-06-13 21:04:06,367 INFO b.a.k.KeyStoreReader Successfully retrieved certificate chain by alias super.admin@localhost.com
2021-06-13 21:04:06,367 INFO b.a.k.KeyStoreReader Attempting to get certificate by alias super.admin@localhost.com
2021-06-13 21:04:06,368 INFO b.a.k.KeyStoreReader Successfully retrieved certificate by alias super.admin@localhost.com
2021-06-13 21:04:06,368 INFO b.a.s.CertificateService Attempting to check if certificate is valid.
2021-06-13 21:04:06,368 INFO b.a.s.CertificateService Attempting to check if certificate is revoked.
2021-06-13 21:04:06,387 INFO b.a.s.CertificateService Successfully checked if certificate is revoked.
2021-06-13 21:04:06,387 INFO b.a.s.CertificateService Successfully checked certificate validity.
2021-06-13 21:04:06,388 INFO b.a.s.CertificateService Checking if certificate is self signed.
2021-06-13 21:04:06,389 INFO b.a.s.CertificateService Successfully checked if certificate is self signed.
2021-06-13 21:04:06,389 INFO b.a.s.CerRequestInfoService Getting certificate request by id 1
2021-06-13 21:04:06,407 INFO b.a.s.CertificateService Getting the last alias for email miloradradovicmico98@gmail.com
2021-06-13 21:04:06,408 INFO b.a.k.KeyStoreReader Attempting to get all aliases.
2021-06-13 21:04:06,408 INFO b.a.k.KeyStoreReader Successfully retrieved all aliases.
2021-06-13 21:04:06,411 INFO b.a.s.CertificateService Successfully retrieved the last alias for email.
2021-06-13 21:04:06,412 INFO b.a.k.KeyStoreReader Attempting to get certificate by alias miloradradovicmico98@gmail.com|0
2021-06-13 21:04:06,412 INFO b.a.k.KeyStoreReader Successfully retrieved certificate by alias miloradradovicmico98@gmail.com|0
2021-06-13 21:04:06,413 INFO b.a.s.CertificateService Attempting to check if certificate is revoked.
2021-06-13 21:04:06,414 INFO b.a.s.CertificateService Successfully checked if certificate is revoked.
2021-06-13 21:04:06,415 ERROR b.a.s.CertificateService Alias miloradradovicmico98@gmail.com|0 already exists.
2021-06-13 21:04:06,415 ERROR b.a.a.CertificateController Failed to create certificate.
2021-06-13 21:04:29,063 INFO b.a.a.CertificateController User with the email super.admin@localhost.com is attempting to create certificate.
2021-06-13 21:04:29,063 INFO b.a.s.CertificateService Attempting to create admin certificate, issuer alias super.admin@localhost.com
2021-06-13 21:04:29,065 INFO b.a.k.KeyStoreReader Attempting to read certificate chain by alias super.admin@localhost.com
2021-06-13 21:04:29,065 INFO b.a.k.KeyStoreReader Successfully retrieved certificate chain by alias super.admin@localhost.com
2021-06-13 21:04:29,065 INFO b.a.k.KeyStoreReader Attempting to get certificate by alias super.admin@localhost.com
2021-06-13 21:04:29,066 INFO b.a.k.KeyStoreReader Successfully retrieved certificate by alias super.admin@localhost.com
2021-06-13 21:04:29,066 INFO b.a.s.CertificateService Attempting to check if certificate is valid.
2021-06-13 21:04:29,066 INFO b.a.s.CertificateService Attempting to check if certificate is revoked.
2021-06-13 21:04:29,066 INFO b.a.s.CertificateService Successfully checked if certificate is revoked.
2021-06-13 21:04:29,066 INFO b.a.s.CertificateService Successfully checked certificate validity.
2021-06-13 21:04:29,067 INFO b.a.s.CertificateService Checking if certificate is self signed.
2021-06-13 21:04:29,067 INFO b.a.s.CertificateService Successfully checked if certificate is self signed.
2021-06-13 21:04:29,067 INFO b.a.s.CerRequestInfoService Getting certificate request by id 1
2021-06-13 21:04:29,069 INFO b.a.s.CertificateService Getting the last alias for email miloradradovicmico98@gmail.com
2021-06-13 21:04:29,070 INFO b.a.k.KeyStoreReader Attempting to get all aliases.
2021-06-13 21:04:29,070 INFO b.a.k.KeyStoreReader Successfully retrieved all aliases.
2021-06-13 21:04:29,070 INFO b.a.s.CertificateService Successfully retrieved the last alias for email.
2021-06-13 21:04:29,070 INFO b.a.k.KeyStoreReader Attempting to get certificate by alias miloradradovicmico98@gmail.com|0
2021-06-13 21:04:29,071 INFO b.a.k.KeyStoreReader Successfully retrieved certificate by alias miloradradovicmico98@gmail.com|0
2021-06-13 21:04:29,071 INFO b.a.s.CertificateService Attempting to check if certificate is revoked.
2021-06-13 21:04:29,073 INFO b.a.s.CertificateService Successfully checked if certificate is revoked.
2021-06-13 21:04:29,073 ERROR b.a.s.CertificateService Alias miloradradovicmico98@gmail.com|0 already exists.
2021-06-13 21:04:29,074 ERROR b.a.a.CertificateController Failed to create certificate.
2021-06-13 21:08:22,632 INFO b.a.a.CertificateController Attempting to get all certificates.
2021-06-13 21:08:22,632 INFO b.a.s.CertificateService Attempting to get all certificates from keystore.
2021-06-13 21:08:22,632 INFO b.a.k.KeyStoreReader Attempting to get all aliases.
2021-06-13 21:08:22,633 INFO b.a.k.KeyStoreReader Successfully retrieved all aliases.
2021-06-13 21:08:22,633 INFO b.a.k.KeyStoreReader Attempting to get certificate by alias super.admin@localhost.com
2021-06-13 21:08:22,634 INFO b.a.k.KeyStoreReader Successfully retrieved certificate by alias super.admin@localhost.com
2021-06-13 21:08:22,635 INFO b.a.k.KeyStoreReader Attempting to get certificate by alias miloradradovicmico98@gmail.com|0
2021-06-13 21:08:22,636 INFO b.a.k.KeyStoreReader Successfully retrieved certificate by alias miloradradovicmico98@gmail.com|0
2021-06-13 21:08:22,636 INFO b.a.s.CertificateService Attempting to generate tree-like structure of certificates.
2021-06-13 21:08:22,636 INFO b.a.s.CertificateService Attempting to find the root certificate.
2021-06-13 21:08:22,638 INFO b.a.s.CertificateService Attempting to check if certificate is revoked.
2021-06-13 21:08:22,639 INFO b.a.s.CertificateService Successfully checked if certificate is revoked.
2021-06-13 21:08:22,640 INFO b.a.s.CertificateService Successfully retrieved root certificate.
2021-06-13 21:08:22,640 INFO b.a.s.CertificateService Attempting to find intermediate certificates.
2021-06-13 21:08:22,640 INFO b.a.s.CertificateService Attempting to check if certificate is revoked.
2021-06-13 21:08:22,641 INFO b.a.s.CertificateService Successfully checked if certificate is revoked.
2021-06-13 21:08:22,641 INFO b.a.s.CertificateService Successfully retrieved intermediate certificates.
2021-06-13 21:08:22,641 INFO b.a.s.CertificateService Attempting to retrieve the end certificate.
2021-06-13 21:08:22,641 INFO b.a.s.CertificateService Successfully retrieved end certificate.
2021-06-13 21:08:22,641 INFO b.a.s.CertificateService Successfully generated tree-like structure of certificates
2021-06-13 21:08:22,641 INFO b.a.a.CertificateController Successfully retrieved all certificates.
2021-06-13 21:08:44,580 INFO b.a.a.CertificateController User with the email super.admin@localhost.com is attempting to revoke certificate.
2021-06-13 21:08:44,580 INFO b.a.s.CertificateService Attempting to revoke certificate.
2021-06-13 21:08:44,591 INFO b.a.k.KeyStoreReader Attempting to get certificate by alias miloradradovicmico98@gmail.com|0
2021-06-13 21:08:44,593 INFO b.a.k.KeyStoreReader Successfully retrieved certificate by alias miloradradovicmico98@gmail.com|0
2021-06-13 21:08:44,599 INFO b.a.k.KeyStoreReader Attempting to read issuer from store. Alias: super.admin@localhost.com
2021-06-13 21:08:44,600 INFO b.a.k.KeyStoreReader Attempting to get certificate by alias.
2021-06-13 21:08:44,600 INFO b.a.k.KeyStoreReader Successfully got certificate by alias.
2021-06-13 21:08:44,601 INFO b.a.k.KeyStoreReader Successfully returned issuer.
2021-06-13 21:08:44,632 INFO b.a.s.CertificateService Successfully revoked certificate.
2021-06-13 21:08:44,632 INFO b.a.a.CertificateController Successfully revoked certificate.
2021-06-13 21:08:44,649 INFO b.a.a.CertificateController Attempting to get all certificates.
2021-06-13 21:08:44,650 INFO b.a.s.CertificateService Attempting to get all certificates from keystore.
2021-06-13 21:08:44,650 INFO b.a.k.KeyStoreReader Attempting to get all aliases.
2021-06-13 21:08:44,650 INFO b.a.k.KeyStoreReader Successfully retrieved all aliases.
2021-06-13 21:08:44,650 INFO b.a.k.KeyStoreReader Attempting to get certificate by alias super.admin@localhost.com
2021-06-13 21:08:44,650 INFO b.a.k.KeyStoreReader Successfully retrieved certificate by alias super.admin@localhost.com
2021-06-13 21:08:44,651 INFO b.a.k.KeyStoreReader Attempting to get certificate by alias miloradradovicmico98@gmail.com|0
2021-06-13 21:08:44,651 INFO b.a.k.KeyStoreReader Successfully retrieved certificate by alias miloradradovicmico98@gmail.com|0
2021-06-13 21:08:44,651 INFO b.a.s.CertificateService Attempting to generate tree-like structure of certificates.
2021-06-13 21:08:44,651 INFO b.a.s.CertificateService Attempting to find the root certificate.
2021-06-13 21:08:44,651 INFO b.a.s.CertificateService Attempting to check if certificate is revoked.
2021-06-13 21:08:44,670 INFO b.a.s.CertificateService Successfully checked if certificate is revoked.
2021-06-13 21:08:44,671 INFO b.a.s.CertificateService Successfully retrieved root certificate.
2021-06-13 21:08:44,672 INFO b.a.s.CertificateService Attempting to find intermediate certificates.
2021-06-13 21:08:44,672 INFO b.a.s.CertificateService Attempting to check if certificate is revoked.
2021-06-13 21:08:44,673 INFO b.a.s.CertificateService Successfully checked if certificate is revoked.
2021-06-13 21:08:44,674 INFO b.a.s.CertificateService Attempting to get revocation reason for certificate.
2021-06-13 21:08:44,674 INFO b.a.s.CertificateService Successfully retrieved revocation reason for certificate.
2021-06-13 21:08:44,674 INFO b.a.s.CertificateService Successfully retrieved intermediate certificates.
2021-06-13 21:08:44,674 INFO b.a.s.CertificateService Attempting to retrieve the end certificate.
2021-06-13 21:08:44,675 INFO b.a.s.CertificateService Successfully retrieved end certificate.
2021-06-13 21:08:44,675 INFO b.a.s.CertificateService Successfully generated tree-like structure of certificates
2021-06-13 21:08:44,675 INFO b.a.a.CertificateController Successfully retrieved all certificates.
2021-06-13 21:08:47,902 INFO b.a.a.CertificateRequestController Attempting to get certificate requests.
2021-06-13 21:08:47,902 INFO b.a.s.CerRequestInfoService Getting all verified certificate requests.
2021-06-13 21:08:47,905 INFO b.a.a.CertificateRequestController Successfully retrieved all certificate requests.
2021-06-13 21:08:54,293 INFO b.a.a.CertificateController User with the email super.admin@localhost.com is attempting to create certificate.
2021-06-13 21:08:54,293 INFO b.a.s.CertificateService Attempting to create admin certificate, issuer alias super.admin@localhost.com
2021-06-13 21:08:54,293 INFO b.a.k.KeyStoreReader Attempting to read certificate chain by alias super.admin@localhost.com
2021-06-13 21:08:54,294 INFO b.a.k.KeyStoreReader Successfully retrieved certificate chain by alias super.admin@localhost.com
2021-06-13 21:08:54,295 INFO b.a.k.KeyStoreReader Attempting to get certificate by alias super.admin@localhost.com
2021-06-13 21:08:54,295 INFO b.a.k.KeyStoreReader Successfully retrieved certificate by alias super.admin@localhost.com
2021-06-13 21:08:54,295 INFO b.a.s.CertificateService Attempting to check if certificate is valid.
2021-06-13 21:08:54,297 INFO b.a.s.CertificateService Attempting to check if certificate is revoked.
2021-06-13 21:08:54,297 INFO b.a.s.CertificateService Successfully checked if certificate is revoked.
2021-06-13 21:08:54,297 INFO b.a.s.CertificateService Successfully checked certificate validity.
2021-06-13 21:08:54,297 INFO b.a.s.CertificateService Checking if certificate is self signed.
2021-06-13 21:08:54,297 INFO b.a.s.CertificateService Successfully checked if certificate is self signed.
2021-06-13 21:08:54,298 INFO b.a.s.CerRequestInfoService Getting certificate request by id 1
2021-06-13 21:08:54,300 INFO b.a.s.CertificateService Getting the last alias for email miloradradovicmico98@gmail.com
2021-06-13 21:08:54,300 INFO b.a.k.KeyStoreReader Attempting to get all aliases.
2021-06-13 21:08:54,300 INFO b.a.k.KeyStoreReader Successfully retrieved all aliases.
2021-06-13 21:08:54,301 INFO b.a.s.CertificateService Successfully retrieved the last alias for email.
2021-06-13 21:08:54,301 INFO b.a.k.KeyStoreReader Attempting to get certificate by alias miloradradovicmico98@gmail.com|0
2021-06-13 21:08:54,301 INFO b.a.k.KeyStoreReader Successfully retrieved certificate by alias miloradradovicmico98@gmail.com|0
2021-06-13 21:08:54,301 INFO b.a.s.CertificateService Attempting to check if certificate is revoked.
2021-06-13 21:08:54,301 INFO b.a.s.CertificateService Successfully checked if certificate is revoked.
2021-06-13 21:08:54,302 INFO b.a.s.CerRequestInfoService Getting certificate request by id 1
2021-06-13 21:08:54,302 INFO b.a.s.CertificateService Attempting to generate alias for email miloradradovicmico98@gmail.com
2021-06-13 21:08:54,303 INFO b.a.k.KeyStoreReader Attempting to get all aliases.
2021-06-13 21:08:54,303 INFO b.a.k.KeyStoreReader Successfully retrieved all aliases.
2021-06-13 21:08:54,303 INFO b.a.s.CertificateService Successfully generated alias for email miloradradovicmico98@gmail.com|1
2021-06-13 21:08:54,304 INFO b.a.s.CertificateService Attempting to generate admin certificate.
2021-06-13 21:08:54,304 INFO b.a.s.CertificateService Attempting to generate keypair.
2021-06-13 21:08:54,304 INFO b.a.s.CertificateService Successfully generated keypair.
2021-06-13 21:08:54,950 INFO b.a.s.CertificateService Attempting to generate subject data for subject id 1
2021-06-13 21:08:54,950 INFO b.a.s.CerRequestInfoService Getting certificate request by id 1
2021-06-13 21:08:54,958 INFO b.a.s.CertificateService Successfully generated subject data for subject id 1
2021-06-13 21:08:54,959 INFO b.a.k.KeyStoreReader Attempting to read issuer from store. Alias: super.admin@localhost.com
2021-06-13 21:08:54,959 INFO b.a.k.KeyStoreReader Attempting to get certificate by alias.
2021-06-13 21:08:54,959 INFO b.a.k.KeyStoreReader Successfully got certificate by alias.
2021-06-13 21:08:54,960 INFO b.a.k.KeyStoreReader Successfully returned issuer.
2021-06-13 21:08:54,989 INFO b.a.k.KeyStoreWriter Attempting to write to keystore.
2021-06-13 21:08:54,991 INFO b.a.k.KeyStoreWriter Successfully wrote to keystore.
2021-06-13 21:08:54,991 INFO b.a.k.KeyStoreWriter Attempting to save keystore.
2021-06-13 21:08:54,992 INFO b.a.k.KeyStoreWriter Successfully saved keystore.
2021-06-13 21:08:54,993 INFO b.a.s.CertificateService Created certificate. Sending it via email.
2021-06-13 21:08:54,993 INFO b.a.s.CertificateService Attempting to send certificate via email.
2021-06-13 21:08:54,993 INFO b.a.s.CertificateService Attempting to write certificate to pem.
2021-06-13 21:08:55,007 INFO b.a.s.CertificateService Successfully wrote certificate to pem.
2021-06-13 21:08:55,017 INFO b.a.s.CerRequestInfoService Deleting certificate request with id 1
2021-06-13 21:08:55,017 INFO b.a.s.EmailService Attempting to send certificate via email.
2021-06-13 21:08:55,017 INFO b.a.s.CerRequestInfoService Getting certificate request by id 1
2021-06-13 21:08:55,018 INFO b.a.s.CerRequestInfoService Successfully deleted certificate request with id 1
2021-06-13 21:08:55,026 INFO b.a.a.CertificateController Successfully created certificate.
2021-06-13 21:08:55,130 INFO b.a.a.CertificateRequestController Attempting to get certificate requests.
2021-06-13 21:08:55,131 INFO b.a.s.CerRequestInfoService Getting all verified certificate requests.
2021-06-13 21:08:55,131 INFO b.a.a.CertificateRequestController Successfully retrieved all certificate requests.
2021-06-13 21:08:56,918 INFO b.a.s.EmailService Successfully sent certificate via email.
2021-06-13 21:08:57,278 INFO b.a.a.CertificateController Attempting to get all certificates.
2021-06-13 21:08:57,278 INFO b.a.s.CertificateService Attempting to get all certificates from keystore.
2021-06-13 21:08:57,278 INFO b.a.k.KeyStoreReader Attempting to get all aliases.
2021-06-13 21:08:57,285 INFO b.a.k.KeyStoreReader Successfully retrieved all aliases.
2021-06-13 21:08:57,285 INFO b.a.k.KeyStoreReader Attempting to get certificate by alias super.admin@localhost.com
2021-06-13 21:08:57,285 INFO b.a.k.KeyStoreReader Successfully retrieved certificate by alias super.admin@localhost.com
2021-06-13 21:08:57,286 INFO b.a.k.KeyStoreReader Attempting to get certificate by alias miloradradovicmico98@gmail.com|1
2021-06-13 21:08:57,286 INFO b.a.k.KeyStoreReader Successfully retrieved certificate by alias miloradradovicmico98@gmail.com|1
2021-06-13 21:08:57,286 INFO b.a.k.KeyStoreReader Attempting to get certificate by alias miloradradovicmico98@gmail.com|0
2021-06-13 21:08:57,287 INFO b.a.k.KeyStoreReader Successfully retrieved certificate by alias miloradradovicmico98@gmail.com|0
2021-06-13 21:08:57,287 INFO b.a.s.CertificateService Attempting to generate tree-like structure of certificates.
2021-06-13 21:08:57,287 INFO b.a.s.CertificateService Attempting to find the root certificate.
2021-06-13 21:08:57,287 INFO b.a.s.CertificateService Attempting to check if certificate is revoked.
2021-06-13 21:08:57,287 INFO b.a.s.CertificateService Successfully checked if certificate is revoked.
2021-06-13 21:08:57,288 INFO b.a.s.CertificateService Successfully retrieved root certificate.
2021-06-13 21:08:57,288 INFO b.a.s.CertificateService Attempting to find intermediate certificates.
2021-06-13 21:08:57,288 INFO b.a.s.CertificateService Attempting to check if certificate is revoked.
2021-06-13 21:08:57,289 INFO b.a.s.CertificateService Successfully checked if certificate is revoked.
2021-06-13 21:08:57,289 INFO b.a.s.CertificateService Attempting to check if certificate is revoked.
2021-06-13 21:08:57,289 INFO b.a.s.CertificateService Successfully checked if certificate is revoked.
2021-06-13 21:08:57,289 INFO b.a.s.CertificateService Attempting to get revocation reason for certificate.
2021-06-13 21:08:57,290 INFO b.a.s.CertificateService Successfully retrieved revocation reason for certificate.
2021-06-13 21:08:57,290 INFO b.a.s.CertificateService Successfully retrieved intermediate certificates.
2021-06-13 21:08:57,290 INFO b.a.s.CertificateService Attempting to retrieve the end certificate.
2021-06-13 21:08:57,290 INFO b.a.s.CertificateService Successfully retrieved end certificate.
2021-06-13 21:08:57,290 INFO b.a.s.CertificateService Successfully generated tree-like structure of certificates
2021-06-13 21:08:57,290 INFO b.a.a.CertificateController Successfully retrieved all certificates.
2021-06-13 21:09:10,002 INFO b.a.a.CertificateRequestController Attempting to get certificate requests.
2021-06-13 21:09:10,002 INFO b.a.s.CerRequestInfoService Getting all verified certificate requests.
2021-06-13 21:09:10,004 INFO b.a.a.CertificateRequestController Successfully retrieved all certificate requests.
2021-06-13 21:09:35,612 INFO b.a.a.CertificateRequestController Attempting to create certificate request.
2021-06-13 21:09:35,612 INFO b.a.s.CerRequestInfoService Generating certificate request.
2021-06-13 21:09:35,612 INFO b.a.s.CerRequestInfoService Generating and saving certificate request.
2021-06-13 21:09:35,612 INFO b.a.s.CerRequestInfoService Successfully generated and saved certificate request.
2021-06-13 21:09:35,613 INFO b.a.s.CerRequestInfoService Saving certificate request.
2021-06-13 21:09:35,617 INFO b.a.s.CerRequestInfoService Sending verification email for certificate request.
2021-06-13 21:09:35,618 INFO b.a.s.CerRequestInfoService Encrypting data for email.
2021-06-13 21:09:35,618 INFO b.a.k.KeyStoreReader Attempting to get certificate by alias super.admin@localhost.com
2021-06-13 21:09:35,619 INFO b.a.k.KeyStoreReader Successfully retrieved certificate by alias super.admin@localhost.com
2021-06-13 21:09:35,620 INFO b.a.a.CertificateRequestController Successfully created certificate request.
2021-06-13 21:09:35,621 INFO b.a.s.EmailService Attempting to send verification message via email.
2021-06-13 21:09:37,084 INFO b.a.s.EmailService Successfully sent verification message via email.
