2021-06-12 10:10:00,706 INFO o.h.v.i.u.Version HV000001: Hibernate Validator 6.1.7.Final
2021-06-12 10:10:00,761 INFO o.s.b.StartupInfoLogger Starting AdminApplication on DESKTOP-MK6223H with PID 2376 (D:\Fakultet\8. semestar\PROJEKTI\bsep\BSEP_T17\admin\target\classes started by Milorad in D:\Fakultet\8. semestar\PROJEKTI\bsep\BSEP_T17\admin)
2021-06-12 10:10:00,765 INFO o.s.b.SpringApplication No active profile set, falling back to default profiles: default
2021-06-12 10:10:01,417 INFO o.s.d.r.c.RepositoryConfigurationDelegate Bootstrapping Spring Data JPA repositories in DEFAULT mode.
2021-06-12 10:10:01,474 INFO o.s.d.r.c.RepositoryConfigurationDelegate Finished Spring Data repository scanning in 50ms. Found 3 JPA repository interfaces.
2021-06-12 10:10:01,707 INFO o.s.c.s.PostProcessorRegistrationDelegate$BeanPostProcessorChecker Bean 'org.springframework.security.access.expression.method.DefaultMethodSecurityExpressionHandler@5584d9c6' of type [org.springframework.security.access.expression.method.DefaultMethodSecurityExpressionHandler] is not eligible for getting processed by all BeanPostProcessors (for example: not eligible for auto-proxying)
2021-06-12 10:10:01,714 INFO o.s.c.s.PostProcessorRegistrationDelegate$BeanPostProcessorChecker Bean 'methodSecurityMetadataSource' of type [org.springframework.security.access.method.DelegatingMethodSecurityMetadataSource] is not eligible for getting processed by all BeanPostProcessors (for example: not eligible for auto-proxying)
2021-06-12 10:10:01,938 INFO o.s.b.w.e.t.TomcatWebServer Tomcat initialized with port(s): 8084 (https)
2021-06-12 10:10:01,945 INFO o.a.j.l.DirectJDKLog Initializing ProtocolHandler ["https-jsse-nio-8084"]
2021-06-12 10:10:01,946 INFO o.a.j.l.DirectJDKLog Starting service [Tomcat]
2021-06-12 10:10:01,946 INFO o.a.j.l.DirectJDKLog Starting Servlet engine: [Apache Tomcat/9.0.43]
2021-06-12 10:10:02,059 INFO o.a.j.l.DirectJDKLog Initializing Spring embedded WebApplicationContext
2021-06-12 10:10:02,059 INFO o.s.b.w.s.c.ServletWebServerApplicationContext Root WebApplicationContext: initialization completed in 1259 ms
2021-06-12 10:10:02,101 WARN o.s.b.a.o.j.JpaBaseConfiguration$JpaWebConfiguration spring.jpa.open-in-view is enabled by default. Therefore, database queries may be performed during view rendering. Explicitly configure spring.jpa.open-in-view to disable this warning
2021-06-12 10:10:02,198 INFO o.h.j.i.u.LogHelper HHH000204: Processing PersistenceUnitInfo [name: default]
2021-06-12 10:10:02,241 INFO o.h.Version HHH000412: Hibernate ORM core version 5.4.28.Final
2021-06-12 10:10:02,344 INFO o.h.a.c.r.j.JavaReflectionManager HCANN000001: Hibernate Commons Annotations {5.1.2.Final}
2021-06-12 10:10:02,418 INFO c.z.h.HikariDataSource HikariPool-1 - Starting...
2021-06-12 10:10:02,564 INFO c.z.h.HikariDataSource HikariPool-1 - Start completed.
2021-06-12 10:10:02,577 INFO o.h.d.Dialect HHH000400: Using dialect: org.hibernate.dialect.PostgreSQL95Dialect
2021-06-12 10:10:03,340 INFO o.h.e.t.j.p.i.JtaPlatformInitiator HHH000490: Using JtaPlatform implementation: [org.hibernate.engine.transaction.jta.platform.internal.NoJtaPlatform]
2021-06-12 10:10:03,345 INFO o.s.o.j.AbstractEntityManagerFactoryBean Initialized JPA EntityManagerFactory for persistence unit 'default'
2021-06-12 10:10:03,965 INFO b.a.k.KeyStoreReader Attempting to initialize keystore using bouncy castle provider.
2021-06-12 10:10:04,002 INFO b.a.k.KeyStoreWriter Attempting to initialize keystore using bouncy castle provider.
2021-06-12 10:10:04,008 INFO b.a.i.Initialize Executing operation Initialize
2021-06-12 10:10:04,009 INFO b.a.i.Initialize Attempting to create certificate and crl for root ca.
2021-06-12 10:10:04,009 INFO b.a.k.KeyStoreWriter Attempting to load keystore.
2021-06-12 10:10:04,016 INFO b.a.k.KeyStoreWriter Successfully loaded keystore.
2021-06-12 10:10:04,016 INFO b.a.i.Initialize Successfully created certificate and crl for root ca.
2021-06-12 10:10:04,180 INFO o.s.s.w.DefaultSecurityFilterChain Creating filter chain: any request, [org.springframework.security.web.context.request.async.WebAsyncManagerIntegrationFilter@6fe77a97, org.springframework.security.web.context.SecurityContextPersistenceFilter@63053b71, org.springframework.security.web.header.HeaderWriterFilter@69c51fdb, org.springframework.web.filter.CorsFilter@5cea47a1, org.keycloak.adapters.springsecurity.filter.KeycloakPreAuthActionsFilter@70aa03c0, org.keycloak.adapters.springsecurity.filter.KeycloakAuthenticationProcessingFilter@67f266bd, org.springframework.security.web.authentication.logout.LogoutFilter@51eafec0, org.springframework.security.web.savedrequest.RequestCacheAwareFilter@65f3f9e2, org.springframework.security.web.servletapi.SecurityContextHolderAwareRequestFilter@54eb2bf6, org.keycloak.adapters.springsecurity.filter.KeycloakSecurityContextRequestFilter@574f9e36, org.keycloak.adapters.springsecurity.filter.KeycloakAuthenticatedActionsFilter@77db231c, org.springframework.security.web.authentication.AnonymousAuthenticationFilter@2d527346, org.springframework.security.web.session.SessionManagementFilter@68a97fc1, org.springframework.security.web.access.ExceptionTranslationFilter@6b6939e1, org.springframework.security.web.access.intercept.FilterSecurityInterceptor@68fa8ea5]
2021-06-12 10:10:04,380 INFO o.a.j.l.DirectJDKLog Starting ProtocolHandler ["https-jsse-nio-8084"]
2021-06-12 10:10:04,482 INFO o.s.b.w.e.t.TomcatWebServer Tomcat started on port(s): 8084 (https) with context path ''
2021-06-12 10:10:04,493 INFO o.s.b.StartupInfoLogger Started AdminApplication in 4.017 seconds (JVM running for 5.233)
